Fri Jul 18 15:57:58 2025       
+-----------------------------------------------------------------------------------------+
| NVIDIA-SMI 550.54.14              Driver Version: 550.54.14      CUDA Version: 12.4     |
|-----------------------------------------+------------------------+----------------------+
| GPU  Name                 Persistence-M | Bus-Id          Disp.A | Volatile Uncorr. ECC |
| Fan  Temp   Perf          Pwr:Usage/Cap |           Memory-Usage | GPU-Util  Compute M. |
|                                         |                        |               MIG M. |
|=========================================+========================+======================|
|   0  NVIDIA A800-SXM4-80GB          On  |   00000000:1F:00.0 Off |                    0 |
| N/A   31C    P0             56W /  400W |       0MiB /  81920MiB |      0%      Default |
|                                         |                        |             Disabled |
+-----------------------------------------+------------------------+----------------------+
                                                                                         
+-----------------------------------------------------------------------------------------+
| Processes:                                                                              |
|  GPU   GI   CI        PID   Type   Process name                              GPU Memory |
|        ID   ID                                                               Usage      |
|=========================================================================================|
|  No running processes found                                                             |
+-----------------------------------------------------------------------------------------+
Torch: 2.4.0+cu124, CUDA: True, Device: NVIDIA A800-SXM4-80GB
Training with 3DGS Gaussian Image Model.......
Founding 8 Images in DIV16K Dataset .........
Processing image 1: 0810_moreDetail_x8_16320x12288.png
Image Shape:  torch.Size([12288, 16320])
Num Points: 85945 | Compression Ratio: 1000
Test PSNR:21.7268, MS_SSIM:0.745315
Training Complete in 13397.4906s, Eval time:0.13442426s, FPS:7.4391, Best PSNR: 21.7268
0810_moreDetail_x8_16320x12288: 12288x16320, PSNR:21.7268, MS-SSIM:0.7453, Training:13397.4906s, Eval:0.13442426s, FPS:7.4391
Processing image 2: 0823_moreDetail_x8_16320x10272.png
Image Shape:  torch.Size([10272, 16320])
Num Points: 71845 | Compression Ratio: 1000
Test PSNR:24.8030, MS_SSIM:0.811739
Training Complete in 10305.1564s, Eval time:0.09042015s, FPS:11.0595, Best PSNR: 24.8030
0823_moreDetail_x8_16320x10272: 10272x16320, PSNR:24.8030, MS-SSIM:0.8117, Training:10305.1564s, Eval:0.09042015s, FPS:11.0595
Processing image 3: 0826_moreDetail_x8_16320x12288.png
Image Shape:  torch.Size([12288, 16320])
Num Points: 85945 | Compression Ratio: 1000
Test PSNR:24.0136, MS_SSIM:0.819819
Training Complete in 14430.5212s, Eval time:0.15143915s, FPS:6.6033, Best PSNR: 24.0141
0826_moreDetail_x8_16320x12288: 12288x16320, PSNR:24.0136, MS-SSIM:0.8198, Training:14430.5212s, Eval:0.15143915s, FPS:6.6033
Processing image 4: 0835_moreDetail_x8_12960x16320.png
Image Shape:  torch.Size([16320, 12960])
Num Points: 90645 | Compression Ratio: 1000
Test PSNR:21.0820, MS_SSIM:0.564869
Training Complete in 16145.3571s, Eval time:0.17815439s, FPS:5.6131, Best PSNR: 21.0820
0835_moreDetail_x8_12960x16320: 16320x12960, PSNR:21.0820, MS-SSIM:0.5649, Training:16145.3571s, Eval:0.17815439s, FPS:5.6131
Processing image 5: 0855_moreDetail_x8_16320x16320.png
Image Shape:  torch.Size([16320, 16320])
Num Points: 114146 | Compression Ratio: 1000
Test PSNR:31.6684, MS_SSIM:0.808016
Training Complete in 14743.9429s, Eval time:0.12446091s, FPS:8.0347, Best PSNR: 31.6685
0855_moreDetail_x8_16320x16320: 16320x16320, PSNR:31.6684, MS-SSIM:0.8080, Training:14743.9429s, Eval:0.12446091s, FPS:8.0347
Processing image 6: 0873_moreDetail_x8_16320x10848.png
Image Shape:  torch.Size([10848, 16312])
Num Points: 75836 | Compression Ratio: 1000
Test PSNR:24.7392, MS_SSIM:0.820310
Training Complete in 11472.6116s, Eval time:0.11891248s, FPS:8.4095, Best PSNR: 24.7393
0873_moreDetail_x8_16320x10848: 10848x16312, PSNR:24.7392, MS-SSIM:0.8203, Training:11472.6116s, Eval:0.11891248s, FPS:8.4095
Processing image 7: 0875_moreDetail_x8_16320x12288.png
Image Shape:  torch.Size([12288, 16320])
Num Points: 85945 | Compression Ratio: 1000
Test PSNR:25.0414, MS_SSIM:0.728171
Training Complete in 16259.1129s, Eval time:0.17063470s, FPS:5.8605, Best PSNR: 25.0420
0875_moreDetail_x8_16320x12288: 12288x16320, PSNR:25.0414, MS-SSIM:0.7282, Training:16259.1129s, Eval:0.17063470s, FPS:5.8605
Processing image 8: 0896_moreDetail_x8_16320x10848.png
Image Shape:  torch.Size([10848, 16312])
Num Points: 75836 | Compression Ratio: 1000
Test PSNR:43.3899, MS_SSIM:0.984655
Training Complete in 5680.6302s, Eval time:0.03968956s, FPS:25.1955, Best PSNR: 43.3907
0896_moreDetail_x8_16320x10848: 10848x16312, PSNR:43.3899, MS-SSIM:0.9847, Training:5680.6302s, Eval:0.03968956s, FPS:25.1955
Average: 12684x15898, PSNR:27.0580, MS-SSIM:0.7854, Training:12804.3525s, Eval:0.12601694s, FPS:9.7769
