Fri Jul 18 15:10:38 2025       
+-----------------------------------------------------------------------------------------+
| NVIDIA-SMI 550.54.14              Driver Version: 550.54.14      CUDA Version: 12.4     |
|-----------------------------------------+------------------------+----------------------+
| GPU  Name                 Persistence-M | Bus-Id          Disp.A | Volatile Uncorr. ECC |
| Fan  Temp   Perf          Pwr:Usage/Cap |           Memory-Usage | GPU-Util  Compute M. |
|                                         |                        |               MIG M. |
|=========================================+========================+======================|
|   0  NVIDIA A800-SXM4-80GB          On  |   00000000:25:00.0 Off |                    0 |
| N/A   38C    P0             60W /  400W |       0MiB /  81920MiB |      0%      Default |
|                                         |                        |             Disabled |
+-----------------------------------------+------------------------+----------------------+
                                                                                         
+-----------------------------------------------------------------------------------------+
| Processes:                                                                              |
|  GPU   GI   CI        PID   Type   Process name                              GPU Memory |
|        ID   ID                                                               Usage      |
|=========================================================================================|
|  No running processes found                                                             |
+-----------------------------------------------------------------------------------------+
Torch: 2.4.0+cu124, CUDA: True, Device: NVIDIA A800-SXM4-80GB
Training with 3DGS Gaussian Image Model.......
Founding 8 Images in DIV16K Dataset .........
Processing image 1: 0810_moreDetail_x8_16320x12288.png
Image Shape:  torch.Size([12288, 16320])
Num Points: 171891 | Compression Ratio: 500
Test PSNR:23.1805, MS_SSIM:0.786682
Training Complete in 13515.0830s, Eval time:0.12752185s, FPS:7.8418, Best PSNR: 23.1806
0810_moreDetail_x8_16320x12288: 12288x16320, PSNR:23.1805, MS-SSIM:0.7867, Training:13515.0830s, Eval:0.12752185s, FPS:7.8418
Processing image 2: 0823_moreDetail_x8_16320x10272.png
Image Shape:  torch.Size([10272, 16320])
Num Points: 143690 | Compression Ratio: 500
Test PSNR:26.0234, MS_SSIM:0.828959
Training Complete in 10735.2544s, Eval time:0.08329101s, FPS:12.0061, Best PSNR: 26.0233
0823_moreDetail_x8_16320x10272: 10272x16320, PSNR:26.0234, MS-SSIM:0.8290, Training:10735.2544s, Eval:0.08329101s, FPS:12.0061
Processing image 3: 0826_moreDetail_x8_16320x12288.png
Image Shape:  torch.Size([12288, 16320])
Num Points: 171891 | Compression Ratio: 500
Test PSNR:25.5522, MS_SSIM:0.845218
Training Complete in 14009.7255s, Eval time:0.13976859s, FPS:7.1547, Best PSNR: 25.5525
0826_moreDetail_x8_16320x12288: 12288x16320, PSNR:25.5522, MS-SSIM:0.8452, Training:14009.7255s, Eval:0.13976859s, FPS:7.1547
Processing image 4: 0835_moreDetail_x8_12960x16320.png
Image Shape:  torch.Size([16320, 12960])
Num Points: 181291 | Compression Ratio: 500
Test PSNR:22.1994, MS_SSIM:0.608590
Training Complete in 16191.0038s, Eval time:0.17168149s, FPS:5.8247, Best PSNR: 22.1995
0835_moreDetail_x8_12960x16320: 16320x12960, PSNR:22.1994, MS-SSIM:0.6086, Training:16191.0038s, Eval:0.17168149s, FPS:5.8247
Processing image 5: 0855_moreDetail_x8_16320x16320.png
Image Shape:  torch.Size([16320, 16320])
Num Points: 228293 | Compression Ratio: 500
Test PSNR:32.8216, MS_SSIM:0.817231
Training Complete in 14763.8867s, Eval time:0.11815076s, FPS:8.4638, Best PSNR: 32.8217
0855_moreDetail_x8_16320x16320: 16320x16320, PSNR:32.8216, MS-SSIM:0.8172, Training:14763.8867s, Eval:0.11815076s, FPS:8.4638
Processing image 6: 0873_moreDetail_x8_16320x10848.png
Image Shape:  torch.Size([10848, 16312])
Num Points: 151673 | Compression Ratio: 500
Test PSNR:26.7373, MS_SSIM:0.846818
Training Complete in 11317.6038s, Eval time:0.11068458s, FPS:9.0347, Best PSNR: 26.7383
0873_moreDetail_x8_16320x10848: 10848x16312, PSNR:26.7373, MS-SSIM:0.8468, Training:11317.6038s, Eval:0.11068458s, FPS:9.0347
Processing image 7: 0875_moreDetail_x8_16320x12288.png
Image Shape:  torch.Size([12288, 16320])
Num Points: 171891 | Compression Ratio: 500
Test PSNR:27.4135, MS_SSIM:0.774129
Training Complete in 15326.8555s, Eval time:0.14616127s, FPS:6.8418, Best PSNR: 27.4138
0875_moreDetail_x8_16320x12288: 12288x16320, PSNR:27.4135, MS-SSIM:0.7741, Training:15326.8555s, Eval:0.14616127s, FPS:6.8418
Processing image 8: 0896_moreDetail_x8_16320x10848.png
Image Shape:  torch.Size([10848, 16312])
Num Points: 151673 | Compression Ratio: 500
Test PSNR:44.9482, MS_SSIM:0.985769
Training Complete in 6398.8544s, Eval time:0.04248463s, FPS:23.5379, Best PSNR: 44.9502
0896_moreDetail_x8_16320x10848: 10848x16312, PSNR:44.9482, MS-SSIM:0.9858, Training:6398.8544s, Eval:0.04248463s, FPS:23.5379
Average: 12684x15898, PSNR:28.6095, MS-SSIM:0.8117, Training:12782.2822s, Eval:0.11746802s, FPS:10.0882
