Sun Jul 20 06:20:59 2025       
+-----------------------------------------------------------------------------------------+
| NVIDIA-SMI 550.54.14              Driver Version: 550.54.14      CUDA Version: 12.4     |
|-----------------------------------------+------------------------+----------------------+
| GPU  Name                 Persistence-M | Bus-Id          Disp.A | Volatile Uncorr. ECC |
| Fan  Temp   Perf          Pwr:Usage/Cap |           Memory-Usage | GPU-Util  Compute M. |
|                                         |                        |               MIG M. |
|=========================================+========================+======================|
|   0  NVIDIA A800-SXM4-80GB          On  |   00000000:EE:00.0 Off |                    0 |
| N/A   28C    P0             56W /  400W |       0MiB /  81920MiB |      0%      Default |
|                                         |                        |             Disabled |
+-----------------------------------------+------------------------+----------------------+
                                                                                         
+-----------------------------------------------------------------------------------------+
| Processes:                                                                              |
|  GPU   GI   CI        PID   Type   Process name                              GPU Memory |
|        ID   ID                                                               Usage      |
|=========================================================================================|
|  No running processes found                                                             |
+-----------------------------------------------------------------------------------------+
Torch: 2.4.0+cu124, CUDA: True, Device: NVIDIA A800-SXM4-80GB
Training with 3DGS Gaussian Image Model.......
Founding 16 Images in DIV8K Dataset .........
Processing image 1: 0001.png
Image Shape:  torch.Size([5376, 5760])
Num Points: 132710 | Compression Ratio: 100
Test PSNR:28.9132, MS_SSIM:0.950894
Training Complete in 2095.3466s, Eval time:0.01990567s, FPS:50.2369, Best PSNR: 28.9133
0001: 5376x5760, PSNR:28.9132, MS-SSIM:0.9509, Training:2095.3466s, Eval:0.01990567s, FPS:50.2369
Processing image 2: 0138.png
Image Shape:  torch.Size([1920, 2880])
Num Points: 23698 | Compression Ratio: 100
Test PSNR:43.6422, MS_SSIM:0.996868
Training Complete in 195.8884s, Eval time:0.00122830s, FPS:814.1339, Best PSNR: 43.6431
0138: 1920x2880, PSNR:43.6422, MS-SSIM:0.9969, Training:195.8884s, Eval:0.00122830s, FPS:814.1339
Processing image 3: 0491.png
Image Shape:  torch.Size([5376, 6720])
Num Points: 154828 | Compression Ratio: 100
Test PSNR:24.7069, MS_SSIM:0.892120
Training Complete in 3089.2211s, Eval time:0.03332340s, FPS:30.0089, Best PSNR: 24.7070
0491: 5376x6720, PSNR:24.7069, MS-SSIM:0.8921, Training:3089.2211s, Eval:0.03332340s, FPS:30.0089
Processing image 4: 0536.png
Image Shape:  torch.Size([6720, 5184])
Num Points: 149299 | Compression Ratio: 100
Test PSNR:18.9048, MS_SSIM:0.737360
Training Complete in 2282.1849s, Eval time:0.02290938s, FPS:43.6502, Best PSNR: 18.9048
0536: 6720x5184, PSNR:18.9048, MS-SSIM:0.7374, Training:2282.1849s, Eval:0.02290938s, FPS:43.6502
Processing image 5: 0666.png
Image Shape:  torch.Size([6720, 6720])
Num Points: 193536 | Compression Ratio: 100
Test PSNR:21.2859, MS_SSIM:0.838430
Training Complete in 4757.0215s, Eval time:0.05246535s, FPS:19.0602, Best PSNR: 21.2861
0666: 6720x6720, PSNR:21.2859, MS-SSIM:0.8384, Training:4757.0215s, Eval:0.05246535s, FPS:19.0602
Processing image 6: 0849.png
Image Shape:  torch.Size([6720, 4416])
Num Points: 127180 | Compression Ratio: 100
Test PSNR:25.5696, MS_SSIM:0.889740
Training Complete in 2150.5577s, Eval time:0.02118029s, FPS:47.2137, Best PSNR: 25.5701
0849: 6720x4416, PSNR:25.5696, MS-SSIM:0.8897, Training:2150.5577s, Eval:0.02118029s, FPS:47.2137
Processing image 7: 0952.png
Image Shape:  torch.Size([3840, 6720])
Num Points: 110592 | Compression Ratio: 100
Test PSNR:28.7017, MS_SSIM:0.884204
Training Complete in 1664.9705s, Eval time:0.01392014s, FPS:71.8384, Best PSNR: 28.7019
0952: 3840x6720, PSNR:28.7017, MS-SSIM:0.8842, Training:1664.9705s, Eval:0.01392014s, FPS:71.8384
Processing image 8: 1040.png
Image Shape:  torch.Size([4416, 6720])
Num Points: 127180 | Compression Ratio: 100
Test PSNR:25.1950, MS_SSIM:0.919599
Training Complete in 2135.5788s, Eval time:0.02204792s, FPS:45.3558, Best PSNR: 25.1952
1040: 4416x6720, PSNR:25.1950, MS-SSIM:0.9196, Training:2135.5788s, Eval:0.02204792s, FPS:45.3558
Processing image 9: 1067.png
Image Shape:  torch.Size([4416, 6720])
Num Points: 127180 | Compression Ratio: 100
Test PSNR:25.2641, MS_SSIM:0.866874
Training Complete in 2642.0318s, Eval time:0.02214599s, FPS:45.1549, Best PSNR: 25.2642
1067: 4416x6720, PSNR:25.2641, MS-SSIM:0.8669, Training:2642.0318s, Eval:0.02214599s, FPS:45.1549
Processing image 10: 1107.png
Image Shape:  torch.Size([6720, 4416])
Num Points: 127180 | Compression Ratio: 100
Test PSNR:24.6672, MS_SSIM:0.946829
Training Complete in 1788.9748s, Eval time:0.01534760s, FPS:65.1568, Best PSNR: 24.6672
1107: 6720x4416, PSNR:24.6672, MS-SSIM:0.9468, Training:1788.9748s, Eval:0.01534760s, FPS:65.1568
Processing image 11: 1268.png
Image Shape:  torch.Size([4608, 6720])
Num Points: 132710 | Compression Ratio: 100
Test PSNR:24.5611, MS_SSIM:0.920654
Training Complete in 2986.3505s, Eval time:0.03426159s, FPS:29.1872, Best PSNR: 24.5613
1268: 4608x6720, PSNR:24.5611, MS-SSIM:0.9207, Training:2986.3505s, Eval:0.03426159s, FPS:29.1872
Processing image 12: 1280.png
Image Shape:  torch.Size([3840, 6720])
Num Points: 110592 | Compression Ratio: 100
Test PSNR:25.2459, MS_SSIM:0.891882
Training Complete in 1625.8624s, Eval time:0.01591785s, FPS:62.8225, Best PSNR: 25.2461
1280: 3840x6720, PSNR:25.2459, MS-SSIM:0.8919, Training:1625.8624s, Eval:0.01591785s, FPS:62.8225
Processing image 13: 1329.png
Image Shape:  torch.Size([4992, 6720])
Num Points: 143769 | Compression Ratio: 100
Test PSNR:26.9137, MS_SSIM:0.886917
Training Complete in 2062.6121s, Eval time:0.01869211s, FPS:53.4985, Best PSNR: 26.9137
1329: 4992x6720, PSNR:26.9137, MS-SSIM:0.8869, Training:2062.6121s, Eval:0.01869211s, FPS:53.4985
Processing image 14: 1404.png
Image Shape:  torch.Size([7680, 4992])
Num Points: 164308 | Compression Ratio: 100
Test PSNR:33.5224, MS_SSIM:0.954187
Training Complete in 1683.1374s, Eval time:0.01188631s, FPS:84.1304, Best PSNR: 33.5226
1404: 7680x4992, PSNR:33.5224, MS-SSIM:0.9542, Training:1683.1374s, Eval:0.01188631s, FPS:84.1304
Processing image 15: 1447.png
Image Shape:  torch.Size([5952, 7680])
Num Points: 195905 | Compression Ratio: 100
Test PSNR:25.2761, MS_SSIM:0.906242
Training Complete in 4482.3081s, Eval time:0.05031817s, FPS:19.8735, Best PSNR: 25.2763
1447: 5952x7680, PSNR:25.2761, MS-SSIM:0.9062, Training:4482.3081s, Eval:0.05031817s, FPS:19.8735
Processing image 16: 1454.png
Image Shape:  torch.Size([7680, 4992])
Num Points: 164308 | Compression Ratio: 100
Test PSNR:27.1037, MS_SSIM:0.900682
Training Complete in 3249.9451s, Eval time:0.02893589s, FPS:34.5592, Best PSNR: 27.1053
1454: 7680x4992, PSNR:27.1037, MS-SSIM:0.9007, Training:3249.9451s, Eval:0.02893589s, FPS:34.5592
Average: 5436x5880, PSNR:26.8421, MS-SSIM:0.8990, Training:2430.7495s, Eval:0.02403037s, FPS:94.7426
