Sun Jul 20 10:14:16 2025       
+-----------------------------------------------------------------------------------------+
| NVIDIA-SMI 550.54.14              Driver Version: 550.54.14      CUDA Version: 12.4     |
|-----------------------------------------+------------------------+----------------------+
| GPU  Name                 Persistence-M | Bus-Id          Disp.A | Volatile Uncorr. ECC |
| Fan  Temp   Perf          Pwr:Usage/Cap |           Memory-Usage | GPU-Util  Compute M. |
|                                         |                        |               MIG M. |
|=========================================+========================+======================|
|   0  NVIDIA A800-SXM4-80GB          On  |   00000000:50:00.0 Off |                    0 |
| N/A   37C    P0             60W /  400W |       0MiB /  81920MiB |      0%      Default |
|                                         |                        |             Disabled |
+-----------------------------------------+------------------------+----------------------+
                                                                                         
+-----------------------------------------------------------------------------------------+
| Processes:                                                                              |
|  GPU   GI   CI        PID   Type   Process name                              GPU Memory |
|        ID   ID                                                               Usage      |
|=========================================================================================|
|  No running processes found                                                             |
+-----------------------------------------------------------------------------------------+
Torch: 2.4.0+cu124, CUDA: True, Device: NVIDIA A800-SXM4-80GB
Training with 3DGS Gaussian Image Model.......
Founding 16 Images in DIV8K Dataset .........
Processing image 1: 0001.png
Image Shape:  torch.Size([5376, 5760])
Num Points: 66355 | Compression Ratio: 200
Test PSNR:27.0809, MS_SSIM:0.928776
Training Complete in 2033.6525s, Eval time:0.02043166s, FPS:48.9436, Best PSNR: 27.0809
0001: 5376x5760, PSNR:27.0809, MS-SSIM:0.9288, Training:2033.6525s, Eval:0.02043166s, FPS:48.9436
Processing image 2: 0138.png
Image Shape:  torch.Size([1920, 2880])
Num Points: 11849 | Compression Ratio: 200
Test PSNR:41.9793, MS_SSIM:0.995804
Training Complete in 191.0750s, Eval time:0.00137875s, FPS:725.2955, Best PSNR: 41.9798
0138: 1920x2880, PSNR:41.9793, MS-SSIM:0.9958, Training:191.0750s, Eval:0.00137875s, FPS:725.2955
Processing image 3: 0491.png
Image Shape:  torch.Size([5376, 6720])
Num Points: 77414 | Compression Ratio: 200
Test PSNR:23.2962, MS_SSIM:0.845183
Training Complete in 3217.1734s, Eval time:0.03674994s, FPS:27.2109, Best PSNR: 23.2963
0491: 5376x6720, PSNR:23.2962, MS-SSIM:0.8452, Training:3217.1734s, Eval:0.03674994s, FPS:27.2109
Processing image 4: 0536.png
Image Shape:  torch.Size([6720, 5184])
Num Points: 74649 | Compression Ratio: 200
Test PSNR:18.2650, MS_SSIM:0.657381
Training Complete in 2139.5456s, Eval time:0.02248242s, FPS:44.4792, Best PSNR: 18.2650
0536: 6720x5184, PSNR:18.2650, MS-SSIM:0.6574, Training:2139.5456s, Eval:0.02248242s, FPS:44.4792
Processing image 5: 0666.png
Image Shape:  torch.Size([6720, 6720])
Num Points: 96768 | Compression Ratio: 200
Test PSNR:19.3592, MS_SSIM:0.749891
Training Complete in 4865.5546s, Eval time:0.05744771s, FPS:17.4071, Best PSNR: 19.3644
0666: 6720x6720, PSNR:19.3592, MS-SSIM:0.7499, Training:4865.5546s, Eval:0.05744771s, FPS:17.4071
Processing image 6: 0849.png
Image Shape:  torch.Size([6720, 4416])
Num Points: 63590 | Compression Ratio: 200
Test PSNR:23.2962, MS_SSIM:0.829595
Training Complete in 2044.7857s, Eval time:0.02112517s, FPS:47.3369, Best PSNR: 23.3008
0849: 6720x4416, PSNR:23.2962, MS-SSIM:0.8296, Training:2044.7857s, Eval:0.02112517s, FPS:47.3369
Processing image 7: 0952.png
Image Shape:  torch.Size([3840, 6720])
Num Points: 55296 | Compression Ratio: 200
Test PSNR:27.3461, MS_SSIM:0.834676
Training Complete in 1565.0436s, Eval time:0.01459830s, FPS:68.5011, Best PSNR: 27.3464
0952: 3840x6720, PSNR:27.3461, MS-SSIM:0.8347, Training:1565.0436s, Eval:0.01459830s, FPS:68.5011
Processing image 8: 1040.png
Image Shape:  torch.Size([4416, 6720])
Num Points: 63590 | Compression Ratio: 200
Test PSNR:23.1224, MS_SSIM:0.854257
Training Complete in 2197.2353s, Eval time:0.02368755s, FPS:42.2163, Best PSNR: 23.1224
1040: 4416x6720, PSNR:23.1224, MS-SSIM:0.8543, Training:2197.2353s, Eval:0.02368755s, FPS:42.2163
Processing image 9: 1067.png
Image Shape:  torch.Size([4416, 6720])
Num Points: 63590 | Compression Ratio: 200
Test PSNR:23.8749, MS_SSIM:0.809517
Training Complete in 2517.4896s, Eval time:0.02245968s, FPS:44.5242, Best PSNR: 23.8752
1067: 4416x6720, PSNR:23.8749, MS-SSIM:0.8095, Training:2517.4896s, Eval:0.02245968s, FPS:44.5242
Processing image 10: 1107.png
Image Shape:  torch.Size([6720, 4416])
Num Points: 63590 | Compression Ratio: 200
Test PSNR:22.8156, MS_SSIM:0.917616
Training Complete in 1662.1100s, Eval time:0.01512169s, FPS:66.1302, Best PSNR: 22.8158
1107: 6720x4416, PSNR:22.8156, MS-SSIM:0.9176, Training:1662.1100s, Eval:0.01512169s, FPS:66.1302
Processing image 11: 1268.png
Image Shape:  torch.Size([4608, 6720])
Num Points: 66355 | Compression Ratio: 200
