Tue Jul 22 15:16:21 2025       
+-----------------------------------------------------------------------------------------+
| NVIDIA-SMI 550.54.14              Driver Version: 550.54.14      CUDA Version: 12.4     |
|-----------------------------------------+------------------------+----------------------+
| GPU  Name                 Persistence-M | Bus-Id          Disp.A | Volatile Uncorr. ECC |
| Fan  Temp   Perf          Pwr:Usage/Cap |           Memory-Usage | GPU-Util  Compute M. |
|                                         |                        |               MIG M. |
|=========================================+========================+======================|
|   0  NVIDIA A800-SXM4-80GB          On  |   00000000:E8:00.0 Off |                    0 |
| N/A   32C    P0             57W /  400W |       0MiB /  81920MiB |      0%      Default |
|                                         |                        |             Disabled |
+-----------------------------------------+------------------------+----------------------+
                                                                                         
+-----------------------------------------------------------------------------------------+
| Processes:                                                                              |
|  GPU   GI   CI        PID   Type   Process name                              GPU Memory |
|        ID   ID                                                               Usage      |
|=========================================================================================|
|  No running processes found                                                             |
+-----------------------------------------------------------------------------------------+
Torch: 2.4.0+cu124, CUDA: True, Device: NVIDIA A800-SXM4-80GB
Training with 3DGS Gaussian Image Model.......
Founding 8 Images in DIV16K Dataset .........
Processing image 1: 0810_moreDetail_x8_16320x12288.png
Image Shape:  torch.Size([12288, 16320])
Num Points: 28648 | Compression Ratio: 3000
Test PSNR:20.1043, MS_SSIM:0.702832
Training Complete in 14062.8887s, Eval time:0.15732881s, FPS:6.3561, Best PSNR: 20.1044
0810_moreDetail_x8_16320x12288: 12288x16320, PSNR:20.1043, MS-SSIM:0.7028, Training:14062.8887s, Eval:0.15732881s, FPS:6.3561
Processing image 2: 0823_moreDetail_x8_16320x10272.png
Image Shape:  torch.Size([10272, 16320])
Num Points: 23948 | Compression Ratio: 3000
Test PSNR:22.9976, MS_SSIM:0.790556
Training Complete in 9703.7657s, Eval time:0.09027225s, FPS:11.0776, Best PSNR: 22.9979
0823_moreDetail_x8_16320x10272: 10272x16320, PSNR:22.9976, MS-SSIM:0.7906, Training:9703.7657s, Eval:0.09027225s, FPS:11.0776
Processing image 3: 0826_moreDetail_x8_16320x12288.png
Image Shape:  torch.Size([12288, 16320])
Num Points: 28648 | Compression Ratio: 3000
Test PSNR:22.2071, MS_SSIM:0.786369
Training Complete in 13832.8832s, Eval time:0.15899734s, FPS:6.2894, Best PSNR: 22.2076
0826_moreDetail_x8_16320x12288: 12288x16320, PSNR:22.2071, MS-SSIM:0.7864, Training:13832.8832s, Eval:0.15899734s, FPS:6.2894
Processing image 4: 0835_moreDetail_x8_12960x16320.png
Image Shape:  torch.Size([16320, 12960])
Num Points: 30215 | Compression Ratio: 3000
Test PSNR:19.8644, MS_SSIM:0.528049
Training Complete in 16029.2023s, Eval time:0.19157124s, FPS:5.2200, Best PSNR: 19.8652
0835_moreDetail_x8_12960x16320: 16320x12960, PSNR:19.8644, MS-SSIM:0.5280, Training:16029.2023s, Eval:0.19157124s, FPS:5.2200
Processing image 5: 0855_moreDetail_x8_16320x16320.png
Image Shape:  torch.Size([16320, 16320])
Num Points: 38048 | Compression Ratio: 3000
Test PSNR:29.5303, MS_SSIM:0.789925
Training Complete in 15615.8968s, Eval time:0.14740317s, FPS:6.7841, Best PSNR: 29.5308
0855_moreDetail_x8_16320x16320: 16320x16320, PSNR:29.5303, MS-SSIM:0.7899, Training:15615.8968s, Eval:0.14740317s, FPS:6.7841
Processing image 6: 0873_moreDetail_x8_16320x10848.png
Image Shape:  torch.Size([10848, 16312])
Num Points: 25278 | Compression Ratio: 3000
Test PSNR:22.1904, MS_SSIM:0.791318
Training Complete in 11595.9565s, Eval time:0.12753899s, FPS:7.8407, Best PSNR: 22.2223
0873_moreDetail_x8_16320x10848: 10848x16312, PSNR:22.1904, MS-SSIM:0.7913, Training:11595.9565s, Eval:0.12753899s, FPS:7.8407
Processing image 7: 0875_moreDetail_x8_16320x12288.png
Image Shape:  torch.Size([12288, 16320])
Num Points: 28648 | Compression Ratio: 3000
Test PSNR:21.6138, MS_SSIM:0.670753
Training Complete in 14885.4774s, Eval time:0.16337885s, FPS:6.1207, Best PSNR: 21.7898
0875_moreDetail_x8_16320x12288: 12288x16320, PSNR:21.6138, MS-SSIM:0.6708, Training:14885.4774s, Eval:0.16337885s, FPS:6.1207
Processing image 8: 0896_moreDetail_x8_16320x10848.png
Image Shape:  torch.Size([10848, 16312])
Num Points: 25278 | Compression Ratio: 3000
Test PSNR:39.9726, MS_SSIM:0.981453
Training Complete in 5248.3069s, Eval time:0.04110723s, FPS:24.3266, Best PSNR: 39.9758
0896_moreDetail_x8_16320x10848: 10848x16312, PSNR:39.9726, MS-SSIM:0.9815, Training:5248.3069s, Eval:0.04110723s, FPS:24.3266
Average: 12684x15898, PSNR:24.8101, MS-SSIM:0.7552, Training:12621.7969s, Eval:0.13469973s, FPS:9.2519
