Mon Jul 21 10:44:09 2025       
+-----------------------------------------------------------------------------------------+
| NVIDIA-SMI 550.54.14              Driver Version: 550.54.14      CUDA Version: 12.4     |
|-----------------------------------------+------------------------+----------------------+
| GPU  Name                 Persistence-M | Bus-Id          Disp.A | Volatile Uncorr. ECC |
| Fan  Temp   Perf          Pwr:Usage/Cap |           Memory-Usage | GPU-Util  Compute M. |
|                                         |                        |               MIG M. |
|=========================================+========================+======================|
|   0  NVIDIA A800-SXM4-80GB          On  |   00000000:CB:00.0 Off |                    0 |
| N/A   30C    P0             61W /  400W |       0MiB /  81920MiB |      0%      Default |
|                                         |                        |             Disabled |
+-----------------------------------------+------------------------+----------------------+
                                                                                         
+-----------------------------------------------------------------------------------------+
| Processes:                                                                              |
|  GPU   GI   CI        PID   Type   Process name                              GPU Memory |
|        ID   ID                                                               Usage      |
|=========================================================================================|
|  No running processes found                                                             |
+-----------------------------------------------------------------------------------------+
Torch: 2.4.0+cu124, CUDA: True, Device: NVIDIA A800-SXM4-80GB
Training with 3DGS Gaussian Image Model.......
Founding 16 Images in DIV8K Dataset .........
0001: 5376x5760, PSNR:25.1327, MS-SSIM:0.8911, Training:2039.9413s, Eval:0.02199769s, FPS:45.4593

0001 has been evaled, pass.........
0138: 1920x2880, PSNR:39.9593, MS-SSIM:0.9944, Training:196.4402s, Eval:0.00157866s, FPS:633.4467

0138 has been evaled, pass.........
0491: 5376x6720, PSNR:21.5928, MS-SSIM:0.7672, Training:3146.2084s, Eval:0.03672072s, FPS:27.2326

0491 has been evaled, pass.........
0536: 6720x5184, PSNR:17.5495, MS-SSIM:0.5571, Training:1919.8754s, Eval:0.02077033s, FPS:48.1456

0536 has been evaled, pass.........
0666: 6720x6720, PSNR:17.1946, MS-SSIM:0.6264, Training:4352.0592s, Eval:0.05288263s, FPS:18.9098

0666 has been evaled, pass.........
0849: 6720x4416, PSNR:20.8047, MS-SSIM:0.7349, Training:1851.2125s, Eval:0.02042426s, FPS:48.9614

0849 has been evaled, pass.........
0952: 3840x6720, PSNR:25.6921, MS-SSIM:0.7638, Training:1539.1035s, Eval:0.01500715s, FPS:66.6349

0952 has been evaled, pass.........
1040: 4416x6720, PSNR:21.0366, MS-SSIM:0.7376, Training:2231.3812s, Eval:0.02505895s, FPS:39.9059

1040 has been evaled, pass.........
1067: 4416x6720, PSNR:22.2568, MS-SSIM:0.7359, Training:2337.5347s, Eval:0.02188880s, FPS:45.6855

1067 has been evaled, pass.........
1107: 6720x4416, PSNR:20.7031, MS-SSIM:0.8586, Training:1734.0108s, Eval:0.01733734s, FPS:57.6790

1107 has been evaled, pass.........
1268: 4608x6720, PSNR:22.3977, MS-SSIM:0.8485, Training:2689.9766s, Eval:0.03266699s, FPS:30.6119

1268 has been evaled, pass.........
1280: 3840x6720, PSNR:21.1743, MS-SSIM:0.7264, Training:1627.2328s, Eval:0.01787194s, FPS:55.9536

1280 has been evaled, pass.........
1329: 4992x6720, PSNR:24.8468, MS-SSIM:0.7998, Training:2194.5785s, Eval:0.02399607s, FPS:41.6735

1329 has been evaled, pass.........
1404: 7680x4992, PSNR:30.0320, MS-SSIM:0.9347, Training:1596.6592s, Eval:0.01400774s, FPS:71.3891

1404 has been evaled, pass.........
Processing image 15: 1447.png
Image Shape:  torch.Size([5952, 7680])
Num Points: 39181 | Compression Ratio: 500
Test PSNR:19.5062, MS_SSIM:0.780235
Training Complete in 6088.3613s, Eval time:0.06566797s, FPS:15.2281, Best PSNR: 19.5064
1447: 5952x7680, PSNR:19.5062, MS-SSIM:0.7802, Training:6088.3613s, Eval:0.06566797s, FPS:15.2281
Processing image 16: 1454.png
Image Shape:  torch.Size([7680, 4992])
Num Points: 32861 | Compression Ratio: 500
Test PSNR:24.3355, MS_SSIM:0.841963
Training Complete in 3753.1674s, Eval time:0.03347341s, FPS:29.8745, Best PSNR: 24.3429
1454: 7680x4992, PSNR:24.3355, MS-SSIM:0.8420, Training:3753.1674s, Eval:0.03347341s, FPS:29.8745
Average: 852x792, PSNR:23.3884, MS-SSIM:0.7874, Training:2456.1089s, Eval:0.02633442s, FPS:79.7995
