Sun Jul 20 10:23:56 2025       
+-----------------------------------------------------------------------------------------+
| NVIDIA-SMI 550.54.14              Driver Version: 550.54.14      CUDA Version: 12.4     |
|-----------------------------------------+------------------------+----------------------+
| GPU  Name                 Persistence-M | Bus-Id          Disp.A | Volatile Uncorr. ECC |
| Fan  Temp   Perf          Pwr:Usage/Cap |           Memory-Usage | GPU-Util  Compute M. |
|                                         |                        |               MIG M. |
|=========================================+========================+======================|
|   0  NVIDIA A800-SXM4-80GB          On  |   00000000:25:00.0 Off |                    0 |
| N/A   53C    P0             90W /  400W |       0MiB /  81920MiB |      0%      Default |
|                                         |                        |             Disabled |
+-----------------------------------------+------------------------+----------------------+
                                                                                         
+-----------------------------------------------------------------------------------------+
| Processes:                                                                              |
|  GPU   GI   CI        PID   Type   Process name                              GPU Memory |
|        ID   ID                                                               Usage      |
|=========================================================================================|
|  No running processes found                                                             |
+-----------------------------------------------------------------------------------------+
Torch: 2.4.0+cu124, CUDA: True, Device: NVIDIA A800-SXM4-80GB
Training with 3DGS Gaussian Image Model.......
Founding 16 Images in DIV8K Dataset .........
Processing image 1: 0001.png
Image Shape:  torch.Size([5376, 5760])
Num Points: 26542 | Compression Ratio: 500
Test PSNR:25.1327, MS_SSIM:0.891103
Training Complete in 2039.9413s, Eval time:0.02199769s, FPS:45.4593, Best PSNR: 25.1328
0001: 5376x5760, PSNR:25.1327, MS-SSIM:0.8911, Training:2039.9413s, Eval:0.02199769s, FPS:45.4593
Processing image 2: 0138.png
Image Shape:  torch.Size([1920, 2880])
Num Points: 4739 | Compression Ratio: 500
Test PSNR:39.9593, MS_SSIM:0.994389
Training Complete in 196.4402s, Eval time:0.00157866s, FPS:633.4467, Best PSNR: 39.9598
0138: 1920x2880, PSNR:39.9593, MS-SSIM:0.9944, Training:196.4402s, Eval:0.00157866s, FPS:633.4467
Processing image 3: 0491.png
Image Shape:  torch.Size([5376, 6720])
Num Points: 30965 | Compression Ratio: 500
Test PSNR:21.5928, MS_SSIM:0.767171
Training Complete in 3146.2084s, Eval time:0.03672072s, FPS:27.2326, Best PSNR: 21.5957
0491: 5376x6720, PSNR:21.5928, MS-SSIM:0.7672, Training:3146.2084s, Eval:0.03672072s, FPS:27.2326
Processing image 4: 0536.png
Image Shape:  torch.Size([6720, 5184])
Num Points: 29859 | Compression Ratio: 500
Test PSNR:17.5495, MS_SSIM:0.557095
Training Complete in 1919.8754s, Eval time:0.02077033s, FPS:48.1456, Best PSNR: 17.5495
0536: 6720x5184, PSNR:17.5495, MS-SSIM:0.5571, Training:1919.8754s, Eval:0.02077033s, FPS:48.1456
Processing image 5: 0666.png
Image Shape:  torch.Size([6720, 6720])
Num Points: 38707 | Compression Ratio: 500
Test PSNR:17.1946, MS_SSIM:0.626380
Training Complete in 4352.0592s, Eval time:0.05288263s, FPS:18.9098, Best PSNR: 17.1951
0666: 6720x6720, PSNR:17.1946, MS-SSIM:0.6264, Training:4352.0592s, Eval:0.05288263s, FPS:18.9098
Processing image 6: 0849.png
Image Shape:  torch.Size([6720, 4416])
Num Points: 25436 | Compression Ratio: 500
Test PSNR:20.8047, MS_SSIM:0.734927
Training Complete in 1851.2125s, Eval time:0.02042426s, FPS:48.9614, Best PSNR: 20.9103
0849: 6720x4416, PSNR:20.8047, MS-SSIM:0.7349, Training:1851.2125s, Eval:0.02042426s, FPS:48.9614
Processing image 7: 0952.png
Image Shape:  torch.Size([3840, 6720])
Num Points: 22118 | Compression Ratio: 500
Test PSNR:25.6921, MS_SSIM:0.763831
Training Complete in 1539.1035s, Eval time:0.01500715s, FPS:66.6349, Best PSNR: 25.6922
0952: 3840x6720, PSNR:25.6921, MS-SSIM:0.7638, Training:1539.1035s, Eval:0.01500715s, FPS:66.6349
Processing image 8: 1040.png
Image Shape:  torch.Size([4416, 6720])
Num Points: 25436 | Compression Ratio: 500
Test PSNR:21.0366, MS_SSIM:0.737585
Training Complete in 2231.3812s, Eval time:0.02505895s, FPS:39.9059, Best PSNR: 21.0428
1040: 4416x6720, PSNR:21.0366, MS-SSIM:0.7376, Training:2231.3812s, Eval:0.02505895s, FPS:39.9059
Processing image 9: 1067.png
Image Shape:  torch.Size([4416, 6720])
Num Points: 25436 | Compression Ratio: 500
Test PSNR:22.2568, MS_SSIM:0.735873
Training Complete in 2337.5347s, Eval time:0.02188880s, FPS:45.6855, Best PSNR: 22.2571
1067: 4416x6720, PSNR:22.2568, MS-SSIM:0.7359, Training:2337.5347s, Eval:0.02188880s, FPS:45.6855
Processing image 10: 1107.png
Image Shape:  torch.Size([6720, 4416])
Num Points: 25436 | Compression Ratio: 500
Test PSNR:20.7031, MS_SSIM:0.858621
Training Complete in 1734.0108s, Eval time:0.01733734s, FPS:57.6790, Best PSNR: 20.7036
1107: 6720x4416, PSNR:20.7031, MS-SSIM:0.8586, Training:1734.0108s, Eval:0.01733734s, FPS:57.6790
Processing image 11: 1268.png
Image Shape:  torch.Size([4608, 6720])
Num Points: 26542 | Compression Ratio: 500
Test PSNR:22.3977, MS_SSIM:0.848472
Training Complete in 2689.9766s, Eval time:0.03266699s, FPS:30.6119, Best PSNR: 22.3985
1268: 4608x6720, PSNR:22.3977, MS-SSIM:0.8485, Training:2689.9766s, Eval:0.03266699s, FPS:30.6119
Processing image 12: 1280.png
Image Shape:  torch.Size([3840, 6720])
Num Points: 22118 | Compression Ratio: 500
Test PSNR:21.1743, MS_SSIM:0.726448
Training Complete in 1627.2328s, Eval time:0.01787194s, FPS:55.9536, Best PSNR: 21.1746
1280: 3840x6720, PSNR:21.1743, MS-SSIM:0.7264, Training:1627.2328s, Eval:0.01787194s, FPS:55.9536
Processing image 13: 1329.png
Image Shape:  torch.Size([4992, 6720])
Num Points: 28753 | Compression Ratio: 500
Test PSNR:24.8468, MS_SSIM:0.799820
Training Complete in 2194.5785s, Eval time:0.02399607s, FPS:41.6735, Best PSNR: 24.8495
1329: 4992x6720, PSNR:24.8468, MS-SSIM:0.7998, Training:2194.5785s, Eval:0.02399607s, FPS:41.6735
Processing image 14: 1404.png
Image Shape:  torch.Size([7680, 4992])
Num Points: 32861 | Compression Ratio: 500
Test PSNR:30.0320, MS_SSIM:0.934739
Training Complete in 1596.6592s, Eval time:0.01400774s, FPS:71.3891, Best PSNR: 30.0323
1404: 7680x4992, PSNR:30.0320, MS-SSIM:0.9347, Training:1596.6592s, Eval:0.01400774s, FPS:71.3891
Processing image 15: 1447.png
Image Shape:  torch.Size([5952, 7680])
Num Points: 39181 | Compression Ratio: 500
