Tue Jul 22 15:44:56 2025       
+-----------------------------------------------------------------------------------------+
| NVIDIA-SMI 550.54.14              Driver Version: 550.54.14      CUDA Version: 12.4     |
|-----------------------------------------+------------------------+----------------------+
| GPU  Name                 Persistence-M | Bus-Id          Disp.A | Volatile Uncorr. ECC |
| Fan  Temp   Perf          Pwr:Usage/Cap |           Memory-Usage | GPU-Util  Compute M. |
|                                         |                        |               MIG M. |
|=========================================+========================+======================|
|   0  NVIDIA A800-SXM4-80GB          On  |   00000000:50:00.0 Off |                    0 |
| N/A   32C    P0             55W /  400W |       0MiB /  81920MiB |      0%      Default |
|                                         |                        |             Disabled |
+-----------------------------------------+------------------------+----------------------+
                                                                                         
+-----------------------------------------------------------------------------------------+
| Processes:                                                                              |
|  GPU   GI   CI        PID   Type   Process name                              GPU Memory |
|        ID   ID                                                               Usage      |
|=========================================================================================|
|  No running processes found                                                             |
+-----------------------------------------------------------------------------------------+
Torch: 2.4.0+cu124, CUDA: True, Device: NVIDIA A800-SXM4-80GB
Training with 3DGS Gaussian Image Model.......
Founding 8 Images in DIV16K Dataset .........
Processing image 1: 0810_moreDetail_x8_16320x12288.png
Image Shape:  torch.Size([12288, 16320])
Num Points: 429728 | Compression Ratio: 200
Test PSNR:25.7839, MS_SSIM:0.849056
Training Complete in 14230.4712s, Eval time:0.12424528s, FPS:8.0486, Best PSNR: 25.7839
0810_moreDetail_x8_16320x12288: 12288x16320, PSNR:25.7839, MS-SSIM:0.8491, Training:14230.4712s, Eval:0.12424528s, FPS:8.0486
Processing image 2: 0823_moreDetail_x8_16320x10272.png
Image Shape:  torch.Size([10272, 16320])
Num Points: 359226 | Compression Ratio: 200
Test PSNR:27.5777, MS_SSIM:0.852947
Training Complete in 11929.8392s, Eval time:0.08582366s, FPS:11.6518, Best PSNR: 27.5777
0823_moreDetail_x8_16320x10272: 10272x16320, PSNR:27.5777, MS-SSIM:0.8529, Training:11929.8392s, Eval:0.08582366s, FPS:11.6518
Processing image 3: 0826_moreDetail_x8_16320x12288.png
Image Shape:  torch.Size([12288, 16320])
Num Points: 429728 | Compression Ratio: 200
Test PSNR:27.6537, MS_SSIM:0.874272
Training Complete in 14150.0856s, Eval time:0.11890186s, FPS:8.4103, Best PSNR: 27.6549
0826_moreDetail_x8_16320x12288: 12288x16320, PSNR:27.6537, MS-SSIM:0.8743, Training:14150.0856s, Eval:0.11890186s, FPS:8.4103
Processing image 4: 0835_moreDetail_x8_12960x16320.png
Image Shape:  torch.Size([16320, 12960])
Num Points: 453229 | Compression Ratio: 200
Test PSNR:23.8792, MS_SSIM:0.674492
Training Complete in 15863.6930s, Eval time:0.14387985s, FPS:6.9502, Best PSNR: 23.8793
0835_moreDetail_x8_12960x16320: 16320x12960, PSNR:23.8792, MS-SSIM:0.6745, Training:15863.6930s, Eval:0.14387985s, FPS:6.9502
Processing image 5: 0855_moreDetail_x8_16320x16320.png
Image Shape:  torch.Size([16320, 16320])
Num Points: 570733 | Compression Ratio: 200
Test PSNR:33.9899, MS_SSIM:0.826610
Training Complete in 15787.8702s, Eval time:0.11558252s, FPS:8.6518, Best PSNR: 33.9899
0855_moreDetail_x8_16320x16320: 16320x16320, PSNR:33.9899, MS-SSIM:0.8266, Training:15787.8702s, Eval:0.11558252s, FPS:8.6518
Processing image 6: 0873_moreDetail_x8_16320x10848.png
Image Shape:  torch.Size([10848, 16312])
Num Points: 379184 | Compression Ratio: 200
Test PSNR:29.4662, MS_SSIM:0.884766
Training Complete in 11806.6148s, Eval time:0.10214186s, FPS:9.7903, Best PSNR: 29.4668
0873_moreDetail_x8_16320x10848: 10848x16312, PSNR:29.4662, MS-SSIM:0.8848, Training:11806.6148s, Eval:0.10214186s, FPS:9.7903
Processing image 7: 0875_moreDetail_x8_16320x12288.png
Image Shape:  torch.Size([12288, 16320])
Num Points: 429728 | Compression Ratio: 200
