Sun Jul 20 03:18:16 2025       
+-----------------------------------------------------------------------------------------+
| NVIDIA-SMI 550.54.14              Driver Version: 550.54.14      CUDA Version: 12.4     |
|-----------------------------------------+------------------------+----------------------+
| GPU  Name                 Persistence-M | Bus-Id          Disp.A | Volatile Uncorr. ECC |
| Fan  Temp   Perf          Pwr:Usage/Cap |           Memory-Usage | GPU-Util  Compute M. |
|                                         |                        |               MIG M. |
|=========================================+========================+======================|
|   0  NVIDIA A800-SXM4-80GB          On  |   00000000:EE:00.0 Off |                    0 |
| N/A   30C    P0             57W /  400W |       0MiB /  81920MiB |      0%      Default |
|                                         |                        |             Disabled |
+-----------------------------------------+------------------------+----------------------+
                                                                                         
+-----------------------------------------------------------------------------------------+
| Processes:                                                                              |
|  GPU   GI   CI        PID   Type   Process name                              GPU Memory |
|        ID   ID                                                               Usage      |
|=========================================================================================|
|  No running processes found                                                             |
+-----------------------------------------------------------------------------------------+
Torch: 2.4.0+cu124, CUDA: True, Device: NVIDIA A800-SXM4-80GB
Training with 3DGS Gaussian Image Model.......
Founding 16 Images in DIV8K Dataset .........
Processing image 1: 0001.png
Image Shape:  torch.Size([5376, 5760])
Num Points: 265420 | Compression Ratio: 50
Test PSNR:31.0238, MS_SSIM:0.967619
Training Complete in 2162.4187s, Eval time:0.01806350s, FPS:55.3602, Best PSNR: 31.0238
0001: 5376x5760, PSNR:31.0238, MS-SSIM:0.9676, Training:2162.4187s, Eval:0.01806350s, FPS:55.3602
Processing image 2: 0138.png
Image Shape:  torch.Size([1920, 2880])
Num Points: 47396 | Compression Ratio: 50
Test PSNR:45.3328, MS_SSIM:0.997781
Training Complete in 219.8975s, Eval time:0.00150628s, FPS:663.8868, Best PSNR: 45.3334
0138: 1920x2880, PSNR:45.3328, MS-SSIM:0.9978, Training:219.8975s, Eval:0.00150628s, FPS:663.8868
Processing image 3: 0491.png
Image Shape:  torch.Size([5376, 6720])
Num Points: 309657 | Compression Ratio: 50
Test PSNR:26.1936, MS_SSIM:0.926255
Training Complete in 3089.7018s, Eval time:0.02976770s, FPS:33.5935, Best PSNR: 26.1943
0491: 5376x6720, PSNR:26.1936, MS-SSIM:0.9263, Training:3089.7018s, Eval:0.02976770s, FPS:33.5935
Processing image 4: 0536.png
Image Shape:  torch.Size([6720, 5184])
Num Points: 298598 | Compression Ratio: 50
Test PSNR:19.7932, MS_SSIM:0.815349
Training Complete in 2512.7815s, Eval time:0.02455416s, FPS:40.7263, Best PSNR: 19.7932
0536: 6720x5184, PSNR:19.7932, MS-SSIM:0.8153, Training:2512.7815s, Eval:0.02455416s, FPS:40.7263
Processing image 5: 0666.png
Image Shape:  torch.Size([6720, 6720])
Num Points: 387072 | Compression Ratio: 50
Test PSNR:23.5724, MS_SSIM:0.909166
Training Complete in 4698.0729s, Eval time:0.04690632s, FPS:21.3191, Best PSNR: 23.5731
0666: 6720x6720, PSNR:23.5724, MS-SSIM:0.9092, Training:4698.0729s, Eval:0.04690632s, FPS:21.3191
Processing image 6: 0849.png
Image Shape:  torch.Size([6720, 4416])
Num Points: 254361 | Compression Ratio: 50
Test PSNR:27.9521, MS_SSIM:0.933558
Training Complete in 2314.7754s, Eval time:0.02082970s, FPS:48.0084, Best PSNR: 27.9526
0849: 6720x4416, PSNR:27.9521, MS-SSIM:0.9336, Training:2314.7754s, Eval:0.02082970s, FPS:48.0084
Processing image 7: 0952.png
Image Shape:  torch.Size([3840, 6720])
Num Points: 221184 | Compression Ratio: 50
Test PSNR:30.2817, MS_SSIM:0.926512
Training Complete in 1878.6449s, Eval time:0.01445081s, FPS:69.2003, Best PSNR: 30.2817
0952: 3840x6720, PSNR:30.2817, MS-SSIM:0.9265, Training:1878.6449s, Eval:0.01445081s, FPS:69.2003
Processing image 8: 1040.png
Image Shape:  torch.Size([4416, 6720])
Num Points: 254361 | Compression Ratio: 50
Test PSNR:27.6767, MS_SSIM:0.959626
Training Complete in 2160.0987s, Eval time:0.01838699s, FPS:54.3863, Best PSNR: 27.6771
1040: 4416x6720, PSNR:27.6767, MS-SSIM:0.9596, Training:2160.0987s, Eval:0.01838699s, FPS:54.3863
Processing image 9: 1067.png
Image Shape:  torch.Size([4416, 6720])
Num Points: 254361 | Compression Ratio: 50
Test PSNR:26.6923, MS_SSIM:0.914901
Training Complete in 2916.9786s, Eval time:0.02305705s, FPS:43.3707, Best PSNR: 26.6923
1067: 4416x6720, PSNR:26.6923, MS-SSIM:0.9149, Training:2916.9786s, Eval:0.02305705s, FPS:43.3707
Processing image 10: 1107.png
Image Shape:  torch.Size([6720, 4416])
Num Points: 254361 | Compression Ratio: 50
Test PSNR:26.7890, MS_SSIM:0.966969
Training Complete in 2004.8083s, Eval time:0.01583340s, FPS:63.1576, Best PSNR: 26.7890
1107: 6720x4416, PSNR:26.7890, MS-SSIM:0.9670, Training:2004.8083s, Eval:0.01583340s, FPS:63.1576
Processing image 11: 1268.png
Image Shape:  torch.Size([4608, 6720])
Num Points: 265420 | Compression Ratio: 50
Test PSNR:25.7027, MS_SSIM:0.943730
Training Complete in 3011.7828s, Eval time:0.03223691s, FPS:31.0203, Best PSNR: 25.7029
1268: 4608x6720, PSNR:25.7027, MS-SSIM:0.9437, Training:3011.7828s, Eval:0.03223691s, FPS:31.0203
Processing image 12: 1280.png
Image Shape:  torch.Size([3840, 6720])
Num Points: 221184 | Compression Ratio: 50
Test PSNR:27.2168, MS_SSIM:0.933396
Training Complete in 1764.6486s, Eval time:0.01533068s, FPS:65.2287, Best PSNR: 27.2168
1280: 3840x6720, PSNR:27.2168, MS-SSIM:0.9334, Training:1764.6486s, Eval:0.01533068s, FPS:65.2287
Processing image 13: 1329.png
Image Shape:  torch.Size([4992, 6720])
Num Points: 287539 | Compression Ratio: 50
Test PSNR:27.9991, MS_SSIM:0.918813
Training Complete in 2217.9756s, Eval time:0.01762651s, FPS:56.7327, Best PSNR: 27.9991
1329: 4992x6720, PSNR:27.9991, MS-SSIM:0.9188, Training:2217.9756s, Eval:0.01762651s, FPS:56.7327
Processing image 14: 1404.png
Image Shape:  torch.Size([7680, 4992])
Num Points: 328616 | Compression Ratio: 50
Test PSNR:34.6085, MS_SSIM:0.959744
Training Complete in 1916.3570s, Eval time:0.01294582s, FPS:77.2450, Best PSNR: 34.6086
1404: 7680x4992, PSNR:34.6085, MS-SSIM:0.9597, Training:1916.3570s, Eval:0.01294582s, FPS:77.2450
Processing image 15: 1447.png
Image Shape:  torch.Size([5952, 7680])
Num Points: 391811 | Compression Ratio: 50
Test PSNR:26.8821, MS_SSIM:0.931854
Training Complete in 4313.8241s, Eval time:0.04242123s, FPS:23.5731, Best PSNR: 26.8823
1447: 5952x7680, PSNR:26.8821, MS-SSIM:0.9319, Training:4313.8241s, Eval:0.04242123s, FPS:23.5731
Processing image 16: 1454.png
Image Shape:  torch.Size([7680, 4992])
Num Points: 328616 | Compression Ratio: 50
Test PSNR:29.2219, MS_SSIM:0.939499
Training Complete in 3523.7452s, Eval time:0.02943671s, FPS:33.9712, Best PSNR: 29.2243
1454: 7680x4992, PSNR:29.2219, MS-SSIM:0.9395, Training:3523.7452s, Eval:0.02943671s, FPS:33.9712
Average: 5436x5880, PSNR:28.5587, MS-SSIM:0.9340, Training:2544.1570s, Eval:0.02270961s, FPS:86.2988
