Sun Jul 20 19:15:25 2025       
+-----------------------------------------------------------------------------------------+
| NVIDIA-SMI 550.54.14              Driver Version: 550.54.14      CUDA Version: 12.4     |
|-----------------------------------------+------------------------+----------------------+
| GPU  Name                 Persistence-M | Bus-Id          Disp.A | Volatile Uncorr. ECC |
| Fan  Temp   Perf          Pwr:Usage/Cap |           Memory-Usage | GPU-Util  Compute M. |
|                                         |                        |               MIG M. |
|=========================================+========================+======================|
|   0  NVIDIA A800-SXM4-80GB          On  |   00000000:CB:00.0 Off |                    0 |
| N/A   30C    P0             61W /  400W |       0MiB /  81920MiB |      0%      Default |
|                                         |                        |             Disabled |
+-----------------------------------------+------------------------+----------------------+
                                                                                         
+-----------------------------------------------------------------------------------------+
| Processes:                                                                              |
|  GPU   GI   CI        PID   Type   Process name                              GPU Memory |
|        ID   ID                                                               Usage      |
|=========================================================================================|
|  No running processes found                                                             |
+-----------------------------------------------------------------------------------------+
Torch: 2.4.0+cu124, CUDA: True, Device: NVIDIA A800-SXM4-80GB
Training with 3DGS Gaussian Image Model.......
Founding 16 Images in DIV8K Dataset .........
0001: 5376x5760, PSNR:27.0809, MS-SSIM:0.9288, Training:2033.6525s, Eval:0.02043166s, FPS:48.9436

0001 has been evaled, pass.........
0138: 1920x2880, PSNR:41.9793, MS-SSIM:0.9958, Training:191.0750s, Eval:0.00137875s, FPS:725.2955

0138 has been evaled, pass.........
0491: 5376x6720, PSNR:23.2962, MS-SSIM:0.8452, Training:3217.1734s, Eval:0.03674994s, FPS:27.2109

0491 has been evaled, pass.........
0536: 6720x5184, PSNR:18.2650, MS-SSIM:0.6574, Training:2139.5456s, Eval:0.02248242s, FPS:44.4792

0536 has been evaled, pass.........
0666: 6720x6720, PSNR:19.3592, MS-SSIM:0.7499, Training:4865.5546s, Eval:0.05744771s, FPS:17.4071

0666 has been evaled, pass.........
0849: 6720x4416, PSNR:23.2962, MS-SSIM:0.8296, Training:2044.7857s, Eval:0.02112517s, FPS:47.3369

0849 has been evaled, pass.........
0952: 3840x6720, PSNR:27.3461, MS-SSIM:0.8347, Training:1565.0436s, Eval:0.01459830s, FPS:68.5011

0952 has been evaled, pass.........
1040: 4416x6720, PSNR:23.1224, MS-SSIM:0.8543, Training:2197.2353s, Eval:0.02368755s, FPS:42.2163

1040 has been evaled, pass.........
1067: 4416x6720, PSNR:23.8749, MS-SSIM:0.8095, Training:2517.4896s, Eval:0.02245968s, FPS:44.5242

1067 has been evaled, pass.........
1107: 6720x4416, PSNR:22.8156, MS-SSIM:0.9176, Training:1662.1100s, Eval:0.01512169s, FPS:66.1302

1107 has been evaled, pass.........
Processing image 11: 1268.png
Image Shape:  torch.Size([4608, 6720])
Num Points: 66355 | Compression Ratio: 200
Test PSNR:22.6427, MS_SSIM:0.885764
Training Complete in 4466.7730s, Eval time:0.05000672s, FPS:19.9973, Best PSNR: 22.6433
1268: 4608x6720, PSNR:22.6427, MS-SSIM:0.8858, Training:4466.7730s, Eval:0.05000672s, FPS:19.9973
Processing image 12: 1280.png
Image Shape:  torch.Size([3840, 6720])
Num Points: 55296 | Compression Ratio: 200
Test PSNR:22.2916, MS_SSIM:0.829956
Training Complete in 2382.5823s, Eval time:0.02143270s, FPS:46.6577, Best PSNR: 22.3004
1280: 3840x6720, PSNR:22.2916, MS-SSIM:0.8300, Training:2382.5823s, Eval:0.02143270s, FPS:46.6577
Processing image 13: 1329.png
Image Shape:  torch.Size([4992, 6720])
Num Points: 71884 | Compression Ratio: 200
Test PSNR:25.2969, MS_SSIM:0.851702
Training Complete in 3537.1252s, Eval time:0.03459455s, FPS:28.9063, Best PSNR: 25.2973
1329: 4992x6720, PSNR:25.2969, MS-SSIM:0.8517, Training:3537.1252s, Eval:0.03459455s, FPS:28.9063
Processing image 14: 1404.png
Image Shape:  torch.Size([7680, 4992])
Num Points: 82154 | Compression Ratio: 200
Test PSNR:30.7528, MS_SSIM:0.947226
Training Complete in 2392.7138s, Eval time:0.01553595s, FPS:64.3668, Best PSNR: 30.7532
1404: 7680x4992, PSNR:30.7528, MS-SSIM:0.9472, Training:2392.7138s, Eval:0.01553595s, FPS:64.3668
Processing image 15: 1447.png
Image Shape:  torch.Size([5952, 7680])
Num Points: 97952 | Compression Ratio: 200
Test PSNR:21.8873, MS_SSIM:0.864883
Training Complete in 6439.2269s, Eval time:0.06849398s, FPS:14.5998, Best PSNR: 21.8874
1447: 5952x7680, PSNR:21.8873, MS-SSIM:0.8649, Training:6439.2269s, Eval:0.06849398s, FPS:14.5998
Processing image 16: 1454.png
Image Shape:  torch.Size([7680, 4992])
Num Points: 82154 | Compression Ratio: 200
Test PSNR:25.3802, MS_SSIM:0.886525
Training Complete in 4149.0433s, Eval time:0.03763102s, FPS:26.5738, Best PSNR: 25.3819
1454: 7680x4992, PSNR:25.3802, MS-SSIM:0.8865, Training:4149.0433s, Eval:0.03763102s, FPS:26.5738
Average: 2172x2364, PSNR:24.9180, MS-SSIM:0.8556, Training:2862.5706s, Eval:0.02894861s, FPS:83.3217
