Fri Jul 18 15:57:58 2025       
+-----------------------------------------------------------------------------------------+
| NVIDIA-SMI 550.54.14              Driver Version: 550.54.14      CUDA Version: 12.4     |
|-----------------------------------------+------------------------+----------------------+
| GPU  Name                 Persistence-M | Bus-Id          Disp.A | Volatile Uncorr. ECC |
| Fan  Temp   Perf          Pwr:Usage/Cap |           Memory-Usage | GPU-Util  Compute M. |
|                                         |                        |               MIG M. |
|=========================================+========================+======================|
|   0  NVIDIA A800-SXM4-80GB          On  |   00000000:25:00.0 Off |                    0 |
| N/A   48C    P0             61W /  400W |       0MiB /  81920MiB |      0%      Default |
|                                         |                        |             Disabled |
+-----------------------------------------+------------------------+----------------------+
                                                                                         
+-----------------------------------------------------------------------------------------+
| Processes:                                                                              |
|  GPU   GI   CI        PID   Type   Process name                              GPU Memory |
|        ID   ID                                                               Usage      |
|=========================================================================================|
|  No running processes found                                                             |
+-----------------------------------------------------------------------------------------+
Torch: 2.4.0+cu124, CUDA: True, Device: NVIDIA A800-SXM4-80GB
Training with 3DGS Gaussian Image Model.......
Founding 8 Images in DIV16K Dataset .........
Processing image 1: 0810_moreDetail_x8_16320x12288.png
Image Shape:  torch.Size([12288, 16320])
Num Points: 42972 | Compression Ratio: 2000
Test PSNR:20.6522, MS_SSIM:0.716560
Training Complete in 13612.7311s, Eval time:0.14365574s, FPS:6.9611, Best PSNR: 20.6522
0810_moreDetail_x8_16320x12288: 12288x16320, PSNR:20.6522, MS-SSIM:0.7166, Training:13612.7311s, Eval:0.14365574s, FPS:6.9611
Processing image 2: 0823_moreDetail_x8_16320x10272.png
Image Shape:  torch.Size([10272, 16320])
Num Points: 35922 | Compression Ratio: 2000
Test PSNR:23.6087, MS_SSIM:0.797457
Training Complete in 10061.5353s, Eval time:0.09006834s, FPS:11.1027, Best PSNR: 23.6089
0823_moreDetail_x8_16320x10272: 10272x16320, PSNR:23.6087, MS-SSIM:0.7975, Training:10061.5353s, Eval:0.09006834s, FPS:11.1027
Processing image 3: 0826_moreDetail_x8_16320x12288.png
Image Shape:  torch.Size([12288, 16320])
Num Points: 42972 | Compression Ratio: 2000
Test PSNR:22.7322, MS_SSIM:0.796258
Training Complete in 13796.6040s, Eval time:0.15179330s, FPS:6.5879, Best PSNR: 22.7480
0826_moreDetail_x8_16320x12288: 12288x16320, PSNR:22.7322, MS-SSIM:0.7963, Training:13796.6040s, Eval:0.15179330s, FPS:6.5879
Processing image 4: 0835_moreDetail_x8_12960x16320.png
Image Shape:  torch.Size([16320, 12960])
Num Points: 45322 | Compression Ratio: 2000
Test PSNR:20.2638, MS_SSIM:0.538551
Training Complete in 15943.4584s, Eval time:0.18523877s, FPS:5.3984, Best PSNR: 20.2638
0835_moreDetail_x8_12960x16320: 16320x12960, PSNR:20.2638, MS-SSIM:0.5386, Training:15943.4584s, Eval:0.18523877s, FPS:5.3984
Processing image 5: 0855_moreDetail_x8_16320x16320.png
Image Shape:  torch.Size([16320, 16320])
Num Points: 57073 | Compression Ratio: 2000
Test PSNR:30.3564, MS_SSIM:0.798138
Training Complete in 14951.8320s, Eval time:0.13627523s, FPS:7.3381, Best PSNR: 30.3564
0855_moreDetail_x8_16320x16320: 16320x16320, PSNR:30.3564, MS-SSIM:0.7981, Training:14951.8320s, Eval:0.13627523s, FPS:7.3381
Processing image 6: 0873_moreDetail_x8_16320x10848.png
Image Shape:  torch.Size([10848, 16312])
Num Points: 37918 | Compression Ratio: 2000
Test PSNR:22.9960, MS_SSIM:0.800255
Training Complete in 11111.2609s, Eval time:0.12034138s, FPS:8.3097, Best PSNR: 23.0267
0873_moreDetail_x8_16320x10848: 10848x16312, PSNR:22.9960, MS-SSIM:0.8003, Training:11111.2609s, Eval:0.12034138s, FPS:8.3097
Processing image 7: 0875_moreDetail_x8_16320x12288.png
Image Shape:  torch.Size([12288, 16320])
Num Points: 42972 | Compression Ratio: 2000
Test PSNR:22.3855, MS_SSIM:0.683778
Training Complete in 15588.7132s, Eval time:0.16661165s, FPS:6.0020, Best PSNR: 22.5583
0875_moreDetail_x8_16320x12288: 12288x16320, PSNR:22.3855, MS-SSIM:0.6838, Training:15588.7132s, Eval:0.16661165s, FPS:6.0020
Processing image 8: 0896_moreDetail_x8_16320x10848.png
Image Shape:  torch.Size([10848, 16312])
Num Points: 37918 | Compression Ratio: 2000
Test PSNR:41.3030, MS_SSIM:0.982893
Training Complete in 5281.1752s, Eval time:0.03950269s, FPS:25.3147, Best PSNR: 41.3073
0896_moreDetail_x8_16320x10848: 10848x16312, PSNR:41.3030, MS-SSIM:0.9829, Training:5281.1752s, Eval:0.03950269s, FPS:25.3147
Average: 12684x15898, PSNR:25.5372, MS-SSIM:0.7642, Training:12543.4121s, Eval:0.12918589s, FPS:9.6268
