Sat Jul 19 21:13:25 2025       
+-----------------------------------------------------------------------------------------+
| NVIDIA-SMI 550.54.14              Driver Version: 550.54.14      CUDA Version: 12.4     |
|-----------------------------------------+------------------------+----------------------+
| GPU  Name                 Persistence-M | Bus-Id          Disp.A | Volatile Uncorr. ECC |
| Fan  Temp   Perf          Pwr:Usage/Cap |           Memory-Usage | GPU-Util  Compute M. |
|                                         |                        |               MIG M. |
|=========================================+========================+======================|
|   0  NVIDIA A800-SXM4-80GB          On  |   00000000:25:00.0 Off |                    0 |
| N/A   31C    P0             58W /  400W |       0MiB /  81920MiB |      0%      Default |
|                                         |                        |             Disabled |
+-----------------------------------------+------------------------+----------------------+
                                                                                         
+-----------------------------------------------------------------------------------------+
| Processes:                                                                              |
|  GPU   GI   CI        PID   Type   Process name                              GPU Memory |
|        ID   ID                                                               Usage      |
|=========================================================================================|
|  No running processes found                                                             |
+-----------------------------------------------------------------------------------------+
Torch: 2.4.0+cu124, CUDA: True, Device: NVIDIA A800-SXM4-80GB
Training with 3DGS Gaussian Image Model.......
Founding 16 Images in DIV8K Dataset .........
Processing image 1: 0001.png
Image Shape:  torch.Size([5376, 5760])
Num Points: 663552 | Compression Ratio: 20
Test PSNR:33.8284, MS_SSIM:0.981027
Training Complete in 2546.2590s, Eval time:0.01770450s, FPS:56.4828, Best PSNR: 33.8283
0001: 5376x5760, PSNR:33.8284, MS-SSIM:0.9810, Training:2546.2590s, Eval:0.01770450s, FPS:56.4828
Processing image 2: 0138.png
Image Shape:  torch.Size([1920, 2880])
Num Points: 118491 | Compression Ratio: 20
Test PSNR:47.2808, MS_SSIM:0.998574
Training Complete in 310.6974s, Eval time:0.00204613s, FPS:488.7281, Best PSNR: 47.2825
0138: 1920x2880, PSNR:47.2808, MS-SSIM:0.9986, Training:310.6974s, Eval:0.00204613s, FPS:488.7281
Processing image 3: 0491.png
Image Shape:  torch.Size([5376, 6720])
Num Points: 774144 | Compression Ratio: 20
Test PSNR:28.3082, MS_SSIM:0.955209
Training Complete in 3467.1599s, Eval time:0.02750624s, FPS:36.3554, Best PSNR: 28.3082
0491: 5376x6720, PSNR:28.3082, MS-SSIM:0.9552, Training:3467.1599s, Eval:0.02750624s, FPS:36.3554
Processing image 4: 0536.png
Image Shape:  torch.Size([6720, 5184])
Num Points: 746496 | Compression Ratio: 20
Test PSNR:21.5643, MS_SSIM:0.898993
Training Complete in 2971.6626s, Eval time:0.02495817s, FPS:40.0670, Best PSNR: 21.5643
0536: 6720x5184, PSNR:21.5643, MS-SSIM:0.8990, Training:2971.6626s, Eval:0.02495817s, FPS:40.0670
Processing image 5: 0666.png
Image Shape:  torch.Size([6720, 6720])
Num Points: 967680 | Compression Ratio: 20
Test PSNR:27.1067, MS_SSIM:0.961464
Training Complete in 4692.7586s, Eval time:0.03673610s, FPS:27.2212, Best PSNR: 27.1072
0666: 6720x6720, PSNR:27.1067, MS-SSIM:0.9615, Training:4692.7586s, Eval:0.03673610s, FPS:27.2212
Processing image 6: 0849.png
Image Shape:  torch.Size([6720, 4416])
Num Points: 635904 | Compression Ratio: 20
Test PSNR:31.5970, MS_SSIM:0.969516
Training Complete in 2621.9253s, Eval time:0.01963414s, FPS:50.9317, Best PSNR: 31.5974
0849: 6720x4416, PSNR:31.5970, MS-SSIM:0.9695, Training:2621.9253s, Eval:0.01963414s, FPS:50.9317
Processing image 7: 0952.png
Image Shape:  torch.Size([3840, 6720])
Num Points: 552960 | Compression Ratio: 20
Test PSNR:32.7280, MS_SSIM:0.963209
Training Complete in 2363.1765s, Eval time:0.01562937s, FPS:63.9821, Best PSNR: 32.7281
0952: 3840x6720, PSNR:32.7280, MS-SSIM:0.9632, Training:2363.1765s, Eval:0.01562937s, FPS:63.9821
Processing image 8: 1040.png
Image Shape:  torch.Size([4416, 6720])
Num Points: 635904 | Compression Ratio: 20
Test PSNR:31.0821, MS_SSIM:0.983034
Training Complete in 2560.5659s, Eval time:0.01800847s, FPS:55.5294, Best PSNR: 31.0823
1040: 4416x6720, PSNR:31.0821, MS-SSIM:0.9830, Training:2560.5659s, Eval:0.01800847s, FPS:55.5294
Processing image 9: 1067.png
Image Shape:  torch.Size([4416, 6720])
Num Points: 635904 | Compression Ratio: 20
Test PSNR:28.6460, MS_SSIM:0.954461
Training Complete in 3445.9070s, Eval time:0.02480579s, FPS:40.3132, Best PSNR: 28.6462
1067: 4416x6720, PSNR:28.6460, MS-SSIM:0.9545, Training:3445.9070s, Eval:0.02480579s, FPS:40.3132
Processing image 10: 1107.png
Image Shape:  torch.Size([6720, 4416])
Num Points: 635904 | Compression Ratio: 20
Test PSNR:30.0667, MS_SSIM:0.983827
Training Complete in 2450.1726s, Eval time:0.01751000s, FPS:57.1102, Best PSNR: 30.0668
1107: 6720x4416, PSNR:30.0667, MS-SSIM:0.9838, Training:2450.1726s, Eval:0.01751000s, FPS:57.1102
Processing image 11: 1268.png
Image Shape:  torch.Size([4608, 6720])
Num Points: 663552 | Compression Ratio: 20
Test PSNR:27.4730, MS_SSIM:0.965468
Training Complete in 3300.5261s, Eval time:0.02959009s, FPS:33.7951, Best PSNR: 27.4734
1268: 4608x6720, PSNR:27.4730, MS-SSIM:0.9655, Training:3300.5261s, Eval:0.02959009s, FPS:33.7951
Processing image 12: 1280.png
Image Shape:  torch.Size([3840, 6720])
Num Points: 552960 | Compression Ratio: 20
Test PSNR:29.7773, MS_SSIM:0.964413
Training Complete in 2212.0291s, Eval time:0.01604166s, FPS:62.3377, Best PSNR: 29.7775
1280: 3840x6720, PSNR:29.7773, MS-SSIM:0.9644, Training:2212.0291s, Eval:0.01604166s, FPS:62.3377
Processing image 13: 1329.png
Image Shape:  torch.Size([4992, 6720])
Num Points: 718848 | Compression Ratio: 20
Test PSNR:29.6881, MS_SSIM:0.950450
Training Complete in 2764.0018s, Eval time:0.01871315s, FPS:53.4384, Best PSNR: 29.6881
1329: 4992x6720, PSNR:29.6881, MS-SSIM:0.9505, Training:2764.0018s, Eval:0.01871315s, FPS:53.4384
Processing image 14: 1404.png
Image Shape:  torch.Size([7680, 4992])
Num Points: 821540 | Compression Ratio: 20
Test PSNR:35.9312, MS_SSIM:0.967013
Training Complete in 2511.8028s, Eval time:0.01571754s, FPS:63.6232, Best PSNR: 35.9311
1404: 7680x4992, PSNR:35.9312, MS-SSIM:0.9670, Training:2511.8028s, Eval:0.01571754s, FPS:63.6232
Processing image 15: 1447.png
Image Shape:  torch.Size([5952, 7680])
Num Points: 979529 | Compression Ratio: 20
Test PSNR:28.5772, MS_SSIM:0.952258
Training Complete in 4746.1147s, Eval time:0.03811325s, FPS:26.2376, Best PSNR: 28.5775
1447: 5952x7680, PSNR:28.5772, MS-SSIM:0.9523, Training:4746.1147s, Eval:0.03811325s, FPS:26.2376
Processing image 16: 1454.png
Image Shape:  torch.Size([7680, 4992])
Num Points: 821540 | Compression Ratio: 20
Test PSNR:32.1764, MS_SSIM:0.969406
Training Complete in 4122.5570s, Eval time:0.02879169s, FPS:34.7322, Best PSNR: 32.1767
1454: 7680x4992, PSNR:32.1764, MS-SSIM:0.9694, Training:4122.5570s, Eval:0.02879169s, FPS:34.7322
Average: 5436x5880, PSNR:30.9895, MS-SSIM:0.9636, Training:2942.9575s, Eval:0.02196914s, FPS:74.4303
