Fri Jul 18 15:58:05 2025       
+-----------------------------------------------------------------------------------------+
| NVIDIA-SMI 550.54.14              Driver Version: 550.54.14      CUDA Version: 12.4     |
|-----------------------------------------+------------------------+----------------------+
| GPU  Name                 Persistence-M | Bus-Id          Disp.A | Volatile Uncorr. ECC |
| Fan  Temp   Perf          Pwr:Usage/Cap |           Memory-Usage | GPU-Util  Compute M. |
|                                         |                        |               MIG M. |
|=========================================+========================+======================|
|   0  NVIDIA A800-SXM4-80GB          On  |   00000000:1F:00.0 Off |                    0 |
| N/A   32C    P0             57W /  400W |       0MiB /  81920MiB |      0%      Default |
|                                         |                        |             Disabled |
+-----------------------------------------+------------------------+----------------------+
                                                                                         
+-----------------------------------------------------------------------------------------+
| Processes:                                                                              |
|  GPU   GI   CI        PID   Type   Process name                              GPU Memory |
|        ID   ID                                                               Usage      |
|=========================================================================================|
|  No running processes found                                                             |
+-----------------------------------------------------------------------------------------+
Torch: 2.4.0+cu124, CUDA: True, Device: NVIDIA A800-SXM4-80GB
Training with GaussianImage_RS Gaussian Image Model.......
Founding 8 Images in DIV16K Dataset .........
Processing image 1: 0810_moreDetail_x8_16320x12288.png
Image Shape:  torch.Size([12288, 16320])
Num Points: 1718915 | Compression Ratio: 50
Test PSNR:29.1162, MS_SSIM:0.860104
Training Complete in 4125.9061s, Eval time:0.02567766s, FPS:38.9444, Best PSNR: 29.1162
0810_moreDetail_x8_16320x12288: 12288x16320, PSNR:29.1162, MS-SSIM:0.8601, Training:4125.9061s, Eval:0.02567766s, FPS:38.9444
Processing image 2: 0823_moreDetail_x8_16320x10272.png
Image Shape:  torch.Size([10272, 16320])
Num Points: 1436906 | Compression Ratio: 50
Test PSNR:27.4864, MS_SSIM:0.837400
Training Complete in 3532.7735s, Eval time:0.02164818s, FPS:46.1933, Best PSNR: 27.4864
0823_moreDetail_x8_16320x10272: 10272x16320, PSNR:27.4864, MS-SSIM:0.8374, Training:3532.7735s, Eval:0.02164818s, FPS:46.1933
Processing image 3: 0826_moreDetail_x8_16320x12288.png
Image Shape:  torch.Size([12288, 16320])
Num Points: 1718915 | Compression Ratio: 50
Test PSNR:29.2289, MS_SSIM:0.806489
Training Complete in 4014.8691s, Eval time:0.02486403s, FPS:40.2187, Best PSNR: 29.2289
0826_moreDetail_x8_16320x12288: 12288x16320, PSNR:29.2289, MS-SSIM:0.8065, Training:4014.8691s, Eval:0.02486403s, FPS:40.2187
Processing image 4: 0835_moreDetail_x8_12960x16320.png
Image Shape:  torch.Size([16320, 12960])
Num Points: 1812918 | Compression Ratio: 50
Test PSNR:26.6186, MS_SSIM:0.748371
Training Complete in 4069.1499s, Eval time:0.02537879s, FPS:39.4030, Best PSNR: 26.6186
0835_moreDetail_x8_12960x16320: 16320x12960, PSNR:26.6186, MS-SSIM:0.7484, Training:4069.1499s, Eval:0.02537879s, FPS:39.4030
Processing image 5: 0855_moreDetail_x8_16320x16320.png
Image Shape:  torch.Size([16320, 16320])
Num Points: 2282934 | Compression Ratio: 50
Test PSNR:32.1282, MS_SSIM:0.736269
Training Complete in 5550.9413s, Eval time:0.03235955s, FPS:30.9028, Best PSNR: 32.1282
0855_moreDetail_x8_16320x16320: 16320x16320, PSNR:32.1282, MS-SSIM:0.7363, Training:5550.9413s, Eval:0.03235955s, FPS:30.9028
Processing image 6: 0873_moreDetail_x8_16320x10848.png
Image Shape:  torch.Size([10848, 16312])
Num Points: 1516736 | Compression Ratio: 50
Test PSNR:31.0408, MS_SSIM:0.870403
Training Complete in 3655.3675s, Eval time:0.02249807s, FPS:44.4483, Best PSNR: 31.0408
0873_moreDetail_x8_16320x10848: 10848x16312, PSNR:31.0408, MS-SSIM:0.8704, Training:3655.3675s, Eval:0.02249807s, FPS:44.4483
Processing image 7: 0875_moreDetail_x8_16320x12288.png
Image Shape:  torch.Size([12288, 16320])
Num Points: 1718915 | Compression Ratio: 50
Test PSNR:30.7101, MS_SSIM:0.757506
Training Complete in 3846.7727s, Eval time:0.02373894s, FPS:42.1249, Best PSNR: 30.7101
0875_moreDetail_x8_16320x12288: 12288x16320, PSNR:30.7101, MS-SSIM:0.7575, Training:3846.7727s, Eval:0.02373894s, FPS:42.1249
Processing image 8: 0896_moreDetail_x8_16320x10848.png
Image Shape:  torch.Size([10848, 16312])
Num Points: 1516736 | Compression Ratio: 50
Test PSNR:27.5582, MS_SSIM:0.717267
Training Complete in 3417.7988s, Eval time:0.02124733s, FPS:47.0647, Best PSNR: 27.5582
0896_moreDetail_x8_16320x10848: 10848x16312, PSNR:27.5582, MS-SSIM:0.7173, Training:3417.7988s, Eval:0.02124733s, FPS:47.0647
Average: 12684x15898, PSNR:29.2359, MS-SSIM:0.7917, Training:4026.6975s, Eval:0.02467657s, FPS:41.1625
