Fri Jul 18 15:57:58 2025       
+-----------------------------------------------------------------------------------------+
| NVIDIA-SMI 550.54.14              Driver Version: 550.54.14      CUDA Version: 12.4     |
|-----------------------------------------+------------------------+----------------------+
| GPU  Name                 Persistence-M | Bus-Id          Disp.A | Volatile Uncorr. ECC |
| Fan  Temp   Perf          Pwr:Usage/Cap |           Memory-Usage | GPU-Util  Compute M. |
|                                         |                        |               MIG M. |
|=========================================+========================+======================|
|   0  NVIDIA A800-SXM4-80GB          On  |   00000000:E8:00.0 Off |                    0 |
| N/A   50C    P0             70W /  400W |       0MiB /  81920MiB |      0%      Default |
|                                         |                        |             Disabled |
+-----------------------------------------+------------------------+----------------------+
                                                                                         
+-----------------------------------------------------------------------------------------+
| Processes:                                                                              |
|  GPU   GI   CI        PID   Type   Process name                              GPU Memory |
|        ID   ID                                                               Usage      |
|=========================================================================================|
|  No running processes found                                                             |
+-----------------------------------------------------------------------------------------+
Torch: 2.4.0+cu124, CUDA: True, Device: NVIDIA A800-SXM4-80GB
Training with GaussianImage_Cholesky Gaussian Image Model.......
Founding 8 Images in DIV16K Dataset .........
Processing image 1: 0810_moreDetail_x8_16320x12288.png
Image Shape:  torch.Size([12288, 16320])
Num Points: 429728 | Compression Ratio: 200
Test PSNR:24.1008, MS_SSIM:0.773269
Training Complete in 3428.5921s, Eval time:0.02207281s, FPS:45.3046, Best PSNR: 24.1008
0810_moreDetail_x8_16320x12288: 12288x16320, PSNR:24.1008, MS-SSIM:0.7733, Training:3428.5921s, Eval:0.02207281s, FPS:45.3046
Processing image 2: 0823_moreDetail_x8_16320x10272.png
Image Shape:  torch.Size([10272, 16320])
Num Points: 359226 | Compression Ratio: 200
Test PSNR:24.9477, MS_SSIM:0.789900
Training Complete in 2888.6526s, Eval time:0.01824984s, FPS:54.7950, Best PSNR: 24.9477
0823_moreDetail_x8_16320x10272: 10272x16320, PSNR:24.9477, MS-SSIM:0.7899, Training:2888.6526s, Eval:0.01824984s, FPS:54.7950
Processing image 3: 0826_moreDetail_x8_16320x12288.png
Image Shape:  torch.Size([12288, 16320])
Num Points: 429728 | Compression Ratio: 200
Test PSNR:24.8773, MS_SSIM:0.752601
Training Complete in 3263.5582s, Eval time:0.02071842s, FPS:48.2662, Best PSNR: 24.8773
0826_moreDetail_x8_16320x12288: 12288x16320, PSNR:24.8773, MS-SSIM:0.7526, Training:3263.5582s, Eval:0.02071842s, FPS:48.2662
Processing image 4: 0835_moreDetail_x8_12960x16320.png
Image Shape:  torch.Size([16320, 12960])
Num Points: 453229 | Compression Ratio: 200
Test PSNR:22.9679, MS_SSIM:0.606190
Training Complete in 3356.4244s, Eval time:0.02140292s, FPS:46.7226, Best PSNR: 22.9679
0835_moreDetail_x8_12960x16320: 16320x12960, PSNR:22.9679, MS-SSIM:0.6062, Training:3356.4244s, Eval:0.02140292s, FPS:46.7226
Processing image 5: 0855_moreDetail_x8_16320x16320.png
Image Shape:  torch.Size([16320, 16320])
Num Points: 570733 | Compression Ratio: 200
Test PSNR:29.8373, MS_SSIM:0.718351
Training Complete in 4588.7377s, Eval time:0.02695875s, FPS:37.0937, Best PSNR: 29.8372
0855_moreDetail_x8_16320x16320: 16320x16320, PSNR:29.8373, MS-SSIM:0.7184, Training:4588.7377s, Eval:0.02695875s, FPS:37.0937
Processing image 6: 0873_moreDetail_x8_16320x10848.png
Image Shape:  torch.Size([10848, 16312])
Num Points: 379184 | Compression Ratio: 200
Test PSNR:26.8437, MS_SSIM:0.824856
Training Complete in 2997.2746s, Eval time:0.01898289s, FPS:52.6790, Best PSNR: 26.8437
0873_moreDetail_x8_16320x10848: 10848x16312, PSNR:26.8437, MS-SSIM:0.8249, Training:2997.2746s, Eval:0.01898289s, FPS:52.6790
Processing image 7: 0875_moreDetail_x8_16320x12288.png
Image Shape:  torch.Size([12288, 16320])
Num Points: 429728 | Compression Ratio: 200
Test PSNR:27.2244, MS_SSIM:0.684705
Training Complete in 3175.3873s, Eval time:0.01999515s, FPS:50.0121, Best PSNR: 27.2244
0875_moreDetail_x8_16320x12288: 12288x16320, PSNR:27.2244, MS-SSIM:0.6847, Training:3175.3873s, Eval:0.01999515s, FPS:50.0121
Processing image 8: 0896_moreDetail_x8_16320x10848.png
Image Shape:  torch.Size([10848, 16312])
Num Points: 379184 | Compression Ratio: 200
Test PSNR:23.2974, MS_SSIM:0.742522
Training Complete in 2629.6273s, Eval time:0.01646097s, FPS:60.7498, Best PSNR: 23.2974
0896_moreDetail_x8_16320x10848: 10848x16312, PSNR:23.2974, MS-SSIM:0.7425, Training:2629.6273s, Eval:0.01646097s, FPS:60.7498
Average: 12684x15898, PSNR:25.5121, MS-SSIM:0.7365, Training:3291.0317s, Eval:0.02060522s, FPS:49.4529
