Fri Jul 18 15:36:04 2025       
+-----------------------------------------------------------------------------------------+
| NVIDIA-SMI 550.54.14              Driver Version: 550.54.14      CUDA Version: 12.4     |
|-----------------------------------------+------------------------+----------------------+
| GPU  Name                 Persistence-M | Bus-Id          Disp.A | Volatile Uncorr. ECC |
| Fan  Temp   Perf          Pwr:Usage/Cap |           Memory-Usage | GPU-Util  Compute M. |
|                                         |                        |               MIG M. |
|=========================================+========================+======================|
|   0  NVIDIA A800-SXM4-80GB          On  |   00000000:1F:00.0 Off |                    0 |
| N/A   31C    P0             55W /  400W |       0MiB /  81920MiB |      0%      Default |
|                                         |                        |             Disabled |
+-----------------------------------------+------------------------+----------------------+
                                                                                         
+-----------------------------------------------------------------------------------------+
| Processes:                                                                              |
|  GPU   GI   CI        PID   Type   Process name                              GPU Memory |
|        ID   ID                                                               Usage      |
|=========================================================================================|
|  No running processes found                                                             |
+-----------------------------------------------------------------------------------------+
Torch: 2.4.0+cu124, CUDA: True, Device: NVIDIA A800-SXM4-80GB
Training with GaussianImage_Cholesky Gaussian Image Model.......
Founding 8 Images in DIV16K Dataset .........
Processing image 1: 0810_moreDetail_x8_16320x12288.png
Image Shape:  torch.Size([12288, 16320])
Num Points: 859457 | Compression Ratio: 100
Test PSNR:26.5646, MS_SSIM:0.824576
Training Complete in 3723.9237s, Eval time:0.02356344s, FPS:42.4386, Best PSNR: 26.5646
0810_moreDetail_x8_16320x12288: 12288x16320, PSNR:26.5646, MS-SSIM:0.8246, Training:3723.9237s, Eval:0.02356344s, FPS:42.4386
Processing image 2: 0823_moreDetail_x8_16320x10272.png
Image Shape:  torch.Size([10272, 16320])
Num Points: 718453 | Compression Ratio: 100
Test PSNR:26.1839, MS_SSIM:0.812185
Training Complete in 3152.7696s, Eval time:0.01943610s, FPS:51.4507, Best PSNR: 26.1839
0823_moreDetail_x8_16320x10272: 10272x16320, PSNR:26.1839, MS-SSIM:0.8122, Training:3152.7696s, Eval:0.01943610s, FPS:51.4507
Processing image 3: 0826_moreDetail_x8_16320x12288.png
Image Shape:  torch.Size([12288, 16320])
Num Points: 859457 | Compression Ratio: 100
Test PSNR:26.8441, MS_SSIM:0.777140
Training Complete in 3571.8600s, Eval time:0.02231596s, FPS:44.8110, Best PSNR: 26.8441
0826_moreDetail_x8_16320x12288: 12288x16320, PSNR:26.8441, MS-SSIM:0.7771, Training:3571.8600s, Eval:0.02231596s, FPS:44.8110
Processing image 4: 0835_moreDetail_x8_12960x16320.png
Image Shape:  torch.Size([16320, 12960])
Num Points: 906459 | Compression Ratio: 100
Test PSNR:24.5229, MS_SSIM:0.671017
Training Complete in 3642.5102s, Eval time:0.02289222s, FPS:43.6830, Best PSNR: 24.5229
0835_moreDetail_x8_12960x16320: 16320x12960, PSNR:24.5229, MS-SSIM:0.6710, Training:3642.5102s, Eval:0.02289222s, FPS:43.6830
Processing image 5: 0855_moreDetail_x8_16320x16320.png
Image Shape:  torch.Size([16320, 16320])
Num Points: 1141467 | Compression Ratio: 100
Test PSNR:31.0791, MS_SSIM:0.729550
Training Complete in 4992.1186s, Eval time:0.02911571s, FPS:34.3457, Best PSNR: 31.0791
0855_moreDetail_x8_16320x16320: 16320x16320, PSNR:31.0791, MS-SSIM:0.7296, Training:4992.1186s, Eval:0.02911571s, FPS:34.3457
Processing image 6: 0873_moreDetail_x8_16320x10848.png
Image Shape:  torch.Size([10848, 16312])
Num Points: 758368 | Compression Ratio: 100
Test PSNR:28.7589, MS_SSIM:0.847716
Training Complete in 3266.3425s, Eval time:0.02028981s, FPS:49.2858, Best PSNR: 28.7589
0873_moreDetail_x8_16320x10848: 10848x16312, PSNR:28.7589, MS-SSIM:0.8477, Training:3266.3425s, Eval:0.02028981s, FPS:49.2858
Processing image 7: 0875_moreDetail_x8_16320x12288.png
Image Shape:  torch.Size([12288, 16320])
Num Points: 859457 | Compression Ratio: 100
Test PSNR:28.8466, MS_SSIM:0.717457
Training Complete in 3450.8270s, Eval time:0.02129185s, FPS:46.9663, Best PSNR: 28.8466
0875_moreDetail_x8_16320x12288: 12288x16320, PSNR:28.8466, MS-SSIM:0.7175, Training:3450.8270s, Eval:0.02129185s, FPS:46.9663
Processing image 8: 0896_moreDetail_x8_16320x10848.png
Image Shape:  torch.Size([10848, 16312])
Num Points: 758368 | Compression Ratio: 100
Test PSNR:25.4246, MS_SSIM:0.718538
Training Complete in 2942.5608s, Eval time:0.01839768s, FPS:54.3547, Best PSNR: 25.4245
0896_moreDetail_x8_16320x10848: 10848x16312, PSNR:25.4246, MS-SSIM:0.7185, Training:2942.5608s, Eval:0.01839768s, FPS:54.3547
Average: 12684x15898, PSNR:27.2781, MS-SSIM:0.7623, Training:3592.8640s, Eval:0.02216285s, FPS:45.9170
