Fri Jul 18 15:34:26 2025       
+-----------------------------------------------------------------------------------------+
| NVIDIA-SMI 550.54.14              Driver Version: 550.54.14      CUDA Version: 12.4     |
|-----------------------------------------+------------------------+----------------------+
| GPU  Name                 Persistence-M | Bus-Id          Disp.A | Volatile Uncorr. ECC |
| Fan  Temp   Perf          Pwr:Usage/Cap |           Memory-Usage | GPU-Util  Compute M. |
|                                         |                        |               MIG M. |
|=========================================+========================+======================|
|   0  NVIDIA A800-SXM4-80GB          On  |   00000000:25:00.0 Off |                    0 |
| N/A   39C    P0             63W /  400W |       0MiB /  81920MiB |      0%      Default |
|                                         |                        |             Disabled |
+-----------------------------------------+------------------------+----------------------+
                                                                                         
+-----------------------------------------------------------------------------------------+
| Processes:                                                                              |
|  GPU   GI   CI        PID   Type   Process name                              GPU Memory |
|        ID   ID                                                               Usage      |
|=========================================================================================|
|  No running processes found                                                             |
+-----------------------------------------------------------------------------------------+
Torch: 2.4.0+cu124, CUDA: True, Device: NVIDIA A800-SXM4-80GB
Training with GaussianImage_RS Gaussian Image Model.......
Founding 8 Images in DIV16K Dataset .........
Processing image 1: 0810_moreDetail_x8_16320x12288.png
Image Shape:  torch.Size([12288, 16320])
Num Points: 859457 | Compression Ratio: 100
Test PSNR:26.7873, MS_SSIM:0.829428
Training Complete in 3715.2301s, Eval time:0.02339888s, FPS:42.7371, Best PSNR: 26.7873
0810_moreDetail_x8_16320x12288: 12288x16320, PSNR:26.7873, MS-SSIM:0.8294, Training:3715.2301s, Eval:0.02339888s, FPS:42.7371
Processing image 2: 0823_moreDetail_x8_16320x10272.png
Image Shape:  torch.Size([10272, 16320])
Num Points: 718453 | Compression Ratio: 100
Test PSNR:26.2594, MS_SSIM:0.814142
Training Complete in 3149.4068s, Eval time:0.01954513s, FPS:51.1636, Best PSNR: 26.2594
0823_moreDetail_x8_16320x10272: 10272x16320, PSNR:26.2594, MS-SSIM:0.8141, Training:3149.4068s, Eval:0.01954513s, FPS:51.1636
Processing image 3: 0826_moreDetail_x8_16320x12288.png
Image Shape:  torch.Size([12288, 16320])
Num Points: 859457 | Compression Ratio: 100
Test PSNR:26.9852, MS_SSIM:0.779727
Training Complete in 3570.2255s, Eval time:0.02233219s, FPS:44.7784, Best PSNR: 26.9852
0826_moreDetail_x8_16320x12288: 12288x16320, PSNR:26.9852, MS-SSIM:0.7797, Training:3570.2255s, Eval:0.02233219s, FPS:44.7784
Processing image 4: 0835_moreDetail_x8_12960x16320.png
Image Shape:  torch.Size([16320, 12960])
Num Points: 906459 | Compression Ratio: 100
Test PSNR:24.6374, MS_SSIM:0.676298
Training Complete in 3645.3741s, Eval time:0.02296884s, FPS:43.5372, Best PSNR: 24.6374
0835_moreDetail_x8_12960x16320: 16320x12960, PSNR:24.6374, MS-SSIM:0.6763, Training:3645.3741s, Eval:0.02296884s, FPS:43.5372
Processing image 5: 0855_moreDetail_x8_16320x16320.png
Image Shape:  torch.Size([16320, 16320])
Num Points: 1141467 | Compression Ratio: 100
Test PSNR:31.1738, MS_SSIM:0.731114
Training Complete in 4986.0619s, Eval time:0.02915772s, FPS:34.2962, Best PSNR: 31.1738
0855_moreDetail_x8_16320x16320: 16320x16320, PSNR:31.1738, MS-SSIM:0.7311, Training:4986.0619s, Eval:0.02915772s, FPS:34.2962
Processing image 6: 0873_moreDetail_x8_16320x10848.png
Image Shape:  torch.Size([10848, 16312])
Num Points: 758368 | Compression Ratio: 100
Test PSNR:28.8595, MS_SSIM:0.849457
Training Complete in 3265.9688s, Eval time:0.02018194s, FPS:49.5492, Best PSNR: 28.8595
0873_moreDetail_x8_16320x10848: 10848x16312, PSNR:28.8595, MS-SSIM:0.8495, Training:3265.9688s, Eval:0.02018194s, FPS:49.5492
Processing image 7: 0875_moreDetail_x8_16320x12288.png
Image Shape:  torch.Size([12288, 16320])
Num Points: 859457 | Compression Ratio: 100
Test PSNR:28.9736, MS_SSIM:0.720099
Training Complete in 3448.2929s, Eval time:0.02146474s, FPS:46.5880, Best PSNR: 28.9736
0875_moreDetail_x8_16320x12288: 12288x16320, PSNR:28.9736, MS-SSIM:0.7201, Training:3448.2929s, Eval:0.02146474s, FPS:46.5880
Processing image 8: 0896_moreDetail_x8_16320x10848.png
Image Shape:  torch.Size([10848, 16312])
Num Points: 758368 | Compression Ratio: 100
Test PSNR:25.4390, MS_SSIM:0.717860
Training Complete in 2937.2314s, Eval time:0.01840371s, FPS:54.3369, Best PSNR: 25.4389
0896_moreDetail_x8_16320x10848: 10848x16312, PSNR:25.4390, MS-SSIM:0.7179, Training:2937.2314s, Eval:0.01840371s, FPS:54.3369
Average: 12684x15898, PSNR:27.3894, MS-SSIM:0.7648, Training:3589.7241s, Eval:0.02218164s, FPS:45.8733
