Fri Jul 18 15:58:05 2025       
+-----------------------------------------------------------------------------------------+
| NVIDIA-SMI 550.54.14              Driver Version: 550.54.14      CUDA Version: 12.4     |
|-----------------------------------------+------------------------+----------------------+
| GPU  Name                 Persistence-M | Bus-Id          Disp.A | Volatile Uncorr. ECC |
| Fan  Temp   Perf          Pwr:Usage/Cap |           Memory-Usage | GPU-Util  Compute M. |
|                                         |                        |               MIG M. |
|=========================================+========================+======================|
|   0  NVIDIA A800-SXM4-80GB          On  |   00000000:EE:00.0 Off |                    0 |
| N/A   32C    P0             58W /  400W |       0MiB /  81920MiB |      0%      Default |
|                                         |                        |             Disabled |
+-----------------------------------------+------------------------+----------------------+
                                                                                         
+-----------------------------------------------------------------------------------------+
| Processes:                                                                              |
|  GPU   GI   CI        PID   Type   Process name                              GPU Memory |
|        ID   ID                                                               Usage      |
|=========================================================================================|
|  No running processes found                                                             |
+-----------------------------------------------------------------------------------------+
Torch: 2.4.0+cu124, CUDA: True, Device: NVIDIA A800-SXM4-80GB
Training with GaussianImage_Cholesky Gaussian Image Model.......
Founding 8 Images in DIV16K Dataset .........
Processing image 1: 0810_moreDetail_x8_16320x12288.png
Image Shape:  torch.Size([12288, 16320])
Num Points: 1718915 | Compression Ratio: 50
Test PSNR:28.9285, MS_SSIM:0.857059
Training Complete in 4134.7035s, Eval time:0.02579068s, FPS:38.7737, Best PSNR: 28.9285
0810_moreDetail_x8_16320x12288: 12288x16320, PSNR:28.9285, MS-SSIM:0.8571, Training:4134.7035s, Eval:0.02579068s, FPS:38.7737
Processing image 2: 0823_moreDetail_x8_16320x10272.png
Image Shape:  torch.Size([10272, 16320])
Num Points: 1436906 | Compression Ratio: 50
Test PSNR:27.4254, MS_SSIM:0.835946
Training Complete in 3537.4472s, Eval time:0.02170190s, FPS:46.0789, Best PSNR: 27.4253
0823_moreDetail_x8_16320x10272: 10272x16320, PSNR:27.4254, MS-SSIM:0.8359, Training:3537.4472s, Eval:0.02170190s, FPS:46.0789
Processing image 3: 0826_moreDetail_x8_16320x12288.png
Image Shape:  torch.Size([12288, 16320])
Num Points: 1718915 | Compression Ratio: 50
Test PSNR:29.0867, MS_SSIM:0.804485
Training Complete in 4020.2323s, Eval time:0.02494491s, FPS:40.0883, Best PSNR: 29.0867
0826_moreDetail_x8_16320x12288: 12288x16320, PSNR:29.0867, MS-SSIM:0.8045, Training:4020.2323s, Eval:0.02494491s, FPS:40.0883
Processing image 4: 0835_moreDetail_x8_12960x16320.png
Image Shape:  torch.Size([16320, 12960])
Num Points: 1812918 | Compression Ratio: 50
Test PSNR:26.4990, MS_SSIM:0.744048
Training Complete in 4069.5740s, Eval time:0.02534528s, FPS:39.4551, Best PSNR: 26.4990
0835_moreDetail_x8_12960x16320: 16320x12960, PSNR:26.4990, MS-SSIM:0.7440, Training:4069.5740s, Eval:0.02534528s, FPS:39.4551
Processing image 5: 0855_moreDetail_x8_16320x16320.png
Image Shape:  torch.Size([16320, 16320])
Num Points: 2282934 | Compression Ratio: 50
Test PSNR:32.0322, MS_SSIM:0.734724
Training Complete in 5566.3184s, Eval time:0.03251861s, FPS:30.7516, Best PSNR: 32.0322
0855_moreDetail_x8_16320x16320: 16320x16320, PSNR:32.0322, MS-SSIM:0.7347, Training:5566.3184s, Eval:0.03251861s, FPS:30.7516
Processing image 6: 0873_moreDetail_x8_16320x10848.png
Image Shape:  torch.Size([10848, 16312])
Num Points: 1516736 | Compression Ratio: 50
Test PSNR:30.9683, MS_SSIM:0.869681
Training Complete in 3658.3532s, Eval time:0.02255876s, FPS:44.3287, Best PSNR: 30.9682
0873_moreDetail_x8_16320x10848: 10848x16312, PSNR:30.9683, MS-SSIM:0.8697, Training:3658.3532s, Eval:0.02255876s, FPS:44.3287
Processing image 7: 0875_moreDetail_x8_16320x12288.png
Image Shape:  torch.Size([12288, 16320])
Num Points: 1718915 | Compression Ratio: 50
Test PSNR:30.6028, MS_SSIM:0.755436
Training Complete in 3853.5956s, Eval time:0.02379246s, FPS:42.0301, Best PSNR: 30.6028
0875_moreDetail_x8_16320x12288: 12288x16320, PSNR:30.6028, MS-SSIM:0.7554, Training:3853.5956s, Eval:0.02379246s, FPS:42.0301
Processing image 8: 0896_moreDetail_x8_16320x10848.png
Image Shape:  torch.Size([10848, 16312])
Num Points: 1516736 | Compression Ratio: 50
Test PSNR:27.5578, MS_SSIM:0.717939
Training Complete in 3423.3075s, Eval time:0.02133412s, FPS:46.8733, Best PSNR: 27.5577
0896_moreDetail_x8_16320x10848: 10848x16312, PSNR:27.5578, MS-SSIM:0.7179, Training:3423.3075s, Eval:0.02133412s, FPS:46.8733
Average: 12684x15898, PSNR:29.1376, MS-SSIM:0.7899, Training:4032.9414s, Eval:0.02474834s, FPS:41.0475
