Fri Jul 18 15:32:45 2025       
+-----------------------------------------------------------------------------------------+
| NVIDIA-SMI 550.54.14              Driver Version: 550.54.14      CUDA Version: 12.4     |
|-----------------------------------------+------------------------+----------------------+
| GPU  Name                 Persistence-M | Bus-Id          Disp.A | Volatile Uncorr. ECC |
| Fan  Temp   Perf          Pwr:Usage/Cap |           Memory-Usage | GPU-Util  Compute M. |
|                                         |                        |               MIG M. |
|=========================================+========================+======================|
|   0  NVIDIA A800-SXM4-80GB          On  |   00000000:EE:00.0 Off |                    0 |
| N/A   30C    P0             56W /  400W |       0MiB /  81920MiB |      0%      Default |
|                                         |                        |             Disabled |
+-----------------------------------------+------------------------+----------------------+
                                                                                         
+-----------------------------------------------------------------------------------------+
| Processes:                                                                              |
|  GPU   GI   CI        PID   Type   Process name                              GPU Memory |
|        ID   ID                                                               Usage      |
|=========================================================================================|
|  No running processes found                                                             |
+-----------------------------------------------------------------------------------------+
Torch: 2.4.0+cu124, CUDA: True, Device: NVIDIA A800-SXM4-80GB
Training with GaussianImage_RS Gaussian Image Model.......
Founding 8 Images in DIV16K Dataset .........
Processing image 1: 0810_moreDetail_x8_16320x12288.png
Image Shape:  torch.Size([12288, 16320])
Num Points: 429728 | Compression Ratio: 200
Test PSNR:24.3155, MS_SSIM:0.779196
Training Complete in 3418.4499s, Eval time:0.02200863s, FPS:45.4367, Best PSNR: 24.3154
0810_moreDetail_x8_16320x12288: 12288x16320, PSNR:24.3155, MS-SSIM:0.7792, Training:3418.4499s, Eval:0.02200863s, FPS:45.4367
Processing image 2: 0823_moreDetail_x8_16320x10272.png
Image Shape:  torch.Size([10272, 16320])
Num Points: 359226 | Compression Ratio: 200
Test PSNR:25.0429, MS_SSIM:0.792195
Training Complete in 2890.0081s, Eval time:0.01832881s, FPS:54.5589, Best PSNR: 25.0429
0823_moreDetail_x8_16320x10272: 10272x16320, PSNR:25.0429, MS-SSIM:0.7922, Training:2890.0081s, Eval:0.01832881s, FPS:54.5589
Processing image 3: 0826_moreDetail_x8_16320x12288.png
Image Shape:  torch.Size([12288, 16320])
Num Points: 429728 | Compression Ratio: 200
Test PSNR:25.0045, MS_SSIM:0.755547
Training Complete in 3266.7009s, Eval time:0.02076226s, FPS:48.1643, Best PSNR: 25.0045
0826_moreDetail_x8_16320x12288: 12288x16320, PSNR:25.0045, MS-SSIM:0.7555, Training:3266.7009s, Eval:0.02076226s, FPS:48.1643
Processing image 4: 0835_moreDetail_x8_12960x16320.png
Image Shape:  torch.Size([16320, 12960])
Num Points: 453229 | Compression Ratio: 200
Test PSNR:23.0715, MS_SSIM:0.611323
Training Complete in 3360.1629s, Eval time:0.02140289s, FPS:46.7227, Best PSNR: 23.0715
0835_moreDetail_x8_12960x16320: 16320x12960, PSNR:23.0715, MS-SSIM:0.6113, Training:3360.1629s, Eval:0.02140289s, FPS:46.7227
Processing image 5: 0855_moreDetail_x8_16320x16320.png
Image Shape:  torch.Size([16320, 16320])
Num Points: 570733 | Compression Ratio: 200
Test PSNR:29.9387, MS_SSIM:0.720153
Training Complete in 4587.2015s, Eval time:0.02698276s, FPS:37.0607, Best PSNR: 29.9386
0855_moreDetail_x8_16320x16320: 16320x16320, PSNR:29.9387, MS-SSIM:0.7202, Training:4587.2015s, Eval:0.02698276s, FPS:37.0607
Processing image 6: 0873_moreDetail_x8_16320x10848.png
Image Shape:  torch.Size([10848, 16312])
Num Points: 379184 | Compression Ratio: 200
Test PSNR:26.9526, MS_SSIM:0.827282
Training Complete in 3001.0860s, Eval time:0.01902610s, FPS:52.5594, Best PSNR: 26.9526
0873_moreDetail_x8_16320x10848: 10848x16312, PSNR:26.9526, MS-SSIM:0.8273, Training:3001.0860s, Eval:0.01902610s, FPS:52.5594
Processing image 7: 0875_moreDetail_x8_16320x12288.png
Image Shape:  torch.Size([12288, 16320])
Num Points: 429728 | Compression Ratio: 200
Test PSNR:27.3580, MS_SSIM:0.687560
Training Complete in 3179.6153s, Eval time:0.01999674s, FPS:50.0082, Best PSNR: 27.3579
0875_moreDetail_x8_16320x12288: 12288x16320, PSNR:27.3580, MS-SSIM:0.6876, Training:3179.6153s, Eval:0.01999674s, FPS:50.0082
Processing image 8: 0896_moreDetail_x8_16320x10848.png
Image Shape:  torch.Size([10848, 16312])
Num Points: 379184 | Compression Ratio: 200
Test PSNR:23.3205, MS_SSIM:0.742034
Training Complete in 2629.1728s, Eval time:0.01645506s, FPS:60.7716, Best PSNR: 23.3205
0896_moreDetail_x8_16320x10848: 10848x16312, PSNR:23.3205, MS-SSIM:0.7420, Training:2629.1728s, Eval:0.01645506s, FPS:60.7716
Average: 12684x15898, PSNR:25.6255, MS-SSIM:0.7394, Training:3291.5498s, Eval:0.02062040s, FPS:49.4103
