Sun Jul 20 19:30:06 2025       
+-----------------------------------------------------------------------------------------+
| NVIDIA-SMI 550.54.14              Driver Version: 550.54.14      CUDA Version: 12.4     |
|-----------------------------------------+------------------------+----------------------+
| GPU  Name                 Persistence-M | Bus-Id          Disp.A | Volatile Uncorr. ECC |
| Fan  Temp   Perf          Pwr:Usage/Cap |           Memory-Usage | GPU-Util  Compute M. |
|                                         |                        |               MIG M. |
|=========================================+========================+======================|
|   0  NVIDIA A800-SXM4-80GB          On  |   00000000:E8:00.0 Off |                    0 |
| N/A   38C    P0             59W /  400W |       0MiB /  81920MiB |      0%      Default |
|                                         |                        |             Disabled |
+-----------------------------------------+------------------------+----------------------+
                                                                                         
+-----------------------------------------------------------------------------------------+
| Processes:                                                                              |
|  GPU   GI   CI        PID   Type   Process name                              GPU Memory |
|        ID   ID                                                               Usage      |
|=========================================================================================|
|  No running processes found                                                             |
+-----------------------------------------------------------------------------------------+
Torch: 2.4.0+cu124, CUDA: True, Device: NVIDIA A800-SXM4-80GB
Training with ImageGS_RS Gaussian Image Model.......
Founding 16 Images in DIV8K Dataset .........
Processing image 1: 0001.png
Image Shape:  torch.Size([5376, 5760])
Num Points: 265420 | Compression Ratio: 50
Processing image of size: 5376x5760
Processing in 3x3 chunks of size 2048x2048
Initialized 132710 Gaussians successfully
Current Points:  165887
Current Points:  199064
Current Points:  232241
Current Points:  265418
Current Points:  265420
Current Points:  265420
Current Points:  265420
Current Points:  265420
Current Points:  265420
Current Points:  265420
Current Points:  265420
Current Points:  265420
Current Points:  265420
Current Points:  265420
Current Points:  265420
Current Points:  265420
Current Points:  265420
Current Points:  265420
Current Points:  265420
Current Points:  265420
Current Points:  265420
Current Points:  265420
Current Points:  265420
Current Points:  265420
Current Points:  265420
Current Points:  265420
Current Points:  265420
Current Points:  265420
Current Points:  265420
Current Points:  265420
Current Points:  265420
Current Points:  265420
Current Points:  265420
Current Points:  265420
Current Points:  265420
Current Points:  265420
Current Points:  265420
Current Points:  265420
Current Points:  265420
Current Points:  265420
Current Points:  265420
Current Points:  265420
Current Points:  265420
Current Points:  265420
Current Points:  265420
Current Points:  265420
Current Points:  265420
Current Points:  265420
Current Points:  265420
Current Points:  265420
Current Points:  265420
Current Points:  265420
Current Points:  265420
Current Points:  265420
Current Points:  265420
Current Points:  265420
Current Points:  265420
Current Points:  265420
Current Points:  265420
Current Points:  265420
Current Points:  265420
Current Points:  265420
Current Points:  265420
Current Points:  265420
Current Points:  265420
Current Points:  265420
Current Points:  265420
Current Points:  265420
Current Points:  265420
Current Points:  265420
Current Points:  265420
Current Points:  265420
Current Points:  265420
Current Points:  265420
Current Points:  265420
Current Points:  265420
Current Points:  265420
Current Points:  265420
Current Points:  265420
Current Points:  265420
Current Points:  265420
Current Points:  265420
Current Points:  265420
Current Points:  265420
Current Points:  265420
Current Points:  265420
Current Points:  265420
Current Points:  265420
Current Points:  265420
Current Points:  265420
Current Points:  265420
Current Points:  265420
Current Points:  265420
Current Points:  265420
Current Points:  265420
Current Points:  265420
Current Points:  265420
Current Points:  265420
Current Points:  265420
Test PSNR:20.4341, MS_SSIM:0.598840
Training Complete in 3733.1412s, Eval time:0.04343534s, FPS:23.0227, Best PSNR: 22.1322
0001: 5376x5760, PSNR:20.4341, MS-SSIM:0.5988, Training:3733.1412s, Eval:0.04343534s, FPS:23.0227
Processing image 2: 0138.png
Image Shape:  torch.Size([1920, 2880])
Num Points: 47396 | Compression Ratio: 50
Processing image of size: 1920x2880
Processing in 1x2 chunks of size 2048x2048
Initialized 23698 Gaussians successfully
Current Points:  29622
Current Points:  35546
Current Points:  41470
Current Points:  47394
Current Points:  47396
Current Points:  47396
Current Points:  47396
Current Points:  47396
Current Points:  47396
Current Points:  47396
Current Points:  47396
Current Points:  47396
Current Points:  47396
Current Points:  47396
Current Points:  47396
Current Points:  47396
Current Points:  47396
Current Points:  47396
Current Points:  47396
Current Points:  47396
Current Points:  47396
Current Points:  47396
Current Points:  47396
Current Points:  47396
Current Points:  47396
Current Points:  47396
Current Points:  47396
Current Points:  47396
Current Points:  47396
Current Points:  47396
Current Points:  47396
Current Points:  47396
Current Points:  47396
Current Points:  47396
Current Points:  47396
Current Points:  47396
Current Points:  47396
Current Points:  47396
Current Points:  47396
Current Points:  47396
Current Points:  47396
Current Points:  47396
Current Points:  47396
Current Points:  47396
Current Points:  47396
Current Points:  47396
Current Points:  47396
Current Points:  47396
Current Points:  47396
Current Points:  47396
Current Points:  47396
Current Points:  47396
Current Points:  47396
Current Points:  47396
Current Points:  47396
Current Points:  47396
Current Points:  47396
Current Points:  47396
Current Points:  47396
Current Points:  47396
Current Points:  47396
Current Points:  47396
Current Points:  47396
Current Points:  47396
Current Points:  47396
Current Points:  47396
Current Points:  47396
Current Points:  47396
Current Points:  47396
Current Points:  47396
Current Points:  47396
Current Points:  47396
Current Points:  47396
Current Points:  47396
Current Points:  47396
Current Points:  47396
Current Points:  47396
Current Points:  47396
Current Points:  47396
Current Points:  47396
Current Points:  47396
Current Points:  47396
Current Points:  47396
Current Points:  47396
Current Points:  47396
Current Points:  47396
Current Points:  47396
Current Points:  47396
Current Points:  47396
Current Points:  47396
Current Points:  47396
Current Points:  47396
Current Points:  47396
Current Points:  47396
Current Points:  47396
Current Points:  47396
Current Points:  47396
Current Points:  47396
Current Points:  47396
Test PSNR:21.9875, MS_SSIM:0.521031
Training Complete in 580.5964s, Eval time:0.00727074s, FPS:137.5376, Best PSNR: 24.3411
0138: 1920x2880, PSNR:21.9875, MS-SSIM:0.5210, Training:580.5964s, Eval:0.00727074s, FPS:137.5376
Processing image 3: 0491.png
Image Shape:  torch.Size([5376, 6720])
Num Points: 309657 | Compression Ratio: 50
Processing image of size: 5376x6720
Processing in 3x4 chunks of size 2048x2048
Initialized 154828 Gaussians successfully
Current Points:  193535
Current Points:  232242
Current Points:  270949
Current Points:  309656
Current Points:  309657
Current Points:  309657
Current Points:  309657
Current Points:  309657
Current Points:  309657
Current Points:  309657
Current Points:  309657
Current Points:  309657
Current Points:  309657
Current Points:  309657
Current Points:  309657
Current Points:  309657
Current Points:  309657
Current Points:  309657
Current Points:  309657
Current Points:  309657
Current Points:  309657
Current Points:  309657
Current Points:  309657
Current Points:  309657
Current Points:  309657
Current Points:  309657
Current Points:  309657
Current Points:  309657
Current Points:  309657
Current Points:  309657
Current Points:  309657
Current Points:  309657
Current Points:  309657
Current Points:  309657
Current Points:  309657
Current Points:  309657
Current Points:  309657
Current Points:  309657
Current Points:  309657
Current Points:  309657
Current Points:  309657
Current Points:  309657
Current Points:  309657
Current Points:  309657
Current Points:  309657
Current Points:  309657
Current Points:  309657
Current Points:  309657
Current Points:  309657
Current Points:  309657
Current Points:  309657
Current Points:  309657
Current Points:  309657
Current Points:  309657
Current Points:  309657
Current Points:  309657
Current Points:  309657
Current Points:  309657
Current Points:  309657
Current Points:  309657
Current Points:  309657
Current Points:  309657
Current Points:  309657
Current Points:  309657
Current Points:  309657
Current Points:  309657
Current Points:  309657
Current Points:  309657
Current Points:  309657
Current Points:  309657
Current Points:  309657
Current Points:  309657
Current Points:  309657
Current Points:  309657
Current Points:  309657
Current Points:  309657
Current Points:  309657
Current Points:  309657
Current Points:  309657
Current Points:  309657
Current Points:  309657
Current Points:  309657
Current Points:  309657
Current Points:  309657
Current Points:  309657
Current Points:  309657
Current Points:  309657
Current Points:  309657
Current Points:  309657
Current Points:  309657
Current Points:  309657
Current Points:  309657
Current Points:  309657
Current Points:  309657
Current Points:  309657
Current Points:  309657
Current Points:  309657
Current Points:  309657
Current Points:  309657
Test PSNR:19.1121, MS_SSIM:0.565680
Training Complete in 4431.6992s, Eval time:0.05178803s, FPS:19.3095, Best PSNR: 20.3298
0491: 5376x6720, PSNR:19.1121, MS-SSIM:0.5657, Training:4431.6992s, Eval:0.05178803s, FPS:19.3095
Processing image 4: 0536.png
Image Shape:  torch.Size([6720, 5184])
Num Points: 298598 | Compression Ratio: 50
Processing image of size: 6720x5184
Processing in 4x3 chunks of size 2048x2048
Initialized 149299 Gaussians successfully
Current Points:  186623
Current Points:  223947
Current Points:  261271
Current Points:  298595
Current Points:  298598
Current Points:  298598
Current Points:  298598
Current Points:  298598
Current Points:  298598
Current Points:  298598
Current Points:  298598
Current Points:  298598
Current Points:  298598
Current Points:  298598
Current Points:  298598
Current Points:  298598
Current Points:  298598
Current Points:  298598
Current Points:  298598
Current Points:  298598
Current Points:  298598
Current Points:  298598
Current Points:  298598
Current Points:  298598
Current Points:  298598
Current Points:  298598
Current Points:  298598
Current Points:  298598
Current Points:  298598
Current Points:  298598
Current Points:  298598
Current Points:  298598
Current Points:  298598
Current Points:  298598
Current Points:  298598
Current Points:  298598
Current Points:  298598
Current Points:  298598
Current Points:  298598
Current Points:  298598
Current Points:  298598
Current Points:  298598
Current Points:  298598
Current Points:  298598
Current Points:  298598
Current Points:  298598
Current Points:  298598
Current Points:  298598
Current Points:  298598
Current Points:  298598
Current Points:  298598
Current Points:  298598
Current Points:  298598
Current Points:  298598
Current Points:  298598
Current Points:  298598
Current Points:  298598
Current Points:  298598
Current Points:  298598
Current Points:  298598
Current Points:  298598
Current Points:  298598
Current Points:  298598
Current Points:  298598
Current Points:  298598
Current Points:  298598
Current Points:  298598
Current Points:  298598
Current Points:  298598
Current Points:  298598
Current Points:  298598
Current Points:  298598
Current Points:  298598
Current Points:  298598
Current Points:  298598
Current Points:  298598
Current Points:  298598
Current Points:  298598
Current Points:  298598
Current Points:  298598
Current Points:  298598
Current Points:  298598
Current Points:  298598
Current Points:  298598
Current Points:  298598
Current Points:  298598
Current Points:  298598
Current Points:  298598
Current Points:  298598
Current Points:  298598
Current Points:  298598
Current Points:  298598
Current Points:  298598
Current Points:  298598
Current Points:  298598
Current Points:  298598
Current Points:  298598
Current Points:  298598
Current Points:  298598
Test PSNR:17.8238, MS_SSIM:0.571814
Training Complete in 3935.4796s, Eval time:0.04288992s, FPS:23.3155, Best PSNR: 18.1549
0536: 6720x5184, PSNR:17.8238, MS-SSIM:0.5718, Training:3935.4796s, Eval:0.04288992s, FPS:23.3155
Processing image 5: 0666.png
Image Shape:  torch.Size([6720, 6720])
Num Points: 387072 | Compression Ratio: 50
Processing image of size: 6720x6720
Processing in 4x4 chunks of size 2048x2048
Initialized 193536 Gaussians successfully
Current Points:  241920
Current Points:  290304
Current Points:  338688
Current Points:  387072
Current Points:  387072
Current Points:  387072
Current Points:  387072
Current Points:  387072
Current Points:  387072
Current Points:  387072
Current Points:  387072
Current Points:  387072
Current Points:  387072
Current Points:  387072
Current Points:  387072
Current Points:  387072
Current Points:  387072
Current Points:  387072
Current Points:  387072
Current Points:  387072
Current Points:  387072
Current Points:  387072
Current Points:  387072
Current Points:  387072
Current Points:  387072
Current Points:  387072
Current Points:  387072
Current Points:  387072
Current Points:  387072
Current Points:  387072
Current Points:  387072
Current Points:  387072
Current Points:  387072
Current Points:  387072
Current Points:  387072
Current Points:  387072
Current Points:  387072
Current Points:  387072
Current Points:  387072
Current Points:  387072
Current Points:  387072
Current Points:  387072
Current Points:  387072
Current Points:  387072
Current Points:  387072
Current Points:  387072
Current Points:  387072
Current Points:  387072
Current Points:  387072
Current Points:  387072
Current Points:  387072
Current Points:  387072
Current Points:  387072
Current Points:  387072
Current Points:  387072
Current Points:  387072
Current Points:  387072
Current Points:  387072
Current Points:  387072
Current Points:  387072
Current Points:  387072
Current Points:  387072
Current Points:  387072
Current Points:  387072
Current Points:  387072
Current Points:  387072
Current Points:  387072
Current Points:  387072
Current Points:  387072
Current Points:  387072
Current Points:  387072
Current Points:  387072
Current Points:  387072
Current Points:  387072
Current Points:  387072
Current Points:  387072
Current Points:  387072
Current Points:  387072
Current Points:  387072
Current Points:  387072
Current Points:  387072
Current Points:  387072
Current Points:  387072
Current Points:  387072
Current Points:  387072
Current Points:  387072
Current Points:  387072
Current Points:  387072
Current Points:  387072
Current Points:  387072
Current Points:  387072
Current Points:  387072
Current Points:  387072
Current Points:  387072
Current Points:  387072
Current Points:  387072
Current Points:  387072
Current Points:  387072
Current Points:  387072
Test PSNR:17.0408, MS_SSIM:0.486779
Training Complete in 5562.9052s, Eval time:0.06715280s, FPS:14.8914, Best PSNR: 19.5125
0666: 6720x6720, PSNR:17.0408, MS-SSIM:0.4868, Training:5562.9052s, Eval:0.06715280s, FPS:14.8914
Processing image 6: 0849.png
Image Shape:  torch.Size([6720, 4416])
Num Points: 254361 | Compression Ratio: 50
Processing image of size: 6720x4416
Processing in 4x3 chunks of size 2048x2048
Initialized 127180 Gaussians successfully
Current Points:  158975
Current Points:  190770
Current Points:  222565
Current Points:  254360
Current Points:  254361
Current Points:  254361
Current Points:  254361
Current Points:  254361
Current Points:  254361
Current Points:  254361
Current Points:  254361
Current Points:  254361
Current Points:  254361
Current Points:  254361
Current Points:  254361
Current Points:  254361
Current Points:  254361
Current Points:  254361
Current Points:  254361
Current Points:  254361
Current Points:  254361
Current Points:  254361
Current Points:  254361
Current Points:  254361
Current Points:  254361
Current Points:  254361
Current Points:  254361
Current Points:  254361
Current Points:  254361
Current Points:  254361
Current Points:  254361
Current Points:  254361
Current Points:  254361
Current Points:  254361
Current Points:  254361
Current Points:  254361
Current Points:  254361
Current Points:  254361
Current Points:  254361
Current Points:  254361
Current Points:  254361
Current Points:  254361
Current Points:  254361
Current Points:  254361
Current Points:  254361
Current Points:  254361
Current Points:  254361
Current Points:  254361
Current Points:  254361
Current Points:  254361
Current Points:  254361
Current Points:  254361
Current Points:  254361
Current Points:  254361
Current Points:  254361
Current Points:  254361
Current Points:  254361
Current Points:  254361
Current Points:  254361
Current Points:  254361
Current Points:  254361
Current Points:  254361
Current Points:  254361
Current Points:  254361
Current Points:  254361
Current Points:  254361
Current Points:  254361
Current Points:  254361
Current Points:  254361
Current Points:  254361
Current Points:  254361
Current Points:  254361
Current Points:  254361
Current Points:  254361
Current Points:  254361
Current Points:  254361
Current Points:  254361
Current Points:  254361
Current Points:  254361
Current Points:  254361
Current Points:  254361
Current Points:  254361
Current Points:  254361
Current Points:  254361
Current Points:  254361
Current Points:  254361
Current Points:  254361
Current Points:  254361
Current Points:  254361
Current Points:  254361
Current Points:  254361
Current Points:  254361
Current Points:  254361
Current Points:  254361
Current Points:  254361
Current Points:  254361
Current Points:  254361
Current Points:  254361
Current Points:  254361
Test PSNR:19.4601, MS_SSIM:0.543083
Training Complete in 3715.2747s, Eval time:0.04276541s, FPS:23.3834, Best PSNR: 21.6250
0849: 6720x4416, PSNR:19.4601, MS-SSIM:0.5431, Training:3715.2747s, Eval:0.04276541s, FPS:23.3834
Processing image 7: 0952.png
Image Shape:  torch.Size([3840, 6720])
Num Points: 221184 | Compression Ratio: 50
Processing image of size: 3840x6720
Processing in 2x4 chunks of size 2048x2048
Initialized 110592 Gaussians successfully
Current Points:  138240
Current Points:  165888
Current Points:  193536
Current Points:  221184
Current Points:  221184
Current Points:  221184
Current Points:  221184
Current Points:  221184
Current Points:  221184
Current Points:  221184
Current Points:  221184
Current Points:  221184
Current Points:  221184
Current Points:  221184
Current Points:  221184
Current Points:  221184
Current Points:  221184
Current Points:  221184
Current Points:  221184
Current Points:  221184
Current Points:  221184
Current Points:  221184
Current Points:  221184
Current Points:  221184
Current Points:  221184
Current Points:  221184
Current Points:  221184
Current Points:  221184
Current Points:  221184
Current Points:  221184
Current Points:  221184
Current Points:  221184
Current Points:  221184
Current Points:  221184
Current Points:  221184
Current Points:  221184
Current Points:  221184
Current Points:  221184
Current Points:  221184
Current Points:  221184
Current Points:  221184
Current Points:  221184
Current Points:  221184
Current Points:  221184
Current Points:  221184
Current Points:  221184
Current Points:  221184
Current Points:  221184
Current Points:  221184
Current Points:  221184
Current Points:  221184
Current Points:  221184
Current Points:  221184
Current Points:  221184
Current Points:  221184
Current Points:  221184
Current Points:  221184
Current Points:  221184
Current Points:  221184
Current Points:  221184
Current Points:  221184
Current Points:  221184
Current Points:  221184
Current Points:  221184
Current Points:  221184
Current Points:  221184
Current Points:  221184
Current Points:  221184
Current Points:  221184
Current Points:  221184
Current Points:  221184
Current Points:  221184
Current Points:  221184
Current Points:  221184
Current Points:  221184
Current Points:  221184
Current Points:  221184
Current Points:  221184
Current Points:  221184
Current Points:  221184
Current Points:  221184
Current Points:  221184
Current Points:  221184
Current Points:  221184
Current Points:  221184
Current Points:  221184
Current Points:  221184
Current Points:  221184
Current Points:  221184
Current Points:  221184
Current Points:  221184
Current Points:  221184
Current Points:  221184
Current Points:  221184
Current Points:  221184
Current Points:  221184
Current Points:  221184
Current Points:  221184
Current Points:  221184
Test PSNR:20.7305, MS_SSIM:0.548549
Training Complete in 3194.9540s, Eval time:0.03656461s, FPS:27.3489, Best PSNR: 22.8028
0952: 3840x6720, PSNR:20.7305, MS-SSIM:0.5485, Training:3194.9540s, Eval:0.03656461s, FPS:27.3489
Processing image 8: 1040.png
Image Shape:  torch.Size([4416, 6720])
Num Points: 254361 | Compression Ratio: 50
Processing image of size: 4416x6720
Processing in 3x4 chunks of size 2048x2048
Initialized 127180 Gaussians successfully
Current Points:  158975
Current Points:  190770
Current Points:  222565
Current Points:  254360
Current Points:  254361
Current Points:  254361
Current Points:  254361
Current Points:  254361
Current Points:  254361
Current Points:  254361
Current Points:  254361
Current Points:  254361
Current Points:  254361
Current Points:  254361
Current Points:  254361
Current Points:  254361
Current Points:  254361
Current Points:  254361
Current Points:  254361
Current Points:  254361
Current Points:  254361
Current Points:  254361
Current Points:  254361
Current Points:  254361
Current Points:  254361
Current Points:  254361
Current Points:  254361
Current Points:  254361
Current Points:  254361
Current Points:  254361
Current Points:  254361
Current Points:  254361
Current Points:  254361
Current Points:  254361
Current Points:  254361
Current Points:  254361
Current Points:  254361
Current Points:  254361
Current Points:  254361
Current Points:  254361
Current Points:  254361
Current Points:  254361
Current Points:  254361
Current Points:  254361
Current Points:  254361
Current Points:  254361
Current Points:  254361
Current Points:  254361
Current Points:  254361
Current Points:  254361
Current Points:  254361
Current Points:  254361
Current Points:  254361
Current Points:  254361
Current Points:  254361
Current Points:  254361
Current Points:  254361
Current Points:  254361
Current Points:  254361
Current Points:  254361
Current Points:  254361
Current Points:  254361
Current Points:  254361
Current Points:  254361
Current Points:  254361
Current Points:  254361
Current Points:  254361
Current Points:  254361
Current Points:  254361
Current Points:  254361
Current Points:  254361
Current Points:  254361
Current Points:  254361
Current Points:  254361
Current Points:  254361
Current Points:  254361
Current Points:  254361
Current Points:  254361
Current Points:  254361
Current Points:  254361
Current Points:  254361
Current Points:  254361
Current Points:  254361
Current Points:  254361
Current Points:  254361
Current Points:  254361
Current Points:  254361
Current Points:  254361
Current Points:  254361
Current Points:  254361
Current Points:  254361
Current Points:  254361
Current Points:  254361
Current Points:  254361
Current Points:  254361
Current Points:  254361
Current Points:  254361
Current Points:  254361
Current Points:  254361
Test PSNR:18.7547, MS_SSIM:0.535342
Training Complete in 3575.8804s, Eval time:0.04170429s, FPS:23.9784, Best PSNR: 20.2873
1040: 4416x6720, PSNR:18.7547, MS-SSIM:0.5353, Training:3575.8804s, Eval:0.04170429s, FPS:23.9784
Processing image 9: 1067.png
Image Shape:  torch.Size([4416, 6720])
Num Points: 254361 | Compression Ratio: 50
Processing image of size: 4416x6720
Processing in 3x4 chunks of size 2048x2048
Initialized 127180 Gaussians successfully
Current Points:  158975
Current Points:  190770
Current Points:  222565
Current Points:  254360
Current Points:  254361
Current Points:  254361
Current Points:  254361
Current Points:  254361
Current Points:  254361
Current Points:  254361
Current Points:  254361
Current Points:  254361
Current Points:  254361
Current Points:  254361
Current Points:  254361
Current Points:  254361
Current Points:  254361
Current Points:  254361
Current Points:  254361
Current Points:  254361
Current Points:  254361
Current Points:  254361
Current Points:  254361
Current Points:  254361
Current Points:  254361
Current Points:  254361
Current Points:  254361
Current Points:  254361
Current Points:  254361
Current Points:  254361
Current Points:  254361
Current Points:  254361
Current Points:  254361
Current Points:  254361
Current Points:  254361
Current Points:  254361
Current Points:  254361
Current Points:  254361
Current Points:  254361
Current Points:  254361
Current Points:  254361
Current Points:  254361
Current Points:  254361
Current Points:  254361
Current Points:  254361
Current Points:  254361
Current Points:  254361
Current Points:  254361
Current Points:  254361
Current Points:  254361
Current Points:  254361
Current Points:  254361
Current Points:  254361
Current Points:  254361
Current Points:  254361
Current Points:  254361
Current Points:  254361
Current Points:  254361
Current Points:  254361
Current Points:  254361
Current Points:  254361
Current Points:  254361
Current Points:  254361
Current Points:  254361
Current Points:  254361
Current Points:  254361
Current Points:  254361
Current Points:  254361
Current Points:  254361
Current Points:  254361
Current Points:  254361
Current Points:  254361
Current Points:  254361
Current Points:  254361
Current Points:  254361
Current Points:  254361
Current Points:  254361
Current Points:  254361
Current Points:  254361
Current Points:  254361
Current Points:  254361
Current Points:  254361
Current Points:  254361
Current Points:  254361
Current Points:  254361
Current Points:  254361
Current Points:  254361
Current Points:  254361
Current Points:  254361
Current Points:  254361
Current Points:  254361
Current Points:  254361
Current Points:  254361
Current Points:  254361
Current Points:  254361
Current Points:  254361
Current Points:  254361
Current Points:  254361
Current Points:  254361
Test PSNR:20.2975, MS_SSIM:0.612137
Training Complete in 3806.9424s, Eval time:0.04340439s, FPS:23.0391, Best PSNR: 21.7645
1067: 4416x6720, PSNR:20.2975, MS-SSIM:0.6121, Training:3806.9424s, Eval:0.04340439s, FPS:23.0391
Processing image 10: 1107.png
Image Shape:  torch.Size([6720, 4416])
Num Points: 254361 | Compression Ratio: 50
Processing image of size: 6720x4416
Processing in 4x3 chunks of size 2048x2048
Initialized 127180 Gaussians successfully
Current Points:  158975
Current Points:  190770
Current Points:  222565
Current Points:  254360
Current Points:  254361
Current Points:  254361
Current Points:  254361
Current Points:  254361
Current Points:  254361
Current Points:  254361
Current Points:  254361
Current Points:  254361
Current Points:  254361
Current Points:  254361
Current Points:  254361
Current Points:  254361
Current Points:  254361
Current Points:  254361
Current Points:  254361
Current Points:  254361
Current Points:  254361
Current Points:  254361
Current Points:  254361
Current Points:  254361
Current Points:  254361
Current Points:  254361
Current Points:  254361
Current Points:  254361
Current Points:  254361
Current Points:  254361
Current Points:  254361
Current Points:  254361
Current Points:  254361
Current Points:  254361
Current Points:  254361
Current Points:  254361
Current Points:  254361
Current Points:  254361
Current Points:  254361
Current Points:  254361
Current Points:  254361
Current Points:  254361
Current Points:  254361
Current Points:  254361
Current Points:  254361
Current Points:  254361
Current Points:  254361
Current Points:  254361
Current Points:  254361
Current Points:  254361
Current Points:  254361
Current Points:  254361
Current Points:  254361
Current Points:  254361
Current Points:  254361
Current Points:  254361
Current Points:  254361
Current Points:  254361
Current Points:  254361
Current Points:  254361
Current Points:  254361
Current Points:  254361
Current Points:  254361
Current Points:  254361
Current Points:  254361
Current Points:  254361
Current Points:  254361
Current Points:  254361
Current Points:  254361
Current Points:  254361
Current Points:  254361
Current Points:  254361
Current Points:  254361
Current Points:  254361
Current Points:  254361
Current Points:  254361
Current Points:  254361
Current Points:  254361
Current Points:  254361
Current Points:  254361
Current Points:  254361
Current Points:  254361
Current Points:  254361
Current Points:  254361
Current Points:  254361
Current Points:  254361
Current Points:  254361
Current Points:  254361
Current Points:  254361
Current Points:  254361
Current Points:  254361
Current Points:  254361
Current Points:  254361
Current Points:  254361
Current Points:  254361
Current Points:  254361
Current Points:  254361
Current Points:  254361
Current Points:  254361
Test PSNR:17.5334, MS_SSIM:0.578090
Training Complete in 3474.3099s, Eval time:0.04220774s, FPS:23.6923, Best PSNR: 21.1970
1107: 6720x4416, PSNR:17.5334, MS-SSIM:0.5781, Training:3474.3099s, Eval:0.04220774s, FPS:23.6923
Processing image 11: 1268.png
Image Shape:  torch.Size([4608, 6720])
Num Points: 265420 | Compression Ratio: 50
Processing image of size: 4608x6720
Processing in 3x4 chunks of size 2048x2048
Initialized 132710 Gaussians successfully
Current Points:  165887
Current Points:  199064
Current Points:  232241
Current Points:  265418
Current Points:  265420
Current Points:  265420
Current Points:  265420
Current Points:  265420
Current Points:  265420
Current Points:  265420
Current Points:  265420
Current Points:  265420
Current Points:  265420
Current Points:  265420
Current Points:  265420
Current Points:  265420
Current Points:  265420
Current Points:  265420
Current Points:  265420
Current Points:  265420
Current Points:  265420
Current Points:  265420
Current Points:  265420
Current Points:  265420
Current Points:  265420
Current Points:  265420
Current Points:  265420
Current Points:  265420
Current Points:  265420
Current Points:  265420
Current Points:  265420
Current Points:  265420
Current Points:  265420
Current Points:  265420
Current Points:  265420
Current Points:  265420
Current Points:  265420
Current Points:  265420
Current Points:  265420
Current Points:  265420
Current Points:  265420
Current Points:  265420
Current Points:  265420
Current Points:  265420
Current Points:  265420
Current Points:  265420
Current Points:  265420
Current Points:  265420
Current Points:  265420
Current Points:  265420
Current Points:  265420
Current Points:  265420
Current Points:  265420
Current Points:  265420
Current Points:  265420
Current Points:  265420
Current Points:  265420
Current Points:  265420
Current Points:  265420
Current Points:  265420
Current Points:  265420
Current Points:  265420
Current Points:  265420
Current Points:  265420
Current Points:  265420
Current Points:  265420
Current Points:  265420
Current Points:  265420
Current Points:  265420
Current Points:  265420
Current Points:  265420
Current Points:  265420
Current Points:  265420
Current Points:  265420
Current Points:  265420
Current Points:  265420
Current Points:  265420
Current Points:  265420
Current Points:  265420
Current Points:  265420
Current Points:  265420
Current Points:  265420
Current Points:  265420
Current Points:  265420
Current Points:  265420
Current Points:  265420
Current Points:  265420
Current Points:  265420
Current Points:  265420
Current Points:  265420
Current Points:  265420
Current Points:  265420
Current Points:  265420
Current Points:  265420
Current Points:  265420
Current Points:  265420
Current Points:  265420
Current Points:  265420
Current Points:  265420
Test PSNR:19.8517, MS_SSIM:0.591062
Training Complete in 3739.7810s, Eval time:0.04426600s, FPS:22.5907, Best PSNR: 20.6726
1268: 4608x6720, PSNR:19.8517, MS-SSIM:0.5911, Training:3739.7810s, Eval:0.04426600s, FPS:22.5907
Processing image 12: 1280.png
Image Shape:  torch.Size([3840, 6720])
Num Points: 221184 | Compression Ratio: 50
Processing image of size: 3840x6720
Processing in 2x4 chunks of size 2048x2048
Initialized 110592 Gaussians successfully
Current Points:  138240
Current Points:  165888
Current Points:  193536
Current Points:  221184
Current Points:  221184
Current Points:  221184
Current Points:  221184
Current Points:  221184
Current Points:  221184
Current Points:  221184
Current Points:  221184
Current Points:  221184
Current Points:  221184
Current Points:  221184
Current Points:  221184
Current Points:  221184
Current Points:  221184
Current Points:  221184
Current Points:  221184
Current Points:  221184
Current Points:  221184
Current Points:  221184
Current Points:  221184
Current Points:  221184
Current Points:  221184
Current Points:  221184
Current Points:  221184
Current Points:  221184
Current Points:  221184
Current Points:  221184
Current Points:  221184
Current Points:  221184
Current Points:  221184
Current Points:  221184
Current Points:  221184
Current Points:  221184
Current Points:  221184
Current Points:  221184
Current Points:  221184
Current Points:  221184
Current Points:  221184
Current Points:  221184
Current Points:  221184
Current Points:  221184
Current Points:  221184
Current Points:  221184
Current Points:  221184
Current Points:  221184
Current Points:  221184
Current Points:  221184
Current Points:  221184
Current Points:  221184
Current Points:  221184
Current Points:  221184
Current Points:  221184
Current Points:  221184
Current Points:  221184
Current Points:  221184
Current Points:  221184
Current Points:  221184
Current Points:  221184
Current Points:  221184
Current Points:  221184
Current Points:  221184
Current Points:  221184
Current Points:  221184
Current Points:  221184
Current Points:  221184
Current Points:  221184
Current Points:  221184
Current Points:  221184
Current Points:  221184
Current Points:  221184
Current Points:  221184
Current Points:  221184
Current Points:  221184
Current Points:  221184
Current Points:  221184
Current Points:  221184
Current Points:  221184
Current Points:  221184
Current Points:  221184
Current Points:  221184
Current Points:  221184
Current Points:  221184
Current Points:  221184
Current Points:  221184
Current Points:  221184
Current Points:  221184
Current Points:  221184
Current Points:  221184
Current Points:  221184
Current Points:  221184
Current Points:  221184
Current Points:  221184
Current Points:  221184
Current Points:  221184
Current Points:  221184
Current Points:  221184
Test PSNR:20.0486, MS_SSIM:0.624644
Training Complete in 3124.8421s, Eval time:0.03534855s, FPS:28.2897, Best PSNR: 21.2363
1280: 3840x6720, PSNR:20.0486, MS-SSIM:0.6246, Training:3124.8421s, Eval:0.03534855s, FPS:28.2897
Processing image 13: 1329.png
Image Shape:  torch.Size([4992, 6720])
Num Points: 287539 | Compression Ratio: 50
Processing image of size: 4992x6720
Processing in 3x4 chunks of size 2048x2048
Initialized 143769 Gaussians successfully
Current Points:  179711
Current Points:  215653
Current Points:  251595
Current Points:  287537
Current Points:  287539
Current Points:  287539
Current Points:  287539
Current Points:  287539
Current Points:  287539
Current Points:  287539
Current Points:  287539
Current Points:  287539
Current Points:  287539
Current Points:  287539
Current Points:  287539
Current Points:  287539
Current Points:  287539
Current Points:  287539
Current Points:  287539
Current Points:  287539
Current Points:  287539
Current Points:  287539
Current Points:  287539
Current Points:  287539
Current Points:  287539
Current Points:  287539
Current Points:  287539
Current Points:  287539
Current Points:  287539
Current Points:  287539
Current Points:  287539
Current Points:  287539
Current Points:  287539
Current Points:  287539
Current Points:  287539
Current Points:  287539
Current Points:  287539
Current Points:  287539
Current Points:  287539
Current Points:  287539
Current Points:  287539
Current Points:  287539
Current Points:  287539
Current Points:  287539
Current Points:  287539
Current Points:  287539
Current Points:  287539
Current Points:  287539
Current Points:  287539
Current Points:  287539
Current Points:  287539
Current Points:  287539
Current Points:  287539
Current Points:  287539
Current Points:  287539
Current Points:  287539
Current Points:  287539
Current Points:  287539
Current Points:  287539
Current Points:  287539
Current Points:  287539
Current Points:  287539
Current Points:  287539
Current Points:  287539
Current Points:  287539
Current Points:  287539
Current Points:  287539
Current Points:  287539
Current Points:  287539
Current Points:  287539
Current Points:  287539
Current Points:  287539
Current Points:  287539
Current Points:  287539
Current Points:  287539
Current Points:  287539
Current Points:  287539
Current Points:  287539
Current Points:  287539
Current Points:  287539
Current Points:  287539
Current Points:  287539
Current Points:  287539
Current Points:  287539
Current Points:  287539
Current Points:  287539
Current Points:  287539
Current Points:  287539
Current Points:  287539
Current Points:  287539
Current Points:  287539
Current Points:  287539
Current Points:  287539
Current Points:  287539
Current Points:  287539
Current Points:  287539
Current Points:  287539
Current Points:  287539
Current Points:  287539
Test PSNR:21.4203, MS_SSIM:0.574514
Training Complete in 3873.9089s, Eval time:0.04369055s, FPS:22.8882, Best PSNR: 22.9867
1329: 4992x6720, PSNR:21.4203, MS-SSIM:0.5745, Training:3873.9089s, Eval:0.04369055s, FPS:22.8882
Processing image 14: 1404.png
Image Shape:  torch.Size([7680, 4992])
Num Points: 328616 | Compression Ratio: 50
Processing image of size: 7680x4992
Processing in 4x3 chunks of size 2048x2048
Initialized 164308 Gaussians successfully
Current Points:  205385
Current Points:  246462
Current Points:  287539
Current Points:  328616
Current Points:  328616
Current Points:  328616
Current Points:  328616
Current Points:  328616
Current Points:  328616
Current Points:  328616
Current Points:  328616
Current Points:  328616
Current Points:  328616
Current Points:  328616
Current Points:  328616
Current Points:  328616
Current Points:  328616
Current Points:  328616
Current Points:  328616
Current Points:  328616
Current Points:  328616
Current Points:  328616
Current Points:  328616
Current Points:  328616
Current Points:  328616
Current Points:  328616
Current Points:  328616
Current Points:  328616
Current Points:  328616
Current Points:  328616
Current Points:  328616
Current Points:  328616
Current Points:  328616
Current Points:  328616
Current Points:  328616
Current Points:  328616
Current Points:  328616
Current Points:  328616
Current Points:  328616
Current Points:  328616
Current Points:  328616
Current Points:  328616
Current Points:  328616
Current Points:  328616
Current Points:  328616
Current Points:  328616
Current Points:  328616
Current Points:  328616
Current Points:  328616
Current Points:  328616
Current Points:  328616
Current Points:  328616
Current Points:  328616
Current Points:  328616
Current Points:  328616
Current Points:  328616
Current Points:  328616
Current Points:  328616
Current Points:  328616
Current Points:  328616
Current Points:  328616
Current Points:  328616
Current Points:  328616
Current Points:  328616
Current Points:  328616
Current Points:  328616
Current Points:  328616
Current Points:  328616
Current Points:  328616
Current Points:  328616
Current Points:  328616
Current Points:  328616
Current Points:  328616
Current Points:  328616
Current Points:  328616
Current Points:  328616
Current Points:  328616
Current Points:  328616
Current Points:  328616
Current Points:  328616
Current Points:  328616
Current Points:  328616
Current Points:  328616
Current Points:  328616
Current Points:  328616
Current Points:  328616
Current Points:  328616
Current Points:  328616
Current Points:  328616
Current Points:  328616
Current Points:  328616
Current Points:  328616
Current Points:  328616
Current Points:  328616
Current Points:  328616
Current Points:  328616
Current Points:  328616
Current Points:  328616
Current Points:  328616
Test PSNR:23.0120, MS_SSIM:0.694201
Training Complete in 4773.6543s, Eval time:0.07710441s, FPS:12.9694, Best PSNR: 24.6309
1404: 7680x4992, PSNR:23.0120, MS-SSIM:0.6942, Training:4773.6543s, Eval:0.07710441s, FPS:12.9694
Processing image 15: 1447.png
Image Shape:  torch.Size([5952, 7680])
Num Points: 391811 | Compression Ratio: 50
Processing image of size: 5952x7680
Processing in 3x4 chunks of size 2048x2048
Initialized 195905 Gaussians successfully
Current Points:  244881
Current Points:  293857
Current Points:  342833
Current Points:  391809
Current Points:  391811
Current Points:  391811
Current Points:  391811
Current Points:  391811
Current Points:  391811
Current Points:  391811
Current Points:  391811
Current Points:  391811
Current Points:  391811
Current Points:  391811
Current Points:  391811
Current Points:  391811
Current Points:  391811
Current Points:  391811
Current Points:  391811
Current Points:  391811
Current Points:  391811
Current Points:  391811
Current Points:  391811
Current Points:  391811
Current Points:  391811
Current Points:  391811
Current Points:  391811
Current Points:  391811
Current Points:  391811
Current Points:  391811
Current Points:  391811
Current Points:  391811
Current Points:  391811
Current Points:  391811
Current Points:  391811
Current Points:  391811
Current Points:  391811
Current Points:  391811
Current Points:  391811
Current Points:  391811
Current Points:  391811
Current Points:  391811
Current Points:  391811
Current Points:  391811
Current Points:  391811
Current Points:  391811
Current Points:  391811
Current Points:  391811
Current Points:  391811
Current Points:  391811
Current Points:  391811
Current Points:  391811
Current Points:  391811
Current Points:  391811
Current Points:  391811
Current Points:  391811
Current Points:  391811
Current Points:  391811
Current Points:  391811
Current Points:  391811
Current Points:  391811
Current Points:  391811
Current Points:  391811
Current Points:  391811
Current Points:  391811
Current Points:  391811
Current Points:  391811
Current Points:  391811
Current Points:  391811
Current Points:  391811
Current Points:  391811
Current Points:  391811
Current Points:  391811
Current Points:  391811
Current Points:  391811
Current Points:  391811
Current Points:  391811
Current Points:  391811
Current Points:  391811
Current Points:  391811
Current Points:  391811
Current Points:  391811
Current Points:  391811
Current Points:  391811
Current Points:  391811
Current Points:  391811
Current Points:  391811
Current Points:  391811
Current Points:  391811
Current Points:  391811
Current Points:  391811
Current Points:  391811
Current Points:  391811
Current Points:  391811
Current Points:  391811
Current Points:  391811
Current Points:  391811
Current Points:  391811
Current Points:  391811
Test PSNR:17.6281, MS_SSIM:0.547640
Training Complete in 5542.1898s, Eval time:0.06276352s, FPS:15.9328, Best PSNR: 19.0596
1447: 5952x7680, PSNR:17.6281, MS-SSIM:0.5476, Training:5542.1898s, Eval:0.06276352s, FPS:15.9328
Processing image 16: 1454.png
Image Shape:  torch.Size([7680, 4992])
Num Points: 328616 | Compression Ratio: 50
Processing image of size: 7680x4992
Processing in 4x3 chunks of size 2048x2048
Initialized 164308 Gaussians successfully
Current Points:  205385
Current Points:  246462
Current Points:  287539
Current Points:  328616
Current Points:  328616
Current Points:  328616
Current Points:  328616
Current Points:  328616
Current Points:  328616
Current Points:  328616
Current Points:  328616
Current Points:  328616
Current Points:  328616
Current Points:  328616
Current Points:  328616
Current Points:  328616
Current Points:  328616
Current Points:  328616
Current Points:  328616
Current Points:  328616
Current Points:  328616
Current Points:  328616
Current Points:  328616
Current Points:  328616
Current Points:  328616
Current Points:  328616
Current Points:  328616
Current Points:  328616
Current Points:  328616
Current Points:  328616
Current Points:  328616
Current Points:  328616
Current Points:  328616
Current Points:  328616
Current Points:  328616
Current Points:  328616
Current Points:  328616
Current Points:  328616
Current Points:  328616
Current Points:  328616
Current Points:  328616
Current Points:  328616
Current Points:  328616
Current Points:  328616
Current Points:  328616
Current Points:  328616
Current Points:  328616
Current Points:  328616
Current Points:  328616
Current Points:  328616
Current Points:  328616
Current Points:  328616
Current Points:  328616
Current Points:  328616
Current Points:  328616
Current Points:  328616
Current Points:  328616
Current Points:  328616
Current Points:  328616
Current Points:  328616
Current Points:  328616
Current Points:  328616
Current Points:  328616
Current Points:  328616
Current Points:  328616
Current Points:  328616
Current Points:  328616
Current Points:  328616
Current Points:  328616
Current Points:  328616
Current Points:  328616
Current Points:  328616
Current Points:  328616
Current Points:  328616
Current Points:  328616
Current Points:  328616
Current Points:  328616
Current Points:  328616
Current Points:  328616
Current Points:  328616
Current Points:  328616
Current Points:  328616
Current Points:  328616
Current Points:  328616
Current Points:  328616
Current Points:  328616
Current Points:  328616
Current Points:  328616
Current Points:  328616
Current Points:  328616
Current Points:  328616
Current Points:  328616
Current Points:  328616
Current Points:  328616
Current Points:  328616
Current Points:  328616
Current Points:  328616
Current Points:  328616
Current Points:  328616
Test PSNR:20.8901, MS_SSIM:0.619469
Training Complete in 4684.5656s, Eval time:0.05139158s, FPS:19.4584, Best PSNR: 22.9109
1454: 7680x4992, PSNR:20.8901, MS-SSIM:0.6195, Training:4684.5656s, Eval:0.05139158s, FPS:19.4584
Average: 5436x5880, PSNR:19.7516, MS-SSIM:0.5758, Training:3859.3831s, Eval:0.04585925s, FPS:28.8530
