Sun Jul 20 19:30:25 2025       
+-----------------------------------------------------------------------------------------+
| NVIDIA-SMI 550.54.14              Driver Version: 550.54.14      CUDA Version: 12.4     |
|-----------------------------------------+------------------------+----------------------+
| GPU  Name                 Persistence-M | Bus-Id          Disp.A | Volatile Uncorr. ECC |
| Fan  Temp   Perf          Pwr:Usage/Cap |           Memory-Usage | GPU-Util  Compute M. |
|                                         |                        |               MIG M. |
|=========================================+========================+======================|
|   0  NVIDIA A800-SXM4-80GB          On  |   00000000:EE:00.0 Off |                    0 |
| N/A   29C    P0             56W /  400W |       0MiB /  81920MiB |      0%      Default |
|                                         |                        |             Disabled |
+-----------------------------------------+------------------------+----------------------+
                                                                                         
+-----------------------------------------------------------------------------------------+
| Processes:                                                                              |
|  GPU   GI   CI        PID   Type   Process name                              GPU Memory |
|        ID   ID                                                               Usage      |
|=========================================================================================|
|  No running processes found                                                             |
+-----------------------------------------------------------------------------------------+
Torch: 2.4.0+cu124, CUDA: True, Device: NVIDIA A800-SXM4-80GB
Training with ImageGS_RS Gaussian Image Model.......
Founding 16 Images in DIV8K Dataset .........
Processing image 1: 0001.png
Image Shape:  torch.Size([5376, 5760])
Num Points: 663552 | Compression Ratio: 20
Processing image of size: 5376x5760
Processing in 3x3 chunks of size 2048x2048
Initialized 331776 Gaussians successfully
Current Points:  414720
Current Points:  497664
Current Points:  580608
Current Points:  663552
Current Points:  663552
Current Points:  663552
Current Points:  663552
Current Points:  663552
Current Points:  663552
Current Points:  663552
Current Points:  663552
Current Points:  663552
Current Points:  663552
Current Points:  663552
Current Points:  663552
Current Points:  663552
Current Points:  663552
Current Points:  663552
Current Points:  663552
Current Points:  663552
Current Points:  663552
Current Points:  663552
Current Points:  663552
Current Points:  663552
Current Points:  663552
Current Points:  663552
Current Points:  663552
Current Points:  663552
Current Points:  663552
Current Points:  663552
Current Points:  663552
Current Points:  663552
Current Points:  663552
Current Points:  663552
Current Points:  663552
Current Points:  663552
Current Points:  663552
Current Points:  663552
Current Points:  663552
Current Points:  663552
Current Points:  663552
Current Points:  663552
Current Points:  663552
Current Points:  663552
Current Points:  663552
Current Points:  663552
Current Points:  663552
Current Points:  663552
Current Points:  663552
Current Points:  663552
Current Points:  663552
Current Points:  663552
Current Points:  663552
Current Points:  663552
Current Points:  663552
Current Points:  663552
Current Points:  663552
Current Points:  663552
Current Points:  663552
Current Points:  663552
Current Points:  663552
Current Points:  663552
Current Points:  663552
Current Points:  663552
Current Points:  663552
Current Points:  663552
Current Points:  663552
Current Points:  663552
Current Points:  663552
Current Points:  663552
Current Points:  663552
Current Points:  663552
Current Points:  663552
Current Points:  663552
Current Points:  663552
Current Points:  663552
Current Points:  663552
Current Points:  663552
Current Points:  663552
Current Points:  663552
Current Points:  663552
Current Points:  663552
Current Points:  663552
Current Points:  663552
Current Points:  663552
Current Points:  663552
Current Points:  663552
Current Points:  663552
Current Points:  663552
Current Points:  663552
Current Points:  663552
Current Points:  663552
Current Points:  663552
Current Points:  663552
Current Points:  663552
Current Points:  663552
Current Points:  663552
Current Points:  663552
Current Points:  663552
Test PSNR:19.3940, MS_SSIM:0.576691
Training Complete in 4421.8566s, Eval time:0.06493604s, FPS:15.3998, Best PSNR: 22.3839
0001: 5376x5760, PSNR:19.3940, MS-SSIM:0.5767, Training:4421.8566s, Eval:0.06493604s, FPS:15.3998
Processing image 2: 0138.png
Image Shape:  torch.Size([1920, 2880])
Num Points: 118491 | Compression Ratio: 20
Processing image of size: 1920x2880
Processing in 1x2 chunks of size 2048x2048
Initialized 59245 Gaussians successfully
Current Points:  74056
Current Points:  88867
Current Points:  103678
Current Points:  118489
Current Points:  118491
Current Points:  118491
Current Points:  118491
Current Points:  118491
Current Points:  118491
Current Points:  118491
Current Points:  118491
Current Points:  118491
Current Points:  118491
Current Points:  118491
Current Points:  118491
Current Points:  118491
Current Points:  118491
Current Points:  118491
Current Points:  118491
Current Points:  118491
Current Points:  118491
Current Points:  118491
Current Points:  118491
Current Points:  118491
Current Points:  118491
Current Points:  118491
Current Points:  118491
Current Points:  118491
Current Points:  118491
Current Points:  118491
Current Points:  118491
Current Points:  118491
Current Points:  118491
Current Points:  118491
Current Points:  118491
Current Points:  118491
Current Points:  118491
Current Points:  118491
Current Points:  118491
Current Points:  118491
Current Points:  118491
Current Points:  118491
Current Points:  118491
Current Points:  118491
Current Points:  118491
Current Points:  118491
Current Points:  118491
Current Points:  118491
Current Points:  118491
Current Points:  118491
Current Points:  118491
Current Points:  118491
Current Points:  118491
Current Points:  118491
Current Points:  118491
Current Points:  118491
Current Points:  118491
Current Points:  118491
Current Points:  118491
Current Points:  118491
Current Points:  118491
Current Points:  118491
Current Points:  118491
Current Points:  118491
Current Points:  118491
Current Points:  118491
Current Points:  118491
Current Points:  118491
Current Points:  118491
Current Points:  118491
Current Points:  118491
Current Points:  118491
Current Points:  118491
Current Points:  118491
Current Points:  118491
Current Points:  118491
Current Points:  118491
Current Points:  118491
Current Points:  118491
Current Points:  118491
Current Points:  118491
Current Points:  118491
Current Points:  118491
Current Points:  118491
Current Points:  118491
Current Points:  118491
Current Points:  118491
Current Points:  118491
Current Points:  118491
Current Points:  118491
Current Points:  118491
Current Points:  118491
Current Points:  118491
Current Points:  118491
Current Points:  118491
Current Points:  118491
Current Points:  118491
Current Points:  118491
Current Points:  118491
Test PSNR:24.0170, MS_SSIM:0.620751
Training Complete in 761.4667s, Eval time:0.00982450s, FPS:101.7863, Best PSNR: 25.1134
0138: 1920x2880, PSNR:24.0170, MS-SSIM:0.6208, Training:761.4667s, Eval:0.00982450s, FPS:101.7863
Processing image 3: 0491.png
Image Shape:  torch.Size([5376, 6720])
Num Points: 774144 | Compression Ratio: 20
Processing image of size: 5376x6720
Processing in 3x4 chunks of size 2048x2048
Initialized 387072 Gaussians successfully
Current Points:  483840
Current Points:  580608
Current Points:  677376
Current Points:  774144
Current Points:  774144
Current Points:  774144
Current Points:  774144
Current Points:  774144
Current Points:  774144
Current Points:  774144
Current Points:  774144
Current Points:  774144
Current Points:  774144
Current Points:  774144
Current Points:  774144
Current Points:  774144
Current Points:  774144
Current Points:  774144
Current Points:  774144
Current Points:  774144
Current Points:  774144
Current Points:  774144
Current Points:  774144
Current Points:  774144
Current Points:  774144
Current Points:  774144
Current Points:  774144
Current Points:  774144
Current Points:  774144
Current Points:  774144
Current Points:  774144
Current Points:  774144
Current Points:  774144
Current Points:  774144
Current Points:  774144
Current Points:  774144
Current Points:  774144
Current Points:  774144
Current Points:  774144
Current Points:  774144
Current Points:  774144
Current Points:  774144
Current Points:  774144
Current Points:  774144
Current Points:  774144
Current Points:  774144
Current Points:  774144
Current Points:  774144
Current Points:  774144
Current Points:  774144
Current Points:  774144
Current Points:  774144
Current Points:  774144
Current Points:  774144
Current Points:  774144
Current Points:  774144
Current Points:  774144
Current Points:  774144
Current Points:  774144
Current Points:  774144
Current Points:  774144
Current Points:  774144
Current Points:  774144
Current Points:  774144
Current Points:  774144
Current Points:  774144
Current Points:  774144
Current Points:  774144
Current Points:  774144
Current Points:  774144
Current Points:  774144
Current Points:  774144
Current Points:  774144
Current Points:  774144
Current Points:  774144
Current Points:  774144
Current Points:  774144
Current Points:  774144
Current Points:  774144
Current Points:  774144
Current Points:  774144
Current Points:  774144
Current Points:  774144
Current Points:  774144
Current Points:  774144
Current Points:  774144
Current Points:  774144
Current Points:  774144
Current Points:  774144
Current Points:  774144
Current Points:  774144
Current Points:  774144
Current Points:  774144
Current Points:  774144
Current Points:  774144
Current Points:  774144
Current Points:  774144
Current Points:  774144
Current Points:  774144
Test PSNR:19.1312, MS_SSIM:0.564906
Training Complete in 5022.3979s, Eval time:0.05897095s, FPS:16.9575, Best PSNR: 20.2381
0491: 5376x6720, PSNR:19.1312, MS-SSIM:0.5649, Training:5022.3979s, Eval:0.05897095s, FPS:16.9575
Processing image 4: 0536.png
Image Shape:  torch.Size([6720, 5184])
Num Points: 746496 | Compression Ratio: 20
Processing image of size: 6720x5184
Processing in 4x3 chunks of size 2048x2048
Initialized 373248 Gaussians successfully
Current Points:  466560
Current Points:  559872
Current Points:  653184
Current Points:  746496
Current Points:  746496
Current Points:  746496
Current Points:  746496
Current Points:  746496
Current Points:  746496
Current Points:  746496
Current Points:  746496
Current Points:  746496
Current Points:  746496
Current Points:  746496
Current Points:  746496
Current Points:  746496
Current Points:  746496
Current Points:  746496
Current Points:  746496
Current Points:  746496
Current Points:  746496
Current Points:  746496
Current Points:  746496
Current Points:  746496
Current Points:  746496
Current Points:  746496
Current Points:  746496
Current Points:  746496
Current Points:  746496
Current Points:  746496
Current Points:  746496
Current Points:  746496
Current Points:  746496
Current Points:  746496
Current Points:  746496
Current Points:  746496
Current Points:  746496
Current Points:  746496
Current Points:  746496
Current Points:  746496
Current Points:  746496
Current Points:  746496
Current Points:  746496
Current Points:  746496
Current Points:  746496
Current Points:  746496
Current Points:  746496
Current Points:  746496
Current Points:  746496
Current Points:  746496
Current Points:  746496
Current Points:  746496
Current Points:  746496
Current Points:  746496
Current Points:  746496
Current Points:  746496
Current Points:  746496
Current Points:  746496
Current Points:  746496
Current Points:  746496
Current Points:  746496
Current Points:  746496
Current Points:  746496
Current Points:  746496
Current Points:  746496
Current Points:  746496
Current Points:  746496
Current Points:  746496
Current Points:  746496
Current Points:  746496
Current Points:  746496
Current Points:  746496
Current Points:  746496
Current Points:  746496
Current Points:  746496
Current Points:  746496
Current Points:  746496
Current Points:  746496
Current Points:  746496
Current Points:  746496
Current Points:  746496
Current Points:  746496
Current Points:  746496
Current Points:  746496
Current Points:  746496
Current Points:  746496
Current Points:  746496
Current Points:  746496
Current Points:  746496
Current Points:  746496
Current Points:  746496
Current Points:  746496
Current Points:  746496
Current Points:  746496
Current Points:  746496
Current Points:  746496
Current Points:  746496
Current Points:  746496
Current Points:  746496
Test PSNR:17.6887, MS_SSIM:0.528024
Training Complete in 4924.6796s, Eval time:0.05712344s, FPS:17.5059, Best PSNR: 18.0294
0536: 6720x5184, PSNR:17.6887, MS-SSIM:0.5280, Training:4924.6796s, Eval:0.05712344s, FPS:17.5059
Processing image 5: 0666.png
Image Shape:  torch.Size([6720, 6720])
Num Points: 967680 | Compression Ratio: 20
Processing image of size: 6720x6720
Processing in 4x4 chunks of size 2048x2048
Initialized 483840 Gaussians successfully
Current Points:  604800
Current Points:  725760
Current Points:  846720
Current Points:  967680
Current Points:  967680
Current Points:  967680
Current Points:  967680
Current Points:  967680
Current Points:  967680
Current Points:  967680
Current Points:  967680
Current Points:  967680
Current Points:  967680
Current Points:  967680
Current Points:  967680
Current Points:  967680
Current Points:  967680
Current Points:  967680
Current Points:  967680
Current Points:  967680
Current Points:  967680
Current Points:  967680
Current Points:  967680
Current Points:  967680
Current Points:  967680
Current Points:  967680
Current Points:  967680
Current Points:  967680
Current Points:  967680
Current Points:  967680
Current Points:  967680
Current Points:  967680
Current Points:  967680
Current Points:  967680
Current Points:  967680
Current Points:  967680
Current Points:  967680
Current Points:  967680
Current Points:  967680
Current Points:  967680
Current Points:  967680
Current Points:  967680
Current Points:  967680
Current Points:  967680
Current Points:  967680
Current Points:  967680
Current Points:  967680
Current Points:  967680
Current Points:  967680
Current Points:  967680
Current Points:  967680
Current Points:  967680
Current Points:  967680
Current Points:  967680
Current Points:  967680
Current Points:  967680
Current Points:  967680
Current Points:  967680
Current Points:  967680
Current Points:  967680
Current Points:  967680
Current Points:  967680
Current Points:  967680
Current Points:  967680
Current Points:  967680
Current Points:  967680
Current Points:  967680
Current Points:  967680
Current Points:  967680
Current Points:  967680
Current Points:  967680
Current Points:  967680
Current Points:  967680
Current Points:  967680
Current Points:  967680
Current Points:  967680
Current Points:  967680
Current Points:  967680
Current Points:  967680
Current Points:  967680
Current Points:  967680
Current Points:  967680
Current Points:  967680
Current Points:  967680
Current Points:  967680
Current Points:  967680
Current Points:  967680
Current Points:  967680
Current Points:  967680
Current Points:  967680
Current Points:  967680
Current Points:  967680
Current Points:  967680
Current Points:  967680
Current Points:  967680
Current Points:  967680
Current Points:  967680
Current Points:  967680
Current Points:  967680
Test PSNR:17.0834, MS_SSIM:0.479974
Training Complete in 6045.6928s, Eval time:0.07182434s, FPS:13.9229, Best PSNR: 19.4326
0666: 6720x6720, PSNR:17.0834, MS-SSIM:0.4800, Training:6045.6928s, Eval:0.07182434s, FPS:13.9229
Processing image 6: 0849.png
Image Shape:  torch.Size([6720, 4416])
Num Points: 635904 | Compression Ratio: 20
Processing image of size: 6720x4416
Processing in 4x3 chunks of size 2048x2048
Initialized 317952 Gaussians successfully
Current Points:  397440
Current Points:  476928
Current Points:  556416
Current Points:  635904
Current Points:  635904
Current Points:  635904
Current Points:  635904
Current Points:  635904
Current Points:  635904
Current Points:  635904
Current Points:  635904
Current Points:  635904
Current Points:  635904
Current Points:  635904
Current Points:  635904
Current Points:  635904
Current Points:  635904
Current Points:  635904
Current Points:  635904
Current Points:  635904
Current Points:  635904
Current Points:  635904
Current Points:  635904
Current Points:  635904
Current Points:  635904
Current Points:  635904
Current Points:  635904
Current Points:  635904
Current Points:  635904
Current Points:  635904
Current Points:  635904
Current Points:  635904
Current Points:  635904
Current Points:  635904
Current Points:  635904
Current Points:  635904
Current Points:  635904
Current Points:  635904
Current Points:  635904
Current Points:  635904
Current Points:  635904
Current Points:  635904
Current Points:  635904
Current Points:  635904
Current Points:  635904
Current Points:  635904
Current Points:  635904
Current Points:  635904
Current Points:  635904
Current Points:  635904
Current Points:  635904
Current Points:  635904
Current Points:  635904
Current Points:  635904
Current Points:  635904
Current Points:  635904
Current Points:  635904
Current Points:  635904
Current Points:  635904
Current Points:  635904
Current Points:  635904
Current Points:  635904
Current Points:  635904
Current Points:  635904
Current Points:  635904
Current Points:  635904
Current Points:  635904
Current Points:  635904
Current Points:  635904
Current Points:  635904
Current Points:  635904
Current Points:  635904
Current Points:  635904
Current Points:  635904
Current Points:  635904
Current Points:  635904
Current Points:  635904
Current Points:  635904
Current Points:  635904
Current Points:  635904
Current Points:  635904
Current Points:  635904
Current Points:  635904
Current Points:  635904
Current Points:  635904
Current Points:  635904
Current Points:  635904
Current Points:  635904
Current Points:  635904
Current Points:  635904
Current Points:  635904
Current Points:  635904
Current Points:  635904
Current Points:  635904
Current Points:  635904
Current Points:  635904
Current Points:  635904
Current Points:  635904
Current Points:  635904
Test PSNR:19.5419, MS_SSIM:0.531344
Training Complete in 4055.8440s, Eval time:0.04643919s, FPS:21.5335, Best PSNR: 21.4901
0849: 6720x4416, PSNR:19.5419, MS-SSIM:0.5313, Training:4055.8440s, Eval:0.04643919s, FPS:21.5335
Processing image 7: 0952.png
Image Shape:  torch.Size([3840, 6720])
Num Points: 552960 | Compression Ratio: 20
Processing image of size: 3840x6720
Processing in 2x4 chunks of size 2048x2048
Initialized 276480 Gaussians successfully
Current Points:  345600
Current Points:  414720
Current Points:  483840
Current Points:  552960
Current Points:  552960
Current Points:  552960
Current Points:  552960
Current Points:  552960
Current Points:  552960
Current Points:  552960
Current Points:  552960
Current Points:  552960
Current Points:  552960
Current Points:  552960
Current Points:  552960
Current Points:  552960
Current Points:  552960
Current Points:  552960
Current Points:  552960
Current Points:  552960
Current Points:  552960
Current Points:  552960
Current Points:  552960
Current Points:  552960
Current Points:  552960
Current Points:  552960
Current Points:  552960
Current Points:  552960
Current Points:  552960
Current Points:  552960
Current Points:  552960
Current Points:  552960
Current Points:  552960
Current Points:  552960
Current Points:  552960
Current Points:  552960
Current Points:  552960
Current Points:  552960
Current Points:  552960
Current Points:  552960
Current Points:  552960
Current Points:  552960
Current Points:  552960
Current Points:  552960
Current Points:  552960
Current Points:  552960
Current Points:  552960
Current Points:  552960
Current Points:  552960
Current Points:  552960
Current Points:  552960
Current Points:  552960
Current Points:  552960
Current Points:  552960
Current Points:  552960
Current Points:  552960
Current Points:  552960
Current Points:  552960
Current Points:  552960
Current Points:  552960
Current Points:  552960
Current Points:  552960
Current Points:  552960
Current Points:  552960
Current Points:  552960
Current Points:  552960
Current Points:  552960
Current Points:  552960
Current Points:  552960
Current Points:  552960
Current Points:  552960
Current Points:  552960
Current Points:  552960
Current Points:  552960
Current Points:  552960
Current Points:  552960
Current Points:  552960
Current Points:  552960
Current Points:  552960
Current Points:  552960
Current Points:  552960
Current Points:  552960
Current Points:  552960
Current Points:  552960
Current Points:  552960
Current Points:  552960
Current Points:  552960
Current Points:  552960
Current Points:  552960
Current Points:  552960
Current Points:  552960
Current Points:  552960
Current Points:  552960
Current Points:  552960
Current Points:  552960
Current Points:  552960
Current Points:  552960
Current Points:  552960
Current Points:  552960
Test PSNR:20.9911, MS_SSIM:0.549150
Training Complete in 3619.5704s, Eval time:0.04224055s, FPS:23.6739, Best PSNR: 22.7211
0952: 3840x6720, PSNR:20.9911, MS-SSIM:0.5492, Training:3619.5704s, Eval:0.04224055s, FPS:23.6739
Processing image 8: 1040.png
Image Shape:  torch.Size([4416, 6720])
Num Points: 635904 | Compression Ratio: 20
Processing image of size: 4416x6720
Processing in 3x4 chunks of size 2048x2048
Initialized 317952 Gaussians successfully
Current Points:  397440
Current Points:  476928
Current Points:  556416
Current Points:  635904
Current Points:  635904
Current Points:  635904
Current Points:  635904
Current Points:  635904
Current Points:  635904
Current Points:  635904
Current Points:  635904
Current Points:  635904
Current Points:  635904
Current Points:  635904
Current Points:  635904
Current Points:  635904
Current Points:  635904
Current Points:  635904
Current Points:  635904
Current Points:  635904
Current Points:  635904
Current Points:  635904
Current Points:  635904
Current Points:  635904
Current Points:  635904
Current Points:  635904
Current Points:  635904
Current Points:  635904
Current Points:  635904
Current Points:  635904
Current Points:  635904
Current Points:  635904
Current Points:  635904
Current Points:  635904
Current Points:  635904
Current Points:  635904
Current Points:  635904
Current Points:  635904
Current Points:  635904
Current Points:  635904
Current Points:  635904
Current Points:  635904
Current Points:  635904
Current Points:  635904
Current Points:  635904
Current Points:  635904
Current Points:  635904
Current Points:  635904
Current Points:  635904
Current Points:  635904
Current Points:  635904
Current Points:  635904
Current Points:  635904
Current Points:  635904
Current Points:  635904
Current Points:  635904
Current Points:  635904
Current Points:  635904
Current Points:  635904
Current Points:  635904
Current Points:  635904
Current Points:  635904
Current Points:  635904
Current Points:  635904
Current Points:  635904
Current Points:  635904
Current Points:  635904
Current Points:  635904
Current Points:  635904
Current Points:  635904
Current Points:  635904
Current Points:  635904
Current Points:  635904
Current Points:  635904
Current Points:  635904
Current Points:  635904
Current Points:  635904
Current Points:  635904
Current Points:  635904
Current Points:  635904
Current Points:  635904
Current Points:  635904
Current Points:  635904
Current Points:  635904
Current Points:  635904
Current Points:  635904
Current Points:  635904
Current Points:  635904
Current Points:  635904
Current Points:  635904
Current Points:  635904
Current Points:  635904
Current Points:  635904
Current Points:  635904
Current Points:  635904
Current Points:  635904
Current Points:  635904
Current Points:  635904
Current Points:  635904
Test PSNR:18.7842, MS_SSIM:0.523358
Training Complete in 4154.7736s, Eval time:0.04798932s, FPS:20.8380, Best PSNR: 19.9200
1040: 4416x6720, PSNR:18.7842, MS-SSIM:0.5234, Training:4154.7736s, Eval:0.04798932s, FPS:20.8380
Processing image 9: 1067.png
Image Shape:  torch.Size([4416, 6720])
Num Points: 635904 | Compression Ratio: 20
Processing image of size: 4416x6720
Processing in 3x4 chunks of size 2048x2048
Initialized 317952 Gaussians successfully
Current Points:  397440
Current Points:  476928
Current Points:  556416
Current Points:  635904
Current Points:  635904
Current Points:  635904
Current Points:  635904
Current Points:  635904
Current Points:  635904
Current Points:  635904
Current Points:  635904
Current Points:  635904
Current Points:  635904
Current Points:  635904
Current Points:  635904
Current Points:  635904
Current Points:  635904
Current Points:  635904
Current Points:  635904
Current Points:  635904
Current Points:  635904
Current Points:  635904
Current Points:  635904
Current Points:  635904
Current Points:  635904
Current Points:  635904
Current Points:  635904
Current Points:  635904
Current Points:  635904
Current Points:  635904
Current Points:  635904
Current Points:  635904
Current Points:  635904
Current Points:  635904
Current Points:  635904
Current Points:  635904
Current Points:  635904
Current Points:  635904
Current Points:  635904
Current Points:  635904
Current Points:  635904
Current Points:  635904
Current Points:  635904
Current Points:  635904
Current Points:  635904
Current Points:  635904
Current Points:  635904
Current Points:  635904
Current Points:  635904
Current Points:  635904
Current Points:  635904
Current Points:  635904
Current Points:  635904
Current Points:  635904
Current Points:  635904
Current Points:  635904
Current Points:  635904
Current Points:  635904
Current Points:  635904
Current Points:  635904
Current Points:  635904
Current Points:  635904
Current Points:  635904
Current Points:  635904
Current Points:  635904
Current Points:  635904
Current Points:  635904
Current Points:  635904
Current Points:  635904
Current Points:  635904
Current Points:  635904
Current Points:  635904
Current Points:  635904
Current Points:  635904
Current Points:  635904
Current Points:  635904
Current Points:  635904
Current Points:  635904
Current Points:  635904
Current Points:  635904
Current Points:  635904
Current Points:  635904
Current Points:  635904
Current Points:  635904
Current Points:  635904
Current Points:  635904
Current Points:  635904
Current Points:  635904
Current Points:  635904
Current Points:  635904
Current Points:  635904
Current Points:  635904
Current Points:  635904
Current Points:  635904
Current Points:  635904
Current Points:  635904
Current Points:  635904
Current Points:  635904
Current Points:  635904
Test PSNR:20.2451, MS_SSIM:0.609029
Training Complete in 4193.5205s, Eval time:0.04829683s, FPS:20.7053, Best PSNR: 21.7355
1067: 4416x6720, PSNR:20.2451, MS-SSIM:0.6090, Training:4193.5205s, Eval:0.04829683s, FPS:20.7053
Processing image 10: 1107.png
Image Shape:  torch.Size([6720, 4416])
Num Points: 635904 | Compression Ratio: 20
Processing image of size: 6720x4416
Processing in 4x3 chunks of size 2048x2048
Initialized 317952 Gaussians successfully
Current Points:  397440
Current Points:  476928
Current Points:  556416
Current Points:  635904
Current Points:  635904
Current Points:  635904
Current Points:  635904
Current Points:  635904
Current Points:  635904
Current Points:  635904
Current Points:  635904
Current Points:  635904
Current Points:  635904
Current Points:  635904
Current Points:  635904
Current Points:  635904
Current Points:  635904
Current Points:  635904
Current Points:  635904
Current Points:  635904
Current Points:  635904
Current Points:  635904
Current Points:  635904
Current Points:  635904
Current Points:  635904
Current Points:  635904
Current Points:  635904
Current Points:  635904
Current Points:  635904
Current Points:  635904
Current Points:  635904
Current Points:  635904
Current Points:  635904
Current Points:  635904
Current Points:  635904
Current Points:  635904
Current Points:  635904
Current Points:  635904
Current Points:  635904
Current Points:  635904
Current Points:  635904
Current Points:  635904
Current Points:  635904
Current Points:  635904
Current Points:  635904
Current Points:  635904
Current Points:  635904
Current Points:  635904
Current Points:  635904
Current Points:  635904
Current Points:  635904
Current Points:  635904
Current Points:  635904
Current Points:  635904
Current Points:  635904
Current Points:  635904
Current Points:  635904
Current Points:  635904
Current Points:  635904
Current Points:  635904
Current Points:  635904
Current Points:  635904
Current Points:  635904
Current Points:  635904
Current Points:  635904
Current Points:  635904
Current Points:  635904
Current Points:  635904
Current Points:  635904
Current Points:  635904
Current Points:  635904
Current Points:  635904
Current Points:  635904
Current Points:  635904
Current Points:  635904
Current Points:  635904
Current Points:  635904
Current Points:  635904
Current Points:  635904
Current Points:  635904
Current Points:  635904
Current Points:  635904
Current Points:  635904
Current Points:  635904
Current Points:  635904
Current Points:  635904
Current Points:  635904
Current Points:  635904
Current Points:  635904
Current Points:  635904
Current Points:  635904
Current Points:  635904
Current Points:  635904
Current Points:  635904
Current Points:  635904
Current Points:  635904
Current Points:  635904
Current Points:  635904
Current Points:  635904
Test PSNR:17.3446, MS_SSIM:0.573511
Training Complete in 4121.2556s, Eval time:0.05353216s, FPS:18.6804, Best PSNR: 21.2330
1107: 6720x4416, PSNR:17.3446, MS-SSIM:0.5735, Training:4121.2556s, Eval:0.05353216s, FPS:18.6804
Processing image 11: 1268.png
Image Shape:  torch.Size([4608, 6720])
Num Points: 663552 | Compression Ratio: 20
Processing image of size: 4608x6720
Processing in 3x4 chunks of size 2048x2048
Initialized 331776 Gaussians successfully
Current Points:  414720
Current Points:  497664
Current Points:  580608
Current Points:  663552
Current Points:  663552
Current Points:  663552
Current Points:  663552
Current Points:  663552
Current Points:  663552
Current Points:  663552
Current Points:  663552
Current Points:  663552
Current Points:  663552
Current Points:  663552
Current Points:  663552
Current Points:  663552
Current Points:  663552
Current Points:  663552
Current Points:  663552
Current Points:  663552
Current Points:  663552
Current Points:  663552
Current Points:  663552
Current Points:  663552
Current Points:  663552
Current Points:  663552
Current Points:  663552
Current Points:  663552
Current Points:  663552
Current Points:  663552
Current Points:  663552
Current Points:  663552
Current Points:  663552
Current Points:  663552
Current Points:  663552
Current Points:  663552
Current Points:  663552
Current Points:  663552
Current Points:  663552
Current Points:  663552
Current Points:  663552
Current Points:  663552
Current Points:  663552
Current Points:  663552
Current Points:  663552
Current Points:  663552
Current Points:  663552
Current Points:  663552
Current Points:  663552
Current Points:  663552
Current Points:  663552
Current Points:  663552
Current Points:  663552
Current Points:  663552
Current Points:  663552
Current Points:  663552
Current Points:  663552
Current Points:  663552
Current Points:  663552
Current Points:  663552
Current Points:  663552
Current Points:  663552
Current Points:  663552
Current Points:  663552
Current Points:  663552
Current Points:  663552
Current Points:  663552
Current Points:  663552
Current Points:  663552
Current Points:  663552
Current Points:  663552
Current Points:  663552
Current Points:  663552
Current Points:  663552
Current Points:  663552
Current Points:  663552
Current Points:  663552
Current Points:  663552
Current Points:  663552
Current Points:  663552
Current Points:  663552
Current Points:  663552
Current Points:  663552
Current Points:  663552
Current Points:  663552
Current Points:  663552
Current Points:  663552
Current Points:  663552
Current Points:  663552
Current Points:  663552
Current Points:  663552
Current Points:  663552
Current Points:  663552
Current Points:  663552
Current Points:  663552
Current Points:  663552
Current Points:  663552
Current Points:  663552
Current Points:  663552
Test PSNR:18.4558, MS_SSIM:0.526685
Training Complete in 4490.5423s, Eval time:0.06837969s, FPS:14.6242, Best PSNR: 20.8785
1268: 4608x6720, PSNR:18.4558, MS-SSIM:0.5267, Training:4490.5423s, Eval:0.06837969s, FPS:14.6242
Processing image 12: 1280.png
Image Shape:  torch.Size([3840, 6720])
Num Points: 552960 | Compression Ratio: 20
Processing image of size: 3840x6720
Processing in 2x4 chunks of size 2048x2048
Initialized 276480 Gaussians successfully
Current Points:  345600
Current Points:  414720
Current Points:  483840
Current Points:  552960
Current Points:  552960
Current Points:  552960
Current Points:  552960
Current Points:  552960
Current Points:  552960
Current Points:  552960
Current Points:  552960
Current Points:  552960
Current Points:  552960
Current Points:  552960
Current Points:  552960
Current Points:  552960
Current Points:  552960
Current Points:  552960
Current Points:  552960
Current Points:  552960
Current Points:  552960
Current Points:  552960
Current Points:  552960
Current Points:  552960
Current Points:  552960
Current Points:  552960
Current Points:  552960
Current Points:  552960
Current Points:  552960
Current Points:  552960
Current Points:  552960
Current Points:  552960
Current Points:  552960
Current Points:  552960
Current Points:  552960
Current Points:  552960
Current Points:  552960
Current Points:  552960
Current Points:  552960
Current Points:  552960
Current Points:  552960
Current Points:  552960
Current Points:  552960
Current Points:  552960
Current Points:  552960
Current Points:  552960
Current Points:  552960
Current Points:  552960
Current Points:  552960
Current Points:  552960
Current Points:  552960
Current Points:  552960
Current Points:  552960
Current Points:  552960
Current Points:  552960
Current Points:  552960
Current Points:  552960
Current Points:  552960
Current Points:  552960
Current Points:  552960
Current Points:  552960
Current Points:  552960
Current Points:  552960
Current Points:  552960
Current Points:  552960
Current Points:  552960
Current Points:  552960
Current Points:  552960
Current Points:  552960
Current Points:  552960
Current Points:  552960
Current Points:  552960
Current Points:  552960
Current Points:  552960
Current Points:  552960
Current Points:  552960
Current Points:  552960
Current Points:  552960
Current Points:  552960
Current Points:  552960
Current Points:  552960
Current Points:  552960
Current Points:  552960
Current Points:  552960
Current Points:  552960
Current Points:  552960
Current Points:  552960
Current Points:  552960
Current Points:  552960
Current Points:  552960
Current Points:  552960
Current Points:  552960
Current Points:  552960
Current Points:  552960
Current Points:  552960
Current Points:  552960
Current Points:  552960
Current Points:  552960
Current Points:  552960
Test PSNR:19.7124, MS_SSIM:0.593730
Training Complete in 3614.5575s, Eval time:0.04119853s, FPS:24.2727, Best PSNR: 21.1120
1280: 3840x6720, PSNR:19.7124, MS-SSIM:0.5937, Training:3614.5575s, Eval:0.04119853s, FPS:24.2727
Processing image 13: 1329.png
Image Shape:  torch.Size([4992, 6720])
Num Points: 718848 | Compression Ratio: 20
Processing image of size: 4992x6720
Processing in 3x4 chunks of size 2048x2048
Initialized 359424 Gaussians successfully
Current Points:  449280
Current Points:  539136
Current Points:  628992
Current Points:  718848
Current Points:  718848
Current Points:  718848
Current Points:  718848
Current Points:  718848
Current Points:  718848
Current Points:  718848
Current Points:  718848
Current Points:  718848
Current Points:  718848
Current Points:  718848
Current Points:  718848
Current Points:  718848
Current Points:  718848
Current Points:  718848
Current Points:  718848
Current Points:  718848
Current Points:  718848
Current Points:  718848
Current Points:  718848
Current Points:  718848
Current Points:  718848
Current Points:  718848
Current Points:  718848
Current Points:  718848
Current Points:  718848
Current Points:  718848
Current Points:  718848
Current Points:  718848
Current Points:  718848
Current Points:  718848
Current Points:  718848
Current Points:  718848
Current Points:  718848
Current Points:  718848
Current Points:  718848
Current Points:  718848
Current Points:  718848
Current Points:  718848
Current Points:  718848
Current Points:  718848
Current Points:  718848
Current Points:  718848
Current Points:  718848
Current Points:  718848
Current Points:  718848
Current Points:  718848
Current Points:  718848
Current Points:  718848
Current Points:  718848
Current Points:  718848
Current Points:  718848
Current Points:  718848
Current Points:  718848
Current Points:  718848
Current Points:  718848
Current Points:  718848
Current Points:  718848
Current Points:  718848
Current Points:  718848
Current Points:  718848
Current Points:  718848
Current Points:  718848
Current Points:  718848
Current Points:  718848
Current Points:  718848
Current Points:  718848
Current Points:  718848
Current Points:  718848
Current Points:  718848
Current Points:  718848
Current Points:  718848
Current Points:  718848
Current Points:  718848
Current Points:  718848
Current Points:  718848
Current Points:  718848
Current Points:  718848
Current Points:  718848
Current Points:  718848
Current Points:  718848
Current Points:  718848
Current Points:  718848
Current Points:  718848
Current Points:  718848
Current Points:  718848
Current Points:  718848
Current Points:  718848
Current Points:  718848
Current Points:  718848
Current Points:  718848
Current Points:  718848
Current Points:  718848
Current Points:  718848
Current Points:  718848
Current Points:  718848
Test PSNR:13.5612, MS_SSIM:0.474001
Training Complete in 4661.8139s, Eval time:0.06158831s, FPS:16.2368, Best PSNR: 22.2944
1329: 4992x6720, PSNR:13.5612, MS-SSIM:0.4740, Training:4661.8139s, Eval:0.06158831s, FPS:16.2368
Processing image 14: 1404.png
Image Shape:  torch.Size([7680, 4992])
Num Points: 821540 | Compression Ratio: 20
Processing image of size: 7680x4992
Processing in 4x3 chunks of size 2048x2048
Initialized 410770 Gaussians successfully
Current Points:  513462
Current Points:  616154
Current Points:  718846
Current Points:  821538
Current Points:  821540
Current Points:  821540
Current Points:  821540
Current Points:  821540
Current Points:  821540
Current Points:  821540
Current Points:  821540
Current Points:  821540
Current Points:  821540
Current Points:  821540
Current Points:  821540
Current Points:  821540
Current Points:  821540
Current Points:  821540
Current Points:  821540
Current Points:  821540
Current Points:  821540
Current Points:  821540
Current Points:  821540
Current Points:  821540
Current Points:  821540
Current Points:  821540
Current Points:  821540
Current Points:  821540
Current Points:  821540
Current Points:  821540
Current Points:  821540
Current Points:  821540
Current Points:  821540
Current Points:  821540
Current Points:  821540
Current Points:  821540
Current Points:  821540
Current Points:  821540
Current Points:  821540
Current Points:  821540
Current Points:  821540
Current Points:  821540
Current Points:  821540
Current Points:  821540
Current Points:  821540
Current Points:  821540
Current Points:  821540
Current Points:  821540
Current Points:  821540
Current Points:  821540
Current Points:  821540
Current Points:  821540
Current Points:  821540
Current Points:  821540
Current Points:  821540
Current Points:  821540
Current Points:  821540
Current Points:  821540
Current Points:  821540
Current Points:  821540
Current Points:  821540
Current Points:  821540
Current Points:  821540
Current Points:  821540
Current Points:  821540
Current Points:  821540
Current Points:  821540
Current Points:  821540
Current Points:  821540
Current Points:  821540
Current Points:  821540
Current Points:  821540
Current Points:  821540
Current Points:  821540
Current Points:  821540
Current Points:  821540
Current Points:  821540
Current Points:  821540
Current Points:  821540
Current Points:  821540
Current Points:  821540
Current Points:  821540
Current Points:  821540
Current Points:  821540
Current Points:  821540
Current Points:  821540
Current Points:  821540
Current Points:  821540
Current Points:  821540
Current Points:  821540
Current Points:  821540
Current Points:  821540
Current Points:  821540
Current Points:  821540
Current Points:  821540
Current Points:  821540
Current Points:  821540
Current Points:  821540
Current Points:  821540
Test PSNR:20.3432, MS_SSIM:0.698836
Training Complete in 5759.8660s, Eval time:0.10116177s, FPS:9.8852, Best PSNR: 24.5486
1404: 7680x4992, PSNR:20.3432, MS-SSIM:0.6988, Training:5759.8660s, Eval:0.10116177s, FPS:9.8852
Processing image 15: 1447.png
Image Shape:  torch.Size([5952, 7680])
Num Points: 979529 | Compression Ratio: 20
Processing image of size: 5952x7680
Processing in 3x4 chunks of size 2048x2048
Initialized 489764 Gaussians successfully
Current Points:  612205
Current Points:  734646
Current Points:  857087
Current Points:  979528
Current Points:  979529
Current Points:  979529
Current Points:  979529
Current Points:  979529
Current Points:  979529
Current Points:  979529
Current Points:  979529
Current Points:  979529
Current Points:  979529
Current Points:  979529
Current Points:  979529
Current Points:  979529
Current Points:  979529
Current Points:  979529
Current Points:  979529
Current Points:  979529
Current Points:  979529
Current Points:  979529
Current Points:  979529
Current Points:  979529
Current Points:  979529
Current Points:  979529
Current Points:  979529
Current Points:  979529
Current Points:  979529
Current Points:  979529
Current Points:  979529
Current Points:  979529
Current Points:  979529
Current Points:  979529
Current Points:  979529
Current Points:  979529
Current Points:  979529
Current Points:  979529
Current Points:  979529
Current Points:  979529
Current Points:  979529
Current Points:  979529
Current Points:  979529
Current Points:  979529
Current Points:  979529
Current Points:  979529
Current Points:  979529
Current Points:  979529
Current Points:  979529
Current Points:  979529
Current Points:  979529
Current Points:  979529
Current Points:  979529
Current Points:  979529
Current Points:  979529
Current Points:  979529
Current Points:  979529
Current Points:  979529
Current Points:  979529
Current Points:  979529
Current Points:  979529
Current Points:  979529
Current Points:  979529
Current Points:  979529
Current Points:  979529
Current Points:  979529
Current Points:  979529
Current Points:  979529
Current Points:  979529
Current Points:  979529
Current Points:  979529
Current Points:  979529
Current Points:  979529
Current Points:  979529
Current Points:  979529
Current Points:  979529
Current Points:  979529
Current Points:  979529
Current Points:  979529
Current Points:  979529
Current Points:  979529
Current Points:  979529
Current Points:  979529
Current Points:  979529
Current Points:  979529
Current Points:  979529
Current Points:  979529
Current Points:  979529
Current Points:  979529
Current Points:  979529
Current Points:  979529
Current Points:  979529
Current Points:  979529
Current Points:  979529
Current Points:  979529
Current Points:  979529
Current Points:  979529
Current Points:  979529
Current Points:  979529
Test PSNR:17.6528, MS_SSIM:0.542883
Training Complete in 6228.3024s, Eval time:0.07035241s, FPS:14.2142, Best PSNR: 18.9445
1447: 5952x7680, PSNR:17.6528, MS-SSIM:0.5429, Training:6228.3024s, Eval:0.07035241s, FPS:14.2142
Processing image 16: 1454.png
Image Shape:  torch.Size([7680, 4992])
Num Points: 821540 | Compression Ratio: 20
Processing image of size: 7680x4992
Processing in 4x3 chunks of size 2048x2048
Initialized 410770 Gaussians successfully
Current Points:  513462
Current Points:  616154
Current Points:  718846
Current Points:  821538
Current Points:  821540
Current Points:  821540
Current Points:  821540
Current Points:  821540
Current Points:  821540
Current Points:  821540
Current Points:  821540
Current Points:  821540
Current Points:  821540
Current Points:  821540
Current Points:  821540
Current Points:  821540
Current Points:  821540
Current Points:  821540
Current Points:  821540
Current Points:  821540
Current Points:  821540
Current Points:  821540
Current Points:  821540
Current Points:  821540
Current Points:  821540
Current Points:  821540
Current Points:  821540
Current Points:  821540
Current Points:  821540
Current Points:  821540
Current Points:  821540
Current Points:  821540
Current Points:  821540
Current Points:  821540
Current Points:  821540
Current Points:  821540
Current Points:  821540
Current Points:  821540
Current Points:  821540
Current Points:  821540
Current Points:  821540
Current Points:  821540
Current Points:  821540
Current Points:  821540
Current Points:  821540
Current Points:  821540
Current Points:  821540
Current Points:  821540
Current Points:  821540
Current Points:  821540
Current Points:  821540
Current Points:  821540
Current Points:  821540
Current Points:  821540
Current Points:  821540
Current Points:  821540
Current Points:  821540
Current Points:  821540
Current Points:  821540
Current Points:  821540
Current Points:  821540
Current Points:  821540
Current Points:  821540
Current Points:  821540
Current Points:  821540
Current Points:  821540
Current Points:  821540
Current Points:  821540
Current Points:  821540
Current Points:  821540
Current Points:  821540
Current Points:  821540
Current Points:  821540
Current Points:  821540
Current Points:  821540
Current Points:  821540
Current Points:  821540
Current Points:  821540
Current Points:  821540
Current Points:  821540
Current Points:  821540
Current Points:  821540
Current Points:  821540
Current Points:  821540
Current Points:  821540
Current Points:  821540
Current Points:  821540
Current Points:  821540
Current Points:  821540
Current Points:  821540
Current Points:  821540
Current Points:  821540
Current Points:  821540
Current Points:  821540
Current Points:  821540
Current Points:  821540
Current Points:  821540
Current Points:  821540
Current Points:  821540
Test PSNR:20.9642, MS_SSIM:0.619171
Training Complete in 5096.0426s, Eval time:0.06032666s, FPS:16.5764, Best PSNR: 22.9606
1454: 7680x4992, PSNR:20.9642, MS-SSIM:0.6192, Training:5096.0426s, Eval:0.06032666s, FPS:16.5764
Average: 5436x5880, PSNR:19.0569, MS-SSIM:0.5633, Training:4448.2617s, Eval:0.05651155s, FPS:22.9258
