Fri Jul 18 21:10:28 2025       
+-----------------------------------------------------------------------------------------+
| NVIDIA-SMI 550.54.14              Driver Version: 550.54.14      CUDA Version: 12.4     |
|-----------------------------------------+------------------------+----------------------+
| GPU  Name                 Persistence-M | Bus-Id          Disp.A | Volatile Uncorr. ECC |
| Fan  Temp   Perf          Pwr:Usage/Cap |           Memory-Usage | GPU-Util  Compute M. |
|                                         |                        |               MIG M. |
|=========================================+========================+======================|
|   0  NVIDIA A800-SXM4-80GB          On  |   00000000:25:00.0 Off |                    0 |
| N/A   32C    P0             58W /  400W |       0MiB /  81920MiB |      0%      Default |
|                                         |                        |             Disabled |
+-----------------------------------------+------------------------+----------------------+
                                                                                         
+-----------------------------------------------------------------------------------------+
| Processes:                                                                              |
|  GPU   GI   CI        PID   Type   Process name                              GPU Memory |
|        ID   ID                                                               Usage      |
|=========================================================================================|
|  No running processes found                                                             |
+-----------------------------------------------------------------------------------------+
Torch: 2.4.0+cu124, CUDA: True, Device: NVIDIA A800-SXM4-80GB
Training with ImageGS_RS Gaussian Image Model.......
Founding 8 Images in DIV16K Dataset .........
Processing image 1: 0810_moreDetail_x8_16320x12288.png
Image Shape:  torch.Size([12288, 16320])
Num Points: 1718915 | Compression Ratio: 50
Processing image of size: 12288x16320
Processing in 7x9 chunks of size 2048x2048
Initialized 859457 Gaussians successfully
Current Points:  1074321
Current Points:  1289185
Current Points:  1504049
Current Points:  1718913
Current Points:  1718915
Current Points:  1718915
Current Points:  1718915
Current Points:  1718915
Current Points:  1718915
Current Points:  1718915
Current Points:  1718915
Current Points:  1718915
Current Points:  1718915
Current Points:  1718915
Current Points:  1718915
Current Points:  1718915
Current Points:  1718915
Current Points:  1718915
Current Points:  1718915
Current Points:  1718915
Current Points:  1718915
Current Points:  1718915
Current Points:  1718915
Current Points:  1718915
Current Points:  1718915
Current Points:  1718915
Current Points:  1718915
Current Points:  1718915
Current Points:  1718915
Current Points:  1718915
Current Points:  1718915
Current Points:  1718915
Current Points:  1718915
Current Points:  1718915
Current Points:  1718915
Current Points:  1718915
Current Points:  1718915
Current Points:  1718915
Current Points:  1718915
Current Points:  1718915
Current Points:  1718915
Current Points:  1718915
Current Points:  1718915
Current Points:  1718915
Current Points:  1718915
Current Points:  1718915
Current Points:  1718915
Current Points:  1718915
Current Points:  1718915
Current Points:  1718915
Current Points:  1718915
Current Points:  1718915
Current Points:  1718915
Current Points:  1718915
Current Points:  1718915
Current Points:  1718915
Current Points:  1718915
Current Points:  1718915
Current Points:  1718915
Current Points:  1718915
Current Points:  1718915
Current Points:  1718915
Current Points:  1718915
Current Points:  1718915
Current Points:  1718915
Current Points:  1718915
Current Points:  1718915
Current Points:  1718915
Current Points:  1718915
Current Points:  1718915
Current Points:  1718915
Current Points:  1718915
Current Points:  1718915
Current Points:  1718915
Current Points:  1718915
Current Points:  1718915
Current Points:  1718915
Current Points:  1718915
Current Points:  1718915
Current Points:  1718915
Current Points:  1718915
Current Points:  1718915
Current Points:  1718915
Current Points:  1718915
Current Points:  1718915
Current Points:  1718915
Current Points:  1718915
Current Points:  1718915
Current Points:  1718915
Current Points:  1718915
Current Points:  1718915
Current Points:  1718915
Current Points:  1718915
Current Points:  1718915
Current Points:  1718915
Current Points:  1718915
Current Points:  1718915
Current Points:  1718915
Current Points:  1718915
Test PSNR:19.1987, MS_SSIM:0.485947
Training Complete in 24873.1530s, Eval time:0.29462456s, FPS:3.3942, Best PSNR: 21.1614
0810_moreDetail_x8_16320x12288: 12288x16320, PSNR:19.1987, MS-SSIM:0.4859, Training:24873.1530s, Eval:0.29462456s, FPS:3.3942
Processing image 2: 0823_moreDetail_x8_16320x10272.png
Image Shape:  torch.Size([10272, 16320])
Num Points: 1436906 | Compression Ratio: 50
Processing image of size: 10272x16320
Processing in 6x9 chunks of size 2048x2048
Initialized 718453 Gaussians successfully
Current Points:  898066
Current Points:  1077679
Current Points:  1257292
Current Points:  1436905
Current Points:  1436906
Current Points:  1436906
Current Points:  1436906
Current Points:  1436906
Current Points:  1436906
Current Points:  1436906
Current Points:  1436906
Current Points:  1436906
Current Points:  1436906
Current Points:  1436906
Current Points:  1436906
Current Points:  1436906
Current Points:  1436906
Current Points:  1436906
Current Points:  1436906
Current Points:  1436906
Current Points:  1436906
Current Points:  1436906
Current Points:  1436906
Current Points:  1436906
Current Points:  1436906
Current Points:  1436906
Current Points:  1436906
Current Points:  1436906
Current Points:  1436906
Current Points:  1436906
Current Points:  1436906
Current Points:  1436906
Current Points:  1436906
Current Points:  1436906
Current Points:  1436906
Current Points:  1436906
Current Points:  1436906
Current Points:  1436906
Current Points:  1436906
Current Points:  1436906
Current Points:  1436906
Current Points:  1436906
Current Points:  1436906
Current Points:  1436906
Current Points:  1436906
Current Points:  1436906
Current Points:  1436906
Current Points:  1436906
Current Points:  1436906
Current Points:  1436906
Current Points:  1436906
Current Points:  1436906
Current Points:  1436906
Current Points:  1436906
Current Points:  1436906
Current Points:  1436906
Current Points:  1436906
Current Points:  1436906
Current Points:  1436906
Current Points:  1436906
Current Points:  1436906
Current Points:  1436906
Current Points:  1436906
Current Points:  1436906
Current Points:  1436906
Current Points:  1436906
Current Points:  1436906
Current Points:  1436906
Current Points:  1436906
Current Points:  1436906
Current Points:  1436906
Current Points:  1436906
Current Points:  1436906
Current Points:  1436906
Current Points:  1436906
Current Points:  1436906
Current Points:  1436906
Current Points:  1436906
Current Points:  1436906
Current Points:  1436906
Current Points:  1436906
Current Points:  1436906
Current Points:  1436906
Current Points:  1436906
Current Points:  1436906
Current Points:  1436906
Current Points:  1436906
Current Points:  1436906
Current Points:  1436906
Current Points:  1436906
Current Points:  1436906
Current Points:  1436906
Current Points:  1436906
Current Points:  1436906
Current Points:  1436906
Current Points:  1436906
Current Points:  1436906
Current Points:  1436906
Current Points:  1436906
Test PSNR:17.9502, MS_SSIM:0.576801
Training Complete in 21235.2500s, Eval time:0.29541042s, FPS:3.3851, Best PSNR: 22.7225
0823_moreDetail_x8_16320x10272: 10272x16320, PSNR:17.9502, MS-SSIM:0.5768, Training:21235.2500s, Eval:0.29541042s, FPS:3.3851
Processing image 3: 0826_moreDetail_x8_16320x12288.png
Image Shape:  torch.Size([12288, 16320])
Num Points: 1718915 | Compression Ratio: 50
Processing image of size: 12288x16320
Processing in 7x9 chunks of size 2048x2048
Initialized 859457 Gaussians successfully
Current Points:  1074321
Current Points:  1289185
Current Points:  1504049
Current Points:  1718913
Current Points:  1718915
Current Points:  1718915
Current Points:  1718915
Current Points:  1718915
Current Points:  1718915
Current Points:  1718915
Current Points:  1718915
Current Points:  1718915
Current Points:  1718915
Current Points:  1718915
Current Points:  1718915
Current Points:  1718915
Current Points:  1718915
Current Points:  1718915
Current Points:  1718915
Current Points:  1718915
Current Points:  1718915
Current Points:  1718915
Current Points:  1718915
Current Points:  1718915
Current Points:  1718915
Current Points:  1718915
Current Points:  1718915
Current Points:  1718915
Current Points:  1718915
Current Points:  1718915
Current Points:  1718915
Current Points:  1718915
Current Points:  1718915
Current Points:  1718915
Current Points:  1718915
Current Points:  1718915
Current Points:  1718915
Current Points:  1718915
Current Points:  1718915
Current Points:  1718915
Current Points:  1718915
Current Points:  1718915
Current Points:  1718915
Current Points:  1718915
Current Points:  1718915
Current Points:  1718915
Current Points:  1718915
Current Points:  1718915
Current Points:  1718915
Current Points:  1718915
Current Points:  1718915
Current Points:  1718915
Current Points:  1718915
Current Points:  1718915
Current Points:  1718915
Current Points:  1718915
Current Points:  1718915
Current Points:  1718915
Current Points:  1718915
Current Points:  1718915
Current Points:  1718915
Current Points:  1718915
Current Points:  1718915
Current Points:  1718915
Current Points:  1718915
Current Points:  1718915
Current Points:  1718915
Current Points:  1718915
Current Points:  1718915
Current Points:  1718915
Current Points:  1718915
Current Points:  1718915
Current Points:  1718915
Current Points:  1718915
Current Points:  1718915
Current Points:  1718915
Current Points:  1718915
Current Points:  1718915
Current Points:  1718915
Current Points:  1718915
Current Points:  1718915
Current Points:  1718915
Current Points:  1718915
Current Points:  1718915
Current Points:  1718915
Current Points:  1718915
Current Points:  1718915
Current Points:  1718915
Current Points:  1718915
Current Points:  1718915
Current Points:  1718915
Current Points:  1718915
Current Points:  1718915
Current Points:  1718915
Current Points:  1718915
Current Points:  1718915
Current Points:  1718915
Current Points:  1718915
Current Points:  1718915
Test PSNR:19.8185, MS_SSIM:0.534242
Training Complete in 25037.4635s, Eval time:0.32408329s, FPS:3.0856, Best PSNR: 22.3329
0826_moreDetail_x8_16320x12288: 12288x16320, PSNR:19.8185, MS-SSIM:0.5342, Training:25037.4635s, Eval:0.32408329s, FPS:3.0856
Processing image 4: 0835_moreDetail_x8_12960x16320.png
Image Shape:  torch.Size([16320, 12960])
Num Points: 1812918 | Compression Ratio: 50
Processing image of size: 16320x12960
Processing in 9x7 chunks of size 2048x2048
Initialized 906459 Gaussians successfully
Current Points:  1133073
Current Points:  1359687
Current Points:  1586301
Current Points:  1812915
Current Points:  1812918
Current Points:  1812918
Current Points:  1812918
Current Points:  1812918
Current Points:  1812918
Current Points:  1812918
Current Points:  1812918
Current Points:  1812918
Current Points:  1812918
Current Points:  1812918
Current Points:  1812918
Current Points:  1812918
Current Points:  1812918
Current Points:  1812918
Current Points:  1812918
Current Points:  1812918
Current Points:  1812918
Current Points:  1812918
Current Points:  1812918
Current Points:  1812918
Current Points:  1812918
Current Points:  1812918
Current Points:  1812918
Current Points:  1812918
Current Points:  1812918
Current Points:  1812918
Current Points:  1812918
Current Points:  1812918
Current Points:  1812918
Current Points:  1812918
Current Points:  1812918
Current Points:  1812918
Current Points:  1812918
Current Points:  1812918
Current Points:  1812918
Current Points:  1812918
Current Points:  1812918
Current Points:  1812918
Current Points:  1812918
Current Points:  1812918
Current Points:  1812918
Current Points:  1812918
Current Points:  1812918
Current Points:  1812918
Current Points:  1812918
Current Points:  1812918
Current Points:  1812918
Current Points:  1812918
Current Points:  1812918
Current Points:  1812918
Current Points:  1812918
Current Points:  1812918
Current Points:  1812918
Current Points:  1812918
Current Points:  1812918
Current Points:  1812918
Current Points:  1812918
Current Points:  1812918
Current Points:  1812918
Current Points:  1812918
Current Points:  1812918
Current Points:  1812918
Current Points:  1812918
Current Points:  1812918
Current Points:  1812918
Current Points:  1812918
Current Points:  1812918
Current Points:  1812918
Current Points:  1812918
Current Points:  1812918
Current Points:  1812918
Current Points:  1812918
Current Points:  1812918
Current Points:  1812918
Current Points:  1812918
Current Points:  1812918
Current Points:  1812918
Current Points:  1812918
Current Points:  1812918
Current Points:  1812918
Current Points:  1812918
Current Points:  1812918
Current Points:  1812918
Current Points:  1812918
Current Points:  1812918
Current Points:  1812918
Current Points:  1812918
Current Points:  1812918
Current Points:  1812918
Current Points:  1812918
Current Points:  1812918
Current Points:  1812918
Current Points:  1812918
Current Points:  1812918
Current Points:  1812918
Test PSNR:19.4299, MS_SSIM:0.338200
Training Complete in 26170.7076s, Eval time:0.29616083s, FPS:3.3765, Best PSNR: 21.3400
0835_moreDetail_x8_12960x16320: 16320x12960, PSNR:19.4299, MS-SSIM:0.3382, Training:26170.7076s, Eval:0.29616083s, FPS:3.3765
Processing image 5: 0855_moreDetail_x8_16320x16320.png
Image Shape:  torch.Size([16320, 16320])
Num Points: 2282934 | Compression Ratio: 50
Processing image of size: 16320x16320
Processing in 9x9 chunks of size 2048x2048
Initialized 1141467 Gaussians successfully
Current Points:  1426833
Current Points:  1712199
Current Points:  1997565
Current Points:  2282931
Current Points:  2282934
Current Points:  2282934
Current Points:  2282934
Current Points:  2282934
Current Points:  2282934
Current Points:  2282934
Current Points:  2282934
Current Points:  2282934
Current Points:  2282934
Current Points:  2282934
Current Points:  2282934
Current Points:  2282934
Current Points:  2282934
Current Points:  2282934
Current Points:  2282934
Current Points:  2282934
Current Points:  2282934
Current Points:  2282934
Current Points:  2282934
Current Points:  2282934
Current Points:  2282934
Current Points:  2282934
Current Points:  2282934
Current Points:  2282934
Current Points:  2282934
Current Points:  2282934
Current Points:  2282934
Current Points:  2282934
Current Points:  2282934
Current Points:  2282934
Current Points:  2282934
Current Points:  2282934
Current Points:  2282934
Current Points:  2282934
Current Points:  2282934
Current Points:  2282934
Current Points:  2282934
Current Points:  2282934
Current Points:  2282934
Current Points:  2282934
Current Points:  2282934
Current Points:  2282934
Current Points:  2282934
Current Points:  2282934
Current Points:  2282934
Current Points:  2282934
Current Points:  2282934
Current Points:  2282934
Current Points:  2282934
Current Points:  2282934
Current Points:  2282934
Current Points:  2282934
Current Points:  2282934
Current Points:  2282934
Current Points:  2282934
Current Points:  2282934
Current Points:  2282934
Current Points:  2282934
Current Points:  2282934
Current Points:  2282934
Current Points:  2282934
Current Points:  2282934
Current Points:  2282934
Current Points:  2282934
Current Points:  2282934
Current Points:  2282934
Current Points:  2282934
Current Points:  2282934
Current Points:  2282934
Current Points:  2282934
Current Points:  2282934
Current Points:  2282934
Current Points:  2282934
Current Points:  2282934
Current Points:  2282934
Current Points:  2282934
Current Points:  2282934
Current Points:  2282934
Current Points:  2282934
Current Points:  2282934
Current Points:  2282934
Current Points:  2282934
Current Points:  2282934
Current Points:  2282934
Current Points:  2282934
Current Points:  2282934
Current Points:  2282934
Current Points:  2282934
Current Points:  2282934
Current Points:  2282934
Current Points:  2282934
Current Points:  2282934
Current Points:  2282934
Current Points:  2282934
Current Points:  2282934
Test PSNR:22.2393, MS_SSIM:0.442535
Training Complete in 33910.2917s, Eval time:0.39637970s, FPS:2.5228, Best PSNR: 24.8509
0855_moreDetail_x8_16320x16320: 16320x16320, PSNR:22.2393, MS-SSIM:0.4425, Training:33910.2917s, Eval:0.39637970s, FPS:2.5228
Processing image 6: 0873_moreDetail_x8_16320x10848.png
Image Shape:  torch.Size([10848, 16312])
Num Points: 1516736 | Compression Ratio: 50
Processing image of size: 10848x16312
Processing in 6x9 chunks of size 2048x2048
Initialized 758368 Gaussians successfully
Current Points:  947960
Current Points:  1137552
Current Points:  1327144
Current Points:  1516736
Current Points:  1516736
Current Points:  1516736
Current Points:  1516736
Current Points:  1516736
Current Points:  1516736
Current Points:  1516736
Current Points:  1516736
Current Points:  1516736
Current Points:  1516736
Current Points:  1516736
Current Points:  1516736
Current Points:  1516736
Current Points:  1516736
Current Points:  1516736
Current Points:  1516736
Current Points:  1516736
Current Points:  1516736
Current Points:  1516736
Current Points:  1516736
Current Points:  1516736
Current Points:  1516736
Current Points:  1516736
Current Points:  1516736
Current Points:  1516736
Current Points:  1516736
Current Points:  1516736
Current Points:  1516736
Current Points:  1516736
Current Points:  1516736
Current Points:  1516736
Current Points:  1516736
Current Points:  1516736
Current Points:  1516736
Current Points:  1516736
Current Points:  1516736
Current Points:  1516736
Current Points:  1516736
Current Points:  1516736
Current Points:  1516736
Current Points:  1516736
Current Points:  1516736
Current Points:  1516736
Current Points:  1516736
Current Points:  1516736
Current Points:  1516736
Current Points:  1516736
Current Points:  1516736
Current Points:  1516736
Current Points:  1516736
Current Points:  1516736
Current Points:  1516736
Current Points:  1516736
Current Points:  1516736
Current Points:  1516736
Current Points:  1516736
Current Points:  1516736
Current Points:  1516736
Current Points:  1516736
Current Points:  1516736
Current Points:  1516736
Current Points:  1516736
Current Points:  1516736
Current Points:  1516736
Current Points:  1516736
Current Points:  1516736
Current Points:  1516736
Current Points:  1516736
Current Points:  1516736
Current Points:  1516736
Current Points:  1516736
Current Points:  1516736
Current Points:  1516736
Current Points:  1516736
Current Points:  1516736
Current Points:  1516736
Current Points:  1516736
Current Points:  1516736
Current Points:  1516736
Current Points:  1516736
Current Points:  1516736
Current Points:  1516736
Current Points:  1516736
Current Points:  1516736
Current Points:  1516736
Current Points:  1516736
Current Points:  1516736
Current Points:  1516736
Current Points:  1516736
Current Points:  1516736
Current Points:  1516736
Current Points:  1516736
Current Points:  1516736
Current Points:  1516736
Current Points:  1516736
Current Points:  1516736
Test PSNR:19.5651, MS_SSIM:0.383616
Training Complete in 22018.4131s, Eval time:0.25077119s, FPS:3.9877, Best PSNR: 22.9630
0873_moreDetail_x8_16320x10848: 10848x16312, PSNR:19.5651, MS-SSIM:0.3836, Training:22018.4131s, Eval:0.25077119s, FPS:3.9877
Processing image 7: 0875_moreDetail_x8_16320x12288.png
Image Shape:  torch.Size([12288, 16320])
Num Points: 1718915 | Compression Ratio: 50
Processing image of size: 12288x16320
Processing in 7x9 chunks of size 2048x2048
Initialized 859457 Gaussians successfully
Current Points:  1074321
Current Points:  1289185
Current Points:  1504049
Current Points:  1718913
Current Points:  1718915
Current Points:  1718915
Current Points:  1718915
Current Points:  1718915
Current Points:  1718915
Current Points:  1718915
Current Points:  1718915
Current Points:  1718915
Current Points:  1718915
Current Points:  1718915
Current Points:  1718915
Current Points:  1718915
Current Points:  1718915
Current Points:  1718915
Current Points:  1718915
Current Points:  1718915
Current Points:  1718915
Current Points:  1718915
Current Points:  1718915
Current Points:  1718915
Current Points:  1718915
Current Points:  1718915
Current Points:  1718915
Current Points:  1718915
Current Points:  1718915
Current Points:  1718915
Current Points:  1718915
Current Points:  1718915
Current Points:  1718915
Current Points:  1718915
Current Points:  1718915
Current Points:  1718915
Current Points:  1718915
Current Points:  1718915
Current Points:  1718915
Current Points:  1718915
Current Points:  1718915
Current Points:  1718915
Current Points:  1718915
Current Points:  1718915
Current Points:  1718915
Current Points:  1718915
Current Points:  1718915
Current Points:  1718915
Current Points:  1718915
Current Points:  1718915
Current Points:  1718915
Current Points:  1718915
Current Points:  1718915
Current Points:  1718915
Current Points:  1718915
Current Points:  1718915
Current Points:  1718915
Current Points:  1718915
Current Points:  1718915
Current Points:  1718915
Current Points:  1718915
Current Points:  1718915
Current Points:  1718915
Current Points:  1718915
Current Points:  1718915
Current Points:  1718915
Current Points:  1718915
Current Points:  1718915
Current Points:  1718915
Current Points:  1718915
Current Points:  1718915
Current Points:  1718915
Current Points:  1718915
Current Points:  1718915
Current Points:  1718915
Current Points:  1718915
Current Points:  1718915
Current Points:  1718915
Current Points:  1718915
Current Points:  1718915
Current Points:  1718915
Current Points:  1718915
Current Points:  1718915
Current Points:  1718915
Current Points:  1718915
Current Points:  1718915
Current Points:  1718915
Current Points:  1718915
Current Points:  1718915
Current Points:  1718915
Current Points:  1718915
Current Points:  1718915
Current Points:  1718915
Current Points:  1718915
Current Points:  1718915
Current Points:  1718915
Current Points:  1718915
Current Points:  1718915
Current Points:  1718915
Test PSNR:20.6613, MS_SSIM:0.374092
Training Complete in 25007.9412s, Eval time:0.27919254s, FPS:3.5818, Best PSNR: 23.5303
0875_moreDetail_x8_16320x12288: 12288x16320, PSNR:20.6613, MS-SSIM:0.3741, Training:25007.9412s, Eval:0.27919254s, FPS:3.5818
Processing image 8: 0896_moreDetail_x8_16320x10848.png
Image Shape:  torch.Size([10848, 16312])
Num Points: 1516736 | Compression Ratio: 50
Processing image of size: 10848x16312
Processing in 6x9 chunks of size 2048x2048
Initialized 758368 Gaussians successfully
Current Points:  947960
Current Points:  1137552
Current Points:  1327144
Current Points:  1516736
Current Points:  1516736
Current Points:  1516736
Current Points:  1516736
Current Points:  1516736
Current Points:  1516736
Current Points:  1516736
Current Points:  1516736
Current Points:  1516736
Current Points:  1516736
Current Points:  1516736
Current Points:  1516736
Current Points:  1516736
Current Points:  1516736
Current Points:  1516736
Current Points:  1516736
Current Points:  1516736
Current Points:  1516736
Current Points:  1516736
Current Points:  1516736
Current Points:  1516736
Current Points:  1516736
Current Points:  1516736
Current Points:  1516736
Current Points:  1516736
Current Points:  1516736
Current Points:  1516736
Current Points:  1516736
Current Points:  1516736
Current Points:  1516736
Current Points:  1516736
Current Points:  1516736
Current Points:  1516736
Current Points:  1516736
Current Points:  1516736
Current Points:  1516736
Current Points:  1516736
Current Points:  1516736
Current Points:  1516736
Current Points:  1516736
Current Points:  1516736
Current Points:  1516736
Current Points:  1516736
Current Points:  1516736
Current Points:  1516736
Current Points:  1516736
Current Points:  1516736
Current Points:  1516736
Current Points:  1516736
Current Points:  1516736
Current Points:  1516736
Current Points:  1516736
Current Points:  1516736
Current Points:  1516736
Current Points:  1516736
Current Points:  1516736
Current Points:  1516736
Current Points:  1516736
Current Points:  1516736
Current Points:  1516736
Current Points:  1516736
Current Points:  1516736
Current Points:  1516736
Current Points:  1516736
Current Points:  1516736
Current Points:  1516736
Current Points:  1516736
Current Points:  1516736
Current Points:  1516736
Current Points:  1516736
Current Points:  1516736
Current Points:  1516736
Current Points:  1516736
Current Points:  1516736
Current Points:  1516736
Current Points:  1516736
Current Points:  1516736
Current Points:  1516736
Current Points:  1516736
Current Points:  1516736
Current Points:  1516736
Current Points:  1516736
Current Points:  1516736
Current Points:  1516736
Current Points:  1516736
Current Points:  1516736
Current Points:  1516736
Current Points:  1516736
Current Points:  1516736
Current Points:  1516736
Current Points:  1516736
Current Points:  1516736
Current Points:  1516736
Current Points:  1516736
Current Points:  1516736
Current Points:  1516736
Test PSNR:15.0224, MS_SSIM:0.818021
Training Complete in 22976.6584s, Eval time:0.43206184s, FPS:2.3145, Best PSNR: 23.7860
0896_moreDetail_x8_16320x10848: 10848x16312, PSNR:15.0224, MS-SSIM:0.8180, Training:22976.6584s, Eval:0.43206184s, FPS:2.3145
Average: 12684x15898, PSNR:19.2357, MS-SSIM:0.4942, Training:25153.7344s, Eval:0.32108554s, FPS:3.2060
