Fri Jul 18 19:26:46 2025       
+-----------------------------------------------------------------------------------------+
| NVIDIA-SMI 550.54.14              Driver Version: 550.54.14      CUDA Version: 12.4     |
|-----------------------------------------+------------------------+----------------------+
| GPU  Name                 Persistence-M | Bus-Id          Disp.A | Volatile Uncorr. ECC |
| Fan  Temp   Perf          Pwr:Usage/Cap |           Memory-Usage | GPU-Util  Compute M. |
|                                         |                        |               MIG M. |
|=========================================+========================+======================|
|   0  NVIDIA A800-SXM4-80GB          On  |   00000000:50:00.0 Off |                    0 |
| N/A   34C    P0             60W /  400W |       0MiB /  81920MiB |      0%      Default |
|                                         |                        |             Disabled |
+-----------------------------------------+------------------------+----------------------+
                                                                                         
+-----------------------------------------------------------------------------------------+
| Processes:                                                                              |
|  GPU   GI   CI        PID   Type   Process name                              GPU Memory |
|        ID   ID                                                               Usage      |
|=========================================================================================|
|  No running processes found                                                             |
+-----------------------------------------------------------------------------------------+
Torch: 2.4.0+cu124, CUDA: True, Device: NVIDIA A800-SXM4-80GB
Training with ImageGS_RS Gaussian Image Model.......
Founding 8 Images in DIV16K Dataset .........
Processing image 1: 0810_moreDetail_x8_16320x12288.png
Image Shape:  torch.Size([12288, 16320])
Num Points: 429728 | Compression Ratio: 200
Processing image of size: 12288x16320
Processing in 7x9 chunks of size 2048x2048
Initialized 214864 Gaussians successfully
Current Points:  268580
Current Points:  322296
Current Points:  376012
Current Points:  429728
Current Points:  429728
Current Points:  429728
Current Points:  429728
Current Points:  429728
Current Points:  429728
Current Points:  429728
Current Points:  429728
Current Points:  429728
Current Points:  429728
Current Points:  429728
Current Points:  429728
Current Points:  429728
Current Points:  429728
Current Points:  429728
Current Points:  429728
Current Points:  429728
Current Points:  429728
Current Points:  429728
Current Points:  429728
Current Points:  429728
Current Points:  429728
Current Points:  429728
Current Points:  429728
Current Points:  429728
Current Points:  429728
Current Points:  429728
Current Points:  429728
Current Points:  429728
Current Points:  429728
Current Points:  429728
Current Points:  429728
Current Points:  429728
Current Points:  429728
Current Points:  429728
Current Points:  429728
Current Points:  429728
Current Points:  429728
Current Points:  429728
Current Points:  429728
Current Points:  429728
Current Points:  429728
Current Points:  429728
Current Points:  429728
Current Points:  429728
Current Points:  429728
Current Points:  429728
Current Points:  429728
Current Points:  429728
Current Points:  429728
Current Points:  429728
Current Points:  429728
Current Points:  429728
Current Points:  429728
Current Points:  429728
Current Points:  429728
Current Points:  429728
Current Points:  429728
Current Points:  429728
Current Points:  429728
Current Points:  429728
Current Points:  429728
Current Points:  429728
Current Points:  429728
Current Points:  429728
Current Points:  429728
Current Points:  429728
Current Points:  429728
Current Points:  429728
Current Points:  429728
Current Points:  429728
Current Points:  429728
Current Points:  429728
Current Points:  429728
Current Points:  429728
Current Points:  429728
Current Points:  429728
Current Points:  429728
Current Points:  429728
Current Points:  429728
Current Points:  429728
Current Points:  429728
Current Points:  429728
Current Points:  429728
Current Points:  429728
Current Points:  429728
Current Points:  429728
Current Points:  429728
Current Points:  429728
Current Points:  429728
Current Points:  429728
Current Points:  429728
Current Points:  429728
Current Points:  429728
Current Points:  429728
Current Points:  429728
Test PSNR:20.0397, MS_SSIM:0.599807
Training Complete in 17464.8263s, Eval time:0.20759553s, FPS:4.8171, Best PSNR: 22.5906
0810_moreDetail_x8_16320x12288: 12288x16320, PSNR:20.0397, MS-SSIM:0.5998, Training:17464.8263s, Eval:0.20759553s, FPS:4.8171
Processing image 2: 0823_moreDetail_x8_16320x10272.png
Image Shape:  torch.Size([10272, 16320])
Num Points: 359226 | Compression Ratio: 200
Processing image of size: 10272x16320
Processing in 6x9 chunks of size 2048x2048
Initialized 179613 Gaussians successfully
Current Points:  224516
Current Points:  269419
Current Points:  314322
Current Points:  359225
Current Points:  359226
Current Points:  359226
Current Points:  359226
Current Points:  359226
Current Points:  359226
Current Points:  359226
Current Points:  359226
Current Points:  359226
Current Points:  359226
Current Points:  359226
Current Points:  359226
Current Points:  359226
Current Points:  359226
Current Points:  359226
Current Points:  359226
Current Points:  359226
Current Points:  359226
Current Points:  359226
Current Points:  359226
Current Points:  359226
Current Points:  359226
Current Points:  359226
Current Points:  359226
Current Points:  359226
Current Points:  359226
Current Points:  359226
Current Points:  359226
Current Points:  359226
Current Points:  359226
Current Points:  359226
Current Points:  359226
Current Points:  359226
Current Points:  359226
Current Points:  359226
Current Points:  359226
Current Points:  359226
Current Points:  359226
Current Points:  359226
Current Points:  359226
Current Points:  359226
Current Points:  359226
Current Points:  359226
Current Points:  359226
Current Points:  359226
Current Points:  359226
Current Points:  359226
Current Points:  359226
Current Points:  359226
Current Points:  359226
Current Points:  359226
Current Points:  359226
Current Points:  359226
Current Points:  359226
Current Points:  359226
Current Points:  359226
Current Points:  359226
Current Points:  359226
Current Points:  359226
Current Points:  359226
Current Points:  359226
Current Points:  359226
Current Points:  359226
Current Points:  359226
Current Points:  359226
Current Points:  359226
Current Points:  359226
Current Points:  359226
Current Points:  359226
Current Points:  359226
Current Points:  359226
Current Points:  359226
Current Points:  359226
Current Points:  359226
Current Points:  359226
Current Points:  359226
Current Points:  359226
Current Points:  359226
Current Points:  359226
Current Points:  359226
Current Points:  359226
Current Points:  359226
Current Points:  359226
Current Points:  359226
Current Points:  359226
Current Points:  359226
Current Points:  359226
Current Points:  359226
Current Points:  359226
Current Points:  359226
Current Points:  359226
Current Points:  359226
Current Points:  359226
Current Points:  359226
Current Points:  359226
Current Points:  359226
Test PSNR:20.0418, MS_SSIM:0.608929
Training Complete in 15010.6465s, Eval time:0.28272701s, FPS:3.5370, Best PSNR: 22.8407
0823_moreDetail_x8_16320x10272: 10272x16320, PSNR:20.0418, MS-SSIM:0.6089, Training:15010.6465s, Eval:0.28272701s, FPS:3.5370
Processing image 3: 0826_moreDetail_x8_16320x12288.png
Image Shape:  torch.Size([12288, 16320])
Num Points: 429728 | Compression Ratio: 200
Processing image of size: 12288x16320
Processing in 7x9 chunks of size 2048x2048
Initialized 214864 Gaussians successfully
Current Points:  268580
Current Points:  322296
Current Points:  376012
Current Points:  429728
Current Points:  429728
Current Points:  429728
Current Points:  429728
Current Points:  429728
Current Points:  429728
Current Points:  429728
Current Points:  429728
Current Points:  429728
Current Points:  429728
Current Points:  429728
Current Points:  429728
Current Points:  429728
Current Points:  429728
Current Points:  429728
Current Points:  429728
Current Points:  429728
Current Points:  429728
Current Points:  429728
Current Points:  429728
Current Points:  429728
Current Points:  429728
Current Points:  429728
Current Points:  429728
Current Points:  429728
Current Points:  429728
Current Points:  429728
Current Points:  429728
Current Points:  429728
Current Points:  429728
Current Points:  429728
Current Points:  429728
Current Points:  429728
Current Points:  429728
Current Points:  429728
Current Points:  429728
Current Points:  429728
Current Points:  429728
Current Points:  429728
Current Points:  429728
Current Points:  429728
Current Points:  429728
Current Points:  429728
Current Points:  429728
Current Points:  429728
Current Points:  429728
Current Points:  429728
Current Points:  429728
Current Points:  429728
Current Points:  429728
Current Points:  429728
Current Points:  429728
Current Points:  429728
Current Points:  429728
Current Points:  429728
Current Points:  429728
Current Points:  429728
Current Points:  429728
Current Points:  429728
Current Points:  429728
Current Points:  429728
Current Points:  429728
Current Points:  429728
Current Points:  429728
Current Points:  429728
Current Points:  429728
Current Points:  429728
Current Points:  429728
Current Points:  429728
Current Points:  429728
Current Points:  429728
Current Points:  429728
Current Points:  429728
Current Points:  429728
Current Points:  429728
Current Points:  429728
Current Points:  429728
Current Points:  429728
Current Points:  429728
Current Points:  429728
Current Points:  429728
Current Points:  429728
Current Points:  429728
Current Points:  429728
Current Points:  429728
Current Points:  429728
Current Points:  429728
Current Points:  429728
Current Points:  429728
Current Points:  429728
Current Points:  429728
Current Points:  429728
Current Points:  429728
Current Points:  429728
Current Points:  429728
Current Points:  429728
Test PSNR:20.3347, MS_SSIM:0.534588
Training Complete in 18544.7259s, Eval time:0.28391726s, FPS:3.5222, Best PSNR: 22.7887
0826_moreDetail_x8_16320x12288: 12288x16320, PSNR:20.3347, MS-SSIM:0.5346, Training:18544.7259s, Eval:0.28391726s, FPS:3.5222
Processing image 4: 0835_moreDetail_x8_12960x16320.png
Image Shape:  torch.Size([16320, 12960])
Num Points: 453229 | Compression Ratio: 200
Processing image of size: 16320x12960
Processing in 9x7 chunks of size 2048x2048
Initialized 226614 Gaussians successfully
Current Points:  283267
Current Points:  339920
Current Points:  396573
Current Points:  453226
Current Points:  453229
Current Points:  453229
Current Points:  453229
Current Points:  453229
Current Points:  453229
Current Points:  453229
Current Points:  453229
Current Points:  453229
Current Points:  453229
Current Points:  453229
Current Points:  453229
Current Points:  453229
Current Points:  453229
Current Points:  453229
Current Points:  453229
Current Points:  453229
Current Points:  453229
Current Points:  453229
Current Points:  453229
Current Points:  453229
Current Points:  453229
Current Points:  453229
Current Points:  453229
Current Points:  453229
Current Points:  453229
Current Points:  453229
Current Points:  453229
Current Points:  453229
Current Points:  453229
Current Points:  453229
Current Points:  453229
Current Points:  453229
Current Points:  453229
Current Points:  453229
Current Points:  453229
Current Points:  453229
Current Points:  453229
Current Points:  453229
Current Points:  453229
Current Points:  453229
Current Points:  453229
Current Points:  453229
Current Points:  453229
Current Points:  453229
Current Points:  453229
Current Points:  453229
Current Points:  453229
Current Points:  453229
Current Points:  453229
Current Points:  453229
Current Points:  453229
Current Points:  453229
Current Points:  453229
Current Points:  453229
Current Points:  453229
Current Points:  453229
Current Points:  453229
Current Points:  453229
Current Points:  453229
Current Points:  453229
Current Points:  453229
Current Points:  453229
Current Points:  453229
Current Points:  453229
Current Points:  453229
Current Points:  453229
Current Points:  453229
Current Points:  453229
Current Points:  453229
Current Points:  453229
Current Points:  453229
Current Points:  453229
Current Points:  453229
Current Points:  453229
Current Points:  453229
Current Points:  453229
Current Points:  453229
Current Points:  453229
Current Points:  453229
Current Points:  453229
Current Points:  453229
Current Points:  453229
Current Points:  453229
Current Points:  453229
Current Points:  453229
Current Points:  453229
Current Points:  453229
Current Points:  453229
Current Points:  453229
Current Points:  453229
Current Points:  453229
Current Points:  453229
Current Points:  453229
Current Points:  453229
Current Points:  453229
Test PSNR:20.1463, MS_SSIM:0.393647
Training Complete in 17308.8655s, Eval time:0.20705842s, FPS:4.8296, Best PSNR: 21.8737
0835_moreDetail_x8_12960x16320: 16320x12960, PSNR:20.1463, MS-SSIM:0.3936, Training:17308.8655s, Eval:0.20705842s, FPS:4.8296
Processing image 5: 0855_moreDetail_x8_16320x16320.png
Image Shape:  torch.Size([16320, 16320])
Num Points: 570733 | Compression Ratio: 200
Processing image of size: 16320x16320
Processing in 9x9 chunks of size 2048x2048
Initialized 285366 Gaussians successfully
Current Points:  356707
Current Points:  428048
Current Points:  499389
Current Points:  570730
Current Points:  570733
Current Points:  570733
Current Points:  570733
Current Points:  570733
Current Points:  570733
Current Points:  570733
Current Points:  570733
Current Points:  570733
Current Points:  570733
Current Points:  570733
Current Points:  570733
Current Points:  570733
Current Points:  570733
Current Points:  570733
Current Points:  570733
Current Points:  570733
Current Points:  570733
Current Points:  570733
Current Points:  570733
Current Points:  570733
Current Points:  570733
Current Points:  570733
Current Points:  570733
Current Points:  570733
Current Points:  570733
Current Points:  570733
Current Points:  570733
Current Points:  570733
Current Points:  570733
Current Points:  570733
Current Points:  570733
Current Points:  570733
Current Points:  570733
Current Points:  570733
Current Points:  570733
Current Points:  570733
Current Points:  570733
Current Points:  570733
Current Points:  570733
Current Points:  570733
Current Points:  570733
Current Points:  570733
Current Points:  570733
Current Points:  570733
Current Points:  570733
Current Points:  570733
Current Points:  570733
Current Points:  570733
Current Points:  570733
Current Points:  570733
Current Points:  570733
Current Points:  570733
Current Points:  570733
Current Points:  570733
Current Points:  570733
Current Points:  570733
Current Points:  570733
Current Points:  570733
Current Points:  570733
Current Points:  570733
Current Points:  570733
Current Points:  570733
Current Points:  570733
Current Points:  570733
Current Points:  570733
Current Points:  570733
Current Points:  570733
Current Points:  570733
Current Points:  570733
Current Points:  570733
Current Points:  570733
Current Points:  570733
Current Points:  570733
Current Points:  570733
Current Points:  570733
Current Points:  570733
Current Points:  570733
Current Points:  570733
Current Points:  570733
Current Points:  570733
Current Points:  570733
Current Points:  570733
Current Points:  570733
Current Points:  570733
Current Points:  570733
Current Points:  570733
Current Points:  570733
Current Points:  570733
Current Points:  570733
Current Points:  570733
Current Points:  570733
Current Points:  570733
Current Points:  570733
Current Points:  570733
Current Points:  570733
Test PSNR:23.2456, MS_SSIM:0.478341
Training Complete in 22742.5581s, Eval time:0.25791545s, FPS:3.8772, Best PSNR: 27.3126
0855_moreDetail_x8_16320x16320: 16320x16320, PSNR:23.2456, MS-SSIM:0.4783, Training:22742.5581s, Eval:0.25791545s, FPS:3.8772
Processing image 6: 0873_moreDetail_x8_16320x10848.png
Image Shape:  torch.Size([10848, 16312])
Num Points: 379184 | Compression Ratio: 200
Processing image of size: 10848x16312
Processing in 6x9 chunks of size 2048x2048
Initialized 189592 Gaussians successfully
Current Points:  236990
Current Points:  284388
Current Points:  331786
Current Points:  379184
Current Points:  379184
Current Points:  379184
Current Points:  379184
Current Points:  379184
Current Points:  379184
Current Points:  379184
Current Points:  379184
Current Points:  379184
Current Points:  379184
Current Points:  379184
Current Points:  379184
Current Points:  379184
Current Points:  379184
Current Points:  379184
Current Points:  379184
Current Points:  379184
Current Points:  379184
Current Points:  379184
Current Points:  379184
Current Points:  379184
Current Points:  379184
Current Points:  379184
Current Points:  379184
Current Points:  379184
Current Points:  379184
Current Points:  379184
Current Points:  379184
Current Points:  379184
Current Points:  379184
Current Points:  379184
Current Points:  379184
Current Points:  379184
Current Points:  379184
Current Points:  379184
Current Points:  379184
Current Points:  379184
Current Points:  379184
Current Points:  379184
Current Points:  379184
Current Points:  379184
Current Points:  379184
Current Points:  379184
Current Points:  379184
Current Points:  379184
Current Points:  379184
Current Points:  379184
Current Points:  379184
Current Points:  379184
Current Points:  379184
Current Points:  379184
Current Points:  379184
Current Points:  379184
Current Points:  379184
Current Points:  379184
Current Points:  379184
Current Points:  379184
Current Points:  379184
Current Points:  379184
Current Points:  379184
Current Points:  379184
Current Points:  379184
Current Points:  379184
Current Points:  379184
Current Points:  379184
Current Points:  379184
Current Points:  379184
Current Points:  379184
Current Points:  379184
Current Points:  379184
Current Points:  379184
Current Points:  379184
Current Points:  379184
Current Points:  379184
Current Points:  379184
Current Points:  379184
Current Points:  379184
Current Points:  379184
Current Points:  379184
Current Points:  379184
Current Points:  379184
Current Points:  379184
Current Points:  379184
Current Points:  379184
Current Points:  379184
Current Points:  379184
Current Points:  379184
Current Points:  379184
Current Points:  379184
Current Points:  379184
Current Points:  379184
Current Points:  379184
Current Points:  379184
Current Points:  379184
Current Points:  379184
Current Points:  379184
Test PSNR:19.6552, MS_SSIM:0.398254
Training Complete in 13775.2706s, Eval time:0.19573771s, FPS:5.1089, Best PSNR: 23.3351
0873_moreDetail_x8_16320x10848: 10848x16312, PSNR:19.6552, MS-SSIM:0.3983, Training:13775.2706s, Eval:0.19573771s, FPS:5.1089
Processing image 7: 0875_moreDetail_x8_16320x12288.png
Image Shape:  torch.Size([12288, 16320])
Num Points: 429728 | Compression Ratio: 200
Processing image of size: 12288x16320
Processing in 7x9 chunks of size 2048x2048
Initialized 214864 Gaussians successfully
Current Points:  268580
Current Points:  322296
Current Points:  376012
Current Points:  429728
Current Points:  429728
Current Points:  429728
Current Points:  429728
Current Points:  429728
Current Points:  429728
Current Points:  429728
Current Points:  429728
Current Points:  429728
Current Points:  429728
Current Points:  429728
Current Points:  429728
Current Points:  429728
Current Points:  429728
Current Points:  429728
Current Points:  429728
Current Points:  429728
Current Points:  429728
Current Points:  429728
Current Points:  429728
Current Points:  429728
Current Points:  429728
Current Points:  429728
Current Points:  429728
Current Points:  429728
Current Points:  429728
Current Points:  429728
Current Points:  429728
Current Points:  429728
Current Points:  429728
Current Points:  429728
Current Points:  429728
Current Points:  429728
Current Points:  429728
Current Points:  429728
Current Points:  429728
Current Points:  429728
Current Points:  429728
Current Points:  429728
Current Points:  429728
Current Points:  429728
Current Points:  429728
Current Points:  429728
Current Points:  429728
Current Points:  429728
Current Points:  429728
Current Points:  429728
Current Points:  429728
Current Points:  429728
Current Points:  429728
Current Points:  429728
Current Points:  429728
Current Points:  429728
Current Points:  429728
Current Points:  429728
Current Points:  429728
Current Points:  429728
Current Points:  429728
Current Points:  429728
Current Points:  429728
Current Points:  429728
Current Points:  429728
Current Points:  429728
Current Points:  429728
Current Points:  429728
Current Points:  429728
Current Points:  429728
Current Points:  429728
Current Points:  429728
Current Points:  429728
Current Points:  429728
Current Points:  429728
Current Points:  429728
Current Points:  429728
Current Points:  429728
Current Points:  429728
Current Points:  429728
Current Points:  429728
Current Points:  429728
Current Points:  429728
Current Points:  429728
Current Points:  429728
Current Points:  429728
Current Points:  429728
Current Points:  429728
Current Points:  429728
Current Points:  429728
Current Points:  429728
Current Points:  429728
Current Points:  429728
Current Points:  429728
Current Points:  429728
Current Points:  429728
Current Points:  429728
Current Points:  429728
Current Points:  429728
Test PSNR:20.8296, MS_SSIM:0.369216
Training Complete in 18352.1729s, Eval time:0.21612709s, FPS:4.6269, Best PSNR: 24.7219
0875_moreDetail_x8_16320x12288: 12288x16320, PSNR:20.8296, MS-SSIM:0.3692, Training:18352.1729s, Eval:0.21612709s, FPS:4.6269
Processing image 8: 0896_moreDetail_x8_16320x10848.png
Image Shape:  torch.Size([10848, 16312])
Num Points: 379184 | Compression Ratio: 200
Processing image of size: 10848x16312
Processing in 6x9 chunks of size 2048x2048
Initialized 189592 Gaussians successfully
Current Points:  236990
Current Points:  284388
Current Points:  331786
Current Points:  379184
Current Points:  379184
Current Points:  379184
Current Points:  379184
Current Points:  379184
Current Points:  379184
Current Points:  379184
Current Points:  379184
Current Points:  379184
Current Points:  379184
Current Points:  379184
Current Points:  379184
Current Points:  379184
Current Points:  379184
Current Points:  379184
Current Points:  379184
Current Points:  379184
Current Points:  379184
Current Points:  379184
Current Points:  379184
Current Points:  379184
Current Points:  379184
Current Points:  379184
Current Points:  379184
Current Points:  379184
Current Points:  379184
Current Points:  379184
Current Points:  379184
Current Points:  379184
Current Points:  379184
Current Points:  379184
Current Points:  379184
Current Points:  379184
Current Points:  379184
Current Points:  379184
Current Points:  379184
Current Points:  379184
Current Points:  379184
Current Points:  379184
Current Points:  379184
Current Points:  379184
Current Points:  379184
Current Points:  379184
Current Points:  379184
Current Points:  379184
Current Points:  379184
Current Points:  379184
Current Points:  379184
Current Points:  379184
Current Points:  379184
Current Points:  379184
Current Points:  379184
Current Points:  379184
Current Points:  379184
Current Points:  379184
Current Points:  379184
Current Points:  379184
Current Points:  379184
Current Points:  379184
Current Points:  379184
Current Points:  379184
Current Points:  379184
Current Points:  379184
Current Points:  379184
Current Points:  379184
Current Points:  379184
Current Points:  379184
Current Points:  379184
Current Points:  379184
Current Points:  379184
Current Points:  379184
Current Points:  379184
Current Points:  379184
Current Points:  379184
Current Points:  379184
Current Points:  379184
Current Points:  379184
Current Points:  379184
Current Points:  379184
Current Points:  379184
Current Points:  379184
Current Points:  379184
Current Points:  379184
Current Points:  379184
Current Points:  379184
Current Points:  379184
Current Points:  379184
Current Points:  379184
Current Points:  379184
Current Points:  379184
Current Points:  379184
Current Points:  379184
Current Points:  379184
Current Points:  379184
Current Points:  379184
Current Points:  379184
Test PSNR:18.8245, MS_SSIM:0.810274
Training Complete in 14873.2018s, Eval time:0.32754950s, FPS:3.0530, Best PSNR: 24.4191
0896_moreDetail_x8_16320x10848: 10848x16312, PSNR:18.8245, MS-SSIM:0.8103, Training:14873.2018s, Eval:0.32754950s, FPS:3.0530
Average: 12684x15898, PSNR:20.3897, MS-SSIM:0.5241, Training:17259.0332s, Eval:0.24732849s, FPS:4.1715
