Fri Jul 18 21:00:50 2025       
+-----------------------------------------------------------------------------------------+
| NVIDIA-SMI 550.54.14              Driver Version: 550.54.14      CUDA Version: 12.4     |
|-----------------------------------------+------------------------+----------------------+
| GPU  Name                 Persistence-M | Bus-Id          Disp.A | Volatile Uncorr. ECC |
| Fan  Temp   Perf          Pwr:Usage/Cap |           Memory-Usage | GPU-Util  Compute M. |
|                                         |                        |               MIG M. |
|=========================================+========================+======================|
|   0  NVIDIA A800-SXM4-80GB          On  |   00000000:55:00.0 Off |                    0 |
| N/A   31C    P0             58W /  400W |       0MiB /  81920MiB |      0%      Default |
|                                         |                        |             Disabled |
+-----------------------------------------+------------------------+----------------------+
                                                                                         
+-----------------------------------------------------------------------------------------+
| Processes:                                                                              |
|  GPU   GI   CI        PID   Type   Process name                              GPU Memory |
|        ID   ID                                                               Usage      |
|=========================================================================================|
|  No running processes found                                                             |
+-----------------------------------------------------------------------------------------+
Torch: 2.4.0+cu124, CUDA: True, Device: NVIDIA A800-SXM4-80GB
Training with ImageGS_RS Gaussian Image Model.......
Founding 8 Images in DIV16K Dataset .........
Processing image 1: 0810_moreDetail_x8_16320x12288.png
Image Shape:  torch.Size([12288, 16320])
Num Points: 286485 | Compression Ratio: 300
Processing image of size: 12288x16320
Processing in 7x9 chunks of size 2048x2048
Initialized 143242 Gaussians successfully
Current Points:  179052
Current Points:  214862
Current Points:  250672
Current Points:  286482
Current Points:  286485
Current Points:  286485
Current Points:  286485
Current Points:  286485
Current Points:  286485
Current Points:  286485
Current Points:  286485
Current Points:  286485
Current Points:  286485
Current Points:  286485
Current Points:  286485
Current Points:  286485
Current Points:  286485
Current Points:  286485
Current Points:  286485
Current Points:  286485
Current Points:  286485
Current Points:  286485
Current Points:  286485
Current Points:  286485
Current Points:  286485
Current Points:  286485
Current Points:  286485
Current Points:  286485
Current Points:  286485
Current Points:  286485
Current Points:  286485
Current Points:  286485
Current Points:  286485
Current Points:  286485
Current Points:  286485
Current Points:  286485
Current Points:  286485
Current Points:  286485
Current Points:  286485
Current Points:  286485
Current Points:  286485
Current Points:  286485
Current Points:  286485
Current Points:  286485
Current Points:  286485
Current Points:  286485
Current Points:  286485
Current Points:  286485
Current Points:  286485
Current Points:  286485
Current Points:  286485
Current Points:  286485
Current Points:  286485
Current Points:  286485
Current Points:  286485
Current Points:  286485
Current Points:  286485
Current Points:  286485
Current Points:  286485
Current Points:  286485
Current Points:  286485
Current Points:  286485
Current Points:  286485
Current Points:  286485
Current Points:  286485
Current Points:  286485
Current Points:  286485
Current Points:  286485
Current Points:  286485
Current Points:  286485
Current Points:  286485
Current Points:  286485
Current Points:  286485
Current Points:  286485
Current Points:  286485
Current Points:  286485
Current Points:  286485
Current Points:  286485
Current Points:  286485
Current Points:  286485
Current Points:  286485
Current Points:  286485
Current Points:  286485
Current Points:  286485
Current Points:  286485
Current Points:  286485
Current Points:  286485
Current Points:  286485
Current Points:  286485
Current Points:  286485
Current Points:  286485
Current Points:  286485
Current Points:  286485
Current Points:  286485
Current Points:  286485
Current Points:  286485
Current Points:  286485
Current Points:  286485
Current Points:  286485
Test PSNR:20.2559, MS_SSIM:0.623860
Training Complete in 16480.4437s, Eval time:0.19653215s, FPS:5.0882, Best PSNR: 22.6153
0810_moreDetail_x8_16320x12288: 12288x16320, PSNR:20.2559, MS-SSIM:0.6239, Training:16480.4437s, Eval:0.19653215s, FPS:5.0882
Processing image 2: 0823_moreDetail_x8_16320x10272.png
Image Shape:  torch.Size([10272, 16320])
Num Points: 239484 | Compression Ratio: 300
Processing image of size: 10272x16320
Processing in 6x9 chunks of size 2048x2048
Initialized 119742 Gaussians successfully
Current Points:  149677
Current Points:  179612
Current Points:  209547
Current Points:  239482
Current Points:  239484
Current Points:  239484
Current Points:  239484
Current Points:  239484
Current Points:  239484
Current Points:  239484
Current Points:  239484
Current Points:  239484
Current Points:  239484
Current Points:  239484
Current Points:  239484
Current Points:  239484
Current Points:  239484
Current Points:  239484
Current Points:  239484
Current Points:  239484
Current Points:  239484
Current Points:  239484
Current Points:  239484
Current Points:  239484
Current Points:  239484
Current Points:  239484
Current Points:  239484
Current Points:  239484
Current Points:  239484
Current Points:  239484
Current Points:  239484
Current Points:  239484
Current Points:  239484
Current Points:  239484
Current Points:  239484
Current Points:  239484
Current Points:  239484
Current Points:  239484
Current Points:  239484
Current Points:  239484
Current Points:  239484
Current Points:  239484
Current Points:  239484
Current Points:  239484
Current Points:  239484
Current Points:  239484
Current Points:  239484
Current Points:  239484
Current Points:  239484
Current Points:  239484
Current Points:  239484
Current Points:  239484
Current Points:  239484
Current Points:  239484
Current Points:  239484
Current Points:  239484
Current Points:  239484
Current Points:  239484
Current Points:  239484
Current Points:  239484
Current Points:  239484
Current Points:  239484
Current Points:  239484
Current Points:  239484
Current Points:  239484
Current Points:  239484
Current Points:  239484
Current Points:  239484
Current Points:  239484
Current Points:  239484
Current Points:  239484
Current Points:  239484
Current Points:  239484
Current Points:  239484
Current Points:  239484
Current Points:  239484
Current Points:  239484
Current Points:  239484
Current Points:  239484
Current Points:  239484
Current Points:  239484
Current Points:  239484
Current Points:  239484
Current Points:  239484
Current Points:  239484
Current Points:  239484
Current Points:  239484
Current Points:  239484
Current Points:  239484
Current Points:  239484
Current Points:  239484
Current Points:  239484
Current Points:  239484
Current Points:  239484
Current Points:  239484
Current Points:  239484
Current Points:  239484
Current Points:  239484
Current Points:  239484
Test PSNR:19.4328, MS_SSIM:0.624575
Training Complete in 13481.0168s, Eval time:0.29529176s, FPS:3.3865, Best PSNR: 23.1431
0823_moreDetail_x8_16320x10272: 10272x16320, PSNR:19.4328, MS-SSIM:0.6246, Training:13481.0168s, Eval:0.29529176s, FPS:3.3865
Processing image 3: 0826_moreDetail_x8_16320x12288.png
Image Shape:  torch.Size([12288, 16320])
Num Points: 286485 | Compression Ratio: 300
Processing image of size: 12288x16320
Processing in 7x9 chunks of size 2048x2048
Initialized 143242 Gaussians successfully
Current Points:  179052
Current Points:  214862
Current Points:  250672
Current Points:  286482
Current Points:  286485
Current Points:  286485
Current Points:  286485
Current Points:  286485
Current Points:  286485
Current Points:  286485
Current Points:  286485
Current Points:  286485
Current Points:  286485
Current Points:  286485
Current Points:  286485
Current Points:  286485
Current Points:  286485
Current Points:  286485
Current Points:  286485
Current Points:  286485
Current Points:  286485
Current Points:  286485
Current Points:  286485
Current Points:  286485
Current Points:  286485
Current Points:  286485
Current Points:  286485
Current Points:  286485
Current Points:  286485
Current Points:  286485
Current Points:  286485
Current Points:  286485
Current Points:  286485
Current Points:  286485
Current Points:  286485
Current Points:  286485
Current Points:  286485
Current Points:  286485
Current Points:  286485
Current Points:  286485
Current Points:  286485
Current Points:  286485
Current Points:  286485
Current Points:  286485
Current Points:  286485
Current Points:  286485
Current Points:  286485
Current Points:  286485
Current Points:  286485
Current Points:  286485
Current Points:  286485
Current Points:  286485
Current Points:  286485
Current Points:  286485
Current Points:  286485
Current Points:  286485
Current Points:  286485
Current Points:  286485
Current Points:  286485
Current Points:  286485
Current Points:  286485
Current Points:  286485
Current Points:  286485
Current Points:  286485
Current Points:  286485
Current Points:  286485
Current Points:  286485
Current Points:  286485
Current Points:  286485
Current Points:  286485
Current Points:  286485
Current Points:  286485
Current Points:  286485
Current Points:  286485
Current Points:  286485
Current Points:  286485
Current Points:  286485
Current Points:  286485
Current Points:  286485
Current Points:  286485
Current Points:  286485
Current Points:  286485
Current Points:  286485
Current Points:  286485
Current Points:  286485
Current Points:  286485
Current Points:  286485
Current Points:  286485
Current Points:  286485
Current Points:  286485
Current Points:  286485
Current Points:  286485
Current Points:  286485
Current Points:  286485
Current Points:  286485
Current Points:  286485
Current Points:  286485
Current Points:  286485
Current Points:  286485
Test PSNR:20.3874, MS_SSIM:0.566585
Training Complete in 15967.1201s, Eval time:0.27557507s, FPS:3.6288, Best PSNR: 23.1292
0826_moreDetail_x8_16320x12288: 12288x16320, PSNR:20.3874, MS-SSIM:0.5666, Training:15967.1201s, Eval:0.27557507s, FPS:3.6288
Processing image 4: 0835_moreDetail_x8_12960x16320.png
Image Shape:  torch.Size([16320, 12960])
Num Points: 302153 | Compression Ratio: 300
Processing image of size: 16320x12960
Processing in 9x7 chunks of size 2048x2048
Initialized 151076 Gaussians successfully
Current Points:  188845
Current Points:  226614
Current Points:  264383
Current Points:  302152
Current Points:  302153
Current Points:  302153
Current Points:  302153
Current Points:  302153
Current Points:  302153
Current Points:  302153
Current Points:  302153
Current Points:  302153
Current Points:  302153
Current Points:  302153
Current Points:  302153
Current Points:  302153
Current Points:  302153
Current Points:  302153
Current Points:  302153
Current Points:  302153
Current Points:  302153
Current Points:  302153
Current Points:  302153
Current Points:  302153
Current Points:  302153
Current Points:  302153
Current Points:  302153
Current Points:  302153
Current Points:  302153
Current Points:  302153
Current Points:  302153
Current Points:  302153
Current Points:  302153
Current Points:  302153
Current Points:  302153
Current Points:  302153
Current Points:  302153
Current Points:  302153
Current Points:  302153
Current Points:  302153
Current Points:  302153
Current Points:  302153
Current Points:  302153
Current Points:  302153
Current Points:  302153
Current Points:  302153
Current Points:  302153
Current Points:  302153
Current Points:  302153
Current Points:  302153
Current Points:  302153
Current Points:  302153
Current Points:  302153
Current Points:  302153
Current Points:  302153
Current Points:  302153
Current Points:  302153
Current Points:  302153
Current Points:  302153
Current Points:  302153
Current Points:  302153
Current Points:  302153
Current Points:  302153
Current Points:  302153
Current Points:  302153
Current Points:  302153
Current Points:  302153
Current Points:  302153
Current Points:  302153
Current Points:  302153
Current Points:  302153
Current Points:  302153
Current Points:  302153
Current Points:  302153
Current Points:  302153
Current Points:  302153
Current Points:  302153
Current Points:  302153
Current Points:  302153
Current Points:  302153
Current Points:  302153
Current Points:  302153
Current Points:  302153
Current Points:  302153
Current Points:  302153
Current Points:  302153
Current Points:  302153
Current Points:  302153
Current Points:  302153
Current Points:  302153
Current Points:  302153
Current Points:  302153
Current Points:  302153
Current Points:  302153
Current Points:  302153
Current Points:  302153
Current Points:  302153
Current Points:  302153
Current Points:  302153
Test PSNR:20.4677, MS_SSIM:0.422156
Training Complete in 14115.7582s, Eval time:0.16019678s, FPS:6.2423, Best PSNR: 21.7489
0835_moreDetail_x8_12960x16320: 16320x12960, PSNR:20.4677, MS-SSIM:0.4222, Training:14115.7582s, Eval:0.16019678s, FPS:6.2423
Processing image 5: 0855_moreDetail_x8_16320x16320.png
Image Shape:  torch.Size([16320, 16320])
Num Points: 380489 | Compression Ratio: 300
Processing image of size: 16320x16320
Processing in 9x9 chunks of size 2048x2048
Initialized 190244 Gaussians successfully
Current Points:  237805
Current Points:  285366
Current Points:  332927
Current Points:  380488
Current Points:  380489
Current Points:  380489
Current Points:  380489
Current Points:  380489
Current Points:  380489
Current Points:  380489
Current Points:  380489
Current Points:  380489
Current Points:  380489
Current Points:  380489
Current Points:  380489
Current Points:  380489
Current Points:  380489
Current Points:  380489
Current Points:  380489
Current Points:  380489
Current Points:  380489
Current Points:  380489
Current Points:  380489
Current Points:  380489
Current Points:  380489
Current Points:  380489
Current Points:  380489
Current Points:  380489
Current Points:  380489
Current Points:  380489
Current Points:  380489
Current Points:  380489
Current Points:  380489
Current Points:  380489
Current Points:  380489
Current Points:  380489
Current Points:  380489
Current Points:  380489
Current Points:  380489
Current Points:  380489
Current Points:  380489
Current Points:  380489
Current Points:  380489
Current Points:  380489
Current Points:  380489
Current Points:  380489
Current Points:  380489
Current Points:  380489
Current Points:  380489
Current Points:  380489
Current Points:  380489
Current Points:  380489
Current Points:  380489
Current Points:  380489
Current Points:  380489
Current Points:  380489
Current Points:  380489
Current Points:  380489
Current Points:  380489
Current Points:  380489
Current Points:  380489
Current Points:  380489
Current Points:  380489
Current Points:  380489
Current Points:  380489
Current Points:  380489
Current Points:  380489
Current Points:  380489
Current Points:  380489
Current Points:  380489
Current Points:  380489
Current Points:  380489
Current Points:  380489
Current Points:  380489
Current Points:  380489
Current Points:  380489
Current Points:  380489
Current Points:  380489
Current Points:  380489
Current Points:  380489
Current Points:  380489
Current Points:  380489
Current Points:  380489
Current Points:  380489
Current Points:  380489
Current Points:  380489
Current Points:  380489
Current Points:  380489
Current Points:  380489
Current Points:  380489
Current Points:  380489
Current Points:  380489
Current Points:  380489
Current Points:  380489
Current Points:  380489
Current Points:  380489
Current Points:  380489
Current Points:  380489
Current Points:  380489
Test PSNR:23.1810, MS_SSIM:0.480039
Training Complete in 17706.4406s, Eval time:0.18971046s, FPS:5.2712, Best PSNR: 27.1140
0855_moreDetail_x8_16320x16320: 16320x16320, PSNR:23.1810, MS-SSIM:0.4800, Training:17706.4406s, Eval:0.18971046s, FPS:5.2712
Processing image 6: 0873_moreDetail_x8_16320x10848.png
Image Shape:  torch.Size([10848, 16312])
Num Points: 252789 | Compression Ratio: 300
Processing image of size: 10848x16312
Processing in 6x9 chunks of size 2048x2048
Initialized 126394 Gaussians successfully
Current Points:  157992
Current Points:  189590
Current Points:  221188
Current Points:  252786
Current Points:  252789
Current Points:  252789
Current Points:  252789
Current Points:  252789
Current Points:  252789
Current Points:  252789
Current Points:  252789
Current Points:  252789
Current Points:  252789
Current Points:  252789
Current Points:  252789
Current Points:  252789
Current Points:  252789
Current Points:  252789
Current Points:  252789
Current Points:  252789
Current Points:  252789
Current Points:  252789
Current Points:  252789
Current Points:  252789
Current Points:  252789
Current Points:  252789
Current Points:  252789
Current Points:  252789
Current Points:  252789
Current Points:  252789
Current Points:  252789
Current Points:  252789
Current Points:  252789
Current Points:  252789
Current Points:  252789
Current Points:  252789
Current Points:  252789
Current Points:  252789
Current Points:  252789
Current Points:  252789
Current Points:  252789
Current Points:  252789
Current Points:  252789
Current Points:  252789
Current Points:  252789
Current Points:  252789
Current Points:  252789
Current Points:  252789
Current Points:  252789
Current Points:  252789
Current Points:  252789
Current Points:  252789
Current Points:  252789
Current Points:  252789
Current Points:  252789
Current Points:  252789
Current Points:  252789
Current Points:  252789
Current Points:  252789
Current Points:  252789
Current Points:  252789
Current Points:  252789
Current Points:  252789
Current Points:  252789
Current Points:  252789
Current Points:  252789
Current Points:  252789
Current Points:  252789
Current Points:  252789
Current Points:  252789
Current Points:  252789
Current Points:  252789
Current Points:  252789
Current Points:  252789
Current Points:  252789
Current Points:  252789
Current Points:  252789
Current Points:  252789
Current Points:  252789
Current Points:  252789
Current Points:  252789
Current Points:  252789
Current Points:  252789
Current Points:  252789
Current Points:  252789
Current Points:  252789
Current Points:  252789
Current Points:  252789
Current Points:  252789
Current Points:  252789
Current Points:  252789
Current Points:  252789
Current Points:  252789
Current Points:  252789
Current Points:  252789
Current Points:  252789
Current Points:  252789
Current Points:  252789
Current Points:  252789
Test PSNR:20.8359, MS_SSIM:0.546203
Training Complete in 12444.5052s, Eval time:0.21557238s, FPS:4.6388, Best PSNR: 23.2965
0873_moreDetail_x8_16320x10848: 10848x16312, PSNR:20.8359, MS-SSIM:0.5462, Training:12444.5052s, Eval:0.21557238s, FPS:4.6388
Processing image 7: 0875_moreDetail_x8_16320x12288.png
Image Shape:  torch.Size([12288, 16320])
Num Points: 286485 | Compression Ratio: 300
Processing image of size: 12288x16320
Processing in 7x9 chunks of size 2048x2048
Initialized 143242 Gaussians successfully
Current Points:  179052
Current Points:  214862
Current Points:  250672
Current Points:  286482
Current Points:  286485
Current Points:  286485
Current Points:  286485
Current Points:  286485
Current Points:  286485
Current Points:  286485
Current Points:  286485
Current Points:  286485
Current Points:  286485
Current Points:  286485
Current Points:  286485
Current Points:  286485
Current Points:  286485
Current Points:  286485
Current Points:  286485
Current Points:  286485
Current Points:  286485
Current Points:  286485
Current Points:  286485
Current Points:  286485
Current Points:  286485
Current Points:  286485
Current Points:  286485
Current Points:  286485
Current Points:  286485
Current Points:  286485
Current Points:  286485
Current Points:  286485
Current Points:  286485
Current Points:  286485
Current Points:  286485
Current Points:  286485
Current Points:  286485
Current Points:  286485
Current Points:  286485
Current Points:  286485
Current Points:  286485
Current Points:  286485
Current Points:  286485
Current Points:  286485
Current Points:  286485
Current Points:  286485
Current Points:  286485
Current Points:  286485
Current Points:  286485
Current Points:  286485
Current Points:  286485
Current Points:  286485
Current Points:  286485
Current Points:  286485
Current Points:  286485
Current Points:  286485
Current Points:  286485
Current Points:  286485
Current Points:  286485
Current Points:  286485
Current Points:  286485
Current Points:  286485
Current Points:  286485
Current Points:  286485
Current Points:  286485
Current Points:  286485
Current Points:  286485
Current Points:  286485
Current Points:  286485
Current Points:  286485
Current Points:  286485
Current Points:  286485
Current Points:  286485
Current Points:  286485
Current Points:  286485
Current Points:  286485
Current Points:  286485
Current Points:  286485
Current Points:  286485
Current Points:  286485
Current Points:  286485
Current Points:  286485
Current Points:  286485
Current Points:  286485
Current Points:  286485
Current Points:  286485
Current Points:  286485
Current Points:  286485
Current Points:  286485
Current Points:  286485
Current Points:  286485
Current Points:  286485
Current Points:  286485
Current Points:  286485
Current Points:  286485
Current Points:  286485
Current Points:  286485
Current Points:  286485
Current Points:  286485
Test PSNR:20.9544, MS_SSIM:0.379352
Training Complete in 13948.7412s, Eval time:0.16009204s, FPS:6.2464, Best PSNR: 24.7113
0875_moreDetail_x8_16320x12288: 12288x16320, PSNR:20.9544, MS-SSIM:0.3794, Training:13948.7412s, Eval:0.16009204s, FPS:6.2464
Processing image 8: 0896_moreDetail_x8_16320x10848.png
Image Shape:  torch.Size([10848, 16312])
Num Points: 252789 | Compression Ratio: 300
Processing image of size: 10848x16312
Processing in 6x9 chunks of size 2048x2048
Initialized 126394 Gaussians successfully
Current Points:  157992
Current Points:  189590
Current Points:  221188
Current Points:  252786
Current Points:  252789
Current Points:  252789
Current Points:  252789
Current Points:  252789
Current Points:  252789
Current Points:  252789
Current Points:  252789
Current Points:  252789
Current Points:  252789
Current Points:  252789
Current Points:  252789
Current Points:  252789
Current Points:  252789
Current Points:  252789
Current Points:  252789
Current Points:  252789
Current Points:  252789
Current Points:  252789
Current Points:  252789
Current Points:  252789
Current Points:  252789
Current Points:  252789
Current Points:  252789
Current Points:  252789
Current Points:  252789
Current Points:  252789
Current Points:  252789
Current Points:  252789
Current Points:  252789
Current Points:  252789
Current Points:  252789
Current Points:  252789
Current Points:  252789
Current Points:  252789
Current Points:  252789
Current Points:  252789
Current Points:  252789
Current Points:  252789
Current Points:  252789
Current Points:  252789
Current Points:  252789
Current Points:  252789
Current Points:  252789
Current Points:  252789
Current Points:  252789
Current Points:  252789
Current Points:  252789
Current Points:  252789
Current Points:  252789
Current Points:  252789
Current Points:  252789
Current Points:  252789
Current Points:  252789
Current Points:  252789
Current Points:  252789
Current Points:  252789
Current Points:  252789
Current Points:  252789
Current Points:  252789
Current Points:  252789
Current Points:  252789
Current Points:  252789
Current Points:  252789
Current Points:  252789
Current Points:  252789
Current Points:  252789
Current Points:  252789
Current Points:  252789
Current Points:  252789
Current Points:  252789
Current Points:  252789
Current Points:  252789
Current Points:  252789
Current Points:  252789
Current Points:  252789
Current Points:  252789
Current Points:  252789
Current Points:  252789
Current Points:  252789
Current Points:  252789
Current Points:  252789
Current Points:  252789
Current Points:  252789
Current Points:  252789
Current Points:  252789
Current Points:  252789
Current Points:  252789
Current Points:  252789
Current Points:  252789
Current Points:  252789
Current Points:  252789
Current Points:  252789
Current Points:  252789
Current Points:  252789
Current Points:  252789
Test PSNR:16.9860, MS_SSIM:0.812116
Training Complete in 14610.3036s, Eval time:0.36485694s, FPS:2.7408, Best PSNR: 25.2616
0896_moreDetail_x8_16320x10848: 10848x16312, PSNR:16.9860, MS-SSIM:0.8121, Training:14610.3036s, Eval:0.36485694s, FPS:2.7408
Average: 12684x15898, PSNR:20.3126, MS-SSIM:0.5569, Training:14844.2920s, Eval:0.23222844s, FPS:4.6554
