Sun Jul 20 19:33:06 2025       
+-----------------------------------------------------------------------------------------+
| NVIDIA-SMI 550.54.14              Driver Version: 550.54.14      CUDA Version: 12.4     |
|-----------------------------------------+------------------------+----------------------+
| GPU  Name                 Persistence-M | Bus-Id          Disp.A | Volatile Uncorr. ECC |
| Fan  Temp   Perf          Pwr:Usage/Cap |           Memory-Usage | GPU-Util  Compute M. |
|                                         |                        |               MIG M. |
|=========================================+========================+======================|
|   0  NVIDIA A800-SXM4-80GB          On  |   00000000:55:00.0 Off |                    0 |
| N/A   28C    P0             56W /  400W |       0MiB /  81920MiB |      0%      Default |
|                                         |                        |             Disabled |
+-----------------------------------------+------------------------+----------------------+
                                                                                         
+-----------------------------------------------------------------------------------------+
| Processes:                                                                              |
|  GPU   GI   CI        PID   Type   Process name                              GPU Memory |
|        ID   ID                                                               Usage      |
|=========================================================================================|
|  No running processes found                                                             |
+-----------------------------------------------------------------------------------------+
Torch: 2.4.0+cu124, CUDA: True, Device: NVIDIA A800-SXM4-80GB
Training with ImageGS_RS Gaussian Image Model.......
Founding 16 Images in DIV8K Dataset .........
Processing image 1: 0001.png
Image Shape:  torch.Size([5376, 5760])
Num Points: 132710 | Compression Ratio: 100
Processing image of size: 5376x5760
Processing in 3x3 chunks of size 2048x2048
Initialized 66355 Gaussians successfully
Current Points:  82943
Current Points:  99531
Current Points:  116119
Current Points:  132707
Current Points:  132710
Current Points:  132710
Current Points:  132710
Current Points:  132710
Current Points:  132710
Current Points:  132710
Current Points:  132710
Current Points:  132710
Current Points:  132710
Current Points:  132710
Current Points:  132710
Current Points:  132710
Current Points:  132710
Current Points:  132710
Current Points:  132710
Current Points:  132710
Current Points:  132710
Current Points:  132710
Current Points:  132710
Current Points:  132710
Current Points:  132710
Current Points:  132710
Current Points:  132710
Current Points:  132710
Current Points:  132710
Current Points:  132710
Current Points:  132710
Current Points:  132710
Current Points:  132710
Current Points:  132710
Current Points:  132710
Current Points:  132710
Current Points:  132710
Current Points:  132710
Current Points:  132710
Current Points:  132710
Current Points:  132710
Current Points:  132710
Current Points:  132710
Current Points:  132710
Current Points:  132710
Current Points:  132710
Current Points:  132710
Current Points:  132710
Current Points:  132710
Current Points:  132710
Current Points:  132710
Current Points:  132710
Current Points:  132710
Current Points:  132710
Current Points:  132710
Current Points:  132710
Current Points:  132710
Current Points:  132710
Current Points:  132710
Current Points:  132710
Current Points:  132710
Current Points:  132710
Current Points:  132710
Current Points:  132710
Current Points:  132710
Current Points:  132710
Current Points:  132710
Current Points:  132710
Current Points:  132710
Current Points:  132710
Current Points:  132710
Current Points:  132710
Current Points:  132710
Current Points:  132710
Current Points:  132710
Current Points:  132710
Current Points:  132710
Current Points:  132710
Current Points:  132710
Current Points:  132710
Current Points:  132710
Current Points:  132710
Current Points:  132710
Current Points:  132710
Current Points:  132710
Current Points:  132710
Current Points:  132710
Current Points:  132710
Current Points:  132710
Current Points:  132710
Current Points:  132710
Current Points:  132710
Current Points:  132710
Current Points:  132710
Current Points:  132710
Current Points:  132710
Current Points:  132710
Current Points:  132710
Current Points:  132710
Test PSNR:20.4623, MS_SSIM:0.619232
Training Complete in 3107.7934s, Eval time:0.03777320s, FPS:26.4738, Best PSNR: 22.0488
0001: 5376x5760, PSNR:20.4623, MS-SSIM:0.6192, Training:3107.7934s, Eval:0.03777320s, FPS:26.4738
Processing image 2: 0138.png
Image Shape:  torch.Size([1920, 2880])
Num Points: 23698 | Compression Ratio: 100
Processing image of size: 1920x2880
Processing in 1x2 chunks of size 2048x2048
Initialized 11849 Gaussians successfully
Current Points:  14811
Current Points:  17773
Current Points:  20735
Current Points:  23697
Current Points:  23698
Current Points:  23698
Current Points:  23698
Current Points:  23698
Current Points:  23698
Current Points:  23698
Current Points:  23698
Current Points:  23698
Current Points:  23698
Current Points:  23698
Current Points:  23698
Current Points:  23698
Current Points:  23698
Current Points:  23698
Current Points:  23698
Current Points:  23698
Current Points:  23698
Current Points:  23698
Current Points:  23698
Current Points:  23698
Current Points:  23698
Current Points:  23698
Current Points:  23698
Current Points:  23698
Current Points:  23698
Current Points:  23698
Current Points:  23698
Current Points:  23698
Current Points:  23698
Current Points:  23698
Current Points:  23698
Current Points:  23698
Current Points:  23698
Current Points:  23698
Current Points:  23698
Current Points:  23698
Current Points:  23698
Current Points:  23698
Current Points:  23698
Current Points:  23698
Current Points:  23698
Current Points:  23698
Current Points:  23698
Current Points:  23698
Current Points:  23698
Current Points:  23698
Current Points:  23698
Current Points:  23698
Current Points:  23698
Current Points:  23698
Current Points:  23698
Current Points:  23698
Current Points:  23698
Current Points:  23698
Current Points:  23698
Current Points:  23698
Current Points:  23698
Current Points:  23698
Current Points:  23698
Current Points:  23698
Current Points:  23698
Current Points:  23698
Current Points:  23698
Current Points:  23698
Current Points:  23698
Current Points:  23698
Current Points:  23698
Current Points:  23698
Current Points:  23698
Current Points:  23698
Current Points:  23698
Current Points:  23698
Current Points:  23698
Current Points:  23698
Current Points:  23698
Current Points:  23698
Current Points:  23698
Current Points:  23698
Current Points:  23698
Current Points:  23698
Current Points:  23698
Current Points:  23698
Current Points:  23698
Current Points:  23698
Current Points:  23698
Current Points:  23698
Current Points:  23698
Current Points:  23698
Current Points:  23698
Current Points:  23698
Current Points:  23698
Current Points:  23698
Current Points:  23698
Current Points:  23698
Current Points:  23698
Test PSNR:23.1368, MS_SSIM:0.587539
Training Complete in 474.3775s, Eval time:0.00610836s, FPS:163.7102, Best PSNR: 24.1165
0138: 1920x2880, PSNR:23.1368, MS-SSIM:0.5875, Training:474.3775s, Eval:0.00610836s, FPS:163.7102
Processing image 3: 0491.png
Image Shape:  torch.Size([5376, 6720])
Num Points: 154828 | Compression Ratio: 100
Processing image of size: 5376x6720
Processing in 3x4 chunks of size 2048x2048
Initialized 77414 Gaussians successfully
Current Points:  96767
Current Points:  116120
Current Points:  135473
Current Points:  154826
Current Points:  154828
Current Points:  154828
Current Points:  154828
Current Points:  154828
Current Points:  154828
Current Points:  154828
Current Points:  154828
Current Points:  154828
Current Points:  154828
Current Points:  154828
Current Points:  154828
Current Points:  154828
Current Points:  154828
Current Points:  154828
Current Points:  154828
Current Points:  154828
Current Points:  154828
Current Points:  154828
Current Points:  154828
Current Points:  154828
Current Points:  154828
Current Points:  154828
Current Points:  154828
Current Points:  154828
Current Points:  154828
Current Points:  154828
Current Points:  154828
Current Points:  154828
Current Points:  154828
Current Points:  154828
Current Points:  154828
Current Points:  154828
Current Points:  154828
Current Points:  154828
Current Points:  154828
Current Points:  154828
Current Points:  154828
Current Points:  154828
Current Points:  154828
Current Points:  154828
Current Points:  154828
Current Points:  154828
Current Points:  154828
Current Points:  154828
Current Points:  154828
Current Points:  154828
Current Points:  154828
Current Points:  154828
Current Points:  154828
Current Points:  154828
Current Points:  154828
Current Points:  154828
Current Points:  154828
Current Points:  154828
Current Points:  154828
Current Points:  154828
Current Points:  154828
Current Points:  154828
Current Points:  154828
Current Points:  154828
Current Points:  154828
Current Points:  154828
Current Points:  154828
Current Points:  154828
Current Points:  154828
Current Points:  154828
Current Points:  154828
Current Points:  154828
Current Points:  154828
Current Points:  154828
Current Points:  154828
Current Points:  154828
Current Points:  154828
Current Points:  154828
Current Points:  154828
Current Points:  154828
Current Points:  154828
Current Points:  154828
Current Points:  154828
Current Points:  154828
Current Points:  154828
Current Points:  154828
Current Points:  154828
Current Points:  154828
Current Points:  154828
Current Points:  154828
Current Points:  154828
Current Points:  154828
Current Points:  154828
Current Points:  154828
Current Points:  154828
Current Points:  154828
Current Points:  154828
Current Points:  154828
Current Points:  154828
Test PSNR:18.9682, MS_SSIM:0.574423
Training Complete in 3466.7610s, Eval time:0.04234525s, FPS:23.6154, Best PSNR: 20.3909
0491: 5376x6720, PSNR:18.9682, MS-SSIM:0.5744, Training:3466.7610s, Eval:0.04234525s, FPS:23.6154
Processing image 4: 0536.png
Image Shape:  torch.Size([6720, 5184])
Num Points: 149299 | Compression Ratio: 100
Processing image of size: 6720x5184
Processing in 4x3 chunks of size 2048x2048
Initialized 74649 Gaussians successfully
Current Points:  93311
Current Points:  111973
Current Points:  130635
Current Points:  149297
Current Points:  149299
Current Points:  149299
Current Points:  149299
Current Points:  149299
Current Points:  149299
Current Points:  149299
Current Points:  149299
Current Points:  149299
Current Points:  149299
Current Points:  149299
Current Points:  149299
Current Points:  149299
Current Points:  149299
Current Points:  149299
Current Points:  149299
Current Points:  149299
Current Points:  149299
Current Points:  149299
Current Points:  149299
Current Points:  149299
Current Points:  149299
Current Points:  149299
Current Points:  149299
Current Points:  149299
Current Points:  149299
Current Points:  149299
Current Points:  149299
Current Points:  149299
Current Points:  149299
Current Points:  149299
Current Points:  149299
Current Points:  149299
Current Points:  149299
Current Points:  149299
Current Points:  149299
Current Points:  149299
Current Points:  149299
Current Points:  149299
Current Points:  149299
Current Points:  149299
Current Points:  149299
Current Points:  149299
Current Points:  149299
Current Points:  149299
Current Points:  149299
Current Points:  149299
Current Points:  149299
Current Points:  149299
Current Points:  149299
Current Points:  149299
Current Points:  149299
Current Points:  149299
Current Points:  149299
Current Points:  149299
Current Points:  149299
Current Points:  149299
Current Points:  149299
Current Points:  149299
Current Points:  149299
Current Points:  149299
Current Points:  149299
Current Points:  149299
Current Points:  149299
Current Points:  149299
Current Points:  149299
Current Points:  149299
Current Points:  149299
Current Points:  149299
Current Points:  149299
Current Points:  149299
Current Points:  149299
Current Points:  149299
Current Points:  149299
Current Points:  149299
Current Points:  149299
Current Points:  149299
Current Points:  149299
Current Points:  149299
Current Points:  149299
Current Points:  149299
Current Points:  149299
Current Points:  149299
Current Points:  149299
Current Points:  149299
Current Points:  149299
Current Points:  149299
Current Points:  149299
Current Points:  149299
Current Points:  149299
Current Points:  149299
Current Points:  149299
Current Points:  149299
Current Points:  149299
Current Points:  149299
Current Points:  149299
Test PSNR:18.0150, MS_SSIM:0.595202
Training Complete in 2343.9543s, Eval time:0.02081184s, FPS:48.0496, Best PSNR: 18.0896
0536: 6720x5184, PSNR:18.0150, MS-SSIM:0.5952, Training:2343.9543s, Eval:0.02081184s, FPS:48.0496
Processing image 5: 0666.png
Image Shape:  torch.Size([6720, 6720])
Num Points: 193536 | Compression Ratio: 100
Processing image of size: 6720x6720
Processing in 4x4 chunks of size 2048x2048
Initialized 96768 Gaussians successfully
Current Points:  120960
Current Points:  145152
Current Points:  169344
Current Points:  193536
Current Points:  193536
Current Points:  193536
Current Points:  193536
Current Points:  193536
Current Points:  193536
Current Points:  193536
Current Points:  193536
Current Points:  193536
Current Points:  193536
Current Points:  193536
Current Points:  193536
Current Points:  193536
Current Points:  193536
Current Points:  193536
Current Points:  193536
Current Points:  193536
Current Points:  193536
Current Points:  193536
Current Points:  193536
Current Points:  193536
Current Points:  193536
Current Points:  193536
Current Points:  193536
Current Points:  193536
Current Points:  193536
Current Points:  193536
Current Points:  193536
Current Points:  193536
Current Points:  193536
Current Points:  193536
Current Points:  193536
Current Points:  193536
Current Points:  193536
Current Points:  193536
Current Points:  193536
Current Points:  193536
Current Points:  193536
Current Points:  193536
Current Points:  193536
Current Points:  193536
Current Points:  193536
Current Points:  193536
Current Points:  193536
Current Points:  193536
Current Points:  193536
Current Points:  193536
Current Points:  193536
Current Points:  193536
Current Points:  193536
Current Points:  193536
Current Points:  193536
Current Points:  193536
Current Points:  193536
Current Points:  193536
Current Points:  193536
Current Points:  193536
Current Points:  193536
Current Points:  193536
Current Points:  193536
Current Points:  193536
Current Points:  193536
Current Points:  193536
Current Points:  193536
Current Points:  193536
Current Points:  193536
Current Points:  193536
Current Points:  193536
Current Points:  193536
Current Points:  193536
Current Points:  193536
Current Points:  193536
Current Points:  193536
Current Points:  193536
Current Points:  193536
Current Points:  193536
Current Points:  193536
Current Points:  193536
Current Points:  193536
Current Points:  193536
Current Points:  193536
Current Points:  193536
Current Points:  193536
Current Points:  193536
Current Points:  193536
Current Points:  193536
Current Points:  193536
Current Points:  193536
Current Points:  193536
Current Points:  193536
Current Points:  193536
Current Points:  193536
Current Points:  193536
Current Points:  193536
Current Points:  193536
Current Points:  193536
Test PSNR:17.4187, MS_SSIM:0.540831
Training Complete in 4083.7635s, Eval time:0.05409035s, FPS:18.4876, Best PSNR: 19.4932
0666: 6720x6720, PSNR:17.4187, MS-SSIM:0.5408, Training:4083.7635s, Eval:0.05409035s, FPS:18.4876
Processing image 6: 0849.png
Image Shape:  torch.Size([6720, 4416])
Num Points: 127180 | Compression Ratio: 100
Processing image of size: 6720x4416
Processing in 4x3 chunks of size 2048x2048
Initialized 63590 Gaussians successfully
Current Points:  79487
Current Points:  95384
Current Points:  111281
Current Points:  127178
Current Points:  127180
Current Points:  127180
Current Points:  127180
Current Points:  127180
Current Points:  127180
Current Points:  127180
Current Points:  127180
Current Points:  127180
Current Points:  127180
Current Points:  127180
Current Points:  127180
Current Points:  127180
Current Points:  127180
Current Points:  127180
Current Points:  127180
Current Points:  127180
Current Points:  127180
Current Points:  127180
Current Points:  127180
Current Points:  127180
Current Points:  127180
Current Points:  127180
Current Points:  127180
Current Points:  127180
Current Points:  127180
Current Points:  127180
Current Points:  127180
Current Points:  127180
Current Points:  127180
Current Points:  127180
Current Points:  127180
Current Points:  127180
Current Points:  127180
Current Points:  127180
Current Points:  127180
Current Points:  127180
Current Points:  127180
Current Points:  127180
Current Points:  127180
Current Points:  127180
Current Points:  127180
Current Points:  127180
Current Points:  127180
Current Points:  127180
Current Points:  127180
Current Points:  127180
Current Points:  127180
Current Points:  127180
Current Points:  127180
Current Points:  127180
Current Points:  127180
Current Points:  127180
Current Points:  127180
Current Points:  127180
Current Points:  127180
Current Points:  127180
Current Points:  127180
Current Points:  127180
Current Points:  127180
Current Points:  127180
Current Points:  127180
Current Points:  127180
Current Points:  127180
Current Points:  127180
Current Points:  127180
Current Points:  127180
Current Points:  127180
Current Points:  127180
Current Points:  127180
Current Points:  127180
Current Points:  127180
Current Points:  127180
Current Points:  127180
Current Points:  127180
Current Points:  127180
Current Points:  127180
Current Points:  127180
Current Points:  127180
Current Points:  127180
Current Points:  127180
Current Points:  127180
Current Points:  127180
Current Points:  127180
Current Points:  127180
Current Points:  127180
Current Points:  127180
Current Points:  127180
Current Points:  127180
Current Points:  127180
Current Points:  127180
Current Points:  127180
Current Points:  127180
Current Points:  127180
Current Points:  127180
Current Points:  127180
Test PSNR:19.3876, MS_SSIM:0.565170
Training Complete in 2735.6362s, Eval time:0.03363587s, FPS:29.7302, Best PSNR: 22.0078
0849: 6720x4416, PSNR:19.3876, MS-SSIM:0.5652, Training:2735.6362s, Eval:0.03363587s, FPS:29.7302
Processing image 7: 0952.png
Image Shape:  torch.Size([3840, 6720])
Num Points: 110592 | Compression Ratio: 100
Processing image of size: 3840x6720
Processing in 2x4 chunks of size 2048x2048
Initialized 55296 Gaussians successfully
Current Points:  69120
Current Points:  82944
Current Points:  96768
Current Points:  110592
Current Points:  110592
Current Points:  110592
Current Points:  110592
Current Points:  110592
Current Points:  110592
Current Points:  110592
Current Points:  110592
Current Points:  110592
Current Points:  110592
Current Points:  110592
Current Points:  110592
Current Points:  110592
Current Points:  110592
Current Points:  110592
Current Points:  110592
Current Points:  110592
Current Points:  110592
Current Points:  110592
Current Points:  110592
Current Points:  110592
Current Points:  110592
Current Points:  110592
Current Points:  110592
Current Points:  110592
Current Points:  110592
Current Points:  110592
Current Points:  110592
Current Points:  110592
Current Points:  110592
Current Points:  110592
Current Points:  110592
Current Points:  110592
Current Points:  110592
Current Points:  110592
Current Points:  110592
Current Points:  110592
Current Points:  110592
Current Points:  110592
Current Points:  110592
Current Points:  110592
Current Points:  110592
Current Points:  110592
Current Points:  110592
Current Points:  110592
Current Points:  110592
Current Points:  110592
Current Points:  110592
Current Points:  110592
Current Points:  110592
Current Points:  110592
Current Points:  110592
Current Points:  110592
Current Points:  110592
Current Points:  110592
Current Points:  110592
Current Points:  110592
Current Points:  110592
Current Points:  110592
Current Points:  110592
Current Points:  110592
Current Points:  110592
Current Points:  110592
Current Points:  110592
Current Points:  110592
Current Points:  110592
Current Points:  110592
Current Points:  110592
Current Points:  110592
Current Points:  110592
Current Points:  110592
Current Points:  110592
Current Points:  110592
Current Points:  110592
Current Points:  110592
Current Points:  110592
Current Points:  110592
Current Points:  110592
Current Points:  110592
Current Points:  110592
Current Points:  110592
Current Points:  110592
Current Points:  110592
Current Points:  110592
Current Points:  110592
Current Points:  110592
Current Points:  110592
Current Points:  110592
Current Points:  110592
Current Points:  110592
Current Points:  110592
Current Points:  110592
Current Points:  110592
Current Points:  110592
Current Points:  110592
Current Points:  110592
Test PSNR:20.5775, MS_SSIM:0.559620
Training Complete in 2417.2328s, Eval time:0.02946315s, FPS:33.9407, Best PSNR: 23.1918
0952: 3840x6720, PSNR:20.5775, MS-SSIM:0.5596, Training:2417.2328s, Eval:0.02946315s, FPS:33.9407
Processing image 8: 1040.png
Image Shape:  torch.Size([4416, 6720])
Num Points: 127180 | Compression Ratio: 100
Processing image of size: 4416x6720
Processing in 3x4 chunks of size 2048x2048
Initialized 63590 Gaussians successfully
Current Points:  79487
Current Points:  95384
Current Points:  111281
Current Points:  127178
Current Points:  127180
Current Points:  127180
Current Points:  127180
Current Points:  127180
Current Points:  127180
Current Points:  127180
Current Points:  127180
Current Points:  127180
Current Points:  127180
Current Points:  127180
Current Points:  127180
Current Points:  127180
Current Points:  127180
Current Points:  127180
Current Points:  127180
Current Points:  127180
Current Points:  127180
Current Points:  127180
Current Points:  127180
Current Points:  127180
Current Points:  127180
Current Points:  127180
Current Points:  127180
Current Points:  127180
Current Points:  127180
Current Points:  127180
Current Points:  127180
Current Points:  127180
Current Points:  127180
Current Points:  127180
Current Points:  127180
Current Points:  127180
Current Points:  127180
Current Points:  127180
Current Points:  127180
Current Points:  127180
Current Points:  127180
Current Points:  127180
Current Points:  127180
Current Points:  127180
Current Points:  127180
Current Points:  127180
Current Points:  127180
Current Points:  127180
Current Points:  127180
Current Points:  127180
Current Points:  127180
Current Points:  127180
Current Points:  127180
Current Points:  127180
Current Points:  127180
Current Points:  127180
Current Points:  127180
Current Points:  127180
Current Points:  127180
Current Points:  127180
Current Points:  127180
Current Points:  127180
Current Points:  127180
Current Points:  127180
Current Points:  127180
Current Points:  127180
Current Points:  127180
Current Points:  127180
Current Points:  127180
Current Points:  127180
Current Points:  127180
Current Points:  127180
Current Points:  127180
Current Points:  127180
Current Points:  127180
Current Points:  127180
Current Points:  127180
Current Points:  127180
Current Points:  127180
Current Points:  127180
Current Points:  127180
Current Points:  127180
Current Points:  127180
Current Points:  127180
Current Points:  127180
Current Points:  127180
Current Points:  127180
Current Points:  127180
Current Points:  127180
Current Points:  127180
Current Points:  127180
Current Points:  127180
Current Points:  127180
Current Points:  127180
Current Points:  127180
Current Points:  127180
Current Points:  127180
Current Points:  127180
Current Points:  127180
Test PSNR:18.9620, MS_SSIM:0.576701
Training Complete in 2500.7211s, Eval time:0.03073488s, FPS:32.5363, Best PSNR: 20.4239
1040: 4416x6720, PSNR:18.9620, MS-SSIM:0.5767, Training:2500.7211s, Eval:0.03073488s, FPS:32.5363
Processing image 9: 1067.png
Image Shape:  torch.Size([4416, 6720])
Num Points: 127180 | Compression Ratio: 100
Processing image of size: 4416x6720
Processing in 3x4 chunks of size 2048x2048
Initialized 63590 Gaussians successfully
Current Points:  79487
Current Points:  95384
Current Points:  111281
Current Points:  127178
Current Points:  127180
Current Points:  127180
Current Points:  127180
Current Points:  127180
Current Points:  127180
Current Points:  127180
Current Points:  127180
Current Points:  127180
Current Points:  127180
Current Points:  127180
Current Points:  127180
Current Points:  127180
Current Points:  127180
Current Points:  127180
Current Points:  127180
Current Points:  127180
Current Points:  127180
Current Points:  127180
Current Points:  127180
Current Points:  127180
Current Points:  127180
Current Points:  127180
Current Points:  127180
Current Points:  127180
Current Points:  127180
Current Points:  127180
Current Points:  127180
Current Points:  127180
Current Points:  127180
Current Points:  127180
Current Points:  127180
Current Points:  127180
Current Points:  127180
Current Points:  127180
Current Points:  127180
Current Points:  127180
Current Points:  127180
Current Points:  127180
Current Points:  127180
Current Points:  127180
Current Points:  127180
Current Points:  127180
Current Points:  127180
Current Points:  127180
Current Points:  127180
Current Points:  127180
Current Points:  127180
Current Points:  127180
Current Points:  127180
Current Points:  127180
Current Points:  127180
Current Points:  127180
Current Points:  127180
Current Points:  127180
Current Points:  127180
Current Points:  127180
Current Points:  127180
Current Points:  127180
Current Points:  127180
Current Points:  127180
Current Points:  127180
Current Points:  127180
Current Points:  127180
Current Points:  127180
Current Points:  127180
Current Points:  127180
Current Points:  127180
Current Points:  127180
Current Points:  127180
Current Points:  127180
Current Points:  127180
Current Points:  127180
Current Points:  127180
Current Points:  127180
Current Points:  127180
Current Points:  127180
Current Points:  127180
Current Points:  127180
Current Points:  127180
Current Points:  127180
Current Points:  127180
Current Points:  127180
Current Points:  127180
Current Points:  127180
Current Points:  127180
Current Points:  127180
Current Points:  127180
Current Points:  127180
Current Points:  127180
Current Points:  127180
Current Points:  127180
Current Points:  127180
Current Points:  127180
Current Points:  127180
Current Points:  127180
Test PSNR:20.2969, MS_SSIM:0.629307
Training Complete in 3046.7687s, Eval time:0.03549604s, FPS:28.1722, Best PSNR: 22.0018
1067: 4416x6720, PSNR:20.2969, MS-SSIM:0.6293, Training:3046.7687s, Eval:0.03549604s, FPS:28.1722
Processing image 10: 1107.png
Image Shape:  torch.Size([6720, 4416])
Num Points: 127180 | Compression Ratio: 100
Processing image of size: 6720x4416
Processing in 4x3 chunks of size 2048x2048
Initialized 63590 Gaussians successfully
Current Points:  79487
Current Points:  95384
Current Points:  111281
Current Points:  127178
Current Points:  127180
Current Points:  127180
Current Points:  127180
Current Points:  127180
Current Points:  127180
Current Points:  127180
Current Points:  127180
Current Points:  127180
Current Points:  127180
Current Points:  127180
Current Points:  127180
Current Points:  127180
Current Points:  127180
Current Points:  127180
Current Points:  127180
Current Points:  127180
Current Points:  127180
Current Points:  127180
Current Points:  127180
Current Points:  127180
Current Points:  127180
Current Points:  127180
Current Points:  127180
Current Points:  127180
Current Points:  127180
Current Points:  127180
Current Points:  127180
Current Points:  127180
Current Points:  127180
Current Points:  127180
Current Points:  127180
Current Points:  127180
Current Points:  127180
Current Points:  127180
Current Points:  127180
Current Points:  127180
Current Points:  127180
Current Points:  127180
Current Points:  127180
Current Points:  127180
Current Points:  127180
Current Points:  127180
Current Points:  127180
Current Points:  127180
Current Points:  127180
Current Points:  127180
Current Points:  127180
Current Points:  127180
Current Points:  127180
Current Points:  127180
Current Points:  127180
Current Points:  127180
Current Points:  127180
Current Points:  127180
Current Points:  127180
Current Points:  127180
Current Points:  127180
Current Points:  127180
Current Points:  127180
Current Points:  127180
Current Points:  127180
Current Points:  127180
Current Points:  127180
Current Points:  127180
Current Points:  127180
Current Points:  127180
Current Points:  127180
Current Points:  127180
Current Points:  127180
Current Points:  127180
Current Points:  127180
Current Points:  127180
Current Points:  127180
Current Points:  127180
Current Points:  127180
Current Points:  127180
Current Points:  127180
Current Points:  127180
Current Points:  127180
Current Points:  127180
Current Points:  127180
Current Points:  127180
Current Points:  127180
Current Points:  127180
Current Points:  127180
Current Points:  127180
Current Points:  127180
Current Points:  127180
Current Points:  127180
Current Points:  127180
Current Points:  127180
Current Points:  127180
Current Points:  127180
Current Points:  127180
Current Points:  127180
Test PSNR:17.7067, MS_SSIM:0.626485
Training Complete in 2692.5812s, Eval time:0.03392930s, FPS:29.4730, Best PSNR: 21.1420
1107: 6720x4416, PSNR:17.7067, MS-SSIM:0.6265, Training:2692.5812s, Eval:0.03392930s, FPS:29.4730
Processing image 11: 1268.png
Image Shape:  torch.Size([4608, 6720])
Num Points: 132710 | Compression Ratio: 100
Processing image of size: 4608x6720
Processing in 3x4 chunks of size 2048x2048
Initialized 66355 Gaussians successfully
Current Points:  82943
Current Points:  99531
Current Points:  116119
Current Points:  132707
Current Points:  132710
Current Points:  132710
Current Points:  132710
Current Points:  132710
Current Points:  132710
Current Points:  132710
Current Points:  132710
Current Points:  132710
Current Points:  132710
Current Points:  132710
Current Points:  132710
Current Points:  132710
Current Points:  132710
Current Points:  132710
Current Points:  132710
Current Points:  132710
Current Points:  132710
Current Points:  132710
Current Points:  132710
Current Points:  132710
Current Points:  132710
Current Points:  132710
Current Points:  132710
Current Points:  132710
Current Points:  132710
Current Points:  132710
Current Points:  132710
Current Points:  132710
Current Points:  132710
Current Points:  132710
Current Points:  132710
Current Points:  132710
Current Points:  132710
Current Points:  132710
Current Points:  132710
Current Points:  132710
Current Points:  132710
Current Points:  132710
Current Points:  132710
Current Points:  132710
Current Points:  132710
Current Points:  132710
Current Points:  132710
Current Points:  132710
Current Points:  132710
Current Points:  132710
Current Points:  132710
Current Points:  132710
Current Points:  132710
Current Points:  132710
Current Points:  132710
Current Points:  132710
Current Points:  132710
Current Points:  132710
Current Points:  132710
Current Points:  132710
Current Points:  132710
Current Points:  132710
Current Points:  132710
Current Points:  132710
Current Points:  132710
Current Points:  132710
Current Points:  132710
Current Points:  132710
Current Points:  132710
Current Points:  132710
Current Points:  132710
Current Points:  132710
Current Points:  132710
Current Points:  132710
Current Points:  132710
Current Points:  132710
Current Points:  132710
Current Points:  132710
Current Points:  132710
Current Points:  132710
Current Points:  132710
Current Points:  132710
Current Points:  132710
Current Points:  132710
Current Points:  132710
Current Points:  132710
Current Points:  132710
Current Points:  132710
Current Points:  132710
Current Points:  132710
Current Points:  132710
Current Points:  132710
Current Points:  132710
Current Points:  132710
Current Points:  132710
Current Points:  132710
Current Points:  132710
Current Points:  132710
Current Points:  132710
Test PSNR:19.8978, MS_SSIM:0.600349
Training Complete in 3147.6271s, Eval time:0.04068157s, FPS:24.5812, Best PSNR: 20.7523
1268: 4608x6720, PSNR:19.8978, MS-SSIM:0.6003, Training:3147.6271s, Eval:0.04068157s, FPS:24.5812
Processing image 12: 1280.png
Image Shape:  torch.Size([3840, 6720])
Num Points: 110592 | Compression Ratio: 100
Processing image of size: 3840x6720
Processing in 2x4 chunks of size 2048x2048
Initialized 55296 Gaussians successfully
Current Points:  69120
Current Points:  82944
Current Points:  96768
Current Points:  110592
Current Points:  110592
Current Points:  110592
Current Points:  110592
Current Points:  110592
Current Points:  110592
Current Points:  110592
Current Points:  110592
Current Points:  110592
Current Points:  110592
Current Points:  110592
Current Points:  110592
Current Points:  110592
Current Points:  110592
Current Points:  110592
Current Points:  110592
Current Points:  110592
Current Points:  110592
Current Points:  110592
Current Points:  110592
Current Points:  110592
Current Points:  110592
Current Points:  110592
Current Points:  110592
Current Points:  110592
Current Points:  110592
Current Points:  110592
Current Points:  110592
Current Points:  110592
Current Points:  110592
Current Points:  110592
Current Points:  110592
Current Points:  110592
Current Points:  110592
Current Points:  110592
Current Points:  110592
Current Points:  110592
Current Points:  110592
Current Points:  110592
Current Points:  110592
Current Points:  110592
Current Points:  110592
Current Points:  110592
Current Points:  110592
Current Points:  110592
Current Points:  110592
Current Points:  110592
Current Points:  110592
Current Points:  110592
Current Points:  110592
Current Points:  110592
Current Points:  110592
Current Points:  110592
Current Points:  110592
Current Points:  110592
Current Points:  110592
Current Points:  110592
Current Points:  110592
Current Points:  110592
Current Points:  110592
Current Points:  110592
Current Points:  110592
Current Points:  110592
Current Points:  110592
Current Points:  110592
Current Points:  110592
Current Points:  110592
Current Points:  110592
Current Points:  110592
Current Points:  110592
Current Points:  110592
Current Points:  110592
Current Points:  110592
Current Points:  110592
Current Points:  110592
Current Points:  110592
Current Points:  110592
Current Points:  110592
Current Points:  110592
Current Points:  110592
Current Points:  110592
Current Points:  110592
Current Points:  110592
Current Points:  110592
Current Points:  110592
Current Points:  110592
Current Points:  110592
Current Points:  110592
Current Points:  110592
Current Points:  110592
Current Points:  110592
Current Points:  110592
Current Points:  110592
Current Points:  110592
Current Points:  110592
Current Points:  110592
Test PSNR:20.3413, MS_SSIM:0.646881
Training Complete in 2177.9327s, Eval time:0.02557146s, FPS:39.1061, Best PSNR: 21.5132
1280: 3840x6720, PSNR:20.3413, MS-SSIM:0.6469, Training:2177.9327s, Eval:0.02557146s, FPS:39.1061
Processing image 13: 1329.png
Image Shape:  torch.Size([4992, 6720])
Num Points: 143769 | Compression Ratio: 100
Processing image of size: 4992x6720
Processing in 3x4 chunks of size 2048x2048
Initialized 71884 Gaussians successfully
Current Points:  89855
Current Points:  107826
Current Points:  125797
Current Points:  143768
Current Points:  143769
Current Points:  143769
Current Points:  143769
Current Points:  143769
Current Points:  143769
Current Points:  143769
Current Points:  143769
Current Points:  143769
Current Points:  143769
Current Points:  143769
Current Points:  143769
Current Points:  143769
Current Points:  143769
Current Points:  143769
Current Points:  143769
Current Points:  143769
Current Points:  143769
Current Points:  143769
Current Points:  143769
Current Points:  143769
Current Points:  143769
Current Points:  143769
Current Points:  143769
Current Points:  143769
Current Points:  143769
Current Points:  143769
Current Points:  143769
Current Points:  143769
Current Points:  143769
Current Points:  143769
Current Points:  143769
Current Points:  143769
Current Points:  143769
Current Points:  143769
Current Points:  143769
Current Points:  143769
Current Points:  143769
Current Points:  143769
Current Points:  143769
Current Points:  143769
Current Points:  143769
Current Points:  143769
Current Points:  143769
Current Points:  143769
Current Points:  143769
Current Points:  143769
Current Points:  143769
Current Points:  143769
Current Points:  143769
Current Points:  143769
Current Points:  143769
Current Points:  143769
Current Points:  143769
Current Points:  143769
Current Points:  143769
Current Points:  143769
Current Points:  143769
Current Points:  143769
Current Points:  143769
Current Points:  143769
Current Points:  143769
Current Points:  143769
Current Points:  143769
Current Points:  143769
Current Points:  143769
Current Points:  143769
Current Points:  143769
Current Points:  143769
Current Points:  143769
Current Points:  143769
Current Points:  143769
Current Points:  143769
Current Points:  143769
Current Points:  143769
Current Points:  143769
Current Points:  143769
Current Points:  143769
Current Points:  143769
Current Points:  143769
Current Points:  143769
Current Points:  143769
Current Points:  143769
Current Points:  143769
Current Points:  143769
Current Points:  143769
Current Points:  143769
Current Points:  143769
Current Points:  143769
Current Points:  143769
Current Points:  143769
Current Points:  143769
Current Points:  143769
Current Points:  143769
Current Points:  143769
Current Points:  143769
Test PSNR:22.0198, MS_SSIM:0.645438
Training Complete in 2807.3867s, Eval time:0.03046791s, FPS:32.8214, Best PSNR: 23.5567
1329: 4992x6720, PSNR:22.0198, MS-SSIM:0.6454, Training:2807.3867s, Eval:0.03046791s, FPS:32.8214
Processing image 14: 1404.png
Image Shape:  torch.Size([7680, 4992])
Num Points: 164308 | Compression Ratio: 100
Processing image of size: 7680x4992
Processing in 4x3 chunks of size 2048x2048
Initialized 82154 Gaussians successfully
Current Points:  102692
Current Points:  123230
Current Points:  143768
Current Points:  164306
Current Points:  164308
Current Points:  164308
Current Points:  164308
Current Points:  164308
Current Points:  164308
Current Points:  164308
Current Points:  164308
Current Points:  164308
Current Points:  164308
Current Points:  164308
Current Points:  164308
Current Points:  164308
Current Points:  164308
Current Points:  164308
Current Points:  164308
Current Points:  164308
Current Points:  164308
Current Points:  164308
Current Points:  164308
Current Points:  164308
Current Points:  164308
Current Points:  164308
Current Points:  164308
Current Points:  164308
Current Points:  164308
Current Points:  164308
Current Points:  164308
Current Points:  164308
Current Points:  164308
Current Points:  164308
Current Points:  164308
Current Points:  164308
Current Points:  164308
Current Points:  164308
Current Points:  164308
Current Points:  164308
Current Points:  164308
Current Points:  164308
Current Points:  164308
Current Points:  164308
Current Points:  164308
Current Points:  164308
Current Points:  164308
Current Points:  164308
Current Points:  164308
Current Points:  164308
Current Points:  164308
Current Points:  164308
Current Points:  164308
Current Points:  164308
Current Points:  164308
Current Points:  164308
Current Points:  164308
Current Points:  164308
Current Points:  164308
Current Points:  164308
Current Points:  164308
Current Points:  164308
Current Points:  164308
Current Points:  164308
Current Points:  164308
Current Points:  164308
Current Points:  164308
Current Points:  164308
Current Points:  164308
Current Points:  164308
Current Points:  164308
Current Points:  164308
Current Points:  164308
Current Points:  164308
Current Points:  164308
Current Points:  164308
Current Points:  164308
Current Points:  164308
Current Points:  164308
Current Points:  164308
Current Points:  164308
Current Points:  164308
Current Points:  164308
Current Points:  164308
Current Points:  164308
Current Points:  164308
Current Points:  164308
Current Points:  164308
Current Points:  164308
Current Points:  164308
Current Points:  164308
Current Points:  164308
Current Points:  164308
Current Points:  164308
Current Points:  164308
Current Points:  164308
Current Points:  164308
Current Points:  164308
Current Points:  164308
Test PSNR:22.0195, MS_SSIM:0.587779
Training Complete in 3533.6079s, Eval time:0.04970096s, FPS:20.1203, Best PSNR: 24.8033
1404: 7680x4992, PSNR:22.0195, MS-SSIM:0.5878, Training:3533.6079s, Eval:0.04970096s, FPS:20.1203
Processing image 15: 1447.png
Image Shape:  torch.Size([5952, 7680])
Num Points: 195905 | Compression Ratio: 100
Processing image of size: 5952x7680
Processing in 3x4 chunks of size 2048x2048
Initialized 97952 Gaussians successfully
Current Points:  122440
Current Points:  146928
Current Points:  171416
Current Points:  195904
Current Points:  195905
Current Points:  195905
Current Points:  195905
Current Points:  195905
Current Points:  195905
Current Points:  195905
Current Points:  195905
Current Points:  195905
Current Points:  195905
Current Points:  195905
Current Points:  195905
Current Points:  195905
Current Points:  195905
Current Points:  195905
Current Points:  195905
Current Points:  195905
Current Points:  195905
Current Points:  195905
Current Points:  195905
Current Points:  195905
Current Points:  195905
Current Points:  195905
Current Points:  195905
Current Points:  195905
Current Points:  195905
Current Points:  195905
Current Points:  195905
Current Points:  195905
Current Points:  195905
Current Points:  195905
Current Points:  195905
Current Points:  195905
Current Points:  195905
Current Points:  195905
Current Points:  195905
Current Points:  195905
Current Points:  195905
Current Points:  195905
Current Points:  195905
Current Points:  195905
Current Points:  195905
Current Points:  195905
Current Points:  195905
Current Points:  195905
Current Points:  195905
Current Points:  195905
Current Points:  195905
Current Points:  195905
Current Points:  195905
Current Points:  195905
Current Points:  195905
Current Points:  195905
Current Points:  195905
Current Points:  195905
Current Points:  195905
Current Points:  195905
Current Points:  195905
Current Points:  195905
Current Points:  195905
Current Points:  195905
Current Points:  195905
Current Points:  195905
Current Points:  195905
Current Points:  195905
Current Points:  195905
Current Points:  195905
Current Points:  195905
Current Points:  195905
Current Points:  195905
Current Points:  195905
Current Points:  195905
Current Points:  195905
Current Points:  195905
Current Points:  195905
Current Points:  195905
Current Points:  195905
Current Points:  195905
Current Points:  195905
Current Points:  195905
Current Points:  195905
Current Points:  195905
Current Points:  195905
Current Points:  195905
Current Points:  195905
Current Points:  195905
Current Points:  195905
Current Points:  195905
Current Points:  195905
Current Points:  195905
Current Points:  195905
Current Points:  195905
Current Points:  195905
Current Points:  195905
Current Points:  195905
Current Points:  195905
Test PSNR:17.6495, MS_SSIM:0.580366
Training Complete in 4116.1532s, Eval time:0.04766885s, FPS:20.9781, Best PSNR: 19.3519
1447: 5952x7680, PSNR:17.6495, MS-SSIM:0.5804, Training:4116.1532s, Eval:0.04766885s, FPS:20.9781
Processing image 16: 1454.png
Image Shape:  torch.Size([7680, 4992])
Num Points: 164308 | Compression Ratio: 100
Processing image of size: 7680x4992
Processing in 4x3 chunks of size 2048x2048
Initialized 82154 Gaussians successfully
Current Points:  102692
Current Points:  123230
Current Points:  143768
Current Points:  164306
Current Points:  164308
Current Points:  164308
Current Points:  164308
Current Points:  164308
Current Points:  164308
Current Points:  164308
Current Points:  164308
Current Points:  164308
Current Points:  164308
Current Points:  164308
Current Points:  164308
Current Points:  164308
Current Points:  164308
Current Points:  164308
Current Points:  164308
Current Points:  164308
Current Points:  164308
Current Points:  164308
Current Points:  164308
Current Points:  164308
Current Points:  164308
Current Points:  164308
Current Points:  164308
Current Points:  164308
Current Points:  164308
Current Points:  164308
Current Points:  164308
Current Points:  164308
Current Points:  164308
Current Points:  164308
Current Points:  164308
Current Points:  164308
Current Points:  164308
Current Points:  164308
Current Points:  164308
Current Points:  164308
Current Points:  164308
Current Points:  164308
Current Points:  164308
Current Points:  164308
Current Points:  164308
Current Points:  164308
Current Points:  164308
Current Points:  164308
Current Points:  164308
Current Points:  164308
Current Points:  164308
Current Points:  164308
Current Points:  164308
Current Points:  164308
Current Points:  164308
Current Points:  164308
Current Points:  164308
Current Points:  164308
Current Points:  164308
Current Points:  164308
Current Points:  164308
Current Points:  164308
Current Points:  164308
Current Points:  164308
Current Points:  164308
Current Points:  164308
Current Points:  164308
Current Points:  164308
Current Points:  164308
Current Points:  164308
Current Points:  164308
Current Points:  164308
Current Points:  164308
Current Points:  164308
Current Points:  164308
Current Points:  164308
Current Points:  164308
Current Points:  164308
Current Points:  164308
Current Points:  164308
Current Points:  164308
Current Points:  164308
Current Points:  164308
Current Points:  164308
Current Points:  164308
Current Points:  164308
Current Points:  164308
Current Points:  164308
Current Points:  164308
Current Points:  164308
Current Points:  164308
Current Points:  164308
Current Points:  164308
Current Points:  164308
Current Points:  164308
Current Points:  164308
Current Points:  164308
Current Points:  164308
Current Points:  164308
Test PSNR:20.9472, MS_SSIM:0.634791
Training Complete in 3985.0492s, Eval time:0.04555979s, FPS:21.9492, Best PSNR: 23.1333
1454: 7680x4992, PSNR:20.9472, MS-SSIM:0.6348, Training:3985.0492s, Eval:0.04555979s, FPS:21.9492
Average: 5436x5880, PSNR:19.8629, MS-SSIM:0.5981, Training:2914.8342s, Eval:0.03525242s, FPS:37.1091
