Fri Jul 18 21:09:54 2025       
+-----------------------------------------------------------------------------------------+
| NVIDIA-SMI 550.54.14              Driver Version: 550.54.14      CUDA Version: 12.4     |
|-----------------------------------------+------------------------+----------------------+
| GPU  Name                 Persistence-M | Bus-Id          Disp.A | Volatile Uncorr. ECC |
| Fan  Temp   Perf          Pwr:Usage/Cap |           Memory-Usage | GPU-Util  Compute M. |
|                                         |                        |               MIG M. |
|=========================================+========================+======================|
|   0  NVIDIA A800-SXM4-80GB          On  |   00000000:1F:00.0 Off |                    0 |
| N/A   29C    P0             61W /  400W |       0MiB /  81920MiB |      0%      Default |
|                                         |                        |             Disabled |
+-----------------------------------------+------------------------+----------------------+
                                                                                         
+-----------------------------------------------------------------------------------------+
| Processes:                                                                              |
|  GPU   GI   CI        PID   Type   Process name                              GPU Memory |
|        ID   ID                                                               Usage      |
|=========================================================================================|
|  No running processes found                                                             |
+-----------------------------------------------------------------------------------------+
Torch: 2.4.0+cu124, CUDA: True, Device: NVIDIA A800-SXM4-80GB
Training with ImageGS_RS Gaussian Image Model.......
Founding 8 Images in DIV16K Dataset .........
Processing image 1: 0810_moreDetail_x8_16320x12288.png
Image Shape:  torch.Size([12288, 16320])
Num Points: 859457 | Compression Ratio: 100
Processing image of size: 12288x16320
Processing in 7x9 chunks of size 2048x2048
Initialized 429728 Gaussians successfully
Current Points:  537160
Current Points:  644592
Current Points:  752024
Current Points:  859456
Current Points:  859457
Current Points:  859457
Current Points:  859457
Current Points:  859457
Current Points:  859457
Current Points:  859457
Current Points:  859457
Current Points:  859457
Current Points:  859457
Current Points:  859457
Current Points:  859457
Current Points:  859457
Current Points:  859457
Current Points:  859457
Current Points:  859457
Current Points:  859457
Current Points:  859457
Current Points:  859457
Current Points:  859457
Current Points:  859457
Current Points:  859457
Current Points:  859457
Current Points:  859457
Current Points:  859457
Current Points:  859457
Current Points:  859457
Current Points:  859457
Current Points:  859457
Current Points:  859457
Current Points:  859457
Current Points:  859457
Current Points:  859457
Current Points:  859457
Current Points:  859457
Current Points:  859457
Current Points:  859457
Current Points:  859457
Current Points:  859457
Current Points:  859457
Current Points:  859457
Current Points:  859457
Current Points:  859457
Current Points:  859457
Current Points:  859457
Current Points:  859457
Current Points:  859457
Current Points:  859457
Current Points:  859457
Current Points:  859457
Current Points:  859457
Current Points:  859457
Current Points:  859457
Current Points:  859457
Current Points:  859457
Current Points:  859457
Current Points:  859457
Current Points:  859457
Current Points:  859457
Current Points:  859457
Current Points:  859457
Current Points:  859457
Current Points:  859457
Current Points:  859457
Current Points:  859457
Current Points:  859457
Current Points:  859457
Current Points:  859457
Current Points:  859457
Current Points:  859457
Current Points:  859457
Current Points:  859457
Current Points:  859457
Current Points:  859457
Current Points:  859457
Current Points:  859457
Current Points:  859457
Current Points:  859457
Current Points:  859457
Current Points:  859457
Current Points:  859457
Current Points:  859457
Current Points:  859457
Current Points:  859457
Current Points:  859457
Current Points:  859457
Current Points:  859457
Current Points:  859457
Current Points:  859457
Current Points:  859457
Current Points:  859457
Current Points:  859457
Current Points:  859457
Current Points:  859457
Current Points:  859457
Current Points:  859457
Test PSNR:19.7945, MS_SSIM:0.566564
Training Complete in 20715.9309s, Eval time:0.24369249s, FPS:4.1035, Best PSNR: 22.2469
0810_moreDetail_x8_16320x12288: 12288x16320, PSNR:19.7945, MS-SSIM:0.5666, Training:20715.9309s, Eval:0.24369249s, FPS:4.1035
Processing image 2: 0823_moreDetail_x8_16320x10272.png
Image Shape:  torch.Size([10272, 16320])
Num Points: 718453 | Compression Ratio: 100
Processing image of size: 10272x16320
Processing in 6x9 chunks of size 2048x2048
Initialized 359226 Gaussians successfully
Current Points:  449032
Current Points:  538838
Current Points:  628644
Current Points:  718450
Current Points:  718453
Current Points:  718453
Current Points:  718453
Current Points:  718453
Current Points:  718453
Current Points:  718453
Current Points:  718453
Current Points:  718453
Current Points:  718453
Current Points:  718453
Current Points:  718453
Current Points:  718453
Current Points:  718453
Current Points:  718453
Current Points:  718453
Current Points:  718453
Current Points:  718453
Current Points:  718453
Current Points:  718453
Current Points:  718453
Current Points:  718453
Current Points:  718453
Current Points:  718453
Current Points:  718453
Current Points:  718453
Current Points:  718453
Current Points:  718453
Current Points:  718453
Current Points:  718453
Current Points:  718453
Current Points:  718453
Current Points:  718453
Current Points:  718453
Current Points:  718453
Current Points:  718453
Current Points:  718453
Current Points:  718453
Current Points:  718453
Current Points:  718453
Current Points:  718453
Current Points:  718453
Current Points:  718453
Current Points:  718453
Current Points:  718453
Current Points:  718453
Current Points:  718453
Current Points:  718453
Current Points:  718453
Current Points:  718453
Current Points:  718453
Current Points:  718453
Current Points:  718453
Current Points:  718453
Current Points:  718453
Current Points:  718453
Current Points:  718453
Current Points:  718453
Current Points:  718453
Current Points:  718453
Current Points:  718453
Current Points:  718453
Current Points:  718453
Current Points:  718453
Current Points:  718453
Current Points:  718453
Current Points:  718453
Current Points:  718453
Current Points:  718453
Current Points:  718453
Current Points:  718453
Current Points:  718453
Current Points:  718453
Current Points:  718453
Current Points:  718453
Current Points:  718453
Current Points:  718453
Current Points:  718453
Current Points:  718453
Current Points:  718453
Current Points:  718453
Current Points:  718453
Current Points:  718453
Current Points:  718453
Current Points:  718453
Current Points:  718453
Current Points:  718453
Current Points:  718453
Current Points:  718453
Current Points:  718453
Current Points:  718453
Current Points:  718453
Current Points:  718453
Current Points:  718453
Current Points:  718453
Current Points:  718453
Test PSNR:20.8645, MS_SSIM:0.377833
Training Complete in 17760.3947s, Eval time:0.22286871s, FPS:4.4869, Best PSNR: 22.5059
0823_moreDetail_x8_16320x10272: 10272x16320, PSNR:20.8645, MS-SSIM:0.3778, Training:17760.3947s, Eval:0.22286871s, FPS:4.4869
Processing image 3: 0826_moreDetail_x8_16320x12288.png
Image Shape:  torch.Size([12288, 16320])
Num Points: 859457 | Compression Ratio: 100
Processing image of size: 12288x16320
Processing in 7x9 chunks of size 2048x2048
Initialized 429728 Gaussians successfully
Current Points:  537160
Current Points:  644592
Current Points:  752024
Current Points:  859456
Current Points:  859457
Current Points:  859457
Current Points:  859457
Current Points:  859457
Current Points:  859457
Current Points:  859457
Current Points:  859457
Current Points:  859457
Current Points:  859457
Current Points:  859457
Current Points:  859457
Current Points:  859457
Current Points:  859457
Current Points:  859457
Current Points:  859457
Current Points:  859457
Current Points:  859457
Current Points:  859457
Current Points:  859457
Current Points:  859457
Current Points:  859457
Current Points:  859457
Current Points:  859457
Current Points:  859457
Current Points:  859457
Current Points:  859457
Current Points:  859457
Current Points:  859457
Current Points:  859457
Current Points:  859457
Current Points:  859457
Current Points:  859457
Current Points:  859457
Current Points:  859457
Current Points:  859457
Current Points:  859457
Current Points:  859457
Current Points:  859457
Current Points:  859457
Current Points:  859457
Current Points:  859457
Current Points:  859457
Current Points:  859457
Current Points:  859457
Current Points:  859457
Current Points:  859457
Current Points:  859457
Current Points:  859457
Current Points:  859457
Current Points:  859457
Current Points:  859457
Current Points:  859457
Current Points:  859457
Current Points:  859457
Current Points:  859457
Current Points:  859457
Current Points:  859457
Current Points:  859457
Current Points:  859457
Current Points:  859457
Current Points:  859457
Current Points:  859457
Current Points:  859457
Current Points:  859457
Current Points:  859457
Current Points:  859457
Current Points:  859457
Current Points:  859457
Current Points:  859457
Current Points:  859457
Current Points:  859457
Current Points:  859457
Current Points:  859457
Current Points:  859457
Current Points:  859457
Current Points:  859457
Current Points:  859457
Current Points:  859457
Current Points:  859457
Current Points:  859457
Current Points:  859457
Current Points:  859457
Current Points:  859457
Current Points:  859457
Current Points:  859457
Current Points:  859457
Current Points:  859457
Current Points:  859457
Current Points:  859457
Current Points:  859457
Current Points:  859457
Current Points:  859457
Current Points:  859457
Current Points:  859457
Current Points:  859457
Test PSNR:20.0126, MS_SSIM:0.482628
Training Complete in 22702.1598s, Eval time:0.28950858s, FPS:3.4541, Best PSNR: 22.3314
0826_moreDetail_x8_16320x12288: 12288x16320, PSNR:20.0126, MS-SSIM:0.4826, Training:22702.1598s, Eval:0.28950858s, FPS:3.4541
Processing image 4: 0835_moreDetail_x8_12960x16320.png
Image Shape:  torch.Size([16320, 12960])
Num Points: 906459 | Compression Ratio: 100
Processing image of size: 16320x12960
Processing in 9x7 chunks of size 2048x2048
Initialized 453229 Gaussians successfully
Current Points:  566536
Current Points:  679843
Current Points:  793150
Current Points:  906457
Current Points:  906459
Current Points:  906459
Current Points:  906459
Current Points:  906459
Current Points:  906459
Current Points:  906459
Current Points:  906459
Current Points:  906459
Current Points:  906459
Current Points:  906459
Current Points:  906459
Current Points:  906459
Current Points:  906459
Current Points:  906459
Current Points:  906459
Current Points:  906459
Current Points:  906459
Current Points:  906459
Current Points:  906459
Current Points:  906459
Current Points:  906459
Current Points:  906459
Current Points:  906459
Current Points:  906459
Current Points:  906459
Current Points:  906459
Current Points:  906459
Current Points:  906459
Current Points:  906459
Current Points:  906459
Current Points:  906459
Current Points:  906459
Current Points:  906459
Current Points:  906459
Current Points:  906459
Current Points:  906459
Current Points:  906459
Current Points:  906459
Current Points:  906459
Current Points:  906459
Current Points:  906459
Current Points:  906459
Current Points:  906459
Current Points:  906459
Current Points:  906459
Current Points:  906459
Current Points:  906459
Current Points:  906459
Current Points:  906459
Current Points:  906459
Current Points:  906459
Current Points:  906459
Current Points:  906459
Current Points:  906459
Current Points:  906459
Current Points:  906459
Current Points:  906459
Current Points:  906459
Current Points:  906459
Current Points:  906459
Current Points:  906459
Current Points:  906459
Current Points:  906459
Current Points:  906459
Current Points:  906459
Current Points:  906459
Current Points:  906459
Current Points:  906459
Current Points:  906459
Current Points:  906459
Current Points:  906459
Current Points:  906459
Current Points:  906459
Current Points:  906459
Current Points:  906459
Current Points:  906459
Current Points:  906459
Current Points:  906459
Current Points:  906459
Current Points:  906459
Current Points:  906459
Current Points:  906459
Current Points:  906459
Current Points:  906459
Current Points:  906459
Current Points:  906459
Current Points:  906459
Current Points:  906459
Current Points:  906459
Current Points:  906459
Current Points:  906459
Current Points:  906459
Current Points:  906459
Current Points:  906459
Current Points:  906459
Test PSNR:19.5676, MS_SSIM:0.361261
Training Complete in 23567.6829s, Eval time:0.27541312s, FPS:3.6309, Best PSNR: 21.6823
0835_moreDetail_x8_12960x16320: 16320x12960, PSNR:19.5676, MS-SSIM:0.3613, Training:23567.6829s, Eval:0.27541312s, FPS:3.6309
Processing image 5: 0855_moreDetail_x8_16320x16320.png
Image Shape:  torch.Size([16320, 16320])
Num Points: 1141467 | Compression Ratio: 100
Processing image of size: 16320x16320
Processing in 9x9 chunks of size 2048x2048
Initialized 570733 Gaussians successfully
Current Points:  713416
Current Points:  856099
Current Points:  998782
Current Points:  1141465
Current Points:  1141467
Current Points:  1141467
Current Points:  1141467
Current Points:  1141467
Current Points:  1141467
Current Points:  1141467
Current Points:  1141467
Current Points:  1141467
Current Points:  1141467
Current Points:  1141467
Current Points:  1141467
Current Points:  1141467
Current Points:  1141467
Current Points:  1141467
Current Points:  1141467
Current Points:  1141467
Current Points:  1141467
Current Points:  1141467
Current Points:  1141467
Current Points:  1141467
Current Points:  1141467
Current Points:  1141467
Current Points:  1141467
Current Points:  1141467
Current Points:  1141467
Current Points:  1141467
Current Points:  1141467
Current Points:  1141467
Current Points:  1141467
Current Points:  1141467
Current Points:  1141467
Current Points:  1141467
Current Points:  1141467
Current Points:  1141467
Current Points:  1141467
Current Points:  1141467
Current Points:  1141467
Current Points:  1141467
Current Points:  1141467
Current Points:  1141467
Current Points:  1141467
Current Points:  1141467
Current Points:  1141467
Current Points:  1141467
Current Points:  1141467
Current Points:  1141467
Current Points:  1141467
Current Points:  1141467
Current Points:  1141467
Current Points:  1141467
Current Points:  1141467
Current Points:  1141467
Current Points:  1141467
Current Points:  1141467
Current Points:  1141467
Current Points:  1141467
Current Points:  1141467
Current Points:  1141467
Current Points:  1141467
Current Points:  1141467
Current Points:  1141467
Current Points:  1141467
Current Points:  1141467
Current Points:  1141467
Current Points:  1141467
Current Points:  1141467
Current Points:  1141467
Current Points:  1141467
Current Points:  1141467
Current Points:  1141467
Current Points:  1141467
Current Points:  1141467
Current Points:  1141467
Current Points:  1141467
Current Points:  1141467
Current Points:  1141467
Current Points:  1141467
Current Points:  1141467
Current Points:  1141467
Current Points:  1141467
Current Points:  1141467
Current Points:  1141467
Current Points:  1141467
Current Points:  1141467
Current Points:  1141467
Current Points:  1141467
Current Points:  1141467
Current Points:  1141467
Current Points:  1141467
Current Points:  1141467
Current Points:  1141467
Current Points:  1141467
Current Points:  1141467
Current Points:  1141467
Current Points:  1141467
Test PSNR:24.2127, MS_SSIM:0.565844
Training Complete in 30958.0541s, Eval time:0.38679437s, FPS:2.5854, Best PSNR: 26.1607
0855_moreDetail_x8_16320x16320: 16320x16320, PSNR:24.2127, MS-SSIM:0.5658, Training:30958.0541s, Eval:0.38679437s, FPS:2.5854
Processing image 6: 0873_moreDetail_x8_16320x10848.png
Image Shape:  torch.Size([10848, 16312])
Num Points: 758368 | Compression Ratio: 100
Processing image of size: 10848x16312
Processing in 6x9 chunks of size 2048x2048
Initialized 379184 Gaussians successfully
Current Points:  473980
Current Points:  568776
Current Points:  663572
Current Points:  758368
Current Points:  758368
Current Points:  758368
Current Points:  758368
Current Points:  758368
Current Points:  758368
Current Points:  758368
Current Points:  758368
Current Points:  758368
Current Points:  758368
Current Points:  758368
Current Points:  758368
Current Points:  758368
Current Points:  758368
Current Points:  758368
Current Points:  758368
Current Points:  758368
Current Points:  758368
Current Points:  758368
Current Points:  758368
Current Points:  758368
Current Points:  758368
Current Points:  758368
Current Points:  758368
Current Points:  758368
Current Points:  758368
Current Points:  758368
Current Points:  758368
Current Points:  758368
Current Points:  758368
Current Points:  758368
Current Points:  758368
Current Points:  758368
Current Points:  758368
Current Points:  758368
Current Points:  758368
Current Points:  758368
Current Points:  758368
Current Points:  758368
Current Points:  758368
Current Points:  758368
Current Points:  758368
Current Points:  758368
Current Points:  758368
Current Points:  758368
Current Points:  758368
Current Points:  758368
Current Points:  758368
Current Points:  758368
Current Points:  758368
Current Points:  758368
Current Points:  758368
Current Points:  758368
Current Points:  758368
Current Points:  758368
Current Points:  758368
Current Points:  758368
Current Points:  758368
Current Points:  758368
Current Points:  758368
Current Points:  758368
Current Points:  758368
Current Points:  758368
Current Points:  758368
Current Points:  758368
Current Points:  758368
Current Points:  758368
Current Points:  758368
Current Points:  758368
Current Points:  758368
Current Points:  758368
Current Points:  758368
Current Points:  758368
Current Points:  758368
Current Points:  758368
Current Points:  758368
Current Points:  758368
Current Points:  758368
Current Points:  758368
Current Points:  758368
Current Points:  758368
Current Points:  758368
Current Points:  758368
Current Points:  758368
Current Points:  758368
Current Points:  758368
Current Points:  758368
Current Points:  758368
Current Points:  758368
Current Points:  758368
Current Points:  758368
Current Points:  758368
Current Points:  758368
Current Points:  758368
Current Points:  758368
Current Points:  758368
Test PSNR:19.5082, MS_SSIM:0.366623
Training Complete in 19472.9849s, Eval time:0.23305161s, FPS:4.2909, Best PSNR: 22.7838
0873_moreDetail_x8_16320x10848: 10848x16312, PSNR:19.5082, MS-SSIM:0.3666, Training:19472.9849s, Eval:0.23305161s, FPS:4.2909
Processing image 7: 0875_moreDetail_x8_16320x12288.png
Image Shape:  torch.Size([12288, 16320])
Num Points: 859457 | Compression Ratio: 100
Processing image of size: 12288x16320
Processing in 7x9 chunks of size 2048x2048
Initialized 429728 Gaussians successfully
Current Points:  537160
Current Points:  644592
Current Points:  752024
Current Points:  859456
Current Points:  859457
Current Points:  859457
Current Points:  859457
Current Points:  859457
Current Points:  859457
Current Points:  859457
Current Points:  859457
Current Points:  859457
Current Points:  859457
Current Points:  859457
Current Points:  859457
Current Points:  859457
Current Points:  859457
Current Points:  859457
Current Points:  859457
Current Points:  859457
Current Points:  859457
Current Points:  859457
Current Points:  859457
Current Points:  859457
Current Points:  859457
Current Points:  859457
Current Points:  859457
Current Points:  859457
Current Points:  859457
Current Points:  859457
Current Points:  859457
Current Points:  859457
Current Points:  859457
Current Points:  859457
Current Points:  859457
Current Points:  859457
Current Points:  859457
Current Points:  859457
Current Points:  859457
Current Points:  859457
Current Points:  859457
Current Points:  859457
Current Points:  859457
Current Points:  859457
Current Points:  859457
Current Points:  859457
Current Points:  859457
Current Points:  859457
Current Points:  859457
Current Points:  859457
Current Points:  859457
Current Points:  859457
Current Points:  859457
Current Points:  859457
Current Points:  859457
Current Points:  859457
Current Points:  859457
Current Points:  859457
Current Points:  859457
Current Points:  859457
Current Points:  859457
Current Points:  859457
Current Points:  859457
Current Points:  859457
Current Points:  859457
Current Points:  859457
Current Points:  859457
Current Points:  859457
Current Points:  859457
Current Points:  859457
Current Points:  859457
Current Points:  859457
Current Points:  859457
Current Points:  859457
Current Points:  859457
Current Points:  859457
Current Points:  859457
Current Points:  859457
Current Points:  859457
Current Points:  859457
Current Points:  859457
Current Points:  859457
Current Points:  859457
Current Points:  859457
Current Points:  859457
Current Points:  859457
Current Points:  859457
Current Points:  859457
Current Points:  859457
Current Points:  859457
Current Points:  859457
Current Points:  859457
Current Points:  859457
Current Points:  859457
Current Points:  859457
Current Points:  859457
Current Points:  859457
Current Points:  859457
Current Points:  859457
Test PSNR:20.5879, MS_SSIM:0.368876
Training Complete in 23776.4738s, Eval time:0.26375374s, FPS:3.7914, Best PSNR: 23.5924
0875_moreDetail_x8_16320x12288: 12288x16320, PSNR:20.5879, MS-SSIM:0.3689, Training:23776.4738s, Eval:0.26375374s, FPS:3.7914
Processing image 8: 0896_moreDetail_x8_16320x10848.png
Image Shape:  torch.Size([10848, 16312])
Num Points: 758368 | Compression Ratio: 100
Processing image of size: 10848x16312
Processing in 6x9 chunks of size 2048x2048
Initialized 379184 Gaussians successfully
Current Points:  473980
Current Points:  568776
Current Points:  663572
Current Points:  758368
Current Points:  758368
Current Points:  758368
Current Points:  758368
Current Points:  758368
Current Points:  758368
Current Points:  758368
Current Points:  758368
Current Points:  758368
Current Points:  758368
Current Points:  758368
Current Points:  758368
Current Points:  758368
Current Points:  758368
Current Points:  758368
Current Points:  758368
Current Points:  758368
Current Points:  758368
Current Points:  758368
Current Points:  758368
Current Points:  758368
Current Points:  758368
Current Points:  758368
Current Points:  758368
Current Points:  758368
Current Points:  758368
Current Points:  758368
Current Points:  758368
Current Points:  758368
Current Points:  758368
Current Points:  758368
Current Points:  758368
Current Points:  758368
Current Points:  758368
Current Points:  758368
Current Points:  758368
Current Points:  758368
Current Points:  758368
Current Points:  758368
Current Points:  758368
Current Points:  758368
Current Points:  758368
Current Points:  758368
Current Points:  758368
Current Points:  758368
Current Points:  758368
Current Points:  758368
Current Points:  758368
Current Points:  758368
Current Points:  758368
Current Points:  758368
Current Points:  758368
Current Points:  758368
Current Points:  758368
Current Points:  758368
Current Points:  758368
Current Points:  758368
Current Points:  758368
Current Points:  758368
Current Points:  758368
Current Points:  758368
Current Points:  758368
Current Points:  758368
Current Points:  758368
Current Points:  758368
Current Points:  758368
Current Points:  758368
Current Points:  758368
Current Points:  758368
Current Points:  758368
Current Points:  758368
Current Points:  758368
Current Points:  758368
Current Points:  758368
Current Points:  758368
Current Points:  758368
Current Points:  758368
Current Points:  758368
Current Points:  758368
Current Points:  758368
Current Points:  758368
Current Points:  758368
Current Points:  758368
Current Points:  758368
Current Points:  758368
Current Points:  758368
Current Points:  758368
Current Points:  758368
Current Points:  758368
Current Points:  758368
Current Points:  758368
Current Points:  758368
Current Points:  758368
Current Points:  758368
Current Points:  758368
Current Points:  758368
Test PSNR:22.6954, MS_SSIM:0.738690
Training Complete in 18083.7164s, Eval time:0.31809401s, FPS:3.1437, Best PSNR: 23.5716
0896_moreDetail_x8_16320x10848: 10848x16312, PSNR:22.6954, MS-SSIM:0.7387, Training:18083.7164s, Eval:0.31809401s, FPS:3.1437
Average: 12684x15898, PSNR:20.9054, MS-SSIM:0.4785, Training:22129.6758s, Eval:0.27914709s, FPS:3.6859
