Fri Jul 18 21:05:35 2025       
+-----------------------------------------------------------------------------------------+
| NVIDIA-SMI 550.54.14              Driver Version: 550.54.14      CUDA Version: 12.4     |
|-----------------------------------------+------------------------+----------------------+
| GPU  Name                 Persistence-M | Bus-Id          Disp.A | Volatile Uncorr. ECC |
| Fan  Temp   Perf          Pwr:Usage/Cap |           Memory-Usage | GPU-Util  Compute M. |
|                                         |                        |               MIG M. |
|=========================================+========================+======================|
|   0  NVIDIA A800-SXM4-80GB          On  |   00000000:D0:00.0 Off |                    0 |
| N/A   27C    P0             55W /  400W |       0MiB /  81920MiB |      0%      Default |
|                                         |                        |             Disabled |
+-----------------------------------------+------------------------+----------------------+
                                                                                         
+-----------------------------------------------------------------------------------------+
| Processes:                                                                              |
|  GPU   GI   CI        PID   Type   Process name                              GPU Memory |
|        ID   ID                                                               Usage      |
|=========================================================================================|
|  No running processes found                                                             |
+-----------------------------------------------------------------------------------------+
Torch: 2.4.0+cu124, CUDA: True, Device: NVIDIA A800-SXM4-80GB
Training with ImageGS_RS Gaussian Image Model.......
Founding 8 Images in DIV16K Dataset .........
Processing image 1: 0810_moreDetail_x8_16320x12288.png
Image Shape:  torch.Size([12288, 16320])
Num Points: 214864 | Compression Ratio: 400
Processing image of size: 12288x16320
Processing in 7x9 chunks of size 2048x2048
Initialized 107432 Gaussians successfully
Current Points:  134290
Current Points:  161148
Current Points:  188006
Current Points:  214864
Current Points:  214864
Current Points:  214864
Current Points:  214864
Current Points:  214864
Current Points:  214864
Current Points:  214864
Current Points:  214864
Current Points:  214864
Current Points:  214864
Current Points:  214864
Current Points:  214864
Current Points:  214864
Current Points:  214864
Current Points:  214864
Current Points:  214864
Current Points:  214864
Current Points:  214864
Current Points:  214864
Current Points:  214864
Current Points:  214864
Current Points:  214864
Current Points:  214864
Current Points:  214864
Current Points:  214864
Current Points:  214864
Current Points:  214864
Current Points:  214864
Current Points:  214864
Current Points:  214864
Current Points:  214864
Current Points:  214864
Current Points:  214864
Current Points:  214864
Current Points:  214864
Current Points:  214864
Current Points:  214864
Current Points:  214864
Current Points:  214864
Current Points:  214864
Current Points:  214864
Current Points:  214864
Current Points:  214864
Current Points:  214864
Current Points:  214864
Current Points:  214864
Current Points:  214864
Current Points:  214864
Current Points:  214864
Current Points:  214864
Current Points:  214864
Current Points:  214864
Current Points:  214864
Current Points:  214864
Current Points:  214864
Current Points:  214864
Current Points:  214864
Current Points:  214864
Current Points:  214864
Current Points:  214864
Current Points:  214864
Current Points:  214864
Current Points:  214864
Current Points:  214864
Current Points:  214864
Current Points:  214864
Current Points:  214864
Current Points:  214864
Current Points:  214864
Current Points:  214864
Current Points:  214864
Current Points:  214864
Current Points:  214864
Current Points:  214864
Current Points:  214864
Current Points:  214864
Current Points:  214864
Current Points:  214864
Current Points:  214864
Current Points:  214864
Current Points:  214864
Current Points:  214864
Current Points:  214864
Current Points:  214864
Current Points:  214864
Current Points:  214864
Current Points:  214864
Current Points:  214864
Current Points:  214864
Current Points:  214864
Current Points:  214864
Current Points:  214864
Current Points:  214864
Current Points:  214864
Current Points:  214864
Current Points:  214864
Test PSNR:20.5381, MS_SSIM:0.644799
Training Complete in 13817.6738s, Eval time:0.15464857s, FPS:6.4663, Best PSNR: 22.6524
0810_moreDetail_x8_16320x12288: 12288x16320, PSNR:20.5381, MS-SSIM:0.6448, Training:13817.6738s, Eval:0.15464857s, FPS:6.4663
Processing image 2: 0823_moreDetail_x8_16320x10272.png
Image Shape:  torch.Size([10272, 16320])
Num Points: 179613 | Compression Ratio: 400
Processing image of size: 10272x16320
Processing in 6x9 chunks of size 2048x2048
Initialized 89806 Gaussians successfully
Current Points:  112257
Current Points:  134708
Current Points:  157159
Current Points:  179610
Current Points:  179613
Current Points:  179613
Current Points:  179613
Current Points:  179613
Current Points:  179613
Current Points:  179613
Current Points:  179613
Current Points:  179613
Current Points:  179613
Current Points:  179613
Current Points:  179613
Current Points:  179613
Current Points:  179613
Current Points:  179613
Current Points:  179613
Current Points:  179613
Current Points:  179613
Current Points:  179613
Current Points:  179613
Current Points:  179613
Current Points:  179613
Current Points:  179613
Current Points:  179613
Current Points:  179613
Current Points:  179613
Current Points:  179613
Current Points:  179613
Current Points:  179613
Current Points:  179613
Current Points:  179613
Current Points:  179613
Current Points:  179613
Current Points:  179613
Current Points:  179613
Current Points:  179613
Current Points:  179613
Current Points:  179613
Current Points:  179613
Current Points:  179613
Current Points:  179613
Current Points:  179613
Current Points:  179613
Current Points:  179613
Current Points:  179613
Current Points:  179613
Current Points:  179613
Current Points:  179613
Current Points:  179613
Current Points:  179613
Current Points:  179613
Current Points:  179613
Current Points:  179613
Current Points:  179613
Current Points:  179613
Current Points:  179613
Current Points:  179613
Current Points:  179613
Current Points:  179613
Current Points:  179613
Current Points:  179613
Current Points:  179613
Current Points:  179613
Current Points:  179613
Current Points:  179613
Current Points:  179613
Current Points:  179613
Current Points:  179613
Current Points:  179613
Current Points:  179613
Current Points:  179613
Current Points:  179613
Current Points:  179613
Current Points:  179613
Current Points:  179613
Current Points:  179613
Current Points:  179613
Current Points:  179613
Current Points:  179613
Current Points:  179613
Current Points:  179613
Current Points:  179613
Current Points:  179613
Current Points:  179613
Current Points:  179613
Current Points:  179613
Current Points:  179613
Current Points:  179613
Current Points:  179613
Current Points:  179613
Current Points:  179613
Current Points:  179613
Current Points:  179613
Current Points:  179613
Current Points:  179613
Current Points:  179613
Test PSNR:15.4233, MS_SSIM:0.599361
Training Complete in 12272.1183s, Eval time:0.26899900s, FPS:3.7175, Best PSNR: 23.1994
0823_moreDetail_x8_16320x10272: 10272x16320, PSNR:15.4233, MS-SSIM:0.5994, Training:12272.1183s, Eval:0.26899900s, FPS:3.7175
Processing image 3: 0826_moreDetail_x8_16320x12288.png
Image Shape:  torch.Size([12288, 16320])
Num Points: 214864 | Compression Ratio: 400
Processing image of size: 12288x16320
Processing in 7x9 chunks of size 2048x2048
Initialized 107432 Gaussians successfully
Current Points:  134290
Current Points:  161148
Current Points:  188006
Current Points:  214864
Current Points:  214864
Current Points:  214864
Current Points:  214864
Current Points:  214864
Current Points:  214864
Current Points:  214864
Current Points:  214864
Current Points:  214864
Current Points:  214864
Current Points:  214864
Current Points:  214864
Current Points:  214864
Current Points:  214864
Current Points:  214864
Current Points:  214864
Current Points:  214864
Current Points:  214864
Current Points:  214864
Current Points:  214864
Current Points:  214864
Current Points:  214864
Current Points:  214864
Current Points:  214864
Current Points:  214864
Current Points:  214864
Current Points:  214864
Current Points:  214864
Current Points:  214864
Current Points:  214864
Current Points:  214864
Current Points:  214864
Current Points:  214864
Current Points:  214864
Current Points:  214864
Current Points:  214864
Current Points:  214864
Current Points:  214864
Current Points:  214864
Current Points:  214864
Current Points:  214864
Current Points:  214864
Current Points:  214864
Current Points:  214864
Current Points:  214864
Current Points:  214864
Current Points:  214864
Current Points:  214864
Current Points:  214864
Current Points:  214864
Current Points:  214864
Current Points:  214864
Current Points:  214864
Current Points:  214864
Current Points:  214864
Current Points:  214864
Current Points:  214864
Current Points:  214864
Current Points:  214864
Current Points:  214864
Current Points:  214864
Current Points:  214864
Current Points:  214864
Current Points:  214864
Current Points:  214864
Current Points:  214864
Current Points:  214864
Current Points:  214864
Current Points:  214864
Current Points:  214864
Current Points:  214864
Current Points:  214864
Current Points:  214864
Current Points:  214864
Current Points:  214864
Current Points:  214864
Current Points:  214864
Current Points:  214864
Current Points:  214864
Current Points:  214864
Current Points:  214864
Current Points:  214864
Current Points:  214864
Current Points:  214864
Current Points:  214864
Current Points:  214864
Current Points:  214864
Current Points:  214864
Current Points:  214864
Current Points:  214864
Current Points:  214864
Current Points:  214864
Current Points:  214864
Current Points:  214864
Current Points:  214864
Current Points:  214864
Test PSNR:20.2131, MS_SSIM:0.572436
Training Complete in 14536.7007s, Eval time:0.25720290s, FPS:3.8880, Best PSNR: 23.1752
0826_moreDetail_x8_16320x12288: 12288x16320, PSNR:20.2131, MS-SSIM:0.5724, Training:14536.7007s, Eval:0.25720290s, FPS:3.8880
Processing image 4: 0835_moreDetail_x8_12960x16320.png
Image Shape:  torch.Size([16320, 12960])
Num Points: 226614 | Compression Ratio: 400
Processing image of size: 16320x12960
Processing in 9x7 chunks of size 2048x2048
Initialized 113307 Gaussians successfully
Current Points:  141633
Current Points:  169959
Current Points:  198285
Current Points:  226611
Current Points:  226614
Current Points:  226614
Current Points:  226614
Current Points:  226614
Current Points:  226614
Current Points:  226614
Current Points:  226614
Current Points:  226614
Current Points:  226614
Current Points:  226614
Current Points:  226614
Current Points:  226614
Current Points:  226614
Current Points:  226614
Current Points:  226614
Current Points:  226614
Current Points:  226614
Current Points:  226614
Current Points:  226614
Current Points:  226614
Current Points:  226614
Current Points:  226614
Current Points:  226614
Current Points:  226614
Current Points:  226614
Current Points:  226614
Current Points:  226614
Current Points:  226614
Current Points:  226614
Current Points:  226614
Current Points:  226614
Current Points:  226614
Current Points:  226614
Current Points:  226614
Current Points:  226614
Current Points:  226614
Current Points:  226614
Current Points:  226614
Current Points:  226614
Current Points:  226614
Current Points:  226614
Current Points:  226614
Current Points:  226614
Current Points:  226614
Current Points:  226614
Current Points:  226614
Current Points:  226614
Current Points:  226614
Current Points:  226614
Current Points:  226614
Current Points:  226614
Current Points:  226614
Current Points:  226614
Current Points:  226614
Current Points:  226614
Current Points:  226614
Current Points:  226614
Current Points:  226614
Current Points:  226614
Current Points:  226614
Current Points:  226614
Current Points:  226614
Current Points:  226614
Current Points:  226614
Current Points:  226614
Current Points:  226614
Current Points:  226614
Current Points:  226614
Current Points:  226614
Current Points:  226614
Current Points:  226614
Current Points:  226614
Current Points:  226614
Current Points:  226614
Current Points:  226614
Current Points:  226614
Current Points:  226614
Current Points:  226614
Current Points:  226614
Current Points:  226614
Current Points:  226614
Current Points:  226614
Current Points:  226614
Current Points:  226614
Current Points:  226614
Current Points:  226614
Current Points:  226614
Current Points:  226614
Current Points:  226614
Current Points:  226614
Current Points:  226614
Current Points:  226614
Current Points:  226614
Current Points:  226614
Current Points:  226614
Test PSNR:20.4923, MS_SSIM:0.436573
Training Complete in 13020.6749s, Eval time:0.14727722s, FPS:6.7899, Best PSNR: 21.5712
0835_moreDetail_x8_12960x16320: 16320x12960, PSNR:20.4923, MS-SSIM:0.4366, Training:13020.6749s, Eval:0.14727722s, FPS:6.7899
Processing image 5: 0855_moreDetail_x8_16320x16320.png
Image Shape:  torch.Size([16320, 16320])
Num Points: 285366 | Compression Ratio: 400
Processing image of size: 16320x16320
Processing in 9x9 chunks of size 2048x2048
Initialized 142683 Gaussians successfully
Current Points:  178353
Current Points:  214023
Current Points:  249693
Current Points:  285363
Current Points:  285366
Current Points:  285366
Current Points:  285366
Current Points:  285366
Current Points:  285366
Current Points:  285366
Current Points:  285366
Current Points:  285366
Current Points:  285366
Current Points:  285366
Current Points:  285366
Current Points:  285366
Current Points:  285366
Current Points:  285366
Current Points:  285366
Current Points:  285366
Current Points:  285366
Current Points:  285366
Current Points:  285366
Current Points:  285366
Current Points:  285366
Current Points:  285366
Current Points:  285366
Current Points:  285366
Current Points:  285366
Current Points:  285366
Current Points:  285366
Current Points:  285366
Current Points:  285366
Current Points:  285366
Current Points:  285366
Current Points:  285366
Current Points:  285366
Current Points:  285366
Current Points:  285366
Current Points:  285366
Current Points:  285366
Current Points:  285366
Current Points:  285366
Current Points:  285366
Current Points:  285366
Current Points:  285366
Current Points:  285366
Current Points:  285366
Current Points:  285366
Current Points:  285366
Current Points:  285366
Current Points:  285366
Current Points:  285366
Current Points:  285366
Current Points:  285366
Current Points:  285366
Current Points:  285366
Current Points:  285366
Current Points:  285366
Current Points:  285366
Current Points:  285366
Current Points:  285366
Current Points:  285366
Current Points:  285366
Current Points:  285366
Current Points:  285366
Current Points:  285366
Current Points:  285366
Current Points:  285366
Current Points:  285366
Current Points:  285366
Current Points:  285366
Current Points:  285366
Current Points:  285366
Current Points:  285366
Current Points:  285366
Current Points:  285366
Current Points:  285366
Current Points:  285366
Current Points:  285366
Current Points:  285366
Current Points:  285366
Current Points:  285366
Current Points:  285366
Current Points:  285366
Current Points:  285366
Current Points:  285366
Current Points:  285366
Current Points:  285366
Current Points:  285366
Current Points:  285366
Current Points:  285366
Current Points:  285366
Current Points:  285366
Current Points:  285366
Current Points:  285366
Current Points:  285366
Current Points:  285366
Current Points:  285366
Test PSNR:23.5885, MS_SSIM:0.505836
Training Complete in 16000.4479s, Eval time:0.16099383s, FPS:6.2114, Best PSNR: 27.0039
0855_moreDetail_x8_16320x16320: 16320x16320, PSNR:23.5885, MS-SSIM:0.5058, Training:16000.4479s, Eval:0.16099383s, FPS:6.2114
Processing image 6: 0873_moreDetail_x8_16320x10848.png
Image Shape:  torch.Size([10848, 16312])
Num Points: 189592 | Compression Ratio: 400
Processing image of size: 10848x16312
Processing in 6x9 chunks of size 2048x2048
Initialized 94796 Gaussians successfully
Current Points:  118495
Current Points:  142194
Current Points:  165893
Current Points:  189592
Current Points:  189592
Current Points:  189592
Current Points:  189592
Current Points:  189592
Current Points:  189592
Current Points:  189592
Current Points:  189592
Current Points:  189592
Current Points:  189592
Current Points:  189592
Current Points:  189592
Current Points:  189592
Current Points:  189592
Current Points:  189592
Current Points:  189592
Current Points:  189592
Current Points:  189592
Current Points:  189592
Current Points:  189592
Current Points:  189592
Current Points:  189592
Current Points:  189592
Current Points:  189592
Current Points:  189592
Current Points:  189592
Current Points:  189592
Current Points:  189592
Current Points:  189592
Current Points:  189592
Current Points:  189592
Current Points:  189592
Current Points:  189592
Current Points:  189592
Current Points:  189592
Current Points:  189592
Current Points:  189592
Current Points:  189592
Current Points:  189592
Current Points:  189592
Current Points:  189592
Current Points:  189592
Current Points:  189592
Current Points:  189592
Current Points:  189592
Current Points:  189592
Current Points:  189592
Current Points:  189592
Current Points:  189592
Current Points:  189592
Current Points:  189592
Current Points:  189592
Current Points:  189592
Current Points:  189592
Current Points:  189592
Current Points:  189592
Current Points:  189592
Current Points:  189592
Current Points:  189592
Current Points:  189592
Current Points:  189592
Current Points:  189592
Current Points:  189592
Current Points:  189592
Current Points:  189592
Current Points:  189592
Current Points:  189592
Current Points:  189592
Current Points:  189592
Current Points:  189592
Current Points:  189592
Current Points:  189592
Current Points:  189592
Current Points:  189592
Current Points:  189592
Current Points:  189592
Current Points:  189592
Current Points:  189592
Current Points:  189592
Current Points:  189592
Current Points:  189592
Current Points:  189592
Current Points:  189592
Current Points:  189592
Current Points:  189592
Current Points:  189592
Current Points:  189592
Current Points:  189592
Current Points:  189592
Current Points:  189592
Current Points:  189592
Current Points:  189592
Current Points:  189592
Current Points:  189592
Current Points:  189592
Current Points:  189592
Test PSNR:20.4425, MS_SSIM:0.503194
Training Complete in 11189.1639s, Eval time:0.19101857s, FPS:5.2351, Best PSNR: 23.3568
0873_moreDetail_x8_16320x10848: 10848x16312, PSNR:20.4425, MS-SSIM:0.5032, Training:11189.1639s, Eval:0.19101857s, FPS:5.2351
Processing image 7: 0875_moreDetail_x8_16320x12288.png
Image Shape:  torch.Size([12288, 16320])
Num Points: 214864 | Compression Ratio: 400
Processing image of size: 12288x16320
Processing in 7x9 chunks of size 2048x2048
Initialized 107432 Gaussians successfully
Current Points:  134290
Current Points:  161148
Current Points:  188006
Current Points:  214864
Current Points:  214864
Current Points:  214864
Current Points:  214864
Current Points:  214864
Current Points:  214864
Current Points:  214864
Current Points:  214864
Current Points:  214864
Current Points:  214864
Current Points:  214864
Current Points:  214864
Current Points:  214864
Current Points:  214864
Current Points:  214864
Current Points:  214864
Current Points:  214864
Current Points:  214864
Current Points:  214864
Current Points:  214864
Current Points:  214864
Current Points:  214864
Current Points:  214864
Current Points:  214864
Current Points:  214864
Current Points:  214864
Current Points:  214864
Current Points:  214864
Current Points:  214864
Current Points:  214864
Current Points:  214864
Current Points:  214864
Current Points:  214864
Current Points:  214864
Current Points:  214864
Current Points:  214864
Current Points:  214864
Current Points:  214864
Current Points:  214864
Current Points:  214864
Current Points:  214864
Current Points:  214864
Current Points:  214864
Current Points:  214864
Current Points:  214864
Current Points:  214864
Current Points:  214864
Current Points:  214864
Current Points:  214864
Current Points:  214864
Current Points:  214864
Current Points:  214864
Current Points:  214864
Current Points:  214864
Current Points:  214864
Current Points:  214864
Current Points:  214864
Current Points:  214864
Current Points:  214864
Current Points:  214864
Current Points:  214864
Current Points:  214864
Current Points:  214864
Current Points:  214864
Current Points:  214864
Current Points:  214864
Current Points:  214864
Current Points:  214864
Current Points:  214864
Current Points:  214864
Current Points:  214864
Current Points:  214864
Current Points:  214864
Current Points:  214864
Current Points:  214864
Current Points:  214864
Current Points:  214864
Current Points:  214864
Current Points:  214864
Current Points:  214864
Current Points:  214864
Current Points:  214864
Current Points:  214864
Current Points:  214864
Current Points:  214864
Current Points:  214864
Current Points:  214864
Current Points:  214864
Current Points:  214864
Current Points:  214864
Current Points:  214864
Current Points:  214864
Current Points:  214864
Current Points:  214864
Current Points:  214864
Current Points:  214864
Test PSNR:21.4843, MS_SSIM:0.419541
Training Complete in 13130.4454s, Eval time:0.14210098s, FPS:7.0372, Best PSNR: 24.5864
0875_moreDetail_x8_16320x12288: 12288x16320, PSNR:21.4843, MS-SSIM:0.4195, Training:13130.4454s, Eval:0.14210098s, FPS:7.0372
Processing image 8: 0896_moreDetail_x8_16320x10848.png
Image Shape:  torch.Size([10848, 16312])
Num Points: 189592 | Compression Ratio: 400
Processing image of size: 10848x16312
Processing in 6x9 chunks of size 2048x2048
Initialized 94796 Gaussians successfully
Current Points:  118495
Current Points:  142194
Current Points:  165893
Current Points:  189592
Current Points:  189592
Current Points:  189592
Current Points:  189592
Current Points:  189592
Current Points:  189592
Current Points:  189592
Current Points:  189592
Current Points:  189592
Current Points:  189592
Current Points:  189592
Current Points:  189592
Current Points:  189592
Current Points:  189592
Current Points:  189592
Current Points:  189592
Current Points:  189592
Current Points:  189592
Current Points:  189592
Current Points:  189592
Current Points:  189592
Current Points:  189592
Current Points:  189592
Current Points:  189592
Current Points:  189592
Current Points:  189592
Current Points:  189592
Current Points:  189592
Current Points:  189592
Current Points:  189592
Current Points:  189592
Current Points:  189592
Current Points:  189592
Current Points:  189592
Current Points:  189592
Current Points:  189592
Current Points:  189592
Current Points:  189592
Current Points:  189592
Current Points:  189592
Current Points:  189592
Current Points:  189592
Current Points:  189592
Current Points:  189592
Current Points:  189592
Current Points:  189592
Current Points:  189592
Current Points:  189592
Current Points:  189592
Current Points:  189592
Current Points:  189592
Current Points:  189592
Current Points:  189592
Current Points:  189592
Current Points:  189592
Current Points:  189592
Current Points:  189592
Current Points:  189592
Current Points:  189592
Current Points:  189592
Current Points:  189592
Current Points:  189592
Current Points:  189592
Current Points:  189592
Current Points:  189592
Current Points:  189592
Current Points:  189592
Current Points:  189592
Current Points:  189592
Current Points:  189592
Current Points:  189592
Current Points:  189592
Current Points:  189592
Current Points:  189592
Current Points:  189592
Current Points:  189592
Current Points:  189592
Current Points:  189592
Current Points:  189592
Current Points:  189592
Current Points:  189592
Current Points:  189592
Current Points:  189592
Current Points:  189592
Current Points:  189592
Current Points:  189592
Current Points:  189592
Current Points:  189592
Current Points:  189592
Current Points:  189592
Current Points:  189592
Current Points:  189592
Current Points:  189592
Current Points:  189592
Current Points:  189592
Current Points:  189592
Test PSNR:13.5137, MS_SSIM:0.761857
Training Complete in 13715.5707s, Eval time:0.30849635s, FPS:3.2415, Best PSNR: 25.6899
0896_moreDetail_x8_16320x10848: 10848x16312, PSNR:13.5137, MS-SSIM:0.7619, Training:13715.5707s, Eval:0.30849635s, FPS:3.2415
Average: 12684x15898, PSNR:19.4620, MS-SSIM:0.5554, Training:13460.3496s, Eval:0.20384218s, FPS:5.3234
