Fri Jul 18 20:51:56 2025       
+-----------------------------------------------------------------------------------------+
| NVIDIA-SMI 550.54.14              Driver Version: 550.54.14      CUDA Version: 12.4     |
|-----------------------------------------+------------------------+----------------------+
| GPU  Name                 Persistence-M | Bus-Id          Disp.A | Volatile Uncorr. ECC |
| Fan  Temp   Perf          Pwr:Usage/Cap |           Memory-Usage | GPU-Util  Compute M. |
|                                         |                        |               MIG M. |
|=========================================+========================+======================|
|   0  NVIDIA A800-SXM4-80GB          On  |   00000000:E8:00.0 Off |                    0 |
| N/A   32C    P0             57W /  400W |       0MiB /  81920MiB |      0%      Default |
|                                         |                        |             Disabled |
+-----------------------------------------+------------------------+----------------------+
                                                                                         
+-----------------------------------------------------------------------------------------+
| Processes:                                                                              |
|  GPU   GI   CI        PID   Type   Process name                              GPU Memory |
|        ID   ID                                                               Usage      |
|=========================================================================================|
|  No running processes found                                                             |
+-----------------------------------------------------------------------------------------+
Torch: 2.4.0+cu124, CUDA: True, Device: NVIDIA A800-SXM4-80GB
Training with LIG Gaussian Image Model.......
Founding 8 Images in DIV16K Dataset .........
Processing image 1: 0810_moreDetail_x8_16320x12288.png
Image Shape:  torch.Size([12288, 16320])
Num Points: 1718915 | Compression Ratio: 50
GaussianLevels:  2
Test PSNR:22.5231, MS_SSIM:0.439055
Training Complete in 11735.5416s, Eval time:0.02855219s, FPS:35.0236, Best PSNR: 28.4777
0810_moreDetail_x8_16320x12288: 12288x16320, PSNR:22.5231, MS-SSIM:0.4391, Training:11735.5416s, Eval:0.02855219s, FPS:35.0236
Processing image 2: 0823_moreDetail_x8_16320x10272.png
Image Shape:  torch.Size([10272, 16320])
Num Points: 1436906 | Compression Ratio: 50
GaussianLevels:  2
Test PSNR:24.0244, MS_SSIM:0.441931
Training Complete in 7671.7743s, Eval time:0.02406581s, FPS:41.5527, Best PSNR: 29.8308
0823_moreDetail_x8_16320x10272: 10272x16320, PSNR:24.0244, MS-SSIM:0.4419, Training:7671.7743s, Eval:0.02406581s, FPS:41.5527
Processing image 3: 0826_moreDetail_x8_16320x12288.png
Image Shape:  torch.Size([12288, 16320])
Num Points: 1718915 | Compression Ratio: 50
GaussianLevels:  2
Test PSNR:23.5262, MS_SSIM:0.424161
Training Complete in 10386.2636s, Eval time:0.02822661s, FPS:35.4276, Best PSNR: 29.2789
0826_moreDetail_x8_16320x12288: 12288x16320, PSNR:23.5262, MS-SSIM:0.4242, Training:10386.2636s, Eval:0.02822661s, FPS:35.4276
Processing image 4: 0835_moreDetail_x8_12960x16320.png
Image Shape:  torch.Size([16320, 12960])
Num Points: 1812918 | Compression Ratio: 50
GaussianLevels:  2
Test PSNR:22.3717, MS_SSIM:0.429684
Training Complete in 11313.8889s, Eval time:0.02974065s, FPS:33.6240, Best PSNR: 28.2461
0835_moreDetail_x8_12960x16320: 16320x12960, PSNR:22.3717, MS-SSIM:0.4297, Training:11313.8889s, Eval:0.02974065s, FPS:33.6240
Processing image 5: 0855_moreDetail_x8_16320x16320.png
Image Shape:  torch.Size([16320, 16320])
Num Points: 2282934 | Compression Ratio: 50
GaussianLevels:  2
Test PSNR:24.1212, MS_SSIM:0.357597
Training Complete in 15776.0352s, Eval time:0.03689831s, FPS:27.1015, Best PSNR: 29.6716
0855_moreDetail_x8_16320x16320: 16320x16320, PSNR:24.1212, MS-SSIM:0.3576, Training:15776.0352s, Eval:0.03689831s, FPS:27.1015
Processing image 6: 0873_moreDetail_x8_16320x10848.png
Image Shape:  torch.Size([10848, 16312])
Num Points: 1516736 | Compression Ratio: 50
GaussianLevels:  2
Test PSNR:24.5858, MS_SSIM:0.473668
Training Complete in 9940.6970s, Eval time:0.02536175s, FPS:39.4294, Best PSNR: 30.0821
0873_moreDetail_x8_16320x10848: 10848x16312, PSNR:24.5858, MS-SSIM:0.4737, Training:9940.6970s, Eval:0.02536175s, FPS:39.4294
Processing image 7: 0875_moreDetail_x8_16320x12288.png
Image Shape:  torch.Size([12288, 16320])
Num Points: 1718915 | Compression Ratio: 50
GaussianLevels:  2
Test PSNR:24.3161, MS_SSIM:0.421327
Training Complete in 10948.8714s, Eval time:0.02816962s, FPS:35.4992, Best PSNR: 29.8118
0875_moreDetail_x8_16320x12288: 12288x16320, PSNR:24.3161, MS-SSIM:0.4213, Training:10948.8714s, Eval:0.02816962s, FPS:35.4992
Processing image 8: 0896_moreDetail_x8_16320x10848.png
Image Shape:  torch.Size([10848, 16312])
Num Points: 1516736 | Compression Ratio: 50
GaussianLevels:  2
Test PSNR:29.8953, MS_SSIM:0.661319
Training Complete in 9059.3641s, Eval time:0.02421579s, FPS:41.2954, Best PSNR: 30.9806
0896_moreDetail_x8_16320x10848: 10848x16312, PSNR:29.8953, MS-SSIM:0.6613, Training:9059.3641s, Eval:0.02421579s, FPS:41.2954
Average: 12684x15898, PSNR:24.4205, MS-SSIM:0.4561, Training:10854.0557s, Eval:0.02815384s, FPS:36.1192
