Fri Jul 18 20:52:21 2025       
+-----------------------------------------------------------------------------------------+
| NVIDIA-SMI 550.54.14              Driver Version: 550.54.14      CUDA Version: 12.4     |
|-----------------------------------------+------------------------+----------------------+
| GPU  Name                 Persistence-M | Bus-Id          Disp.A | Volatile Uncorr. ECC |
| Fan  Temp   Perf          Pwr:Usage/Cap |           Memory-Usage | GPU-Util  Compute M. |
|                                         |                        |               MIG M. |
|=========================================+========================+======================|
|   0  NVIDIA A800-SXM4-80GB          On  |   00000000:EE:00.0 Off |                    0 |
| N/A   29C    P0             56W /  400W |       0MiB /  81920MiB |      0%      Default |
|                                         |                        |             Disabled |
+-----------------------------------------+------------------------+----------------------+
                                                                                         
+-----------------------------------------------------------------------------------------+
| Processes:                                                                              |
|  GPU   GI   CI        PID   Type   Process name                              GPU Memory |
|        ID   ID                                                               Usage      |
|=========================================================================================|
|  No running processes found                                                             |
+-----------------------------------------------------------------------------------------+
Torch: 2.4.0+cu124, CUDA: True, Device: NVIDIA A800-SXM4-80GB
Training with LIG Gaussian Image Model.......
Founding 8 Images in DIV16K Dataset .........
Processing image 1: 0810_moreDetail_x8_16320x12288.png
Image Shape:  torch.Size([12288, 16320])
Num Points: 859457 | Compression Ratio: 100
GaussianLevels:  2
Test PSNR:19.6950, MS_SSIM:0.355665
Training Complete in 11614.9971s, Eval time:0.02523592s, FPS:39.6260, Best PSNR: 25.6354
0810_moreDetail_x8_16320x12288: 12288x16320, PSNR:19.6950, MS-SSIM:0.3557, Training:11614.9971s, Eval:0.02523592s, FPS:39.6260
Processing image 2: 0823_moreDetail_x8_16320x10272.png
Image Shape:  torch.Size([10272, 16320])
Num Points: 718453 | Compression Ratio: 100
GaussianLevels:  2
Test PSNR:21.5045, MS_SSIM:0.395801
Training Complete in 6272.7427s, Eval time:0.02128764s, FPS:46.9756, Best PSNR: 27.2197
0823_moreDetail_x8_16320x10272: 10272x16320, PSNR:21.5045, MS-SSIM:0.3958, Training:6272.7427s, Eval:0.02128764s, FPS:46.9756
Processing image 3: 0826_moreDetail_x8_16320x12288.png
Image Shape:  torch.Size([12288, 16320])
Num Points: 859457 | Compression Ratio: 100
GaussianLevels:  2
Test PSNR:20.8711, MS_SSIM:0.370808
Training Complete in 9211.7166s, Eval time:0.02509526s, FPS:39.8482, Best PSNR: 26.5261
0826_moreDetail_x8_16320x12288: 12288x16320, PSNR:20.8711, MS-SSIM:0.3708, Training:9211.7166s, Eval:0.02509526s, FPS:39.8482
Processing image 4: 0835_moreDetail_x8_12960x16320.png
Image Shape:  torch.Size([16320, 12960])
Num Points: 906459 | Compression Ratio: 100
GaussianLevels:  2
Test PSNR:19.8802, MS_SSIM:0.341347
Training Complete in 9250.6272s, Eval time:0.02634339s, FPS:37.9602, Best PSNR: 25.6921
0835_moreDetail_x8_12960x16320: 16320x12960, PSNR:19.8802, MS-SSIM:0.3413, Training:9250.6272s, Eval:0.02634339s, FPS:37.9602
Processing image 5: 0855_moreDetail_x8_16320x16320.png
Image Shape:  torch.Size([16320, 16320])
Num Points: 1141467 | Compression Ratio: 100
GaussianLevels:  2
Test PSNR:20.9835, MS_SSIM:0.310068
Training Complete in 11104.5479s, Eval time:0.03282964s, FPS:30.4603, Best PSNR: 26.6170
0855_moreDetail_x8_16320x16320: 16320x16320, PSNR:20.9835, MS-SSIM:0.3101, Training:11104.5479s, Eval:0.03282964s, FPS:30.4603
Processing image 6: 0873_moreDetail_x8_16320x10848.png
Image Shape:  torch.Size([10848, 16312])
Num Points: 758368 | Compression Ratio: 100
GaussianLevels:  2
Test PSNR:21.4965, MS_SSIM:0.400726
Training Complete in 8422.9477s, Eval time:0.02249027s, FPS:44.4637, Best PSNR: 27.3710
0873_moreDetail_x8_16320x10848: 10848x16312, PSNR:21.4965, MS-SSIM:0.4007, Training:8422.9477s, Eval:0.02249027s, FPS:44.4637
Processing image 7: 0875_moreDetail_x8_16320x12288.png
Image Shape:  torch.Size([12288, 16320])
Num Points: 859457 | Compression Ratio: 100
GaussianLevels:  2
Test PSNR:21.5990, MS_SSIM:0.358226
Training Complete in 10932.1192s, Eval time:0.02503580s, FPS:39.9428, Best PSNR: 26.9659
0875_moreDetail_x8_16320x12288: 12288x16320, PSNR:21.5990, MS-SSIM:0.3582, Training:10932.1192s, Eval:0.02503580s, FPS:39.9428
Processing image 8: 0896_moreDetail_x8_16320x10848.png
Image Shape:  torch.Size([10848, 16312])
Num Points: 758368 | Compression Ratio: 100
GaussianLevels:  2
Test PSNR:24.9049, MS_SSIM:0.519473
Training Complete in 7890.3701s, Eval time:0.02191945s, FPS:45.6216, Best PSNR: 28.0641
0896_moreDetail_x8_16320x10848: 10848x16312, PSNR:24.9049, MS-SSIM:0.5195, Training:7890.3701s, Eval:0.02191945s, FPS:45.6216
Average: 12684x15898, PSNR:21.3668, MS-SSIM:0.3815, Training:9337.5078s, Eval:0.02502967s, FPS:40.6123
