Sat Jul 19 17:50:52 2025       
+-----------------------------------------------------------------------------------------+
| NVIDIA-SMI 550.54.14              Driver Version: 550.54.14      CUDA Version: 12.4     |
|-----------------------------------------+------------------------+----------------------+
| GPU  Name                 Persistence-M | Bus-Id          Disp.A | Volatile Uncorr. ECC |
| Fan  Temp   Perf          Pwr:Usage/Cap |           Memory-Usage | GPU-Util  Compute M. |
|                                         |                        |               MIG M. |
|=========================================+========================+======================|
|   0  NVIDIA A800-SXM4-80GB          On  |   00000000:E8:00.0 Off |                    0 |
| N/A   36C    P0             60W /  400W |       0MiB /  81920MiB |      0%      Default |
|                                         |                        |             Disabled |
+-----------------------------------------+------------------------+----------------------+
                                                                                         
+-----------------------------------------------------------------------------------------+
| Processes:                                                                              |
|  GPU   GI   CI        PID   Type   Process name                              GPU Memory |
|        ID   ID                                                               Usage      |
|=========================================================================================|
|  No running processes found                                                             |
+-----------------------------------------------------------------------------------------+
Torch: 2.4.0+cu124, CUDA: True, Device: NVIDIA A800-SXM4-80GB
Training with LIG Gaussian Image Model.......
Founding 8 Images in DIV16K Dataset .........
Processing image 1: 0810_moreDetail_x8_16320x12288.png
Image Shape:  torch.Size([12288, 16320])
Num Points: 171891 | Compression Ratio: 500
GaussianLevels:  2
Test PSNR:11.0048, MS_SSIM:0.152818
Training Complete in 11370.2841s, Eval time:0.02041435s, FPS:48.9852, Best PSNR: 16.1568
0810_moreDetail_x8_16320x12288: 12288x16320, PSNR:11.0048, MS-SSIM:0.1528, Training:11370.2841s, Eval:0.02041435s, FPS:48.9852
Processing image 2: 0823_moreDetail_x8_16320x10272.png
Image Shape:  torch.Size([10272, 16320])
Num Points: 143690 | Compression Ratio: 500
GaussianLevels:  2
Test PSNR:12.5957, MS_SSIM:0.266961
Training Complete in 7501.1352s, Eval time:0.01709120s, FPS:58.5096, Best PSNR: 17.6800
0823_moreDetail_x8_16320x10272: 10272x16320, PSNR:12.5957, MS-SSIM:0.2670, Training:7501.1352s, Eval:0.01709120s, FPS:58.5096
Processing image 3: 0826_moreDetail_x8_16320x12288.png
Image Shape:  torch.Size([12288, 16320])
Num Points: 171891 | Compression Ratio: 500
GaussianLevels:  2
Test PSNR:11.9975, MS_SSIM:0.211377
Training Complete in 9648.5658s, Eval time:0.02018577s, FPS:49.5399, Best PSNR: 16.7586
0826_moreDetail_x8_16320x12288: 12288x16320, PSNR:11.9975, MS-SSIM:0.2114, Training:9648.5658s, Eval:0.02018577s, FPS:49.5399
Processing image 4: 0835_moreDetail_x8_12960x16320.png
Image Shape:  torch.Size([16320, 12960])
Num Points: 181291 | Compression Ratio: 500
GaussianLevels:  2
Test PSNR:11.4611, MS_SSIM:0.129389
Training Complete in 8047.9215s, Eval time:0.02122012s, FPS:47.1251, Best PSNR: 16.1065
0835_moreDetail_x8_12960x16320: 16320x12960, PSNR:11.4611, MS-SSIM:0.1294, Training:8047.9215s, Eval:0.02122012s, FPS:47.1251
Processing image 5: 0855_moreDetail_x8_16320x16320.png
Image Shape:  torch.Size([16320, 16320])
Num Points: 228293 | Compression Ratio: 500
GaussianLevels:  2
Test PSNR:10.2025, MS_SSIM:0.143671
Training Complete in 10268.2683s, Eval time:0.02633817s, FPS:37.9677, Best PSNR: 15.4039
0855_moreDetail_x8_16320x16320: 16320x16320, PSNR:10.2025, MS-SSIM:0.1437, Training:10268.2683s, Eval:0.02633817s, FPS:37.9677
Processing image 6: 0873_moreDetail_x8_16320x10848.png
Image Shape:  torch.Size([10848, 16312])
Num Points: 151673 | Compression Ratio: 500
GaussianLevels:  2
Test PSNR:12.3418, MS_SSIM:0.187803
Training Complete in 5743.7171s, Eval time:0.01821981s, FPS:54.8853, Best PSNR: 17.4966
0873_moreDetail_x8_16320x10848: 10848x16312, PSNR:12.3418, MS-SSIM:0.1878, Training:5743.7171s, Eval:0.01821981s, FPS:54.8853
Processing image 7: 0875_moreDetail_x8_16320x12288.png
Image Shape:  torch.Size([12288, 16320])
Num Points: 171891 | Compression Ratio: 500
GaussianLevels:  2
Test PSNR:12.2404, MS_SSIM:0.148097
Training Complete in 10261.8232s, Eval time:0.02033941s, FPS:49.1656, Best PSNR: 17.5137
0875_moreDetail_x8_16320x12288: 12288x16320, PSNR:12.2404, MS-SSIM:0.1481, Training:10261.8232s, Eval:0.02033941s, FPS:49.1656
Processing image 8: 0896_moreDetail_x8_16320x10848.png
Image Shape:  torch.Size([10848, 16312])
Num Points: 151673 | Compression Ratio: 500
GaussianLevels:  2
Test PSNR:13.9414, MS_SSIM:0.371597
Training Complete in 9231.8074s, Eval time:0.01785511s, FPS:56.0064, Best PSNR: 18.6420
0896_moreDetail_x8_16320x10848: 10848x16312, PSNR:13.9414, MS-SSIM:0.3716, Training:9231.8074s, Eval:0.01785511s, FPS:56.0064
Average: 12684x15898, PSNR:11.9732, MS-SSIM:0.2015, Training:9009.1904s, Eval:0.02020799s, FPS:50.2731
