Sat Jul 19 18:29:39 2025       
+-----------------------------------------------------------------------------------------+
| NVIDIA-SMI 550.54.14              Driver Version: 550.54.14      CUDA Version: 12.4     |
|-----------------------------------------+------------------------+----------------------+
| GPU  Name                 Persistence-M | Bus-Id          Disp.A | Volatile Uncorr. ECC |
| Fan  Temp   Perf          Pwr:Usage/Cap |           Memory-Usage | GPU-Util  Compute M. |
|                                         |                        |               MIG M. |
|=========================================+========================+======================|
|   0  NVIDIA A800-SXM4-80GB          On  |   00000000:CB:00.0 Off |                    0 |
| N/A   31C    P0             61W /  400W |       0MiB /  81920MiB |      0%      Default |
|                                         |                        |             Disabled |
+-----------------------------------------+------------------------+----------------------+
                                                                                         
+-----------------------------------------------------------------------------------------+
| Processes:                                                                              |
|  GPU   GI   CI        PID   Type   Process name                              GPU Memory |
|        ID   ID                                                               Usage      |
|=========================================================================================|
|  No running processes found                                                             |
+-----------------------------------------------------------------------------------------+
Torch: 2.4.0+cu124, CUDA: True, Device: NVIDIA A800-SXM4-80GB
Training with LIG Gaussian Image Model.......
Founding 8 Images in DIV16K Dataset .........
Processing image 1: 0810_moreDetail_x8_16320x12288.png
Image Shape:  torch.Size([12288, 16320])
Num Points: 85945 | Compression Ratio: 1000
GaussianLevels:  2
Test PSNR:6.6464, MS_SSIM:0.148026
Training Complete in 11334.0516s, Eval time:0.01817360s, FPS:55.0249, Best PSNR: 11.2948
0810_moreDetail_x8_16320x12288: 12288x16320, PSNR:6.6464, MS-SSIM:0.1480, Training:11334.0516s, Eval:0.01817360s, FPS:55.0249
Processing image 2: 0823_moreDetail_x8_16320x10272.png
Image Shape:  torch.Size([10272, 16320])
Num Points: 71845 | Compression Ratio: 1000
GaussianLevels:  2
Test PSNR:7.4250, MS_SSIM:0.223045
Training Complete in 8630.2136s, Eval time:0.01549135s, FPS:64.5521, Best PSNR: 11.9385
0823_moreDetail_x8_16320x10272: 10272x16320, PSNR:7.4250, MS-SSIM:0.2230, Training:8630.2136s, Eval:0.01549135s, FPS:64.5521
Processing image 3: 0826_moreDetail_x8_16320x12288.png
Image Shape:  torch.Size([12288, 16320])
Num Points: 85945 | Compression Ratio: 1000
GaussianLevels:  2
Test PSNR:6.9168, MS_SSIM:0.182136
Training Complete in 10606.4161s, Eval time:0.01828034s, FPS:54.7036, Best PSNR: 13.1624
0826_moreDetail_x8_16320x12288: 12288x16320, PSNR:6.9168, MS-SSIM:0.1821, Training:10606.4161s, Eval:0.01828034s, FPS:54.7036
Processing image 4: 0835_moreDetail_x8_12960x16320.png
Image Shape:  torch.Size([16320, 12960])
Num Points: 90645 | Compression Ratio: 1000
GaussianLevels:  2
Test PSNR:6.6273, MS_SSIM:0.116975
Training Complete in 11091.0269s, Eval time:0.01911896s, FPS:52.3041, Best PSNR: 12.7314
0835_moreDetail_x8_12960x16320: 16320x12960, PSNR:6.6273, MS-SSIM:0.1170, Training:11091.0269s, Eval:0.01911896s, FPS:52.3041
Processing image 5: 0855_moreDetail_x8_16320x16320.png
Image Shape:  torch.Size([16320, 16320])
Num Points: 114146 | Compression Ratio: 1000
GaussianLevels:  2
Test PSNR:6.4777, MS_SSIM:0.150963
Training Complete in 10267.0222s, Eval time:0.02356421s, FPS:42.4372, Best PSNR: 11.3878
0855_moreDetail_x8_16320x16320: 16320x16320, PSNR:6.4777, MS-SSIM:0.1510, Training:10267.0222s, Eval:0.02356421s, FPS:42.4372
Processing image 6: 0873_moreDetail_x8_16320x10848.png
Image Shape:  torch.Size([10848, 16312])
Num Points: 75836 | Compression Ratio: 1000
GaussianLevels:  2
Test PSNR:6.9304, MS_SSIM:0.152356
Training Complete in 8862.6788s, Eval time:0.01638754s, FPS:61.0220, Best PSNR: 13.0025
0873_moreDetail_x8_16320x10848: 10848x16312, PSNR:6.9304, MS-SSIM:0.1524, Training:8862.6788s, Eval:0.01638754s, FPS:61.0220
Processing image 7: 0875_moreDetail_x8_16320x12288.png
Image Shape:  torch.Size([12288, 16320])
Num Points: 85945 | Compression Ratio: 1000
GaussianLevels:  2
Test PSNR:7.2810, MS_SSIM:0.143243
Training Complete in 10223.7354s, Eval time:0.01824964s, FPS:54.7956, Best PSNR: 13.7734
0875_moreDetail_x8_16320x12288: 12288x16320, PSNR:7.2810, MS-SSIM:0.1432, Training:10223.7354s, Eval:0.01824964s, FPS:54.7956
Processing image 8: 0896_moreDetail_x8_16320x10848.png
Image Shape:  torch.Size([10848, 16312])
Num Points: 75836 | Compression Ratio: 1000
GaussianLevels:  2
Test PSNR:7.5120, MS_SSIM:0.282750
Training Complete in 9142.4297s, Eval time:0.01642653s, FPS:60.8771, Best PSNR: 17.4661
0896_moreDetail_x8_16320x10848: 10848x16312, PSNR:7.5120, MS-SSIM:0.2827, Training:9142.4297s, Eval:0.01642653s, FPS:60.8771
Average: 12684x15898, PSNR:6.9771, MS-SSIM:0.1749, Training:10019.6973s, Eval:0.01821152s, FPS:55.7146
