Fri Jul 18 20:50:45 2025       
+-----------------------------------------------------------------------------------------+
| NVIDIA-SMI 550.54.14              Driver Version: 550.54.14      CUDA Version: 12.4     |
|-----------------------------------------+------------------------+----------------------+
| GPU  Name                 Persistence-M | Bus-Id          Disp.A | Volatile Uncorr. ECC |
| Fan  Temp   Perf          Pwr:Usage/Cap |           Memory-Usage | GPU-Util  Compute M. |
|                                         |                        |               MIG M. |
|=========================================+========================+======================|
|   0  NVIDIA A800-SXM4-80GB          On  |   00000000:CB:00.0 Off |                    0 |
| N/A   29C    P0             61W /  400W |       0MiB /  81920MiB |      0%      Default |
|                                         |                        |             Disabled |
+-----------------------------------------+------------------------+----------------------+
                                                                                         
+-----------------------------------------------------------------------------------------+
| Processes:                                                                              |
|  GPU   GI   CI        PID   Type   Process name                              GPU Memory |
|        ID   ID                                                               Usage      |
|=========================================================================================|
|  No running processes found                                                             |
+-----------------------------------------------------------------------------------------+
Torch: 2.4.0+cu124, CUDA: True, Device: NVIDIA A800-SXM4-80GB
Training with LIG Gaussian Image Model.......
Founding 8 Images in DIV16K Dataset .........
Processing image 1: 0810_moreDetail_x8_16320x12288.png
Image Shape:  torch.Size([12288, 16320])
Num Points: 429728 | Compression Ratio: 200
GaussianLevels:  2
Test PSNR:16.8892, MS_SSIM:0.292282
Training Complete in 11479.9099s, Eval time:0.02319270s, FPS:43.1170, Best PSNR: 22.7589
0810_moreDetail_x8_16320x12288: 12288x16320, PSNR:16.8892, MS-SSIM:0.2923, Training:11479.9099s, Eval:0.02319270s, FPS:43.1170
Processing image 2: 0823_moreDetail_x8_16320x10272.png
Image Shape:  torch.Size([10272, 16320])
Num Points: 359226 | Compression Ratio: 200
GaussianLevels:  2
Test PSNR:18.5739, MS_SSIM:0.356331
Training Complete in 7289.6715s, Eval time:0.01965975s, FPS:50.8653, Best PSNR: 24.1309
0823_moreDetail_x8_16320x10272: 10272x16320, PSNR:18.5739, MS-SSIM:0.3563, Training:7289.6715s, Eval:0.01965975s, FPS:50.8653
Processing image 3: 0826_moreDetail_x8_16320x12288.png
Image Shape:  torch.Size([12288, 16320])
Num Points: 429728 | Compression Ratio: 200
GaussianLevels:  2
Test PSNR:17.8756, MS_SSIM:0.321282
Training Complete in 8118.1919s, Eval time:0.02283447s, FPS:43.7934, Best PSNR: 23.3320
0826_moreDetail_x8_16320x12288: 12288x16320, PSNR:17.8756, MS-SSIM:0.3213, Training:8118.1919s, Eval:0.02283447s, FPS:43.7934
Processing image 4: 0835_moreDetail_x8_12960x16320.png
Image Shape:  torch.Size([16320, 12960])
Num Points: 453229 | Compression Ratio: 200
GaussianLevels:  2
Test PSNR:17.0646, MS_SSIM:0.263539
Training Complete in 9696.1706s, Eval time:0.02400023s, FPS:41.6663, Best PSNR: 22.7245
0835_moreDetail_x8_12960x16320: 16320x12960, PSNR:17.0646, MS-SSIM:0.2635, Training:9696.1706s, Eval:0.02400023s, FPS:41.6663
Processing image 5: 0855_moreDetail_x8_16320x16320.png
Image Shape:  torch.Size([16320, 16320])
Num Points: 570733 | Compression Ratio: 200
GaussianLevels:  2
Test PSNR:16.9590, MS_SSIM:0.246624
Training Complete in 12825.4352s, Eval time:0.02992343s, FPS:33.4186, Best PSNR: 22.5827
0855_moreDetail_x8_16320x16320: 16320x16320, PSNR:16.9590, MS-SSIM:0.2466, Training:12825.4352s, Eval:0.02992343s, FPS:33.4186
Processing image 6: 0873_moreDetail_x8_16320x10848.png
Image Shape:  torch.Size([10848, 16312])
Num Points: 379184 | Compression Ratio: 200
GaussianLevels:  2
Test PSNR:18.3129, MS_SSIM:0.338396
Training Complete in 9694.1442s, Eval time:0.02062691s, FPS:48.4804, Best PSNR: 24.1173
0873_moreDetail_x8_16320x10848: 10848x16312, PSNR:18.3129, MS-SSIM:0.3384, Training:9694.1442s, Eval:0.02062691s, FPS:48.4804
Processing image 7: 0875_moreDetail_x8_16320x12288.png
Image Shape:  torch.Size([12288, 16320])
Num Points: 429728 | Compression Ratio: 200
GaussianLevels:  2
Test PSNR:18.1443, MS_SSIM:0.281267
Training Complete in 9081.8989s, Eval time:0.02288705s, FPS:43.6928, Best PSNR: 23.6971
0875_moreDetail_x8_16320x12288: 12288x16320, PSNR:18.1443, MS-SSIM:0.2813, Training:9081.8989s, Eval:0.02288705s, FPS:43.6928
Processing image 8: 0896_moreDetail_x8_16320x10848.png
Image Shape:  torch.Size([10848, 16312])
Num Points: 379184 | Compression Ratio: 200
GaussianLevels:  2
Test PSNR:20.2630, MS_SSIM:0.436889
Training Complete in 9006.5090s, Eval time:0.01971077s, FPS:50.7337, Best PSNR: 24.5190
0896_moreDetail_x8_16320x10848: 10848x16312, PSNR:20.2630, MS-SSIM:0.4369, Training:9006.5090s, Eval:0.01971077s, FPS:50.7337
Average: 12684x15898, PSNR:18.0103, MS-SSIM:0.3171, Training:9648.9912s, Eval:0.02285441s, FPS:44.4709
