Sun Jul 20 22:43:25 2025       
+-----------------------------------------------------------------------------------------+
| NVIDIA-SMI 550.54.14              Driver Version: 550.54.14      CUDA Version: 12.4     |
|-----------------------------------------+------------------------+----------------------+
| GPU  Name                 Persistence-M | Bus-Id          Disp.A | Volatile Uncorr. ECC |
| Fan  Temp   Perf          Pwr:Usage/Cap |           Memory-Usage | GPU-Util  Compute M. |
|                                         |                        |               MIG M. |
|=========================================+========================+======================|
|   0  NVIDIA A800-SXM4-80GB          On  |   00000000:D0:00.0 Off |                    0 |
| N/A   49C    P0             63W /  400W |       0MiB /  81920MiB |      0%      Default |
|                                         |                        |             Disabled |
+-----------------------------------------+------------------------+----------------------+
                                                                                         
+-----------------------------------------------------------------------------------------+
| Processes:                                                                              |
|  GPU   GI   CI        PID   Type   Process name                              GPU Memory |
|        ID   ID                                                               Usage      |
|=========================================================================================|
|  No running processes found                                                             |
+-----------------------------------------------------------------------------------------+
Torch: 2.4.0+cu124, CUDA: True, Device: NVIDIA A800-SXM4-80GB
Training with SmartSplat Gaussian Image Model.......
Founding 16 Images in DIV8K Dataset .........
Processing image 1: 0001.png
Image Shape:  torch.Size([5376, 5760])
Num Points: 663552 | Compression Ratio: 20
Starting GPU variational importance sampling: 464486 importance + 199066 uniform
Image size: 5376x5760, Tile size: 1024
Importance sampling completed: 464486 points
Min Radius: 1.2847161967291352, Scales_imp.median: 1.207930326461792
Starting uniform sampling with exclusion radius: 1.28
Uniform sampling completed: 199066 points
Sampling colors on GPU...
GPU sampling completed! Total points: 663552
[Init] Points: 663552, Means ∈ (0.0, 5760.0) × (0.0, 5376.0)
[Init] Scales: 663552, Scale ∈ (0.8, 18.3) × (0.8, 18.3)
[Init] Colors: 663552, Color ∈ (0.0, 1.0) × (0.0, 1.0)
Test PSNR:38.2273, MS_SSIM:0.992153
Training Complete in 2214.9210s, Eval time:0.01493791s, FPS:66.9438, Best PSNR: 38.2278
0001: 5376x5760, PSNR:38.2273, MS-SSIM:0.9922, Training:2214.9210s, Eval:0.01493791s, FPS:66.9438
Processing image 2: 0138.png
Image Shape:  torch.Size([1920, 2880])
Num Points: 118491 | Compression Ratio: 20
Starting GPU variational importance sampling: 82943 importance + 35548 uniform
Image size: 1920x2880, Tile size: 1024
Importance sampling completed: 82943 points
Min Radius: 1.2847185200792541, Scales_imp.median: 1.2440980672836304
Starting uniform sampling with exclusion radius: 1.28
Uniform sampling completed: 35548 points
Sampling colors on GPU...
GPU sampling completed! Total points: 118491
[Init] Points: 118491, Means ∈ (0.0, 2880.0) × (0.0, 1919.2)
[Init] Scales: 118491, Scale ∈ (0.6, 19.1) × (0.6, 19.1)
[Init] Colors: 118491, Color ∈ (0.0, 1.0) × (0.0, 1.0)
Test PSNR:48.5301, MS_SSIM:0.997164
Training Complete in 424.1834s, Eval time:0.00250183s, FPS:399.7080, Best PSNR: 48.5625
0138: 1920x2880, PSNR:48.5301, MS-SSIM:0.9972, Training:424.1834s, Eval:0.00250183s, FPS:399.7080
Processing image 3: 0491.png
Image Shape:  torch.Size([5376, 6720])
Num Points: 774144 | Compression Ratio: 20
Starting GPU variational importance sampling: 541900 importance + 232244 uniform
Image size: 5376x6720, Tile size: 1024
Importance sampling completed: 541900 points
Min Radius: 1.2847161967291352, Scales_imp.median: 1.1894224882125854
Starting uniform sampling with exclusion radius: 1.28
Uniform sampling completed: 232244 points
Sampling colors on GPU...
GPU sampling completed! Total points: 774144
[Init] Points: 774144, Means ∈ (0.0, 6720.0) × (0.0, 5376.0)
[Init] Scales: 774144, Scale ∈ (0.8, 16.1) × (0.8, 16.1)
[Init] Colors: 774144, Color ∈ (0.0, 1.0) × (0.0, 1.0)
Test PSNR:30.8264, MS_SSIM:0.977219
Training Complete in 2495.6808s, Eval time:0.01646055s, FPS:60.7513, Best PSNR: 30.8268
0491: 5376x6720, PSNR:30.8264, MS-SSIM:0.9772, Training:2495.6808s, Eval:0.01646055s, FPS:60.7513
Processing image 4: 0536.png
Image Shape:  torch.Size([6720, 5184])
Num Points: 746496 | Compression Ratio: 20
Starting GPU variational importance sampling: 522547 importance + 223949 uniform
Image size: 6720x5184, Tile size: 1024
Importance sampling completed: 522547 points
Min Radius: 1.2847161967291352, Scales_imp.median: 1.1520013809204102
Starting uniform sampling with exclusion radius: 1.28
Uniform sampling completed: 223949 points
Sampling colors on GPU...
GPU sampling completed! Total points: 746496
[Init] Points: 746496, Means ∈ (0.0, 5183.9) × (0.0, 6720.0)
[Init] Scales: 746496, Scale ∈ (0.8, 14.8) × (0.8, 14.8)
[Init] Colors: 746496, Color ∈ (0.0, 1.0) × (0.0, 1.0)
Test PSNR:21.9661, MS_SSIM:0.924053
Training Complete in 2362.8908s, Eval time:0.01628807s, FPS:61.3946, Best PSNR: 21.9683
0536: 6720x5184, PSNR:21.9661, MS-SSIM:0.9241, Training:2362.8908s, Eval:0.01628807s, FPS:61.3946
Processing image 5: 0666.png
Image Shape:  torch.Size([6720, 6720])
Num Points: 967680 | Compression Ratio: 20
Starting GPU variational importance sampling: 677376 importance + 290304 uniform
Image size: 6720x6720, Tile size: 1024
Importance sampling completed: 677376 points
Min Radius: 1.2847161967291352, Scales_imp.median: 1.1847314834594727
Starting uniform sampling with exclusion radius: 1.28
Uniform sampling completed: 290304 points
Sampling colors on GPU...
GPU sampling completed! Total points: 967680
[Init] Points: 967680, Means ∈ (0.0, 6720.0) × (0.0, 6720.0)
[Init] Scales: 967680, Scale ∈ (0.8, 19.7) × (0.8, 19.7)
[Init] Colors: 967680, Color ∈ (0.0, 1.0) × (0.0, 1.0)
Test PSNR:30.6657, MS_SSIM:0.988689
Training Complete in 2697.0976s, Eval time:0.01569124s, FPS:63.7298, Best PSNR: 30.6660
0666: 6720x6720, PSNR:30.6657, MS-SSIM:0.9887, Training:2697.0976s, Eval:0.01569124s, FPS:63.7298
Processing image 6: 0849.png
Image Shape:  torch.Size([6720, 4416])
Num Points: 635904 | Compression Ratio: 20
Starting GPU variational importance sampling: 445132 importance + 190772 uniform
Image size: 6720x4416, Tile size: 1024
Importance sampling completed: 445132 points
Min Radius: 1.2847161967291352, Scales_imp.median: 1.2203428745269775
Starting uniform sampling with exclusion radius: 1.28
Uniform sampling completed: 190772 points
Sampling colors on GPU...
GPU sampling completed! Total points: 635904
[Init] Points: 635904, Means ∈ (0.0, 4416.0) × (0.0, 6720.0)
[Init] Scales: 635904, Scale ∈ (0.8, 14.8) × (0.8, 14.8)
[Init] Colors: 635904, Color ∈ (0.0, 1.0) × (0.0, 1.0)
Test PSNR:35.6308, MS_SSIM:0.988696
Training Complete in 1919.8756s, Eval time:0.01174213s, FPS:85.1634, Best PSNR: 35.6319
0849: 6720x4416, PSNR:35.6308, MS-SSIM:0.9887, Training:1919.8756s, Eval:0.01174213s, FPS:85.1634
Processing image 7: 0952.png
Image Shape:  torch.Size([3840, 6720])
Num Points: 552960 | Compression Ratio: 20
Starting GPU variational importance sampling: 387072 importance + 165888 uniform
Image size: 3840x6720, Tile size: 1024
Importance sampling completed: 387072 points
Min Radius: 1.2847161967291352, Scales_imp.median: 1.2348092794418335
Starting uniform sampling with exclusion radius: 1.28
Uniform sampling completed: 165888 points
Sampling colors on GPU...
GPU sampling completed! Total points: 552960
[Init] Points: 552960, Means ∈ (0.0, 6719.9) × (0.0, 3840.0)
[Init] Scales: 552960, Scale ∈ (0.8, 14.4) × (0.8, 14.4)
[Init] Colors: 552960, Color ∈ (0.0, 1.0) × (0.0, 1.0)
Test PSNR:36.6024, MS_SSIM:0.988192
Training Complete in 1688.8432s, Eval time:0.01008053s, FPS:99.2011, Best PSNR: 36.6044
0952: 3840x6720, PSNR:36.6024, MS-SSIM:0.9882, Training:1688.8432s, Eval:0.01008053s, FPS:99.2011
Processing image 8: 1040.png
Image Shape:  torch.Size([4416, 6720])
Num Points: 635904 | Compression Ratio: 20
Starting GPU variational importance sampling: 445132 importance + 190772 uniform
Image size: 4416x6720, Tile size: 1024
Importance sampling completed: 445132 points
Min Radius: 1.2847161967291352, Scales_imp.median: 1.211639404296875
Starting uniform sampling with exclusion radius: 1.28
Uniform sampling completed: 190772 points
Sampling colors on GPU...
GPU sampling completed! Total points: 635904
[Init] Points: 635904, Means ∈ (0.0, 6720.0) × (0.0, 4416.0)
[Init] Scales: 635904, Scale ∈ (0.0, 14.9) × (0.0, 14.9)
[Init] Colors: 635904, Color ∈ (0.0, 1.0) × (0.0, 1.0)
Test PSNR:33.7138, MS_SSIM:0.992515
Training Complete in 1889.8911s, Eval time:0.01088269s, FPS:91.8890, Best PSNR: 33.7240
1040: 4416x6720, PSNR:33.7138, MS-SSIM:0.9925, Training:1889.8911s, Eval:0.01088269s, FPS:91.8890
Processing image 9: 1067.png
Image Shape:  torch.Size([4416, 6720])
Num Points: 635904 | Compression Ratio: 20
Starting GPU variational importance sampling: 445132 importance + 190772 uniform
Image size: 4416x6720, Tile size: 1024
Importance sampling completed: 445132 points
Min Radius: 1.2847161967291352, Scales_imp.median: 1.210296630859375
Starting uniform sampling with exclusion radius: 1.28
Uniform sampling completed: 190772 points
Sampling colors on GPU...
GPU sampling completed! Total points: 635904
[Init] Points: 635904, Means ∈ (0.0, 6720.0) × (0.0, 4416.0)
[Init] Scales: 635904, Scale ∈ (0.6, 23.0) × (0.6, 23.0)
[Init] Colors: 635904, Color ∈ (0.0, 1.0) × (0.0, 1.0)
Test PSNR:31.0826, MS_SSIM:0.978814
Training Complete in 1846.4200s, Eval time:0.01053017s, FPS:94.9652, Best PSNR: 31.0827
1067: 4416x6720, PSNR:31.0826, MS-SSIM:0.9788, Training:1846.4200s, Eval:0.01053017s, FPS:94.9652
Processing image 10: 1107.png
Image Shape:  torch.Size([6720, 4416])
Num Points: 635904 | Compression Ratio: 20
Starting GPU variational importance sampling: 445132 importance + 190772 uniform
Image size: 6720x4416, Tile size: 1024
Importance sampling completed: 445132 points
Min Radius: 1.2847161967291352, Scales_imp.median: 1.1674290895462036
Starting uniform sampling with exclusion radius: 1.28
Uniform sampling completed: 190772 points
Sampling colors on GPU...
GPU sampling completed! Total points: 635904
[Init] Points: 635904, Means ∈ (0.0, 4416.0) × (0.0, 6720.0)
[Init] Scales: 635904, Scale ∈ (0.8, 17.3) × (0.8, 17.3)
[Init] Colors: 635904, Color ∈ (0.0, 1.0) × (0.0, 1.0)
Test PSNR:33.3611, MS_SSIM:0.992303
Training Complete in 1754.5135s, Eval time:0.01071203s, FPS:93.3530, Best PSNR: 33.3622
1107: 6720x4416, PSNR:33.3611, MS-SSIM:0.9923, Training:1754.5135s, Eval:0.01071203s, FPS:93.3530
Processing image 11: 1268.png
Image Shape:  torch.Size([4608, 6720])
Num Points: 663552 | Compression Ratio: 20
Starting GPU variational importance sampling: 464486 importance + 199066 uniform
Image size: 4608x6720, Tile size: 1024
Importance sampling completed: 464486 points
Min Radius: 1.2847161967291352, Scales_imp.median: 1.1905606985092163
Starting uniform sampling with exclusion radius: 1.28
Uniform sampling completed: 199066 points
Sampling colors on GPU...
GPU sampling completed! Total points: 663552
[Init] Points: 663552, Means ∈ (0.0, 6720.0) × (0.0, 4608.0)
[Init] Scales: 663552, Scale ∈ (0.8, 16.7) × (0.8, 16.7)
[Init] Colors: 663552, Color ∈ (0.0, 1.0) × (0.0, 1.0)
Test PSNR:22.8432, MS_SSIM:0.877502
Training Complete in 2741.8697s, Eval time:0.02968096s, FPS:33.6916, Best PSNR: 29.1788
1268: 4608x6720, PSNR:22.8432, MS-SSIM:0.8775, Training:2741.8697s, Eval:0.02968096s, FPS:33.6916
Processing image 12: 1280.png
Image Shape:  torch.Size([3840, 6720])
Num Points: 552960 | Compression Ratio: 20
Starting GPU variational importance sampling: 387072 importance + 165888 uniform
Image size: 3840x6720, Tile size: 1024
Importance sampling completed: 387072 points
Min Radius: 1.2847161967291352, Scales_imp.median: 1.2056593894958496
Starting uniform sampling with exclusion radius: 1.28
Uniform sampling completed: 165888 points
Sampling colors on GPU...
GPU sampling completed! Total points: 552960
[Init] Points: 552960, Means ∈ (0.0, 6720.0) × (0.0, 3840.0)
[Init] Scales: 552960, Scale ∈ (0.0, 15.5) × (0.0, 15.5)
[Init] Colors: 552960, Color ∈ (0.0, 1.0) × (0.0, 1.0)
Test PSNR:32.1494, MS_SSIM:0.982780
Training Complete in 1746.0226s, Eval time:0.01094138s, FPS:91.3961, Best PSNR: 32.1497
1280: 3840x6720, PSNR:32.1494, MS-SSIM:0.9828, Training:1746.0226s, Eval:0.01094138s, FPS:91.3961
Processing image 13: 1329.png
Image Shape:  torch.Size([4992, 6720])
Num Points: 718848 | Compression Ratio: 20
Starting GPU variational importance sampling: 503193 importance + 215655 uniform
Image size: 4992x6720, Tile size: 1024
Importance sampling completed: 503193 points
Min Radius: 1.2847161967291352, Scales_imp.median: 1.2228306531906128
Starting uniform sampling with exclusion radius: 1.28
Uniform sampling completed: 215655 points
Sampling colors on GPU...
GPU sampling completed! Total points: 718848
[Init] Points: 718848, Means ∈ (0.0, 6720.0) × (0.0, 4991.9)
[Init] Scales: 718848, Scale ∈ (0.8, 15.3) × (0.8, 15.3)
[Init] Colors: 718848, Color ∈ (0.0, 1.0) × (0.0, 1.0)
Test PSNR:32.1905, MS_SSIM:0.976609
Training Complete in 2161.4193s, Eval time:0.01320058s, FPS:75.7542, Best PSNR: 32.1910
1329: 4992x6720, PSNR:32.1905, MS-SSIM:0.9766, Training:2161.4193s, Eval:0.01320058s, FPS:75.7542
Processing image 14: 1404.png
Image Shape:  torch.Size([7680, 4992])
Num Points: 821540 | Compression Ratio: 20
Starting GPU variational importance sampling: 575078 importance + 246462 uniform
Image size: 7680x4992, Tile size: 1024
Importance sampling completed: 575078 points
Min Radius: 1.284716643526256, Scales_imp.median: 1.2677819728851318
Starting uniform sampling with exclusion radius: 1.28
Uniform sampling completed: 246462 points
Sampling colors on GPU...
GPU sampling completed! Total points: 821540
[Init] Points: 821540, Means ∈ (0.0, 4991.9) × (0.0, 7680.0)
[Init] Scales: 821540, Scale ∈ (0.8, 14.6) × (0.8, 14.6)
[Init] Colors: 821540, Color ∈ (0.0, 1.0) × (0.0, 1.0)
Test PSNR:37.1970, MS_SSIM:0.979436
Training Complete in 2548.1971s, Eval time:0.01580469s, FPS:63.2724, Best PSNR: 37.1973
1404: 7680x4992, PSNR:37.1970, MS-SSIM:0.9794, Training:2548.1971s, Eval:0.01580469s, FPS:63.2724
Processing image 15: 1447.png
Image Shape:  torch.Size([5952, 7680])
Num Points: 979529 | Compression Ratio: 20
Starting GPU variational importance sampling: 685670 importance + 293859 uniform
Image size: 5952x7680, Tile size: 1024
Importance sampling completed: 685670 points
Min Radius: 1.284716290412364, Scales_imp.median: 1.1859886646270752
Starting uniform sampling with exclusion radius: 1.28
Uniform sampling completed: 293859 points
Sampling colors on GPU...
GPU sampling completed! Total points: 979529
[Init] Points: 979529, Means ∈ (0.0, 7680.0) × (0.0, 5952.0)
[Init] Scales: 979529, Scale ∈ (0.0, 19.0) × (0.0, 19.0)
[Init] Colors: 979529, Color ∈ (0.0, 1.0) × (0.0, 1.0)
Test PSNR:30.5498, MS_SSIM:0.976100
Training Complete in 3375.8867s, Eval time:0.02350677s, FPS:42.5409, Best PSNR: 30.5731
1447: 5952x7680, PSNR:30.5498, MS-SSIM:0.9761, Training:3375.8867s, Eval:0.02350677s, FPS:42.5409
Processing image 16: 1454.png
Image Shape:  torch.Size([7680, 4992])
Num Points: 821540 | Compression Ratio: 20
Starting GPU variational importance sampling: 575078 importance + 246462 uniform
Image size: 7680x4992, Tile size: 1024
Importance sampling completed: 575078 points
Min Radius: 1.284716643526256, Scales_imp.median: 1.252336025238037
Starting uniform sampling with exclusion radius: 1.28
Uniform sampling completed: 246462 points
Sampling colors on GPU...
GPU sampling completed! Total points: 821540
[Init] Points: 821540, Means ∈ (0.0, 4992.0) × (0.0, 7680.0)
[Init] Scales: 821540, Scale ∈ (0.8, 16.8) × (0.8, 16.8)
[Init] Colors: 821540, Color ∈ (0.0, 1.0) × (0.0, 1.0)
Test PSNR:36.5801, MS_SSIM:0.990334
Training Complete in 2453.1175s, Eval time:0.01493648s, FPS:66.9502, Best PSNR: 36.5806
1454: 7680x4992, PSNR:36.5801, MS-SSIM:0.9903, Training:2453.1175s, Eval:0.01493648s, FPS:66.9502
Average: 5436x5880, PSNR:33.2573, MS-SSIM:0.9752, Training:2145.0520s, Eval:0.01424363s, FPS:93.1691
