Sun Jul 20 23:02:43 2025       
+-----------------------------------------------------------------------------------------+
| NVIDIA-SMI 550.54.14              Driver Version: 550.54.14      CUDA Version: 12.4     |
|-----------------------------------------+------------------------+----------------------+
| GPU  Name                 Persistence-M | Bus-Id          Disp.A | Volatile Uncorr. ECC |
| Fan  Temp   Perf          Pwr:Usage/Cap |           Memory-Usage | GPU-Util  Compute M. |
|                                         |                        |               MIG M. |
|=========================================+========================+======================|
|   0  NVIDIA A800-SXM4-80GB          On  |   00000000:1F:00.0 Off |                    0 |
| N/A   28C    P0             61W /  400W |       0MiB /  81920MiB |      0%      Default |
|                                         |                        |             Disabled |
+-----------------------------------------+------------------------+----------------------+
                                                                                         
+-----------------------------------------------------------------------------------------+
| Processes:                                                                              |
|  GPU   GI   CI        PID   Type   Process name                              GPU Memory |
|        ID   ID                                                               Usage      |
|=========================================================================================|
|  No running processes found                                                             |
+-----------------------------------------------------------------------------------------+
Torch: 2.4.0+cu124, CUDA: True, Device: NVIDIA A800-SXM4-80GB
Training with SmartSplat Gaussian Image Model.......
Founding 16 Images in DIV8K Dataset .........
Processing image 1: 0001.png
Image Shape:  torch.Size([5376, 5760])
Num Points: 265420 | Compression Ratio: 50
Starting GPU variational importance sampling: 185794 importance + 79626 uniform
Image size: 5376x5760, Tile size: 1024
Importance sampling completed: 185794 points
Min Radius: 2.0313177255677046, Scales_imp.median: 1.9025498628616333
Starting uniform sampling with exclusion radius: 2.03
Uniform sampling completed: 79626 points
Sampling colors on GPU...
GPU sampling completed! Total points: 265420
[Init] Points: 265420, Means ∈ (0.0, 5760.0) × (0.0, 5376.0)
[Init] Scales: 265420, Scale ∈ (1.2, 24.1) × (1.2, 24.1)
[Init] Colors: 265420, Color ∈ (0.0, 1.0) × (0.0, 1.0)
Test PSNR:33.0196, MS_SSIM:0.980353
Training Complete in 2145.9866s, Eval time:0.01586035s, FPS:63.0503, Best PSNR: 33.1005
0001: 5376x5760, PSNR:33.0196, MS-SSIM:0.9804, Training:2145.9866s, Eval:0.01586035s, FPS:63.0503
Processing image 2: 0138.png
Image Shape:  torch.Size([1920, 2880])
Num Points: 47396 | Compression Ratio: 50
Starting GPU variational importance sampling: 33177 importance + 14219 uniform
Image size: 1920x2880, Tile size: 1024
Importance sampling completed: 33177 points
Min Radius: 2.0313269094943176, Scales_imp.median: 1.7440887689590454
Starting uniform sampling with exclusion radius: 2.03
Uniform sampling completed: 14219 points
Sampling colors on GPU...
GPU sampling completed! Total points: 47396
[Init] Points: 47396, Means ∈ (0.0, 2879.0) × (0.0, 1919.8)
[Init] Scales: 47396, Scale ∈ (1.2, 25.7) × (1.2, 25.7)
[Init] Colors: 47396, Color ∈ (0.1, 1.0) × (0.1, 1.0)
Test PSNR:47.7565, MS_SSIM:0.996758
Training Complete in 344.2396s, Eval time:0.00144466s, FPS:692.2048, Best PSNR: 47.7659
0138: 1920x2880, PSNR:47.7565, MS-SSIM:0.9968, Training:344.2396s, Eval:0.00144466s, FPS:692.2048
Processing image 3: 0491.png
Image Shape:  torch.Size([5376, 6720])
Num Points: 309657 | Compression Ratio: 50
Starting GPU variational importance sampling: 216759 importance + 92898 uniform
Image size: 5376x6720, Tile size: 1024
Importance sampling completed: 216759 points
Min Radius: 2.031316632251405, Scales_imp.median: 1.8790220022201538
Starting uniform sampling with exclusion radius: 2.03
Uniform sampling completed: 92898 points
Sampling colors on GPU...
GPU sampling completed! Total points: 309657
[Init] Points: 309657, Means ∈ (0.0, 6720.0) × (0.0, 5376.0)
[Init] Scales: 309657, Scale ∈ (1.2, 23.1) × (1.2, 23.1)
[Init] Colors: 309657, Color ∈ (0.0, 1.0) × (0.0, 1.0)
Test PSNR:27.0732, MS_SSIM:0.947347
Training Complete in 2362.3634s, Eval time:0.01621131s, FPS:61.6853, Best PSNR: 27.0736
0491: 5376x6720, PSNR:27.0732, MS-SSIM:0.9473, Training:2362.3634s, Eval:0.01621131s, FPS:61.6853
Processing image 4: 0536.png
Image Shape:  torch.Size([6720, 5184])
Num Points: 298598 | Compression Ratio: 50
Starting GPU variational importance sampling: 209018 importance + 89580 uniform
Image size: 6720x5184, Tile size: 1024
Importance sampling completed: 209018 points
Min Radius: 2.0313160248542235, Scales_imp.median: 1.8208669424057007
Starting uniform sampling with exclusion radius: 2.03
Uniform sampling completed: 89580 points
Sampling colors on GPU...
GPU sampling completed! Total points: 298598
[Init] Points: 298598, Means ∈ (0.0, 5183.9) × (0.0, 6719.9)
[Init] Scales: 298598, Scale ∈ (1.2, 23.0) × (1.2, 23.0)
[Init] Colors: 298598, Color ∈ (0.0, 1.0) × (0.0, 1.0)
Test PSNR:19.5413, MS_SSIM:0.835809
Training Complete in 2231.2538s, Eval time:0.01629971s, FPS:61.3508, Best PSNR: 19.5453
0536: 6720x5184, PSNR:19.5413, MS-SSIM:0.8358, Training:2231.2538s, Eval:0.01629971s, FPS:61.3508
Processing image 5: 0666.png
Image Shape:  torch.Size([6720, 6720])
Num Points: 387072 | Compression Ratio: 50
Starting GPU variational importance sampling: 270950 importance + 116122 uniform
Image size: 6720x6720, Tile size: 1024
Importance sampling completed: 270950 points
Min Radius: 2.0313146642865143, Scales_imp.median: 1.8722209930419922
Starting uniform sampling with exclusion radius: 2.03
Uniform sampling completed: 116122 points
Sampling colors on GPU...
GPU sampling completed! Total points: 387072
[Init] Points: 387072, Means ∈ (0.0, 6720.0) × (0.0, 6719.8)
[Init] Scales: 387072, Scale ∈ (1.2, 22.8) × (1.2, 22.8)
[Init] Colors: 387072, Color ∈ (0.0, 1.0) × (0.0, 1.0)
Test PSNR:25.2646, MS_SSIM:0.951258
Training Complete in 2496.9691s, Eval time:0.01505291s, FPS:66.4323, Best PSNR: 25.2650
0666: 6720x6720, PSNR:25.2646, MS-SSIM:0.9513, Training:2496.9691s, Eval:0.01505291s, FPS:66.4323
Processing image 6: 0849.png
Image Shape:  torch.Size([6720, 4416])
Num Points: 254361 | Compression Ratio: 50
Starting GPU variational importance sampling: 178052 importance + 76309 uniform
Image size: 6720x4416, Tile size: 1024
Importance sampling completed: 178052 points
Min Radius: 2.031317060070616, Scales_imp.median: 1.928524374961853
Starting uniform sampling with exclusion radius: 2.03
Uniform sampling completed: 76309 points
Sampling colors on GPU...
GPU sampling completed! Total points: 254361
[Init] Points: 254361, Means ∈ (0.0, 4415.9) × (0.0, 6720.0)
[Init] Scales: 254361, Scale ∈ (1.2, 25.6) × (1.2, 25.6)
[Init] Colors: 254361, Color ∈ (0.0, 1.0) × (0.0, 1.0)
Test PSNR:30.5734, MS_SSIM:0.962550
Training Complete in 1762.5337s, Eval time:0.01087066s, FPS:91.9908, Best PSNR: 30.5743
0849: 6720x4416, PSNR:30.5734, MS-SSIM:0.9626, Training:1762.5337s, Eval:0.01087066s, FPS:91.9908
Processing image 7: 0952.png
Image Shape:  torch.Size([3840, 6720])
Num Points: 221184 | Compression Ratio: 50
Starting GPU variational importance sampling: 154828 importance + 66356 uniform
Image size: 3840x6720, Tile size: 1024
Importance sampling completed: 154828 points
Min Radius: 2.0313146642865143, Scales_imp.median: 1.9519548416137695
Starting uniform sampling with exclusion radius: 2.03
Uniform sampling completed: 66356 points
Sampling colors on GPU...
GPU sampling completed! Total points: 221184
[Init] Points: 221184, Means ∈ (0.0, 6719.9) × (0.0, 3839.9)
[Init] Scales: 221184, Scale ∈ (1.2, 21.3) × (1.2, 21.3)
[Init] Colors: 221184, Color ∈ (0.0, 1.0) × (0.0, 1.0)
Test PSNR:31.9825, MS_SSIM:0.960438
Training Complete in 1562.7469s, Eval time:0.00954385s, FPS:104.7796, Best PSNR: 31.9829
0952: 3840x6720, PSNR:31.9825, MS-SSIM:0.9604, Training:1562.7469s, Eval:0.00954385s, FPS:104.7796
Processing image 8: 1040.png
Image Shape:  torch.Size([4416, 6720])
Num Points: 254361 | Compression Ratio: 50
Starting GPU variational importance sampling: 178052 importance + 76309 uniform
Image size: 4416x6720, Tile size: 1024
Importance sampling completed: 178052 points
Min Radius: 2.031317060070616, Scales_imp.median: 1.9142961502075195
Starting uniform sampling with exclusion radius: 2.03
Uniform sampling completed: 76309 points
Sampling colors on GPU...
GPU sampling completed! Total points: 254361
[Init] Points: 254361, Means ∈ (0.0, 6720.0) × (0.0, 4416.0)
[Init] Scales: 254361, Scale ∈ (1.2, 22.6) × (1.2, 22.6)
[Init] Colors: 254361, Color ∈ (0.0, 1.0) × (0.0, 1.0)
Test PSNR:28.5607, MS_SSIM:0.972258
Training Complete in 1778.1975s, Eval time:0.01050493s, FPS:95.1934, Best PSNR: 28.5607
1040: 4416x6720, PSNR:28.5607, MS-SSIM:0.9723, Training:1778.1975s, Eval:0.01050493s, FPS:95.1934
Processing image 9: 1067.png
Image Shape:  torch.Size([4416, 6720])
Num Points: 254361 | Compression Ratio: 50
Starting GPU variational importance sampling: 178052 importance + 76309 uniform
Image size: 4416x6720, Tile size: 1024
Importance sampling completed: 178052 points
Min Radius: 2.031317060070616, Scales_imp.median: 1.9124815464019775
Starting uniform sampling with exclusion radius: 2.03
Uniform sampling completed: 76309 points
Sampling colors on GPU...
GPU sampling completed! Total points: 254361
[Init] Points: 254361, Means ∈ (0.0, 6719.9) × (0.0, 4415.9)
[Init] Scales: 254361, Scale ∈ (0.6, 28.6) × (0.6, 28.6)
[Init] Colors: 254361, Color ∈ (0.0, 1.0) × (0.0, 1.0)
Test PSNR:27.4501, MS_SSIM:0.945296
Training Complete in 1690.2933s, Eval time:0.00954128s, FPS:104.8077, Best PSNR: 27.4503
1067: 4416x6720, PSNR:27.4501, MS-SSIM:0.9453, Training:1690.2933s, Eval:0.00954128s, FPS:104.8077
Processing image 10: 1107.png
Image Shape:  torch.Size([6720, 4416])
Num Points: 254361 | Compression Ratio: 50
Starting GPU variational importance sampling: 178052 importance + 76309 uniform
Image size: 6720x4416, Tile size: 1024
Importance sampling completed: 178052 points
Min Radius: 2.031317060070616, Scales_imp.median: 1.842560052871704
Starting uniform sampling with exclusion radius: 2.03
Uniform sampling completed: 76309 points
Sampling colors on GPU...
GPU sampling completed! Total points: 254361
[Init] Points: 254361, Means ∈ (0.0, 4416.0) × (0.0, 6720.0)
[Init] Scales: 254361, Scale ∈ (1.2, 29.2) × (1.2, 29.2)
[Init] Colors: 254361, Color ∈ (0.0, 1.0) × (0.0, 1.0)
Test PSNR:28.5457, MS_SSIM:0.981732
Training Complete in 1559.5156s, Eval time:0.00749671s, FPS:133.3919, Best PSNR: 28.5461
1107: 6720x4416, PSNR:28.5457, MS-SSIM:0.9817, Training:1559.5156s, Eval:0.00749671s, FPS:133.3919
Processing image 11: 1268.png
Image Shape:  torch.Size([4608, 6720])
Num Points: 265420 | Compression Ratio: 50
Starting GPU variational importance sampling: 185794 importance + 79626 uniform
Image size: 4608x6720, Tile size: 1024
Importance sampling completed: 185794 points
Min Radius: 2.0313177255677046, Scales_imp.median: 1.8708969354629517
Starting uniform sampling with exclusion radius: 2.03
Uniform sampling completed: 79626 points
Sampling colors on GPU...
GPU sampling completed! Total points: 265420
[Init] Points: 265420, Means ∈ (0.0, 6719.9) × (0.0, 4608.0)
[Init] Scales: 265420, Scale ∈ (1.2, 26.7) × (1.2, 26.7)
[Init] Colors: 265420, Color ∈ (0.0, 1.0) × (0.0, 1.0)
Test PSNR:21.9875, MS_SSIM:0.845290
Training Complete in 2789.9579s, Eval time:0.02989168s, FPS:33.4541, Best PSNR: 26.2233
1268: 4608x6720, PSNR:21.9875, MS-SSIM:0.8453, Training:2789.9579s, Eval:0.02989168s, FPS:33.4541
Processing image 12: 1280.png
Image Shape:  torch.Size([3840, 6720])
Num Points: 221184 | Compression Ratio: 50
Starting GPU variational importance sampling: 154828 importance + 66356 uniform
Image size: 3840x6720, Tile size: 1024
Importance sampling completed: 154828 points
Min Radius: 2.0313146642865143, Scales_imp.median: 1.905692458152771
Starting uniform sampling with exclusion radius: 2.03
Uniform sampling completed: 66356 points
Sampling colors on GPU...
GPU sampling completed! Total points: 221184
[Init] Points: 221184, Means ∈ (0.0, 6719.9) × (0.0, 3840.0)
[Init] Scales: 221184, Scale ∈ (1.2, 21.4) × (1.2, 21.4)
[Init] Colors: 221184, Color ∈ (0.0, 1.0) × (0.0, 1.0)
Test PSNR:28.0028, MS_SSIM:0.952739
Training Complete in 1636.7156s, Eval time:0.01019134s, FPS:98.1225, Best PSNR: 28.0030
1280: 3840x6720, PSNR:28.0028, MS-SSIM:0.9527, Training:1636.7156s, Eval:0.01019134s, FPS:98.1225
Processing image 13: 1329.png
Image Shape:  torch.Size([4992, 6720])
Num Points: 287539 | Compression Ratio: 50
Starting GPU variational importance sampling: 201277 importance + 86262 uniform
Image size: 4992x6720, Tile size: 1024
Importance sampling completed: 201277 points
Min Radius: 2.0313153707347915, Scales_imp.median: 1.926785945892334
Starting uniform sampling with exclusion radius: 2.03
Uniform sampling completed: 86262 points
Sampling colors on GPU...
GPU sampling completed! Total points: 287539
[Init] Points: 287539, Means ∈ (0.0, 6720.0) × (0.0, 4991.9)
[Init] Scales: 287539, Scale ∈ (1.2, 23.7) × (1.2, 23.7)
[Init] Colors: 287539, Color ∈ (0.0, 1.0) × (0.0, 1.0)
Test PSNR:28.9143, MS_SSIM:0.942823
Training Complete in 2040.8024s, Eval time:0.01290981s, FPS:77.4605, Best PSNR: 28.9147
1329: 4992x6720, PSNR:28.9143, MS-SSIM:0.9428, Training:2040.8024s, Eval:0.01290981s, FPS:77.4605
Processing image 14: 1404.png
Image Shape:  torch.Size([7680, 4992])
Num Points: 328616 | Compression Ratio: 50
Starting GPU variational importance sampling: 230031 importance + 98585 uniform
Image size: 7680x4992, Tile size: 1024
Importance sampling completed: 230031 points
Min Radius: 2.0313153707347915, Scales_imp.median: 2.003316879272461
Starting uniform sampling with exclusion radius: 2.03
Uniform sampling completed: 98585 points
Sampling colors on GPU...
GPU sampling completed! Total points: 328616
[Init] Points: 328616, Means ∈ (0.0, 4991.9) × (0.0, 7680.0)
[Init] Scales: 328616, Scale ∈ (1.2, 23.0) × (1.2, 23.0)
[Init] Colors: 328616, Color ∈ (0.0, 1.0) × (0.0, 1.0)
Test PSNR:36.1299, MS_SSIM:0.969389
Training Complete in 2186.3577s, Eval time:0.01249121s, FPS:80.0563, Best PSNR: 36.1304
1404: 7680x4992, PSNR:36.1299, MS-SSIM:0.9694, Training:2186.3577s, Eval:0.01249121s, FPS:80.0563
Processing image 15: 1447.png
Image Shape:  torch.Size([5952, 7680])
Num Points: 391811 | Compression Ratio: 50
Starting GPU variational importance sampling: 274267 importance + 117544 uniform
Image size: 5952x7680, Tile size: 1024
Importance sampling completed: 274267 points
Min Radius: 2.031316367739662, Scales_imp.median: 1.873629093170166
Starting uniform sampling with exclusion radius: 2.03
Uniform sampling completed: 117544 points
Sampling colors on GPU...
GPU sampling completed! Total points: 391811
[Init] Points: 391811, Means ∈ (0.0, 7679.9) × (0.0, 5951.9)
[Init] Scales: 391811, Scale ∈ (1.2, 22.6) × (1.2, 22.6)
[Init] Colors: 391811, Color ∈ (0.0, 1.0) × (0.0, 1.0)
Test PSNR:26.8541, MS_SSIM:0.949217
Training Complete in 3283.3066s, Eval time:0.02407422s, FPS:41.5382, Best PSNR: 26.8564
1447: 5952x7680, PSNR:26.8541, MS-SSIM:0.9492, Training:3283.3066s, Eval:0.02407422s, FPS:41.5382
Processing image 16: 1454.png
Image Shape:  torch.Size([7680, 4992])
Num Points: 328616 | Compression Ratio: 50
Starting GPU variational importance sampling: 230031 importance + 98585 uniform
Image size: 7680x4992, Tile size: 1024
Importance sampling completed: 230031 points
Min Radius: 2.0313153707347915, Scales_imp.median: 1.978766679763794
Starting uniform sampling with exclusion radius: 2.03
Uniform sampling completed: 98585 points
Sampling colors on GPU...
GPU sampling completed! Total points: 328616
[Init] Points: 328616, Means ∈ (0.0, 4992.0) × (0.0, 7680.0)
[Init] Scales: 328616, Scale ∈ (1.2, 26.7) × (1.2, 26.7)
[Init] Colors: 328616, Color ∈ (0.0, 1.0) × (0.0, 1.0)
Test PSNR:32.6709, MS_SSIM:0.977405
Training Complete in 2237.2337s, Eval time:0.01301137s, FPS:76.8559, Best PSNR: 32.6728
1454: 7680x4992, PSNR:32.6709, MS-SSIM:0.9774, Training:2237.2337s, Eval:0.01301137s, FPS:76.8559
Average: 5436x5880, PSNR:29.6455, MS-SSIM:0.9482, Training:2006.7797s, Eval:0.01346225s, FPS:117.6484
