Mon Jul 21 22:21:19 2025       
+-----------------------------------------------------------------------------------------+
| NVIDIA-SMI 550.54.14              Driver Version: 550.54.14      CUDA Version: 12.4     |
|-----------------------------------------+------------------------+----------------------+
| GPU  Name                 Persistence-M | Bus-Id          Disp.A | Volatile Uncorr. ECC |
| Fan  Temp   Perf          Pwr:Usage/Cap |           Memory-Usage | GPU-Util  Compute M. |
|                                         |                        |               MIG M. |
|=========================================+========================+======================|
|   0  NVIDIA A800-SXM4-80GB          On  |   00000000:CB:00.0 Off |                    0 |
| N/A   29C    P0             61W /  400W |       0MiB /  81920MiB |      0%      Default |
|                                         |                        |             Disabled |
+-----------------------------------------+------------------------+----------------------+
                                                                                         
+-----------------------------------------------------------------------------------------+
| Processes:                                                                              |
|  GPU   GI   CI        PID   Type   Process name                              GPU Memory |
|        ID   ID                                                               Usage      |
|=========================================================================================|
|  No running processes found                                                             |
+-----------------------------------------------------------------------------------------+
Torch: 2.4.0+cu124, CUDA: True, Device: NVIDIA A800-SXM4-80GB
Training with SmartSplat Gaussian Image Model.......
Founding 8 Images in DIV16K Dataset .........
Processing image 1: 0810_moreDetail_x8_16320x12288.png
Image Shape:  torch.Size([12288, 16320])
Num Points: 17189 | Compression Ratio: 5000
Starting GPU variational importance sampling: 12032 importance + 5157 uniform
Image size: 12288x16320, Tile size: 1024
Importance sampling completed: 12032 points
Min Radius: 20.313239157006343, Scales_imp.median: 18.98385238647461
Starting uniform sampling with exclusion radius: 20.31
Uniform sampling completed: 5157 points
Sampling colors on GPU...
GPU sampling completed! Total points: 17189
[Init] Points: 17189, Means ∈ (0.0, 16316.3) × (0.0, 12287.0)
[Init] Scales: 17189, Scale ∈ (8.0, 187.3) × (8.0, 187.3)
[Init] Colors: 17189, Color ∈ (0.0, 1.0) × (0.0, 1.0)
Test PSNR:19.0904, MS_SSIM:0.709789
Training Complete in 8429.9684s, Eval time:0.03629503s, FPS:27.5520, Best PSNR: 19.0924
0810_moreDetail_x8_16320x12288: 12288x16320, PSNR:19.0904, MS-SSIM:0.7098, Training:8429.9684s, Eval:0.03629503s, FPS:27.5520
Processing image 2: 0823_moreDetail_x8_16320x10272.png
Image Shape:  torch.Size([10272, 16320])
Num Points: 14369 | Compression Ratio: 5000
Starting GPU variational importance sampling: 10058 importance + 4311 uniform
Image size: 10272x16320, Tile size: 1024
Importance sampling completed: 10058 points
Min Radius: 20.313189457083748, Scales_imp.median: 19.106801986694336
Starting uniform sampling with exclusion radius: 20.31
Uniform sampling completed: 4311 points
Sampling colors on GPU...
GPU sampling completed! Total points: 14369
[Init] Points: 14369, Means ∈ (0.0, 16314.9) × (0.0, 10269.2)
[Init] Scales: 14369, Scale ∈ (12.3, 175.9) × (12.3, 175.9)
[Init] Colors: 14369, Color ∈ (0.0, 1.0) × (0.0, 1.0)
Test PSNR:21.7036, MS_SSIM:0.799098
Training Complete in 7261.0371s, Eval time:0.03473533s, FPS:28.7891, Best PSNR: 21.7066
0823_moreDetail_x8_16320x10272: 10272x16320, PSNR:21.7036, MS-SSIM:0.7991, Training:7261.0371s, Eval:0.03473533s, FPS:28.7891
Processing image 3: 0826_moreDetail_x8_16320x12288.png
Image Shape:  torch.Size([12288, 16320])
Num Points: 17189 | Compression Ratio: 5000
Starting GPU variational importance sampling: 12032 importance + 5157 uniform
Image size: 12288x16320, Tile size: 1024
Importance sampling completed: 12032 points
Min Radius: 20.313239157006343, Scales_imp.median: 18.972326278686523
Starting uniform sampling with exclusion radius: 20.31
Uniform sampling completed: 5157 points
Sampling colors on GPU...
GPU sampling completed! Total points: 17189
[Init] Points: 17189, Means ∈ (0.0, 16317.8) × (0.0, 12287.0)
[Init] Scales: 17189, Scale ∈ (11.5, 176.1) × (11.5, 176.1)
[Init] Colors: 17189, Color ∈ (0.0, 1.0) × (0.0, 1.0)
Test PSNR:21.0134, MS_SSIM:0.803703
Training Complete in 9695.6248s, Eval time:0.05946850s, FPS:16.8156, Best PSNR: 21.0197
0826_moreDetail_x8_16320x12288: 12288x16320, PSNR:21.0134, MS-SSIM:0.8037, Training:9695.6248s, Eval:0.05946850s, FPS:16.8156
Processing image 4: 0835_moreDetail_x8_12960x16320.png
Image Shape:  torch.Size([16320, 12960])
Num Points: 18129 | Compression Ratio: 5000
Starting GPU variational importance sampling: 12690 importance + 5439 uniform
Image size: 16320x12960, Tile size: 1024
Importance sampling completed: 12690 points
Min Radius: 20.313252287664096, Scales_imp.median: 19.19806671142578
Starting uniform sampling with exclusion radius: 20.31
Uniform sampling completed: 5439 points
Sampling colors on GPU...
GPU sampling completed! Total points: 18129
[Init] Points: 18129, Means ∈ (0.0, 12956.6) × (0.0, 16319.9)
[Init] Scales: 18129, Scale ∈ (5.2, 166.6) × (5.2, 166.6)
[Init] Colors: 18129, Color ∈ (0.0, 1.0) × (0.0, 1.0)
Test PSNR:19.2574, MS_SSIM:0.547411
Training Complete in 9166.2974s, Eval time:0.04674276s, FPS:21.3937, Best PSNR: 19.2584
0835_moreDetail_x8_12960x16320: 16320x12960, PSNR:19.2574, MS-SSIM:0.5474, Training:9166.2974s, Eval:0.04674276s, FPS:21.3937
Processing image 5: 0855_moreDetail_x8_16320x16320.png
Image Shape:  torch.Size([16320, 16320])
Num Points: 22829 | Compression Ratio: 5000
Starting GPU variational importance sampling: 15980 importance + 6849 uniform
Image size: 16320x16320, Tile size: 1024
Importance sampling completed: 15980 points
Min Radius: 20.31330172095696, Scales_imp.median: 19.954572677612305
Starting uniform sampling with exclusion radius: 20.31
Uniform sampling completed: 6849 points
Sampling colors on GPU...
GPU sampling completed! Total points: 22829
[Init] Points: 22829, Means ∈ (0.0, 16319.9) × (0.0, 16311.9)
[Init] Scales: 22829, Scale ∈ (10.2, 149.9) × (10.2, 149.9)
[Init] Colors: 22829, Color ∈ (0.0, 0.9) × (0.0, 0.9)
Test PSNR:28.4855, MS_SSIM:0.795122
Training Complete in 11504.8336s, Eval time:0.04869429s, FPS:20.5363, Best PSNR: 28.4866
0855_moreDetail_x8_16320x16320: 16320x16320, PSNR:28.4855, MS-SSIM:0.7951, Training:11504.8336s, Eval:0.04869429s, FPS:20.5363
Processing image 6: 0873_moreDetail_x8_16320x10848.png
Image Shape:  torch.Size([10848, 16312])
Num Points: 15167 | Compression Ratio: 5000
Starting GPU variational importance sampling: 10616 importance + 4551 uniform
Image size: 10848x16312, Tile size: 1024
Importance sampling completed: 10616 points
Min Radius: 20.313390164213853, Scales_imp.median: 19.0811710357666
Starting uniform sampling with exclusion radius: 20.31
Uniform sampling completed: 4551 points
Sampling colors on GPU...
GPU sampling completed! Total points: 15167
[Init] Points: 15167, Means ∈ (0.0, 16311.9) × (0.0, 10845.1)
[Init] Scales: 15167, Scale ∈ (12.3, 174.9) × (12.3, 174.9)
[Init] Colors: 15167, Color ∈ (0.0, 1.0) × (0.0, 1.0)
Test PSNR:21.2704, MS_SSIM:0.807710
Training Complete in 7630.9800s, Eval time:0.03655643s, FPS:27.3550, Best PSNR: 21.2723
0873_moreDetail_x8_16320x10848: 10848x16312, PSNR:21.2704, MS-SSIM:0.8077, Training:7630.9800s, Eval:0.03655643s, FPS:27.3550
Processing image 7: 0875_moreDetail_x8_16320x12288.png
Image Shape:  torch.Size([12288, 16320])
Num Points: 17189 | Compression Ratio: 5000
Starting GPU variational importance sampling: 12032 importance + 5157 uniform
Image size: 12288x16320, Tile size: 1024
Importance sampling completed: 12032 points
Min Radius: 20.313239157006343, Scales_imp.median: 19.530914306640625
Starting uniform sampling with exclusion radius: 20.31
Uniform sampling completed: 5157 points
Sampling colors on GPU...
GPU sampling completed! Total points: 17189
[Init] Points: 17189, Means ∈ (0.0, 16317.4) × (0.0, 12287.0)
[Init] Scales: 17189, Scale ∈ (12.4, 167.5) × (12.4, 167.5)
[Init] Colors: 17189, Color ∈ (0.0, 1.0) × (0.0, 1.0)
Test PSNR:22.7791, MS_SSIM:0.735161
Training Complete in 9092.7146s, Eval time:0.04920919s, FPS:20.3214, Best PSNR: 22.7798
0875_moreDetail_x8_16320x12288: 12288x16320, PSNR:22.7791, MS-SSIM:0.7352, Training:9092.7146s, Eval:0.04920919s, FPS:20.3214
Processing image 8: 0896_moreDetail_x8_16320x10848.png
Image Shape:  torch.Size([10848, 16312])
Num Points: 15167 | Compression Ratio: 5000
Starting GPU variational importance sampling: 10616 importance + 4551 uniform
Image size: 10848x16312, Tile size: 1024
Importance sampling completed: 10616 points
Min Radius: 20.313390164213853, Scales_imp.median: 19.47345542907715
Starting uniform sampling with exclusion radius: 20.31
Uniform sampling completed: 4551 points
Sampling colors on GPU...
GPU sampling completed! Total points: 15167
[Init] Points: 15167, Means ∈ (0.0, 16308.0) × (0.0, 10843.0)
[Init] Scales: 15167, Scale ∈ (11.9, 205.4) × (11.9, 205.4)
[Init] Colors: 15167, Color ∈ (0.0, 1.0) × (0.0, 1.0)
Test PSNR:35.9536, MS_SSIM:0.980579
Training Complete in 7410.0858s, Eval time:0.02884334s, FPS:34.6701, Best PSNR: 35.9612
0896_moreDetail_x8_16320x10848: 10848x16312, PSNR:35.9536, MS-SSIM:0.9806, Training:7410.0858s, Eval:0.02884334s, FPS:34.6701
Average: 12684x15898, PSNR:23.6942, MS-SSIM:0.7723, Training:8773.9434s, Eval:0.04256811s, FPS:24.6791
