Sun Jul 20 22:18:49 2025       
+-----------------------------------------------------------------------------------------+
| NVIDIA-SMI 550.54.14              Driver Version: 550.54.14      CUDA Version: 12.4     |
|-----------------------------------------+------------------------+----------------------+
| GPU  Name                 Persistence-M | Bus-Id          Disp.A | Volatile Uncorr. ECC |
| Fan  Temp   Perf          Pwr:Usage/Cap |           Memory-Usage | GPU-Util  Compute M. |
|                                         |                        |               MIG M. |
|=========================================+========================+======================|
|   0  NVIDIA A800-SXM4-80GB          On  |   00000000:D0:00.0 Off |                    0 |
| N/A   48C    P0             62W /  400W |       0MiB /  81920MiB |      0%      Default |
|                                         |                        |             Disabled |
+-----------------------------------------+------------------------+----------------------+
                                                                                         
+-----------------------------------------------------------------------------------------+
| Processes:                                                                              |
|  GPU   GI   CI        PID   Type   Process name                              GPU Memory |
|        ID   ID                                                               Usage      |
|=========================================================================================|
|  No running processes found                                                             |
+-----------------------------------------------------------------------------------------+
Torch: 2.4.0+cu124, CUDA: True, Device: NVIDIA A800-SXM4-80GB
Training with SmartSplat Gaussian Image Model.......
Founding 8 Images in DIV16K Dataset .........
Processing image 1: 0810_moreDetail_x8_16320x12288.png
Image Shape:  torch.Size([12288, 16320])
Num Points: 859457 | Compression Ratio: 100
Starting GPU variational importance sampling: 601619 importance + 257838 uniform
Image size: 12288x16320, Tile size: 1024
Importance sampling completed: 601619 points
Min Radius: 2.8727141324202683, Scales_imp.median: 2.701972723007202
Starting uniform sampling with exclusion radius: 2.87
Uniform sampling completed: 257838 points
Sampling colors on GPU...
GPU sampling completed! Total points: 859457
[Init] Points: 859457, Means ∈ (0.0, 16320.0) × (0.0, 12287.8)
[Init] Scales: 859457, Scale ∈ (1.7, 33.0) × (1.7, 33.0)
[Init] Colors: 859457, Color ∈ (0.0, 1.0) × (0.0, 1.0)
Test PSNR:29.0072, MS_SSIM:0.937462
Training Complete in 13375.7465s, Eval time:0.12349350s, FPS:8.0976, Best PSNR: 30.6005
0810_moreDetail_x8_16320x12288: 12288x16320, PSNR:29.0072, MS-SSIM:0.9375, Training:13375.7465s, Eval:0.12349350s, FPS:8.0976
Processing image 2: 0823_moreDetail_x8_16320x10272.png
Image Shape:  torch.Size([10272, 16320])
Num Points: 718453 | Compression Ratio: 100
Starting GPU variational importance sampling: 502917 importance + 215536 uniform
Image size: 10272x16320, Tile size: 1024
Importance sampling completed: 502917 points
Min Radius: 2.872712804802338, Scales_imp.median: 2.7119498252868652
Starting uniform sampling with exclusion radius: 2.87
Uniform sampling completed: 215536 points
Sampling colors on GPU...
GPU sampling completed! Total points: 718453
[Init] Points: 718453, Means ∈ (0.0, 16319.9) × (0.0, 10272.0)
[Init] Scales: 718453, Scale ∈ (1.7, 39.5) × (1.7, 39.5)
[Init] Colors: 718453, Color ∈ (0.0, 1.0) × (0.0, 1.0)
Test PSNR:29.0923, MS_SSIM:0.900055
Training Complete in 11699.5484s, Eval time:0.12668633s, FPS:7.8935, Best PSNR: 30.5079
0823_moreDetail_x8_16320x10272: 10272x16320, PSNR:29.0923, MS-SSIM:0.9001, Training:11699.5484s, Eval:0.12668633s, FPS:7.8935
Processing image 3: 0826_moreDetail_x8_16320x12288.png
Image Shape:  torch.Size([12288, 16320])
Num Points: 859457 | Compression Ratio: 100
Starting GPU variational importance sampling: 601619 importance + 257838 uniform
Image size: 12288x16320, Tile size: 1024
Importance sampling completed: 601619 points
Min Radius: 2.8727141324202683, Scales_imp.median: 2.6918485164642334
Starting uniform sampling with exclusion radius: 2.87
Uniform sampling completed: 257838 points
Sampling colors on GPU...
GPU sampling completed! Total points: 859457
[Init] Points: 859457, Means ∈ (0.0, 16319.9) × (0.0, 12288.0)
[Init] Scales: 859457, Scale ∈ (0.0, 35.1) × (0.0, 35.1)
[Init] Colors: 859457, Color ∈ (0.0, 1.0) × (0.0, 1.0)
Test PSNR:32.0098, MS_SSIM:0.943802
Training Complete in 11913.9445s, Eval time:0.09596446s, FPS:10.4205, Best PSNR: 32.0101
0826_moreDetail_x8_16320x12288: 12288x16320, PSNR:32.0098, MS-SSIM:0.9438, Training:11913.9445s, Eval:0.09596446s, FPS:10.4205
Processing image 4: 0835_moreDetail_x8_12960x16320.png
Image Shape:  torch.Size([16320, 12960])
Num Points: 906459 | Compression Ratio: 100
Starting GPU variational importance sampling: 634521 importance + 271938 uniform
Image size: 16320x12960, Tile size: 1024
Importance sampling completed: 634521 points
Min Radius: 2.872713426786771, Scales_imp.median: 2.7136499881744385
Starting uniform sampling with exclusion radius: 2.87
Uniform sampling completed: 271938 points
Sampling colors on GPU...
GPU sampling completed! Total points: 906459
[Init] Points: 906459, Means ∈ (0.0, 12960.0) × (0.0, 16320.0)
[Init] Scales: 906459, Scale ∈ (1.7, 32.7) × (1.7, 32.7)
[Init] Colors: 906459, Color ∈ (0.0, 1.0) × (0.0, 1.0)
Test PSNR:26.2298, MS_SSIM:0.813607
Training Complete in 13962.2315s, Eval time:0.14242208s, FPS:7.0214, Best PSNR: 26.6352
0835_moreDetail_x8_12960x16320: 16320x12960, PSNR:26.2298, MS-SSIM:0.8136, Training:13962.2315s, Eval:0.14242208s, FPS:7.0214
Processing image 5: 0855_moreDetail_x8_16320x16320.png
Image Shape:  torch.Size([16320, 16320])
Num Points: 1141467 | Compression Ratio: 100
Starting GPU variational importance sampling: 799026 importance + 342441 uniform
Image size: 16320x16320, Tile size: 1024
Importance sampling completed: 799026 points
Min Radius: 2.872713286970907, Scales_imp.median: 2.8224802017211914
Starting uniform sampling with exclusion radius: 2.87
Uniform sampling completed: 342441 points
Sampling colors on GPU...
GPU sampling completed! Total points: 1141467
[Init] Points: 1141467, Means ∈ (0.0, 16319.9) × (0.0, 16320.0)
[Init] Scales: 1141467, Scale ∈ (1.2, 32.0) × (1.2, 32.0)
[Init] Colors: 1141467, Color ∈ (0.0, 1.0) × (0.0, 1.0)
Test PSNR:30.2736, MS_SSIM:0.836765
Training Complete in 20137.1597s, Eval time:0.26792796s, FPS:3.7323, Best PSNR: 36.2389
0855_moreDetail_x8_16320x16320: 16320x16320, PSNR:30.2736, MS-SSIM:0.8368, Training:20137.1597s, Eval:0.26792796s, FPS:3.7323
Processing image 6: 0873_moreDetail_x8_16320x10848.png
Image Shape:  torch.Size([10848, 16312])
Num Points: 758368 | Compression Ratio: 100
Starting GPU variational importance sampling: 530857 importance + 227511 uniform
Image size: 10848x16312, Tile size: 1024
Importance sampling completed: 530857 points
Min Radius: 2.872713094014527, Scales_imp.median: 2.702693462371826
Starting uniform sampling with exclusion radius: 2.87
Uniform sampling completed: 227511 points
Sampling colors on GPU...
GPU sampling completed! Total points: 758368
[Init] Points: 758368, Means ∈ (0.0, 16312.0) × (0.0, 10848.0)
[Init] Scales: 758368, Scale ∈ (0.0, 38.5) × (0.0, 38.5)
[Init] Colors: 758368, Color ∈ (0.0, 1.0) × (0.0, 1.0)
Test PSNR:35.7699, MS_SSIM:0.962235
Training Complete in 9880.7193s, Eval time:0.06812783s, FPS:14.6783, Best PSNR: 35.7715
0873_moreDetail_x8_16320x10848: 10848x16312, PSNR:35.7699, MS-SSIM:0.9622, Training:9880.7193s, Eval:0.06812783s, FPS:14.6783
Processing image 7: 0875_moreDetail_x8_16320x12288.png
Image Shape:  torch.Size([12288, 16320])
Num Points: 859457 | Compression Ratio: 100
Starting GPU variational importance sampling: 601619 importance + 257838 uniform
Image size: 12288x16320, Tile size: 1024
Importance sampling completed: 601619 points
Min Radius: 2.8727141324202683, Scales_imp.median: 2.7642598152160645
Starting uniform sampling with exclusion radius: 2.87
Uniform sampling completed: 257838 points
Sampling colors on GPU...
GPU sampling completed! Total points: 859457
[Init] Points: 859457, Means ∈ (0.0, 16319.9) × (0.0, 12288.0)
[Init] Scales: 859457, Scale ∈ (1.7, 38.7) × (1.7, 38.7)
[Init] Colors: 859457, Color ∈ (0.0, 1.0) × (0.0, 1.0)
Test PSNR:34.1941, MS_SSIM:0.912195
Training Complete in 11441.3411s, Eval time:0.07235021s, FPS:13.8217, Best PSNR: 34.1946
0875_moreDetail_x8_16320x12288: 12288x16320, PSNR:34.1941, MS-SSIM:0.9122, Training:11441.3411s, Eval:0.07235021s, FPS:13.8217
Processing image 8: 0896_moreDetail_x8_16320x10848.png
Image Shape:  torch.Size([10848, 16312])
Num Points: 758368 | Compression Ratio: 100
Starting GPU variational importance sampling: 530857 importance + 227511 uniform
Image size: 10848x16312, Tile size: 1024
Importance sampling completed: 530857 points
Min Radius: 2.872713094014527, Scales_imp.median: 2.785799741744995
Starting uniform sampling with exclusion radius: 2.87
Uniform sampling completed: 227511 points
Sampling colors on GPU...
GPU sampling completed! Total points: 758368
[Init] Points: 758368, Means ∈ (0.0, 16311.4) × (0.0, 10848.0)
[Init] Scales: 758368, Scale ∈ (1.7, 32.5) × (1.7, 32.5)
[Init] Colors: 758368, Color ∈ (0.0, 1.0) × (0.0, 1.0)
Test PSNR:47.4128, MS_SSIM:0.987696
Training Complete in 9370.6774s, Eval time:0.06253546s, FPS:15.9909, Best PSNR: 47.4952
0896_moreDetail_x8_16320x10848: 10848x16312, PSNR:47.4128, MS-SSIM:0.9877, Training:9370.6774s, Eval:0.06253546s, FPS:15.9909
Average: 12684x15898, PSNR:32.9987, MS-SSIM:0.9117, Training:12722.6709s, Eval:0.11993847s, FPS:10.2070
