Sun Jul 20 23:08:56 2025       
+-----------------------------------------------------------------------------------------+
| NVIDIA-SMI 550.54.14              Driver Version: 550.54.14      CUDA Version: 12.4     |
|-----------------------------------------+------------------------+----------------------+
| GPU  Name                 Persistence-M | Bus-Id          Disp.A | Volatile Uncorr. ECC |
| Fan  Temp   Perf          Pwr:Usage/Cap |           Memory-Usage | GPU-Util  Compute M. |
|                                         |                        |               MIG M. |
|=========================================+========================+======================|
|   0  NVIDIA A800-SXM4-80GB          On  |   00000000:8F:00.0 Off |                    0 |
| N/A   31C    P0             57W /  400W |       0MiB /  81920MiB |      0%      Default |
|                                         |                        |             Disabled |
+-----------------------------------------+------------------------+----------------------+
                                                                                         
+-----------------------------------------------------------------------------------------+
| Processes:                                                                              |
|  GPU   GI   CI        PID   Type   Process name                              GPU Memory |
|        ID   ID                                                               Usage      |
|=========================================================================================|
|  No running processes found                                                             |
+-----------------------------------------------------------------------------------------+
Torch: 2.4.0+cu124, CUDA: True, Device: NVIDIA A800-SXM4-80GB
Training with SmartSplat Gaussian Image Model.......
Founding 16 Images in DIV8K Dataset .........
Processing image 1: 0001.png
Image Shape:  torch.Size([5376, 5760])
Num Points: 132710 | Compression Ratio: 100
Starting GPU variational importance sampling: 92897 importance + 39813 uniform
Image size: 5376x5760, Tile size: 1024
Importance sampling completed: 92897 points
Min Radius: 2.8727170769867167, Scales_imp.median: 2.686596393585205
Starting uniform sampling with exclusion radius: 2.87
Uniform sampling completed: 39813 points
Sampling colors on GPU...
GPU sampling completed! Total points: 132710
[Init] Points: 132710, Means ∈ (0.0, 5760.0) × (0.0, 5376.0)
[Init] Scales: 132710, Scale ∈ (1.7, 33.9) × (1.7, 33.9)
[Init] Colors: 132710, Color ∈ (0.0, 1.0) × (0.0, 1.0)
Test PSNR:30.0585, MS_SSIM:0.963434
Training Complete in 2125.0241s, Eval time:0.01694478s, FPS:59.0152, Best PSNR: 30.1286
0001: 5376x5760, PSNR:30.0585, MS-SSIM:0.9634, Training:2125.0241s, Eval:0.01694478s, FPS:59.0152
Processing image 2: 0138.png
Image Shape:  torch.Size([1920, 2880])
Num Points: 23698 | Compression Ratio: 100
Starting GPU variational importance sampling: 16588 importance + 7110 uniform
Image size: 1920x2880, Tile size: 1024
Importance sampling completed: 16588 points
Min Radius: 2.872730065020289, Scales_imp.median: 2.261608600616455
Starting uniform sampling with exclusion radius: 2.87
Uniform sampling completed: 7110 points
Sampling colors on GPU...
GPU sampling completed! Total points: 23698
[Init] Points: 23698, Means ∈ (0.0, 2879.0) × (0.0, 1919.0)
[Init] Scales: 23698, Scale ∈ (1.4, 38.8) × (1.4, 38.8)
[Init] Colors: 23698, Color ∈ (0.1, 0.9) × (0.1, 1.0)
Test PSNR:46.3525, MS_SSIM:0.996219
Training Complete in 316.2139s, Eval time:0.00123380s, FPS:810.5045, Best PSNR: 46.3625
0138: 1920x2880, PSNR:46.3525, MS-SSIM:0.9962, Training:316.2139s, Eval:0.00123380s, FPS:810.5045
Processing image 3: 0491.png
Image Shape:  torch.Size([5376, 6720])
Num Points: 154828 | Compression Ratio: 100
Starting GPU variational importance sampling: 108379 importance + 46449 uniform
Image size: 5376x6720, Tile size: 1024
Importance sampling completed: 108379 points
Min Radius: 2.872720169359684, Scales_imp.median: 2.655575752258301
Starting uniform sampling with exclusion radius: 2.87
Uniform sampling completed: 46449 points
Sampling colors on GPU...
GPU sampling completed! Total points: 154828
[Init] Points: 154828, Means ∈ (0.0, 6719.6) × (0.0, 5375.9)
[Init] Scales: 154828, Scale ∈ (1.6, 31.1) × (1.6, 31.1)
[Init] Colors: 154828, Color ∈ (0.0, 1.0) × (0.0, 1.0)
Test PSNR:24.9045, MS_SSIM:0.910859
Training Complete in 2300.0885s, Eval time:0.01635384s, FPS:61.1477, Best PSNR: 24.9051
0491: 5376x6720, PSNR:24.9045, MS-SSIM:0.9109, Training:2300.0885s, Eval:0.01635384s, FPS:61.1477
Processing image 4: 0536.png
Image Shape:  torch.Size([6720, 5184])
Num Points: 149299 | Compression Ratio: 100
Starting GPU variational importance sampling: 104509 importance + 44790 uniform
Image size: 6720x5184, Tile size: 1024
Importance sampling completed: 104509 points
Min Radius: 2.8727146718146463, Scales_imp.median: 2.574148654937744
Starting uniform sampling with exclusion radius: 2.87
Uniform sampling completed: 44790 points
Sampling colors on GPU...
GPU sampling completed! Total points: 149299
[Init] Points: 149299, Means ∈ (0.0, 5183.9) × (0.0, 6719.9)
[Init] Scales: 149299, Scale ∈ (1.6, 34.2) × (1.6, 34.2)
[Init] Colors: 149299, Color ∈ (0.0, 1.0) × (0.0, 1.0)
Test PSNR:18.6392, MS_SSIM:0.762168
Training Complete in 2112.4300s, Eval time:0.01555031s, FPS:64.3074, Best PSNR: 18.6408
0536: 6720x5184, PSNR:18.6392, MS-SSIM:0.7622, Training:2112.4300s, Eval:0.01555031s, FPS:64.3074
Processing image 5: 0666.png
Image Shape:  torch.Size([6720, 6720])
Num Points: 193536 | Compression Ratio: 100
Starting GPU variational importance sampling: 135475 importance + 58061 uniform
Image size: 6720x6720, Tile size: 1024
Importance sampling completed: 135475 points
Min Radius: 2.872712747681339, Scales_imp.median: 2.648232936859131
Starting uniform sampling with exclusion radius: 2.87
Uniform sampling completed: 58061 points
Sampling colors on GPU...
GPU sampling completed! Total points: 193536
[Init] Points: 193536, Means ∈ (0.0, 6719.9) × (0.0, 6719.8)
[Init] Scales: 193536, Scale ∈ (1.7, 32.6) × (1.7, 32.6)
[Init] Colors: 193536, Color ∈ (0.0, 1.0) × (0.0, 1.0)
Test PSNR:22.1648, MS_SSIM:0.887711
Training Complete in 2366.6792s, Eval time:0.01454392s, FPS:68.7572, Best PSNR: 22.1656
0666: 6720x6720, PSNR:22.1648, MS-SSIM:0.8877, Training:2366.6792s, Eval:0.01454392s, FPS:68.7572
Processing image 6: 0849.png
Image Shape:  torch.Size([6720, 4416])
Num Points: 127180 | Compression Ratio: 100
Starting GPU variational importance sampling: 89026 importance + 38154 uniform
Image size: 6720x4416, Tile size: 1024
Importance sampling completed: 89026 points
Min Radius: 2.8727217827756313, Scales_imp.median: 2.7271053791046143
Starting uniform sampling with exclusion radius: 2.87
Uniform sampling completed: 38154 points
Sampling colors on GPU...
GPU sampling completed! Total points: 127180
[Init] Points: 127180, Means ∈ (0.0, 4415.9) × (0.0, 6719.9)
[Init] Scales: 127180, Scale ∈ (1.5, 32.7) × (1.5, 32.7)
[Init] Colors: 127180, Color ∈ (0.0, 1.0) × (0.0, 1.0)
Test PSNR:27.5374, MS_SSIM:0.923259
Training Complete in 1665.7977s, Eval time:0.01024232s, FPS:97.6341, Best PSNR: 27.5380
0849: 6720x4416, PSNR:27.5374, MS-SSIM:0.9233, Training:1665.7977s, Eval:0.01024232s, FPS:97.6341
Processing image 7: 0952.png
Image Shape:  torch.Size([3840, 6720])
Num Points: 110592 | Compression Ratio: 100
Starting GPU variational importance sampling: 77414 importance + 33178 uniform
Image size: 3840x6720, Tile size: 1024
Importance sampling completed: 77414 points
Min Radius: 2.8727127476813394, Scales_imp.median: 2.7600033283233643
Starting uniform sampling with exclusion radius: 2.87
Uniform sampling completed: 33178 points
Sampling colors on GPU...
GPU sampling completed! Total points: 110592
[Init] Points: 110592, Means ∈ (0.0, 6719.9) × (0.0, 3839.9)
[Init] Scales: 110592, Scale ∈ (1.7, 31.5) × (1.7, 31.5)
[Init] Colors: 110592, Color ∈ (0.0, 1.0) × (0.0, 1.0)
Test PSNR:29.4976, MS_SSIM:0.921335
Training Complete in 1455.4069s, Eval time:0.00880904s, FPS:113.5198, Best PSNR: 29.4979
0952: 3840x6720, PSNR:29.4976, MS-SSIM:0.9213, Training:1455.4069s, Eval:0.00880904s, FPS:113.5198
Processing image 8: 1040.png
Image Shape:  torch.Size([4416, 6720])
Num Points: 127180 | Compression Ratio: 100
Starting GPU variational importance sampling: 89026 importance + 38154 uniform
Image size: 4416x6720, Tile size: 1024
Importance sampling completed: 89026 points
Min Radius: 2.8727217827756313, Scales_imp.median: 2.707451820373535
Starting uniform sampling with exclusion radius: 2.87
Uniform sampling completed: 38154 points
Sampling colors on GPU...
GPU sampling completed! Total points: 127180
[Init] Points: 127180, Means ∈ (0.0, 6720.0) × (0.0, 4416.0)
[Init] Scales: 127180, Scale ∈ (1.2, 31.8) × (1.2, 31.8)
[Init] Colors: 127180, Color ∈ (0.0, 1.0) × (0.0, 1.0)
Test PSNR:25.5515, MS_SSIM:0.934820
Training Complete in 1704.3273s, Eval time:0.00998740s, FPS:100.1262, Best PSNR: 25.5520
1040: 4416x6720, PSNR:25.5515, MS-SSIM:0.9348, Training:1704.3273s, Eval:0.00998740s, FPS:100.1262
Processing image 9: 1067.png
Image Shape:  torch.Size([4416, 6720])
Num Points: 127180 | Compression Ratio: 100
Starting GPU variational importance sampling: 89026 importance + 38154 uniform
Image size: 4416x6720, Tile size: 1024
Importance sampling completed: 89026 points
Min Radius: 2.8727217827756313, Scales_imp.median: 2.70458984375
Starting uniform sampling with exclusion radius: 2.87
Uniform sampling completed: 38154 points
Sampling colors on GPU...
GPU sampling completed! Total points: 127180
[Init] Points: 127180, Means ∈ (0.0, 6719.9) × (0.0, 4415.8)
[Init] Scales: 127180, Scale ∈ (1.7, 41.0) × (1.7, 41.0)
[Init] Colors: 127180, Color ∈ (0.0, 1.0) × (0.0, 1.0)
Test PSNR:25.5643, MS_SSIM:0.903102
Training Complete in 1618.7687s, Eval time:0.00965894s, FPS:103.5310, Best PSNR: 25.5651
1067: 4416x6720, PSNR:25.5643, MS-SSIM:0.9031, Training:1618.7687s, Eval:0.00965894s, FPS:103.5310
Processing image 10: 1107.png
Image Shape:  torch.Size([6720, 4416])
Num Points: 127180 | Compression Ratio: 100
Starting GPU variational importance sampling: 89026 importance + 38154 uniform
Image size: 6720x4416, Tile size: 1024
Importance sampling completed: 89026 points
Min Radius: 2.8727217827756313, Scales_imp.median: 2.6037497520446777
Starting uniform sampling with exclusion radius: 2.87
Uniform sampling completed: 38154 points
Sampling colors on GPU...
GPU sampling completed! Total points: 127180
[Init] Points: 127180, Means ∈ (0.0, 4415.6) × (0.0, 6719.9)
[Init] Scales: 127180, Scale ∈ (1.7, 36.6) × (1.7, 36.6)
[Init] Colors: 127180, Color ∈ (0.0, 1.0) × (0.0, 1.0)
Test PSNR:25.6734, MS_SSIM:0.965535
Training Complete in 1518.2319s, Eval time:0.00895359s, FPS:111.6870, Best PSNR: 25.6737
1107: 6720x4416, PSNR:25.6734, MS-SSIM:0.9655, Training:1518.2319s, Eval:0.00895359s, FPS:111.6870
Processing image 11: 1268.png
Image Shape:  torch.Size([4608, 6720])
Num Points: 132710 | Compression Ratio: 100
Starting GPU variational importance sampling: 92897 importance + 39813 uniform
Image size: 4608x6720, Tile size: 1024
Importance sampling completed: 92897 points
Min Radius: 2.8727170769867167, Scales_imp.median: 2.6406455039978027
Starting uniform sampling with exclusion radius: 2.87
Uniform sampling completed: 39813 points
Sampling colors on GPU...
GPU sampling completed! Total points: 132710
[Init] Points: 132710, Means ∈ (0.0, 6719.8) × (0.0, 4607.8)
[Init] Scales: 132710, Scale ∈ (1.7, 33.4) × (1.7, 33.4)
[Init] Colors: 132710, Color ∈ (0.0, 1.0) × (0.0, 1.0)
Test PSNR:21.6635, MS_SSIM:0.835412
Training Complete in 2723.5902s, Eval time:0.02855262s, FPS:35.0231, Best PSNR: 24.6561
1268: 4608x6720, PSNR:21.6635, MS-SSIM:0.8354, Training:2723.5902s, Eval:0.02855262s, FPS:35.0231
Processing image 12: 1280.png
Image Shape:  torch.Size([3840, 6720])
Num Points: 110592 | Compression Ratio: 100
Starting GPU variational importance sampling: 77414 importance + 33178 uniform
Image size: 3840x6720, Tile size: 1024
Importance sampling completed: 77414 points
Min Radius: 2.8727127476813394, Scales_imp.median: 2.694270372390747
Starting uniform sampling with exclusion radius: 2.87
Uniform sampling completed: 33178 points
Sampling colors on GPU...
GPU sampling completed! Total points: 110592
[Init] Points: 110592, Means ∈ (0.0, 6719.9) × (0.0, 3839.9)
[Init] Scales: 110592, Scale ∈ (1.8, 30.9) × (1.8, 30.9)
[Init] Colors: 110592, Color ∈ (0.0, 1.0) × (0.0, 1.0)
Test PSNR:25.4211, MS_SSIM:0.910203
Training Complete in 1553.5477s, Eval time:0.00977591s, FPS:102.2922, Best PSNR: 25.4224
1280: 3840x6720, PSNR:25.4211, MS-SSIM:0.9102, Training:1553.5477s, Eval:0.00977591s, FPS:102.2922
Processing image 13: 1329.png
Image Shape:  torch.Size([4992, 6720])
Num Points: 143769 | Compression Ratio: 100
Starting GPU variational importance sampling: 100638 importance + 43131 uniform
Image size: 4992x6720, Tile size: 1024
Importance sampling completed: 100638 points
Min Radius: 2.872718742109381, Scales_imp.median: 2.7213122844696045
Starting uniform sampling with exclusion radius: 2.87
Uniform sampling completed: 43131 points
Sampling colors on GPU...
GPU sampling completed! Total points: 143769
[Init] Points: 143769, Means ∈ (0.0, 6719.7) × (0.0, 4991.9)
[Init] Scales: 143769, Scale ∈ (1.6, 33.5) × (1.6, 33.5)
[Init] Colors: 143769, Color ∈ (0.0, 1.0) × (0.0, 1.0)
Test PSNR:27.2524, MS_SSIM:0.906827
Training Complete in 1955.2121s, Eval time:0.01228511s, FPS:81.3993, Best PSNR: 27.2526
1329: 4992x6720, PSNR:27.2524, MS-SSIM:0.9068, Training:1955.2121s, Eval:0.01228511s, FPS:81.3993
Processing image 14: 1404.png
Image Shape:  torch.Size([7680, 4992])
Num Points: 164308 | Compression Ratio: 100
Starting GPU variational importance sampling: 115015 importance + 49293 uniform
Image size: 7680x4992, Tile size: 1024
Importance sampling completed: 115015 points
Min Radius: 2.872713746750074, Scales_imp.median: 2.8324155807495117
Starting uniform sampling with exclusion radius: 2.87
Uniform sampling completed: 49293 points
Sampling colors on GPU...
GPU sampling completed! Total points: 164308
[Init] Points: 164308, Means ∈ (0.0, 4991.9) × (0.0, 7680.0)
[Init] Scales: 164308, Scale ∈ (1.7, 32.9) × (1.7, 32.9)
[Init] Colors: 164308, Color ∈ (0.0, 1.0) × (0.0, 1.0)
Test PSNR:34.9324, MS_SSIM:0.963107
Training Complete in 2027.0513s, Eval time:0.01109955s, FPS:90.0937, Best PSNR: 34.9339
1404: 7680x4992, PSNR:34.9324, MS-SSIM:0.9631, Training:2027.0513s, Eval:0.01109955s, FPS:90.0937
Processing image 15: 1447.png
Image Shape:  torch.Size([5952, 7680])
Num Points: 195905 | Compression Ratio: 100
Starting GPU variational importance sampling: 137133 importance + 58772 uniform
Image size: 5952x7680, Tile size: 1024
Importance sampling completed: 137133 points
Min Radius: 2.872718822679906, Scales_imp.median: 2.6486434936523438
Starting uniform sampling with exclusion radius: 2.87
Uniform sampling completed: 58772 points
Sampling colors on GPU...
GPU sampling completed! Total points: 195905
[Init] Points: 195905, Means ∈ (0.0, 7679.8) × (0.0, 5951.9)
[Init] Scales: 195905, Scale ∈ (1.8, 30.1) × (1.8, 30.1)
[Init] Colors: 195905, Color ∈ (0.0, 1.0) × (0.0, 1.0)
Test PSNR:24.1224, MS_SSIM:0.916908
Training Complete in 3323.5148s, Eval time:0.02618313s, FPS:38.1925, Best PSNR: 24.3929
1447: 5952x7680, PSNR:24.1224, MS-SSIM:0.9169, Training:3323.5148s, Eval:0.02618313s, FPS:38.1925
Processing image 16: 1454.png
Image Shape:  torch.Size([7680, 4992])
Num Points: 164308 | Compression Ratio: 100
Starting GPU variational importance sampling: 115015 importance + 49293 uniform
Image size: 7680x4992, Tile size: 1024
Importance sampling completed: 115015 points
Min Radius: 2.872713746750074, Scales_imp.median: 2.798171281814575
Starting uniform sampling with exclusion radius: 2.87
Uniform sampling completed: 49293 points
Sampling colors on GPU...
GPU sampling completed! Total points: 164308
[Init] Points: 164308, Means ∈ (0.0, 4992.0) × (0.0, 7680.0)
[Init] Scales: 164308, Scale ∈ (1.6, 33.5) × (1.6, 33.5)
[Init] Colors: 164308, Color ∈ (0.0, 1.0) × (0.0, 1.0)
Test PSNR:30.5715, MS_SSIM:0.961888
Training Complete in 2117.9807s, Eval time:0.01213413s, FPS:82.4122, Best PSNR: 30.5721
1454: 7680x4992, PSNR:30.5715, MS-SSIM:0.9619, Training:2117.9807s, Eval:0.01213413s, FPS:82.4122
Average: 5436x5880, PSNR:27.4942, MS-SSIM:0.9164, Training:1930.2417s, Eval:0.01326927s, FPS:126.2277
