Sun Jul 20 22:25:22 2025       
+-----------------------------------------------------------------------------------------+
| NVIDIA-SMI 550.54.14              Driver Version: 550.54.14      CUDA Version: 12.4     |
|-----------------------------------------+------------------------+----------------------+
| GPU  Name                 Persistence-M | Bus-Id          Disp.A | Volatile Uncorr. ECC |
| Fan  Temp   Perf          Pwr:Usage/Cap |           Memory-Usage | GPU-Util  Compute M. |
|                                         |                        |               MIG M. |
|=========================================+========================+======================|
|   0  NVIDIA A800-SXM4-80GB          On  |   00000000:CB:00.0 Off |                    0 |
| N/A   32C    P0             58W /  400W |       0MiB /  81920MiB |      0%      Default |
|                                         |                        |             Disabled |
+-----------------------------------------+------------------------+----------------------+
                                                                                         
+-----------------------------------------------------------------------------------------+
| Processes:                                                                              |
|  GPU   GI   CI        PID   Type   Process name                              GPU Memory |
|        ID   ID                                                               Usage      |
|=========================================================================================|
|  No running processes found                                                             |
+-----------------------------------------------------------------------------------------+
Torch: 2.4.0+cu124, CUDA: True, Device: NVIDIA A800-SXM4-80GB
Training with SmartSplat Gaussian Image Model.......
Founding 8 Images in DIV16K Dataset .........
Processing image 1: 0810_moreDetail_x8_16320x12288.png
Image Shape:  torch.Size([12288, 16320])
Num Points: 171891 | Compression Ratio: 500
Starting GPU variational importance sampling: 120323 importance + 51568 uniform
Image size: 12288x16320, Tile size: 1024
Importance sampling completed: 120323 points
Min Radius: 6.423591554031961, Scales_imp.median: 6.0176239013671875
Starting uniform sampling with exclusion radius: 6.42
Uniform sampling completed: 51568 points
Sampling colors on GPU...
GPU sampling completed! Total points: 171891
[Init] Points: 171891, Means ∈ (0.0, 16320.0) × (0.0, 12287.3)
[Init] Scales: 171891, Scale ∈ (3.9, 72.6) × (3.9, 72.6)
[Init] Colors: 171891, Color ∈ (0.0, 1.0) × (0.0, 1.0)
Test PSNR:23.8542, MS_SSIM:0.846733
Training Complete in 10806.4018s, Eval time:0.07955423s, FPS:12.5700, Best PSNR: 23.8567
0810_moreDetail_x8_16320x12288: 12288x16320, PSNR:23.8542, MS-SSIM:0.8467, Training:10806.4018s, Eval:0.07955423s, FPS:12.5700
Processing image 2: 0823_moreDetail_x8_16320x10272.png
Image Shape:  torch.Size([10272, 16320])
Num Points: 143690 | Compression Ratio: 500
Starting GPU variational importance sampling: 100583 importance + 43107 uniform
Image size: 10272x16320, Tile size: 1024
Importance sampling completed: 100583 points
Min Radius: 6.4235945226903794, Scales_imp.median: 6.040922164916992
Starting uniform sampling with exclusion radius: 6.42
Uniform sampling completed: 43107 points
Sampling colors on GPU...
GPU sampling completed! Total points: 143690
[Init] Points: 143690, Means ∈ (0.0, 16319.0) × (0.0, 10272.0)
[Init] Scales: 143690, Scale ∈ (2.6, 71.8) × (2.6, 71.8)
[Init] Colors: 143690, Color ∈ (0.0, 1.0) × (0.0, 1.0)
Test PSNR:26.2463, MS_SSIM:0.861473
Training Complete in 9793.5805s, Eval time:0.09695268s, FPS:10.3143, Best PSNR: 26.2687
0823_moreDetail_x8_16320x10272: 10272x16320, PSNR:26.2463, MS-SSIM:0.8615, Training:9793.5805s, Eval:0.09695268s, FPS:10.3143
Processing image 3: 0826_moreDetail_x8_16320x12288.png
Image Shape:  torch.Size([12288, 16320])
Num Points: 171891 | Compression Ratio: 500
Starting GPU variational importance sampling: 120323 importance + 51568 uniform
Image size: 12288x16320, Tile size: 1024
Importance sampling completed: 120323 points
Min Radius: 6.423591554031961, Scales_imp.median: 5.99334192276001
Starting uniform sampling with exclusion radius: 6.42
Uniform sampling completed: 51568 points
Sampling colors on GPU...
GPU sampling completed! Total points: 171891
[Init] Points: 171891, Means ∈ (0.0, 16319.6) × (0.0, 12287.9)
[Init] Scales: 171891, Scale ∈ (3.9, 79.8) × (3.9, 79.8)
[Init] Colors: 171891, Color ∈ (0.0, 1.0) × (0.0, 1.0)
Test PSNR:25.8239, MS_SSIM:0.880742
Training Complete in 10833.6812s, Eval time:0.07342329s, FPS:13.6197, Best PSNR: 25.8247
0826_moreDetail_x8_16320x12288: 12288x16320, PSNR:25.8239, MS-SSIM:0.8807, Training:10833.6812s, Eval:0.07342329s, FPS:13.6197
Processing image 4: 0835_moreDetail_x8_12960x16320.png
Image Shape:  torch.Size([16320, 12960])
Num Points: 181291 | Compression Ratio: 500
Starting GPU variational importance sampling: 126903 importance + 54388 uniform
Image size: 16320x12960, Tile size: 1024
Importance sampling completed: 126903 points
Min Radius: 6.423596675131999, Scales_imp.median: 6.06607723236084
Starting uniform sampling with exclusion radius: 6.42
Uniform sampling completed: 54388 points
Sampling colors on GPU...
GPU sampling completed! Total points: 181291
[Init] Points: 181291, Means ∈ (0.0, 12959.6) × (0.0, 16320.0)
[Init] Scales: 181291, Scale ∈ (3.3, 70.1) × (3.3, 70.1)
[Init] Colors: 181291, Color ∈ (0.0, 1.0) × (0.0, 1.0)
Test PSNR:22.4216, MS_SSIM:0.678637
Training Complete in 11925.8515s, Eval time:0.10308774s, FPS:9.7005, Best PSNR: 22.5282
0835_moreDetail_x8_12960x16320: 16320x12960, PSNR:22.4216, MS-SSIM:0.6786, Training:11925.8515s, Eval:0.10308774s, FPS:9.7005
Processing image 5: 0855_moreDetail_x8_16320x16320.png
Image Shape:  torch.Size([16320, 16320])
Num Points: 228293 | Compression Ratio: 500
Starting GPU variational importance sampling: 159805 importance + 68488 uniform
Image size: 16320x16320, Tile size: 1024
Importance sampling completed: 159805 points
Min Radius: 6.423587817020746, Scales_imp.median: 6.311118125915527
Starting uniform sampling with exclusion radius: 6.42
Uniform sampling completed: 68488 points
Sampling colors on GPU...
GPU sampling completed! Total points: 228293
[Init] Points: 228293, Means ∈ (0.0, 16319.9) × (0.0, 16319.9)
[Init] Scales: 228293, Scale ∈ (1.6, 65.6) × (1.6, 65.6)
[Init] Colors: 228293, Color ∈ (0.0, 0.9) × (0.0, 0.9)
Test PSNR:33.8480, MS_SSIM:0.836947
Training Complete in 13310.8453s, Eval time:0.08374133s, FPS:11.9415, Best PSNR: 33.8483
0855_moreDetail_x8_16320x16320: 16320x16320, PSNR:33.8480, MS-SSIM:0.8369, Training:13310.8453s, Eval:0.08374133s, FPS:11.9415
Processing image 6: 0873_moreDetail_x8_16320x10848.png
Image Shape:  torch.Size([10848, 16312])
Num Points: 151673 | Compression Ratio: 500
Starting GPU variational importance sampling: 106171 importance + 45502 uniform
Image size: 10848x16312, Tile size: 1024
Importance sampling completed: 106171 points
Min Radius: 6.423594463512998, Scales_imp.median: 6.0272979736328125
Starting uniform sampling with exclusion radius: 6.42
Uniform sampling completed: 45502 points
Sampling colors on GPU...
GPU sampling completed! Total points: 151673
[Init] Points: 151673, Means ∈ (0.0, 16311.1) × (0.0, 10847.8)
[Init] Scales: 151673, Scale ∈ (3.2, 68.6) × (3.2, 68.6)
[Init] Colors: 151673, Color ∈ (0.0, 1.0) × (0.0, 1.0)
Test PSNR:27.8421, MS_SSIM:0.894967
Training Complete in 8892.0729s, Eval time:0.05203958s, FPS:19.2161, Best PSNR: 27.8424
0873_moreDetail_x8_16320x10848: 10848x16312, PSNR:27.8421, MS-SSIM:0.8950, Training:8892.0729s, Eval:0.05203958s, FPS:19.2161
Processing image 7: 0875_moreDetail_x8_16320x12288.png
Image Shape:  torch.Size([12288, 16320])
Num Points: 171891 | Compression Ratio: 500
Starting GPU variational importance sampling: 120323 importance + 51568 uniform
Image size: 12288x16320, Tile size: 1024
Importance sampling completed: 120323 points
Min Radius: 6.423591554031961, Scales_imp.median: 6.177508354187012
Starting uniform sampling with exclusion radius: 6.42
Uniform sampling completed: 51568 points
Sampling colors on GPU...
GPU sampling completed! Total points: 171891
[Init] Points: 171891, Means ∈ (0.0, 16319.8) × (0.0, 12287.9)
[Init] Scales: 171891, Scale ∈ (3.9, 75.9) × (3.9, 75.9)
[Init] Colors: 171891, Color ∈ (0.0, 1.0) × (0.0, 1.0)
Test PSNR:28.6052, MS_SSIM:0.832519
Training Complete in 10179.2597s, Eval time:0.05718392s, FPS:17.4874, Best PSNR: 28.6055
0875_moreDetail_x8_16320x12288: 12288x16320, PSNR:28.6052, MS-SSIM:0.8325, Training:10179.2597s, Eval:0.05718392s, FPS:17.4874
Processing image 8: 0896_moreDetail_x8_16320x10848.png
Image Shape:  torch.Size([10848, 16312])
Num Points: 151673 | Compression Ratio: 500
Starting GPU variational importance sampling: 106171 importance + 45502 uniform
Image size: 10848x16312, Tile size: 1024
Importance sampling completed: 106171 points
Min Radius: 6.423594463512998, Scales_imp.median: 6.1778564453125
Starting uniform sampling with exclusion radius: 6.42
Uniform sampling completed: 45502 points
Sampling colors on GPU...
GPU sampling completed! Total points: 151673
[Init] Points: 151673, Means ∈ (0.0, 16311.4) × (0.0, 10847.1)
[Init] Scales: 151673, Scale ∈ (3.7, 70.5) × (3.7, 70.5)
[Init] Colors: 151673, Color ∈ (0.0, 1.0) × (0.0, 1.0)
Test PSNR:46.5481, MS_SSIM:0.987344
Training Complete in 7768.3005s, Eval time:0.03324102s, FPS:30.0833, Best PSNR: 46.5548
0896_moreDetail_x8_16320x10848: 10848x16312, PSNR:46.5481, MS-SSIM:0.9873, Training:7768.3005s, Eval:0.03324102s, FPS:30.0833
Average: 12684x15898, PSNR:29.3987, MS-SSIM:0.8524, Training:10438.7480s, Eval:0.07240297s, FPS:15.6166
