Mon Jul 21 01:47:42 2025       
+-----------------------------------------------------------------------------------------+
| NVIDIA-SMI 550.54.14              Driver Version: 550.54.14      CUDA Version: 12.4     |
|-----------------------------------------+------------------------+----------------------+
| GPU  Name                 Persistence-M | Bus-Id          Disp.A | Volatile Uncorr. ECC |
| Fan  Temp   Perf          Pwr:Usage/Cap |           Memory-Usage | GPU-Util  Compute M. |
|                                         |                        |               MIG M. |
|=========================================+========================+======================|
|   0  NVIDIA A800-SXM4-80GB          On  |   00000000:CB:00.0 Off |                    0 |
| N/A   40C    P0             65W /  400W |       0MiB /  81920MiB |      0%      Default |
|                                         |                        |             Disabled |
+-----------------------------------------+------------------------+----------------------+
                                                                                         
+-----------------------------------------------------------------------------------------+
| Processes:                                                                              |
|  GPU   GI   CI        PID   Type   Process name                              GPU Memory |
|        ID   ID                                                               Usage      |
|=========================================================================================|
|  No running processes found                                                             |
+-----------------------------------------------------------------------------------------+
Torch: 2.4.0+cu124, CUDA: True, Device: NVIDIA A800-SXM4-80GB
Training with SmartSplat Gaussian Image Model.......
Founding 16 Images in DIV8K Dataset .........
Processing image 1: 0001.png
Image Shape:  torch.Size([5376, 5760])
Num Points: 13271 | Compression Ratio: 1000
Starting GPU variational importance sampling: 9289 importance + 3982 uniform
Image size: 5376x5760, Tile size: 1024
Importance sampling completed: 9289 points
Min Radius: 9.0843290365393, Scales_imp.median: 8.489879608154297
Starting uniform sampling with exclusion radius: 9.08
Uniform sampling completed: 3982 points
Sampling colors on GPU...
GPU sampling completed! Total points: 13271
[Init] Points: 13271, Means ∈ (0.0, 5760.0) × (0.0, 5373.0)
[Init] Scales: 13271, Scale ∈ (3.4, 113.3) × (3.4, 113.3)
[Init] Colors: 13271, Color ∈ (0.0, 1.0) × (0.0, 1.0)
Test PSNR:23.8645, MS_SSIM:0.863655
Training Complete in 1960.3342s, Eval time:0.01565808s, FPS:63.8648, Best PSNR: 23.8672
0001: 5376x5760, PSNR:23.8645, MS-SSIM:0.8637, Training:1960.3342s, Eval:0.01565808s, FPS:63.8648
Processing image 2: 0138.png
Image Shape:  torch.Size([1920, 2880])
Num Points: 2369 | Compression Ratio: 1000
Starting GPU variational importance sampling: 1658 importance + 711 uniform
Image size: 1920x2880, Tile size: 1024
Importance sampling completed: 1658 points
Min Radius: 9.085903853060888, Scales_imp.median: 6.821500301361084
Starting uniform sampling with exclusion radius: 9.09
Uniform sampling completed: 711 points
Sampling colors on GPU...
GPU sampling completed! Total points: 2369
[Init] Points: 2369, Means ∈ (0.0, 2879.0) × (0.0, 1919.4)
[Init] Scales: 2369, Scale ∈ (5.6, 103.4) × (5.6, 103.4)
[Init] Colors: 2369, Color ∈ (0.0, 0.9) × (0.0, 0.9)
Test PSNR:38.8163, MS_SSIM:0.992861
Training Complete in 298.7479s, Eval time:0.00127075s, FPS:786.9371, Best PSNR: 38.8230
0138: 1920x2880, PSNR:38.8163, MS-SSIM:0.9929, Training:298.7479s, Eval:0.00127075s, FPS:786.9371
Processing image 3: 0491.png
Image Shape:  torch.Size([5376, 6720])
Num Points: 15482 | Compression Ratio: 1000
Starting GPU variational importance sampling: 10837 importance + 4645 uniform
Image size: 5376x6720, Tile size: 1024
Importance sampling completed: 10837 points
Min Radius: 9.084573519562506, Scales_imp.median: 8.390052795410156
Starting uniform sampling with exclusion radius: 9.08
Uniform sampling completed: 4645 points
Sampling colors on GPU...
GPU sampling completed! Total points: 15482
[Init] Points: 15482, Means ∈ (0.0, 6719.5) × (0.0, 5375.4)
[Init] Scales: 15482, Scale ∈ (1.6, 84.9) × (1.6, 84.9)
[Init] Colors: 15482, Color ∈ (0.0, 1.0) × (0.0, 1.0)
Test PSNR:20.2613, MS_SSIM:0.704797
Training Complete in 1938.0600s, Eval time:0.01282265s, FPS:77.9870, Best PSNR: 20.3080
0491: 5376x6720, PSNR:20.2613, MS-SSIM:0.7048, Training:1938.0600s, Eval:0.01282265s, FPS:77.9870
Processing image 4: 0536.png
Image Shape:  torch.Size([6720, 5184])
Num Points: 14929 | Compression Ratio: 1000
Starting GPU variational importance sampling: 10450 importance + 4479 uniform
Image size: 6720x5184, Tile size: 1024
Importance sampling completed: 10450 points
Min Radius: 9.084595252342075, Scales_imp.median: 8.14533519744873
Starting uniform sampling with exclusion radius: 9.08
Uniform sampling completed: 4479 points
Sampling colors on GPU...
GPU sampling completed! Total points: 14929
[Init] Points: 14929, Means ∈ (0.0, 5183.0) × (0.0, 6717.2)
[Init] Scales: 14929, Scale ∈ (5.7, 94.4) × (5.7, 94.4)
[Init] Colors: 14929, Color ∈ (0.0, 1.0) × (0.0, 1.0)
Test PSNR:17.4262, MS_SSIM:0.510312
Training Complete in 1674.2690s, Eval time:0.01042520s, FPS:95.9214, Best PSNR: 17.4273
0536: 6720x5184, PSNR:17.4262, MS-SSIM:0.5103, Training:1674.2690s, Eval:0.01042520s, FPS:95.9214
Processing image 5: 0666.png
Image Shape:  torch.Size([6720, 6720])
Num Points: 19353 | Compression Ratio: 1000
Starting GPU variational importance sampling: 13547 importance + 5806 uniform
Image size: 6720x6720, Tile size: 1024
Importance sampling completed: 13547 points
Min Radius: 9.084456165247966, Scales_imp.median: 8.37631607055664
Starting uniform sampling with exclusion radius: 9.08
Uniform sampling completed: 5806 points
Sampling colors on GPU...
GPU sampling completed! Total points: 19353
[Init] Points: 19353, Means ∈ (0.0, 6719.3) × (0.0, 6719.3)
[Init] Scales: 19353, Scale ∈ (3.8, 84.2) × (3.8, 84.2)
[Init] Colors: 19353, Color ∈ (0.0, 1.0) × (0.0, 0.9)
Test PSNR:17.4284, MS_SSIM:0.570309
Training Complete in 2049.5848s, Eval time:0.01140263s, FPS:87.6990, Best PSNR: 17.4307
0666: 6720x6720, PSNR:17.4284, MS-SSIM:0.5703, Training:2049.5848s, Eval:0.01140263s, FPS:87.6990
Processing image 6: 0849.png
Image Shape:  torch.Size([6720, 4416])
Num Points: 12718 | Compression Ratio: 1000
Starting GPU variational importance sampling: 8902 importance + 3816 uniform
Image size: 6720x4416, Tile size: 1024
Importance sampling completed: 8902 points
Min Radius: 9.084343917550457, Scales_imp.median: 8.620455741882324
Starting uniform sampling with exclusion radius: 9.08
Uniform sampling completed: 3816 points
Sampling colors on GPU...
GPU sampling completed! Total points: 12718
[Init] Points: 12718, Means ∈ (0.0, 4415.9) × (0.0, 6717.7)
[Init] Scales: 12718, Scale ∈ (5.5, 79.8) × (5.5, 79.8)
[Init] Colors: 12718, Color ∈ (0.0, 1.0) × (0.0, 1.0)
Test PSNR:21.1511, MS_SSIM:0.681458
Training Complete in 1432.0428s, Eval time:0.00834912s, FPS:119.7731, Best PSNR: 21.1513
0849: 6720x4416, PSNR:21.1511, MS-SSIM:0.6815, Training:1432.0428s, Eval:0.00834912s, FPS:119.7731
Processing image 7: 0952.png
Image Shape:  torch.Size([3840, 6720])
Num Points: 11059 | Compression Ratio: 1000
Starting GPU variational importance sampling: 7741 importance + 3318 uniform
Image size: 3840x6720, Tile size: 1024
Importance sampling completed: 7741 points
Min Radius: 9.08439748979615, Scales_imp.median: 8.729677200317383
Starting uniform sampling with exclusion radius: 9.08
Uniform sampling completed: 3318 points
Sampling colors on GPU...
GPU sampling completed! Total points: 11059
[Init] Points: 11059, Means ∈ (0.0, 6717.0) × (0.0, 3839.7)
[Init] Scales: 11059, Scale ∈ (5.5, 72.5) × (5.5, 72.5)
[Init] Colors: 11059, Color ∈ (0.0, 1.0) × (0.0, 1.0)
Test PSNR:23.9521, MS_SSIM:0.716736
Training Complete in 1184.1630s, Eval time:0.00602762s, FPS:165.9029, Best PSNR: 23.9538
0952: 3840x6720, PSNR:23.9521, MS-SSIM:0.7167, Training:1184.1630s, Eval:0.00602762s, FPS:165.9029
Processing image 8: 1040.png
Image Shape:  torch.Size([4416, 6720])
Num Points: 12718 | Compression Ratio: 1000
Starting GPU variational importance sampling: 8902 importance + 3816 uniform
Image size: 4416x6720, Tile size: 1024
Importance sampling completed: 8902 points
Min Radius: 9.084343917550457, Scales_imp.median: 8.557491302490234
Starting uniform sampling with exclusion radius: 9.08
Uniform sampling completed: 3816 points
Sampling colors on GPU...
GPU sampling completed! Total points: 12718
[Init] Points: 12718, Means ∈ (0.0, 6717.0) × (0.0, 4416.0)
[Init] Scales: 12718, Scale ∈ (5.3, 85.1) × (5.3, 85.1)
[Init] Colors: 12718, Color ∈ (0.0, 1.0) × (0.0, 1.0)
Test PSNR:19.9983, MS_SSIM:0.653488
Training Complete in 1448.2495s, Eval time:0.00836975s, FPS:119.4779, Best PSNR: 19.9984
1040: 4416x6720, PSNR:19.9983, MS-SSIM:0.6535, Training:1448.2495s, Eval:0.00836975s, FPS:119.4779
Processing image 9: 1067.png
Image Shape:  torch.Size([4416, 6720])
Num Points: 12718 | Compression Ratio: 1000
Starting GPU variational importance sampling: 8902 importance + 3816 uniform
Image size: 4416x6720, Tile size: 1024
Importance sampling completed: 8902 points
Min Radius: 9.084343917550457, Scales_imp.median: 8.5551118850708
Starting uniform sampling with exclusion radius: 9.08
Uniform sampling completed: 3816 points
Sampling colors on GPU...
GPU sampling completed! Total points: 12718
[Init] Points: 12718, Means ∈ (0.0, 6717.1) × (0.0, 4415.0)
[Init] Scales: 12718, Scale ∈ (4.9, 110.3) × (4.9, 110.3)
[Init] Colors: 12718, Color ∈ (0.0, 1.0) × (0.0, 1.0)
Test PSNR:21.1967, MS_SSIM:0.703750
Training Complete in 1477.6904s, Eval time:0.00857957s, FPS:116.5560, Best PSNR: 21.1972
1067: 4416x6720, PSNR:21.1967, MS-SSIM:0.7037, Training:1477.6904s, Eval:0.00857957s, FPS:116.5560
Processing image 10: 1107.png
Image Shape:  torch.Size([6720, 4416])
Num Points: 12718 | Compression Ratio: 1000
Starting GPU variational importance sampling: 8902 importance + 3816 uniform
Image size: 6720x4416, Tile size: 1024
Importance sampling completed: 8902 points
Min Radius: 9.084343917550457, Scales_imp.median: 8.213666915893555
Starting uniform sampling with exclusion radius: 9.08
Uniform sampling completed: 3816 points
Sampling colors on GPU...
GPU sampling completed! Total points: 12718
[Init] Points: 12718, Means ∈ (0.0, 4415.9) × (0.0, 6717.4)
[Init] Scales: 12718, Scale ∈ (5.5, 98.4) × (5.5, 98.4)
[Init] Colors: 12718, Color ∈ (0.0, 1.0) × (0.0, 1.0)
Test PSNR:18.9582, MS_SSIM:0.816045
Training Complete in 1342.0049s, Eval time:0.00673945s, FPS:148.3801, Best PSNR: 18.9594
1107: 6720x4416, PSNR:18.9582, MS-SSIM:0.8160, Training:1342.0049s, Eval:0.00673945s, FPS:148.3801
Processing image 11: 1268.png
Image Shape:  torch.Size([4608, 6720])
Num Points: 13271 | Compression Ratio: 1000
Starting GPU variational importance sampling: 9289 importance + 3982 uniform
Image size: 4608x6720, Tile size: 1024
Importance sampling completed: 9289 points
Min Radius: 9.0843290365393, Scales_imp.median: 8.330791473388672
Starting uniform sampling with exclusion radius: 9.08
Uniform sampling completed: 3982 points
Sampling colors on GPU...
GPU sampling completed! Total points: 13271
[Init] Points: 13271, Means ∈ (0.0, 6719.4) × (0.0, 4607.0)
[Init] Scales: 13271, Scale ∈ (3.1, 106.0) × (3.1, 106.0)
[Init] Colors: 13271, Color ∈ (0.0, 1.0) × (0.0, 1.0)
Test PSNR:21.5136, MS_SSIM:0.818978
Training Complete in 1979.4743s, Eval time:0.01627549s, FPS:61.4421, Best PSNR: 21.5292
1268: 4608x6720, PSNR:21.5136, MS-SSIM:0.8190, Training:1979.4743s, Eval:0.01627549s, FPS:61.4421
Processing image 12: 1280.png
Image Shape:  torch.Size([3840, 6720])
Num Points: 11059 | Compression Ratio: 1000
Starting GPU variational importance sampling: 7741 importance + 3318 uniform
Image size: 3840x6720, Tile size: 1024
Importance sampling completed: 7741 points
Min Radius: 9.08439748979615, Scales_imp.median: 8.528807640075684
Starting uniform sampling with exclusion radius: 9.08
Uniform sampling completed: 3318 points
Sampling colors on GPU...
GPU sampling completed! Total points: 11059
[Init] Points: 11059, Means ∈ (0.0, 6718.0) × (0.0, 3838.2)
[Init] Scales: 11059, Scale ∈ (5.6, 73.7) × (5.6, 73.7)
[Init] Colors: 11059, Color ∈ (0.0, 1.0) × (0.0, 1.0)
Test PSNR:19.5623, MS_SSIM:0.640237
Training Complete in 1299.5653s, Eval time:0.00777093s, FPS:128.6848, Best PSNR: 19.5632
1280: 3840x6720, PSNR:19.5623, MS-SSIM:0.6402, Training:1299.5653s, Eval:0.00777093s, FPS:128.6848
Processing image 13: 1329.png
Image Shape:  torch.Size([4992, 6720])
Num Points: 14376 | Compression Ratio: 1000
Starting GPU variational importance sampling: 10063 importance + 4313 uniform
Image size: 4992x6720, Tile size: 1024
Importance sampling completed: 10063 points
Min Radius: 9.084618657048349, Scales_imp.median: 8.597404479980469
Starting uniform sampling with exclusion radius: 9.08
Uniform sampling completed: 4313 points
Sampling colors on GPU...
GPU sampling completed! Total points: 14376
[Init] Points: 14376, Means ∈ (0.0, 6718.1) × (0.0, 4991.0)
[Init] Scales: 14376, Scale ∈ (4.8, 92.4) × (4.8, 92.4)
[Init] Colors: 14376, Color ∈ (0.0, 1.0) × (0.0, 1.0)
Test PSNR:24.1631, MS_SSIM:0.767218
Training Complete in 1758.2865s, Eval time:0.01147466s, FPS:87.1486, Best PSNR: 24.1647
1329: 4992x6720, PSNR:24.1631, MS-SSIM:0.7672, Training:1758.2865s, Eval:0.01147466s, FPS:87.1486
Processing image 14: 1404.png
Image Shape:  torch.Size([7680, 4992])
Num Points: 16430 | Compression Ratio: 1000
Starting GPU variational importance sampling: 11501 importance + 4929 uniform
Image size: 7680x4992, Tile size: 1024
Importance sampling completed: 11501 points
Min Radius: 9.084539666889649, Scales_imp.median: 8.955779075622559
Starting uniform sampling with exclusion radius: 9.08
Uniform sampling completed: 4929 points
Sampling colors on GPU...
GPU sampling completed! Total points: 16430
[Init] Points: 16430, Means ∈ (0.0, 4991.6) × (0.0, 7678.5)
[Init] Scales: 16430, Scale ∈ (3.3, 76.3) × (3.3, 76.3)
[Init] Colors: 16430, Color ∈ (0.0, 1.0) × (0.0, 1.0)
Test PSNR:29.9093, MS_SSIM:0.933273
Training Complete in 1729.3188s, Eval time:0.00785886s, FPS:127.2449, Best PSNR: 29.9099
1404: 7680x4992, PSNR:29.9093, MS-SSIM:0.9333, Training:1729.3188s, Eval:0.00785886s, FPS:127.2449
Processing image 15: 1447.png
Image Shape:  torch.Size([5952, 7680])
Num Points: 19590 | Compression Ratio: 1000
Starting GPU variational importance sampling: 13713 importance + 5877 uniform
Image size: 5952x7680, Tile size: 1024
Importance sampling completed: 13713 points
Min Radius: 9.084450486928747, Scales_imp.median: 8.370625495910645
Starting uniform sampling with exclusion radius: 9.08
Uniform sampling completed: 5877 points
Sampling colors on GPU...
GPU sampling completed! Total points: 19590
[Init] Points: 19590, Means ∈ (0.0, 7679.0) × (0.0, 5951.8)
[Init] Scales: 19590, Scale ∈ (4.0, 79.2) × (4.0, 79.2)
[Init] Colors: 19590, Color ∈ (0.0, 1.0) × (0.0, 1.0)
Test PSNR:18.5690, MS_SSIM:0.713837
Training Complete in 2994.0740s, Eval time:0.02565195s, FPS:38.9834, Best PSNR: 18.5898
1447: 5952x7680, PSNR:18.5690, MS-SSIM:0.7138, Training:2994.0740s, Eval:0.02565195s, FPS:38.9834
Processing image 16: 1454.png
Image Shape:  torch.Size([7680, 4992])
Num Points: 16430 | Compression Ratio: 1000
Starting GPU variational importance sampling: 11501 importance + 4929 uniform
Image size: 7680x4992, Tile size: 1024
Importance sampling completed: 11501 points
Min Radius: 9.084539666889649, Scales_imp.median: 8.851179122924805
Starting uniform sampling with exclusion radius: 9.08
Uniform sampling completed: 4929 points
Sampling colors on GPU...
GPU sampling completed! Total points: 16430
[Init] Points: 16430, Means ∈ (0.0, 4991.4) × (0.0, 7679.5)
[Init] Scales: 16430, Scale ∈ (4.2, 102.8) × (4.2, 102.8)
[Init] Colors: 16430, Color ∈ (0.0, 1.0) × (0.0, 1.0)
Test PSNR:25.7776, MS_SSIM:0.863101
Training Complete in 1810.9029s, Eval time:0.00951684s, FPS:105.0769, Best PSNR: 25.7813
1454: 7680x4992, PSNR:25.7776, MS-SSIM:0.8631, Training:1810.9029s, Eval:0.00951684s, FPS:105.0769
Average: 5436x5880, PSNR:22.6592, MS-SSIM:0.7469, Training:1648.5480s, Eval:0.01051210s, FPS:145.6925
