Mon Jul 21 07:17:05 2025       
+-----------------------------------------------------------------------------------------+
| NVIDIA-SMI 550.54.14              Driver Version: 550.54.14      CUDA Version: 12.4     |
|-----------------------------------------+------------------------+----------------------+
| GPU  Name                 Persistence-M | Bus-Id          Disp.A | Volatile Uncorr. ECC |
| Fan  Temp   Perf          Pwr:Usage/Cap |           Memory-Usage | GPU-Util  Compute M. |
|                                         |                        |               MIG M. |
|=========================================+========================+======================|
|   0  NVIDIA A800-SXM4-80GB          On  |   00000000:25:00.0 Off |                    0 |
| N/A   42C    P0             60W /  400W |       0MiB /  81920MiB |      0%      Default |
|                                         |                        |             Disabled |
+-----------------------------------------+------------------------+----------------------+
                                                                                         
+-----------------------------------------------------------------------------------------+
| Processes:                                                                              |
|  GPU   GI   CI        PID   Type   Process name                              GPU Memory |
|        ID   ID                                                               Usage      |
|=========================================================================================|
|  No running processes found                                                             |
+-----------------------------------------------------------------------------------------+
Torch: 2.4.0+cu124, CUDA: True, Device: NVIDIA A800-SXM4-80GB
Training with SmartSplat Gaussian Image Model.......
Founding 16 Images in DIV8K Dataset .........
Processing image 1: 0001.png
Image Shape:  torch.Size([5376, 5760])
Num Points: 4423 | Compression Ratio: 3000
Starting GPU variational importance sampling: 3096 importance + 1327 uniform
Image size: 5376x5760, Tile size: 1024
Importance sampling completed: 3096 points
Min Radius: 15.735705209773101, Scales_imp.median: 14.68106746673584
Starting uniform sampling with exclusion radius: 15.74
Uniform sampling completed: 1327 points
Sampling colors on GPU...
GPU sampling completed! Total points: 4423
[Init] Points: 4423, Means ∈ (0.0, 5760.0) × (0.0, 5371.0)
[Init] Scales: 4423, Scale ∈ (9.6, 158.2) × (9.6, 158.2)
[Init] Colors: 4423, Color ∈ (0.0, 1.0) × (0.0, 1.0)
Test PSNR:21.9081, MS_SSIM:0.790775
Training Complete in 1857.8547s, Eval time:0.01568898s, FPS:63.7390, Best PSNR: 21.9110
0001: 5376x5760, PSNR:21.9081, MS-SSIM:0.7908, Training:1857.8547s, Eval:0.01568898s, FPS:63.7390
Processing image 2: 0138.png
Image Shape:  torch.Size([1920, 2880])
Num Points: 789 | Compression Ratio: 3000
Starting GPU variational importance sampling: 552 importance + 237 uniform
Image size: 1920x2880, Tile size: 1024
Importance sampling completed: 552 points
Min Radius: 15.743894306950944, Scales_imp.median: 11.879666328430176
Starting uniform sampling with exclusion radius: 15.74
Uniform sampling completed: 237 points
Sampling colors on GPU...
GPU sampling completed! Total points: 789
[Init] Points: 789, Means ∈ (0.0, 2879.0) × (0.0, 1919.0)
[Init] Scales: 789, Scale ∈ (9.7, 142.1) × (9.7, 142.1)
[Init] Colors: 789, Color ∈ (0.0, 0.9) × (0.0, 0.9)
Test PSNR:34.6276, MS_SSIM:0.988407
Training Complete in 337.5662s, Eval time:0.00160127s, FPS:624.5037, Best PSNR: 34.6306
0138: 1920x2880, PSNR:34.6276, MS-SSIM:0.9884, Training:337.5662s, Eval:0.00160127s, FPS:624.5037
Processing image 3: 0491.png
Image Shape:  torch.Size([5376, 6720])
Num Points: 5160 | Compression Ratio: 3000
Starting GPU variational importance sampling: 3611 importance + 1549 uniform
Image size: 5376x6720, Tile size: 1024
Importance sampling completed: 3611 points
Min Radius: 15.735959337327154, Scales_imp.median: 14.489147186279297
Starting uniform sampling with exclusion radius: 15.74
Uniform sampling completed: 1549 points
Sampling colors on GPU...
GPU sampling completed! Total points: 5160
[Init] Points: 5160, Means ∈ (0.0, 6719.5) × (0.0, 5375.4)
[Init] Scales: 5160, Scale ∈ (9.7, 128.8) × (9.7, 128.8)
[Init] Colors: 5160, Color ∈ (0.0, 1.0) × (0.0, 1.0)
Test PSNR:18.9947, MS_SSIM:0.589673
Training Complete in 1843.0345s, Eval time:0.01203779s, FPS:83.0717, Best PSNR: 18.9988
0491: 5376x6720, PSNR:18.9947, MS-SSIM:0.5897, Training:1843.0345s, Eval:0.01203779s, FPS:83.0717
Processing image 4: 0536.png
Image Shape:  torch.Size([6720, 5184])
Num Points: 4976 | Compression Ratio: 3000
Starting GPU variational importance sampling: 3483 importance + 1493 uniform
Image size: 6720x5184, Tile size: 1024
Importance sampling completed: 3483 points
Min Radius: 15.73550756352067, Scales_imp.median: 14.10515022277832
Starting uniform sampling with exclusion radius: 15.74
Uniform sampling completed: 1493 points
Sampling colors on GPU...
GPU sampling completed! Total points: 4976
[Init] Points: 4976, Means ∈ (0.0, 5183.0) × (0.0, 6717.2)
[Init] Scales: 4976, Scale ∈ (7.8, 140.8) × (7.8, 140.8)
[Init] Colors: 4976, Color ∈ (0.0, 1.0) × (0.0, 0.9)
Test PSNR:17.0285, MS_SSIM:0.408127
Training Complete in 1620.0225s, Eval time:0.01030475s, FPS:97.0427, Best PSNR: 17.0290
0536: 6720x5184, PSNR:17.0285, MS-SSIM:0.4081, Training:1620.0225s, Eval:0.01030475s, FPS:97.0427
Processing image 5: 0666.png
Image Shape:  torch.Size([6720, 6720])
Num Points: 6451 | Compression Ratio: 3000
Starting GPU variational importance sampling: 4515 importance + 1936 uniform
Image size: 6720x6720, Tile size: 1024
Importance sampling completed: 4515 points
Min Radius: 15.734739637341805, Scales_imp.median: 14.506345748901367
Starting uniform sampling with exclusion radius: 15.73
Uniform sampling completed: 1936 points
Sampling colors on GPU...
GPU sampling completed! Total points: 6451
[Init] Points: 6451, Means ∈ (0.0, 6719.3) × (0.0, 6717.8)
[Init] Scales: 6451, Scale ∈ (9.9, 128.9) × (9.9, 128.9)
[Init] Colors: 6451, Color ∈ (0.0, 1.0) × (0.0, 0.8)
Test PSNR:16.4485, MS_SSIM:0.441200
Training Complete in 2004.8254s, Eval time:0.01115683s, FPS:89.6312, Best PSNR: 16.4499
0666: 6720x6720, PSNR:16.4485, MS-SSIM:0.4412, Training:2004.8254s, Eval:0.01115683s, FPS:89.6312
Processing image 6: 0849.png
Image Shape:  torch.Size([6720, 4416])
Num Points: 4239 | Compression Ratio: 3000
Starting GPU variational importance sampling: 2967 importance + 1272 uniform
Image size: 6720x4416, Tile size: 1024
Importance sampling completed: 2967 points
Min Radius: 15.735163848645945, Scales_imp.median: 14.931674003601074
Starting uniform sampling with exclusion radius: 15.74
Uniform sampling completed: 1272 points
Sampling colors on GPU...
GPU sampling completed! Total points: 4239
[Init] Points: 4239, Means ∈ (0.0, 4415.0) × (0.0, 6717.0)
[Init] Scales: 4239, Scale ∈ (7.7, 125.1) × (7.7, 125.1)
[Init] Colors: 4239, Color ∈ (0.0, 1.0) × (0.0, 1.0)
Test PSNR:19.5161, MS_SSIM:0.557811
Training Complete in 1392.5698s, Eval time:0.00851679s, FPS:117.4152, Best PSNR: 19.5191
0849: 6720x4416, PSNR:19.5161, MS-SSIM:0.5578, Training:1392.5698s, Eval:0.00851679s, FPS:117.4152
Processing image 7: 0952.png
Image Shape:  torch.Size([3840, 6720])
Num Points: 3686 | Compression Ratio: 3000
Starting GPU variational importance sampling: 2580 importance + 1106 uniform
Image size: 3840x6720, Tile size: 1024
Importance sampling completed: 2580 points
Min Radius: 15.735349451880836, Scales_imp.median: 15.118173599243164
Starting uniform sampling with exclusion radius: 15.74
Uniform sampling completed: 1106 points
Sampling colors on GPU...
GPU sampling completed! Total points: 3686
[Init] Points: 3686, Means ∈ (0.0, 6717.0) × (0.0, 3839.7)
[Init] Scales: 3686, Scale ∈ (9.6, 132.5) × (9.6, 132.5)
[Init] Colors: 3686, Color ∈ (0.0, 1.0) × (0.0, 1.0)
Test PSNR:21.9198, MS_SSIM:0.601929
Training Complete in 1163.0145s, Eval time:0.00649732s, FPS:153.9095, Best PSNR: 21.9227
0952: 3840x6720, PSNR:21.9198, MS-SSIM:0.6019, Training:1163.0145s, Eval:0.00649732s, FPS:153.9095
Processing image 8: 1040.png
Image Shape:  torch.Size([4416, 6720])
Num Points: 4239 | Compression Ratio: 3000
Starting GPU variational importance sampling: 2967 importance + 1272 uniform
Image size: 4416x6720, Tile size: 1024
Importance sampling completed: 2967 points
Min Radius: 15.735163848645945, Scales_imp.median: 14.8406343460083
Starting uniform sampling with exclusion radius: 15.74
Uniform sampling completed: 1272 points
Sampling colors on GPU...
GPU sampling completed! Total points: 4239
[Init] Points: 4239, Means ∈ (0.0, 6712.0) × (0.0, 4415.7)
[Init] Scales: 4239, Scale ∈ (9.9, 112.8) × (9.9, 112.8)
[Init] Colors: 4239, Color ∈ (0.0, 1.0) × (0.0, 1.0)
Test PSNR:18.7819, MS_SSIM:0.513466
Training Complete in 1412.5665s, Eval time:0.00887723s, FPS:112.6478, Best PSNR: 18.7825
1040: 4416x6720, PSNR:18.7819, MS-SSIM:0.5135, Training:1412.5665s, Eval:0.00887723s, FPS:112.6478
Processing image 9: 1067.png
Image Shape:  torch.Size([4416, 6720])
Num Points: 4239 | Compression Ratio: 3000
Starting GPU variational importance sampling: 2967 importance + 1272 uniform
Image size: 4416x6720, Tile size: 1024
Importance sampling completed: 2967 points
Min Radius: 15.735163848645945, Scales_imp.median: 14.815886497497559
Starting uniform sampling with exclusion radius: 15.74
Uniform sampling completed: 1272 points
Sampling colors on GPU...
GPU sampling completed! Total points: 4239
[Init] Points: 4239, Means ∈ (0.0, 6717.0) × (0.6, 4415.0)
[Init] Scales: 4239, Scale ∈ (10.0, 230.7) × (10.0, 230.7)
[Init] Colors: 4239, Color ∈ (0.0, 1.0) × (0.0, 1.0)
Test PSNR:19.3584, MS_SSIM:0.605117
Training Complete in 1444.5232s, Eval time:0.00883324s, FPS:113.2087, Best PSNR: 19.3597
1067: 4416x6720, PSNR:19.3584, MS-SSIM:0.6051, Training:1444.5232s, Eval:0.00883324s, FPS:113.2087
Processing image 10: 1107.png
Image Shape:  torch.Size([6720, 4416])
Num Points: 4239 | Compression Ratio: 3000
Starting GPU variational importance sampling: 2967 importance + 1272 uniform
Image size: 6720x4416, Tile size: 1024
Importance sampling completed: 2967 points
Min Radius: 15.735163848645945, Scales_imp.median: 14.245388984680176
Starting uniform sampling with exclusion radius: 15.74
Uniform sampling completed: 1272 points
Sampling colors on GPU...
GPU sampling completed! Total points: 4239
[Init] Points: 4239, Means ∈ (0.0, 4415.0) × (0.0, 6717.4)
[Init] Scales: 4239, Scale ∈ (9.6, 141.1) × (9.6, 141.1)
[Init] Colors: 4239, Color ∈ (0.0, 1.0) × (0.0, 1.0)
Test PSNR:17.2821, MS_SSIM:0.716388
Training Complete in 1339.3218s, Eval time:0.00671642s, FPS:148.8888, Best PSNR: 17.2828
1107: 6720x4416, PSNR:17.2821, MS-SSIM:0.7164, Training:1339.3218s, Eval:0.00671642s, FPS:148.8888
Processing image 11: 1268.png
Image Shape:  torch.Size([4608, 6720])
Num Points: 4423 | Compression Ratio: 3000
Starting GPU variational importance sampling: 3096 importance + 1327 uniform
Image size: 4608x6720, Tile size: 1024
Importance sampling completed: 3096 points
Min Radius: 15.735705209773101, Scales_imp.median: 14.349030494689941
Starting uniform sampling with exclusion radius: 15.74
Uniform sampling completed: 1327 points
Sampling colors on GPU...
GPU sampling completed! Total points: 4423
[Init] Points: 4423, Means ∈ (0.0, 6719.4) × (0.0, 4607.0)
[Init] Scales: 4423, Scale ∈ (9.5, 158.2) × (9.5, 158.2)
[Init] Colors: 4423, Color ∈ (0.0, 1.0) × (0.0, 1.0)
Test PSNR:20.3631, MS_SSIM:0.750834
Training Complete in 1726.3090s, Eval time:0.01330975s, FPS:75.1329, Best PSNR: 20.3668
1268: 4608x6720, PSNR:20.3631, MS-SSIM:0.7508, Training:1726.3090s, Eval:0.01330975s, FPS:75.1329
Processing image 12: 1280.png
Image Shape:  torch.Size([3840, 6720])
Num Points: 3686 | Compression Ratio: 3000
Starting GPU variational importance sampling: 2580 importance + 1106 uniform
Image size: 3840x6720, Tile size: 1024
Importance sampling completed: 2580 points
Min Radius: 15.735349451880836, Scales_imp.median: 14.774931907653809
Starting uniform sampling with exclusion radius: 15.74
Uniform sampling completed: 1106 points
Sampling colors on GPU...
GPU sampling completed! Total points: 3686
[Init] Points: 3686, Means ∈ (0.0, 6717.0) × (0.0, 3838.2)
[Init] Scales: 3686, Scale ∈ (9.8, 131.2) × (9.8, 131.2)
[Init] Colors: 3686, Color ∈ (0.0, 1.0) × (0.0, 1.0)
Test PSNR:17.7855, MS_SSIM:0.486026
Training Complete in 1242.7637s, Eval time:0.00753851s, FPS:132.6523, Best PSNR: 17.7866
1280: 3840x6720, PSNR:17.7855, MS-SSIM:0.4860, Training:1242.7637s, Eval:0.00753851s, FPS:132.6523
Processing image 13: 1329.png
Image Shape:  torch.Size([4992, 6720])
Num Points: 4792 | Compression Ratio: 3000
Starting GPU variational importance sampling: 3354 importance + 1438 uniform
Image size: 4992x6720, Tile size: 1024
Importance sampling completed: 3354 points
Min Radius: 15.735021081395884, Scales_imp.median: 14.899428367614746
Starting uniform sampling with exclusion radius: 15.74
Uniform sampling completed: 1438 points
Sampling colors on GPU...
GPU sampling completed! Total points: 4792
[Init] Points: 4792, Means ∈ (0.0, 6717.0) × (0.0, 4991.0)
[Init] Scales: 4792, Scale ∈ (6.5, 156.2) × (6.5, 156.2)
[Init] Colors: 4792, Color ∈ (0.0, 1.0) × (0.0, 1.0)
Test PSNR:23.1820, MS_SSIM:0.696887
Training Complete in 1669.7344s, Eval time:0.01074459s, FPS:93.0701, Best PSNR: 23.1860
1329: 4992x6720, PSNR:23.1820, MS-SSIM:0.6969, Training:1669.7344s, Eval:0.01074459s, FPS:93.0701
Processing image 14: 1404.png
Image Shape:  torch.Size([7680, 4992])
Num Points: 5476 | Compression Ratio: 3000
Starting GPU variational importance sampling: 3833 importance + 1643 uniform
Image size: 7680x4992, Tile size: 1024
Importance sampling completed: 3833 points
Min Radius: 15.735842046156904, Scales_imp.median: 15.516205787658691
Starting uniform sampling with exclusion radius: 15.74
Uniform sampling completed: 1643 points
Sampling colors on GPU...
GPU sampling completed! Total points: 5476
[Init] Points: 5476, Means ∈ (0.0, 4991.6) × (0.0, 7674.9)
[Init] Scales: 5476, Scale ∈ (9.6, 121.2) × (9.6, 121.2)
[Init] Colors: 5476, Color ∈ (0.0, 1.0) × (0.0, 1.0)
Test PSNR:28.6199, MS_SSIM:0.915831
Training Complete in 1700.9542s, Eval time:0.00779270s, FPS:128.3252, Best PSNR: 28.6213
1404: 7680x4992, PSNR:28.6199, MS-SSIM:0.9158, Training:1700.9542s, Eval:0.00779270s, FPS:128.3252
Processing image 15: 1447.png
Image Shape:  torch.Size([5952, 7680])
Num Points: 6530 | Compression Ratio: 3000
Starting GPU variational importance sampling: 4571 importance + 1959 uniform
Image size: 5952x7680, Tile size: 1024
Importance sampling completed: 4571 points
Min Radius: 15.734729802204415, Scales_imp.median: 14.486629486083984
Starting uniform sampling with exclusion radius: 15.73
Uniform sampling completed: 1959 points
Sampling colors on GPU...
GPU sampling completed! Total points: 6530
[Init] Points: 6530, Means ∈ (0.0, 7673.4) × (0.0, 5949.7)
[Init] Scales: 6530, Scale ∈ (7.1, 150.6) × (7.1, 150.6)
[Init] Colors: 6530, Color ∈ (0.0, 1.0) × (0.0, 1.0)
Test PSNR:17.6245, MS_SSIM:0.588431
Training Complete in 2773.3365s, Eval time:0.02386496s, FPS:41.9024, Best PSNR: 17.6315
1447: 5952x7680, PSNR:17.6245, MS-SSIM:0.5884, Training:2773.3365s, Eval:0.02386496s, FPS:41.9024
Processing image 16: 1454.png
Image Shape:  torch.Size([7680, 4992])
Num Points: 5476 | Compression Ratio: 3000
Starting GPU variational importance sampling: 3833 importance + 1643 uniform
Image size: 7680x4992, Tile size: 1024
Importance sampling completed: 3833 points
Min Radius: 15.735842046156904, Scales_imp.median: 15.327290534973145
Starting uniform sampling with exclusion radius: 15.74
Uniform sampling completed: 1643 points
Sampling colors on GPU...
GPU sampling completed! Total points: 5476
[Init] Points: 5476, Means ∈ (0.0, 4991.0) × (0.0, 7679.5)
[Init] Scales: 5476, Scale ∈ (9.5, 146.0) × (9.5, 146.0)
[Init] Colors: 5476, Color ∈ (0.0, 1.0) × (0.0, 1.0)
Test PSNR:23.8848, MS_SSIM:0.792993
Training Complete in 1786.9911s, Eval time:0.01012653s, FPS:98.7505, Best PSNR: 23.8885
1454: 7680x4992, PSNR:23.8848, MS-SSIM:0.7930, Training:1786.9911s, Eval:0.01012653s, FPS:98.7505
Average: 5436x5880, PSNR:21.0828, MS-SSIM:0.6527, Training:1582.2117s, Eval:0.01022548s, FPS:135.8682
