Sun Jul 20 23:22:45 2025       
+-----------------------------------------------------------------------------------------+
| NVIDIA-SMI 550.54.14              Driver Version: 550.54.14      CUDA Version: 12.4     |
|-----------------------------------------+------------------------+----------------------+
| GPU  Name                 Persistence-M | Bus-Id          Disp.A | Volatile Uncorr. ECC |
| Fan  Temp   Perf          Pwr:Usage/Cap |           Memory-Usage | GPU-Util  Compute M. |
|                                         |                        |               MIG M. |
|=========================================+========================+======================|
|   0  NVIDIA A800-SXM4-80GB          On  |   00000000:EE:00.0 Off |                    0 |
| N/A   32C    P0             58W /  400W |       0MiB /  81920MiB |      0%      Default |
|                                         |                        |             Disabled |
+-----------------------------------------+------------------------+----------------------+
                                                                                         
+-----------------------------------------------------------------------------------------+
| Processes:                                                                              |
|  GPU   GI   CI        PID   Type   Process name                              GPU Memory |
|        ID   ID                                                               Usage      |
|=========================================================================================|
|  No running processes found                                                             |
+-----------------------------------------------------------------------------------------+
Torch: 2.4.0+cu124, CUDA: True, Device: NVIDIA A800-SXM4-80GB
Training with SmartSplat Gaussian Image Model.......
Founding 16 Images in DIV8K Dataset .........
Processing image 1: 0001.png
Image Shape:  torch.Size([5376, 5760])
Num Points: 66355 | Compression Ratio: 200
Starting GPU variational importance sampling: 46448 importance + 19907 uniform
Image size: 5376x5760, Tile size: 1024
Importance sampling completed: 46448 points
Min Radius: 4.062635451135409, Scales_imp.median: 3.797245502471924
Starting uniform sampling with exclusion radius: 4.06
Uniform sampling completed: 19907 points
Sampling colors on GPU...
GPU sampling completed! Total points: 66355
[Init] Points: 66355, Means ∈ (0.0, 5760.0) × (0.0, 5376.0)
[Init] Scales: 66355, Scale ∈ (2.5, 47.8) × (2.5, 47.8)
[Init] Colors: 66355, Color ∈ (0.0, 1.0) × (0.0, 1.0)
Test PSNR:27.6765, MS_SSIM:0.939792
Training Complete in 2075.4513s, Eval time:0.01699315s, FPS:58.8472, Best PSNR: 27.7609
0001: 5376x5760, PSNR:27.6765, MS-SSIM:0.9398, Training:2075.4513s, Eval:0.01699315s, FPS:58.8472
Processing image 2: 0138.png
Image Shape:  torch.Size([1920, 2880])
Num Points: 11849 | Compression Ratio: 200
Starting GPU variational importance sampling: 8294 importance + 3555 uniform
Image size: 1920x2880, Tile size: 1024
Importance sampling completed: 8294 points
Min Radius: 4.062653818988635, Scales_imp.median: 3.1100096702575684
Starting uniform sampling with exclusion radius: 4.06
Uniform sampling completed: 3555 points
Sampling colors on GPU...
GPU sampling completed! Total points: 11849
[Init] Points: 11849, Means ∈ (0.0, 2879.0) × (0.0, 1919.4)
[Init] Scales: 11849, Scale ∈ (1.7, 45.5) × (1.7, 45.5)
[Init] Colors: 11849, Color ∈ (0.1, 0.9) × (0.1, 1.0)
Test PSNR:44.3952, MS_SSIM:0.995599
Training Complete in 301.0592s, Eval time:0.00116087s, FPS:861.4197, Best PSNR: 44.4010
0138: 1920x2880, PSNR:44.3952, MS-SSIM:0.9956, Training:301.0592s, Eval:0.00116087s, FPS:861.4197
Processing image 3: 0491.png
Image Shape:  torch.Size([5376, 6720])
Num Points: 77414 | Compression Ratio: 200
Starting GPU variational importance sampling: 54189 importance + 23225 uniform
Image size: 5376x6720, Tile size: 1024
Importance sampling completed: 54189 points
Min Radius: 4.0626398244112, Scales_imp.median: 3.752950668334961
Starting uniform sampling with exclusion radius: 4.06
Uniform sampling completed: 23225 points
Sampling colors on GPU...
GPU sampling completed! Total points: 77414
[Init] Points: 77414, Means ∈ (0.0, 6719.5) × (0.0, 5375.4)
[Init] Scales: 77414, Scale ∈ (1.6, 42.7) × (1.6, 42.7)
[Init] Colors: 77414, Color ∈ (0.0, 1.0) × (0.0, 1.0)
Test PSNR:23.1990, MS_SSIM:0.861875
Training Complete in 2183.0558s, Eval time:0.01517910s, FPS:65.8801, Best PSNR: 23.1993
0491: 5376x6720, PSNR:23.1990, MS-SSIM:0.8619, Training:2183.0558s, Eval:0.01517910s, FPS:65.8801
Processing image 4: 0536.png
Image Shape:  torch.Size([6720, 5184])
Num Points: 74649 | Compression Ratio: 200
Starting GPU variational importance sampling: 52254 importance + 22395 uniform
Image size: 6720x5184, Tile size: 1024
Importance sampling completed: 52254 points
Min Radius: 4.062645655467556, Scales_imp.median: 3.6401383876800537
Starting uniform sampling with exclusion radius: 4.06
Uniform sampling completed: 22395 points
Sampling colors on GPU...
GPU sampling completed! Total points: 74649
[Init] Points: 74649, Means ∈ (0.0, 5183.8) × (0.0, 6718.9)
[Init] Scales: 74649, Scale ∈ (1.6, 47.3) × (1.6, 47.3)
[Init] Colors: 74649, Color ∈ (0.0, 1.0) × (0.0, 1.0)
Test PSNR:18.1258, MS_SSIM:0.686064
Training Complete in 1950.5912s, Eval time:0.01408353s, FPS:71.0049, Best PSNR: 18.1282
0536: 6720x5184, PSNR:18.1258, MS-SSIM:0.6861, Training:1950.5912s, Eval:0.01408353s, FPS:71.0049
Processing image 5: 0666.png
Image Shape:  torch.Size([6720, 6720])
Num Points: 96768 | Compression Ratio: 200
Starting GPU variational importance sampling: 67737 importance + 29031 uniform
Image size: 6720x6720, Tile size: 1024
Importance sampling completed: 67737 points
Min Radius: 4.062629328573029, Scales_imp.median: 3.7441649436950684
Starting uniform sampling with exclusion radius: 4.06
Uniform sampling completed: 29031 points
Sampling colors on GPU...
GPU sampling completed! Total points: 96768
[Init] Points: 96768, Means ∈ (0.0, 6719.9) × (0.0, 6719.4)
[Init] Scales: 96768, Scale ∈ (2.5, 44.8) × (2.5, 44.8)
[Init] Colors: 96768, Color ∈ (0.0, 1.0) × (0.0, 0.9)
Test PSNR:20.0529, MS_SSIM:0.799125
Training Complete in 2227.4501s, Eval time:0.01384845s, FPS:72.2102, Best PSNR: 20.0545
0666: 6720x6720, PSNR:20.0529, MS-SSIM:0.7991, Training:2227.4501s, Eval:0.01384845s, FPS:72.2102
Processing image 6: 0849.png
Image Shape:  torch.Size([6720, 4416])
Num Points: 63590 | Compression Ratio: 200
Starting GPU variational importance sampling: 44513 importance + 19077 uniform
Image size: 6720x4416, Tile size: 1024
Importance sampling completed: 44513 points
Min Radius: 4.062642106125914, Scales_imp.median: 3.8559775352478027
Starting uniform sampling with exclusion radius: 4.06
Uniform sampling completed: 19077 points
Sampling colors on GPU...
GPU sampling completed! Total points: 63590
[Init] Points: 63590, Means ∈ (0.0, 4415.9) × (0.0, 6719.7)
[Init] Scales: 63590, Scale ∈ (1.5, 43.7) × (1.5, 43.7)
[Init] Colors: 63590, Color ∈ (0.0, 1.0) × (0.0, 1.0)
Test PSNR:25.0747, MS_SSIM:0.865300
Training Complete in 1576.7452s, Eval time:0.00942230s, FPS:106.1311, Best PSNR: 25.0749
0849: 6720x4416, PSNR:25.0747, MS-SSIM:0.8653, Training:1576.7452s, Eval:0.00942230s, FPS:106.1311
Processing image 7: 0952.png
Image Shape:  torch.Size([3840, 6720])
Num Points: 55296 | Compression Ratio: 200
Starting GPU variational importance sampling: 38707 importance + 16589 uniform
Image size: 3840x6720, Tile size: 1024
Importance sampling completed: 38707 points
Min Radius: 4.062629328573029, Scales_imp.median: 3.9028024673461914
Starting uniform sampling with exclusion radius: 4.06
Uniform sampling completed: 16589 points
Sampling colors on GPU...
GPU sampling completed! Total points: 55296
[Init] Points: 55296, Means ∈ (0.0, 6719.9) × (0.0, 3839.9)
[Init] Scales: 55296, Scale ∈ (2.2, 38.8) × (2.2, 38.8)
[Init] Colors: 55296, Color ∈ (0.0, 1.0) × (0.0, 1.0)
Test PSNR:27.6808, MS_SSIM:0.869548
Training Complete in 1360.5538s, Eval time:0.00802026s, FPS:124.6842, Best PSNR: 27.6813
0952: 3840x6720, PSNR:27.6808, MS-SSIM:0.8695, Training:1360.5538s, Eval:0.00802026s, FPS:124.6842
Processing image 8: 1040.png
Image Shape:  torch.Size([4416, 6720])
Num Points: 63590 | Compression Ratio: 200
Starting GPU variational importance sampling: 44513 importance + 19077 uniform
Image size: 4416x6720, Tile size: 1024
Importance sampling completed: 44513 points
Min Radius: 4.062642106125914, Scales_imp.median: 3.82710599899292
Starting uniform sampling with exclusion radius: 4.06
Uniform sampling completed: 19077 points
Sampling colors on GPU...
GPU sampling completed! Total points: 63590
[Init] Points: 63590, Means ∈ (0.0, 6720.0) × (0.0, 4416.0)
[Init] Scales: 63590, Scale ∈ (1.2, 37.2) × (1.2, 37.2)
[Init] Colors: 63590, Color ∈ (0.0, 1.0) × (0.0, 1.0)
Test PSNR:23.2180, MS_SSIM:0.870365
Training Complete in 1613.2373s, Eval time:0.00964597s, FPS:103.6703, Best PSNR: 23.2181
1040: 4416x6720, PSNR:23.2180, MS-SSIM:0.8704, Training:1613.2373s, Eval:0.00964597s, FPS:103.6703
Processing image 9: 1067.png
Image Shape:  torch.Size([4416, 6720])
Num Points: 63590 | Compression Ratio: 200
Starting GPU variational importance sampling: 44513 importance + 19077 uniform
Image size: 4416x6720, Tile size: 1024
Importance sampling completed: 44513 points
Min Radius: 4.062642106125914, Scales_imp.median: 3.8250880241394043
Starting uniform sampling with exclusion radius: 4.06
Uniform sampling completed: 19077 points
Sampling colors on GPU...
GPU sampling completed! Total points: 63590
[Init] Points: 63590, Means ∈ (0.0, 6719.9) × (0.0, 4415.3)
[Init] Scales: 63590, Scale ∈ (2.0, 52.0) × (2.0, 52.0)
[Init] Colors: 63590, Color ∈ (0.0, 1.0) × (0.0, 1.0)
Test PSNR:24.0218, MS_SSIM:0.846510
Training Complete in 1557.5663s, Eval time:0.00912552s, FPS:109.5828, Best PSNR: 24.0223
1067: 4416x6720, PSNR:24.0218, MS-SSIM:0.8465, Training:1557.5663s, Eval:0.00912552s, FPS:109.5828
Processing image 10: 1107.png
Image Shape:  torch.Size([6720, 4416])
Num Points: 63590 | Compression Ratio: 200
Starting GPU variational importance sampling: 44513 importance + 19077 uniform
Image size: 6720x4416, Tile size: 1024
Importance sampling completed: 44513 points
Min Radius: 4.062642106125914, Scales_imp.median: 3.682446002960205
Starting uniform sampling with exclusion radius: 4.06
Uniform sampling completed: 19077 points
Sampling colors on GPU...
GPU sampling completed! Total points: 63590
[Init] Points: 63590, Means ∈ (0.0, 4415.4) × (0.0, 6719.9)
[Init] Scales: 63590, Scale ∈ (1.7, 46.2) × (1.7, 46.2)
[Init] Colors: 63590, Color ∈ (0.0, 1.0) × (0.0, 1.0)
Test PSNR:23.2252, MS_SSIM:0.937555
Training Complete in 1415.1713s, Eval time:0.00692097s, FPS:144.4885, Best PSNR: 23.2254
1107: 6720x4416, PSNR:23.2252, MS-SSIM:0.9376, Training:1415.1713s, Eval:0.00692097s, FPS:144.4885
Processing image 11: 1268.png
Image Shape:  torch.Size([4608, 6720])
Num Points: 66355 | Compression Ratio: 200
Starting GPU variational importance sampling: 46448 importance + 19907 uniform
Image size: 4608x6720, Tile size: 1024
Importance sampling completed: 46448 points
Min Radius: 4.062635451135409, Scales_imp.median: 3.731567859649658
Starting uniform sampling with exclusion radius: 4.06
Uniform sampling completed: 19907 points
Sampling colors on GPU...
GPU sampling completed! Total points: 66355
[Init] Points: 66355, Means ∈ (0.0, 6719.4) × (0.0, 4607.8)
[Init] Scales: 66355, Scale ∈ (2.5, 44.2) × (2.5, 44.2)
[Init] Colors: 66355, Color ∈ (0.0, 1.0) × (0.0, 1.0)
Test PSNR:21.7279, MS_SSIM:0.837729
Training Complete in 2534.6227s, Eval time:0.02478890s, FPS:40.3406, Best PSNR: 23.4827
1268: 4608x6720, PSNR:21.7279, MS-SSIM:0.8377, Training:2534.6227s, Eval:0.02478890s, FPS:40.3406
Processing image 12: 1280.png
Image Shape:  torch.Size([3840, 6720])
Num Points: 55296 | Compression Ratio: 200
Starting GPU variational importance sampling: 38707 importance + 16589 uniform
Image size: 3840x6720, Tile size: 1024
Importance sampling completed: 38707 points
Min Radius: 4.062629328573029, Scales_imp.median: 3.812251567840576
Starting uniform sampling with exclusion radius: 4.06
Uniform sampling completed: 16589 points
Sampling colors on GPU...
GPU sampling completed! Total points: 55296
[Init] Points: 55296, Means ∈ (0.0, 6719.9) × (0.0, 3839.9)
[Init] Scales: 55296, Scale ∈ (2.2, 46.2) × (2.2, 46.2)
[Init] Colors: 55296, Color ∈ (0.0, 1.0) × (0.0, 1.0)
Test PSNR:23.2988, MS_SSIM:0.848645
Training Complete in 1461.5913s, Eval time:0.00895570s, FPS:111.6608, Best PSNR: 23.2998
1280: 3840x6720, PSNR:23.2988, MS-SSIM:0.8486, Training:1461.5913s, Eval:0.00895570s, FPS:111.6608
Processing image 13: 1329.png
Image Shape:  torch.Size([4992, 6720])
Num Points: 71884 | Compression Ratio: 200
Starting GPU variational importance sampling: 50318 importance + 21566 uniform
Image size: 4992x6720, Tile size: 1024
Importance sampling completed: 50318 points
Min Radius: 4.062651935094788, Scales_imp.median: 3.847226142883301
Starting uniform sampling with exclusion radius: 4.06
Uniform sampling completed: 21566 points
Sampling colors on GPU...
GPU sampling completed! Total points: 71884
[Init] Points: 71884, Means ∈ (0.0, 6719.7) × (0.0, 4991.9)
[Init] Scales: 71884, Scale ∈ (2.0, 42.2) × (2.0, 42.2)
[Init] Colors: 71884, Color ∈ (0.0, 1.0) × (0.0, 1.0)
Test PSNR:26.0503, MS_SSIM:0.866249
Training Complete in 1898.3936s, Eval time:0.01227855s, FPS:81.4428, Best PSNR: 26.0510
1329: 4992x6720, PSNR:26.0503, MS-SSIM:0.8662, Training:1898.3936s, Eval:0.01227855s, FPS:81.4428
Processing image 14: 1404.png
Image Shape:  torch.Size([7680, 4992])
Num Points: 82154 | Compression Ratio: 200
Starting GPU variational importance sampling: 57507 importance + 24647 uniform
Image size: 7680x4992, Tile size: 1024
Importance sampling completed: 57507 points
Min Radius: 4.062630741469583, Scales_imp.median: 4.005161762237549
Starting uniform sampling with exclusion radius: 4.06
Uniform sampling completed: 24647 points
Sampling colors on GPU...
GPU sampling completed! Total points: 82154
[Init] Points: 82154, Means ∈ (0.0, 4991.6) × (0.0, 7679.6)
[Init] Scales: 82154, Scale ∈ (2.5, 39.4) × (2.5, 39.4)
[Init] Colors: 82154, Color ∈ (0.0, 1.0) × (0.0, 1.0)
Test PSNR:33.3978, MS_SSIM:0.956304
Training Complete in 1919.9590s, Eval time:0.00962262s, FPS:103.9218, Best PSNR: 33.3985
1404: 7680x4992, PSNR:33.3978, MS-SSIM:0.9563, Training:1919.9590s, Eval:0.00962262s, FPS:103.9218
Processing image 15: 1447.png
Image Shape:  torch.Size([5952, 7680])
Num Points: 97952 | Compression Ratio: 200
Starting GPU variational importance sampling: 68566 importance + 29386 uniform
Image size: 5952x7680, Tile size: 1024
Importance sampling completed: 68566 points
Min Radius: 4.062648288856075, Scales_imp.median: 3.745762586593628
Starting uniform sampling with exclusion radius: 4.06
Uniform sampling completed: 29386 points
Sampling colors on GPU...
GPU sampling completed! Total points: 97952
[Init] Points: 97952, Means ∈ (0.0, 7679.3) × (0.0, 5951.8)
[Init] Scales: 97952, Scale ∈ (2.5, 46.2) × (2.5, 46.2)
[Init] Colors: 97952, Color ∈ (0.0, 1.0) × (0.0, 1.0)
Test PSNR:21.9337, MS_SSIM:0.871158
Training Complete in 3354.3686s, Eval time:0.02924999s, FPS:34.1880, Best PSNR: 22.0732
1447: 5952x7680, PSNR:21.9337, MS-SSIM:0.8712, Training:3354.3686s, Eval:0.02924999s, FPS:34.1880
Processing image 16: 1454.png
Image Shape:  torch.Size([7680, 4992])
Num Points: 82154 | Compression Ratio: 200
Starting GPU variational importance sampling: 57507 importance + 24647 uniform
Image size: 7680x4992, Tile size: 1024
Importance sampling completed: 57507 points
Min Radius: 4.062630741469583, Scales_imp.median: 3.957061529159546
Starting uniform sampling with exclusion radius: 4.06
Uniform sampling completed: 24647 points
Sampling colors on GPU...
GPU sampling completed! Total points: 82154
[Init] Points: 82154, Means ∈ (0.0, 4992.0) × (0.0, 7679.5)
[Init] Scales: 82154, Scale ∈ (1.6, 54.7) × (1.6, 54.7)
[Init] Colors: 82154, Color ∈ (0.0, 1.0) × (0.0, 1.0)
Test PSNR:28.7894, MS_SSIM:0.940112
Training Complete in 2011.9046s, Eval time:0.01109225s, FPS:90.1530, Best PSNR: 28.7910
1454: 7680x4992, PSNR:28.7894, MS-SSIM:0.9401, Training:2011.9046s, Eval:0.01109225s, FPS:90.1530
Average: 5436x5880, PSNR:25.7417, MS-SSIM:0.8745, Training:1840.1075s, Eval:0.01252426s, FPS:136.2266
