Sun Jul 20 22:18:25 2025       
+-----------------------------------------------------------------------------------------+
| NVIDIA-SMI 550.54.14              Driver Version: 550.54.14      CUDA Version: 12.4     |
|-----------------------------------------+------------------------+----------------------+
| GPU  Name                 Persistence-M | Bus-Id          Disp.A | Volatile Uncorr. ECC |
| Fan  Temp   Perf          Pwr:Usage/Cap |           Memory-Usage | GPU-Util  Compute M. |
|                                         |                        |               MIG M. |
|=========================================+========================+======================|
|   0  NVIDIA A800-SXM4-80GB          On  |   00000000:D0:00.0 Off |                    0 |
| N/A   35C    P0             56W /  400W |       0MiB /  81920MiB |      0%      Default |
|                                         |                        |             Disabled |
+-----------------------------------------+------------------------+----------------------+
                                                                                         
+-----------------------------------------------------------------------------------------+
| Processes:                                                                              |
|  GPU   GI   CI        PID   Type   Process name                              GPU Memory |
|        ID   ID                                                               Usage      |
|=========================================================================================|
|  No running processes found                                                             |
+-----------------------------------------------------------------------------------------+
Torch: 2.4.0+cu124, CUDA: True, Device: NVIDIA A800-SXM4-80GB
Training with SmartSplat Gaussian Image Model.......
Founding 8 Images in DIV16K Dataset .........
Processing image 1: 0810_moreDetail_x8_16320x12288.png
Image Shape:  torch.Size([12288, 16320])
Num Points: 1718915 | Compression Ratio: 50
Starting GPU variational importance sampling: 1203240 importance + 515675 uniform
Image size: 12288x16320, Tile size: 1024
Importance sampling completed: 1203240 points
Min Radius: 2.0313150525732517, Scales_imp.median: 1.9202184677124023
Starting uniform sampling with exclusion radius: 2.03
Uniform sampling completed: 418217 points
Sampling colors on GPU...
GPU sampling completed! Total points: 1621457
[Init] Points: 1621457, Means ∈ (0.0, 16320.0) × (0.0, 12288.0)
[Init] Scales: 1621457, Scale ∈ (1.2, 29.6) × (1.2, 29.6)
[Init] Colors: 1621457, Color ∈ (0.0, 1.0) × (0.0, 1.0)
Expect Points:  1718915
Sampling Points:  1621457
Test PSNR:29.2574, MS_SSIM:0.947877
Training Complete in 14312.0754s, Eval time:0.14397933s, FPS:6.9454, Best PSNR: 33.5579
0810_moreDetail_x8_16320x12288: 12288x16320, PSNR:29.2574, MS-SSIM:0.9479, Training:14312.0754s, Eval:0.14397933s, FPS:6.9454
Processing image 2: 0823_moreDetail_x8_16320x10272.png
Image Shape:  torch.Size([10272, 16320])
Num Points: 1436906 | Compression Ratio: 50
Starting GPU variational importance sampling: 1005834 importance + 431072 uniform
Image size: 10272x16320, Tile size: 1024
Importance sampling completed: 1005834 points
Min Radius: 2.0313147046771602, Scales_imp.median: 1.9261075258255005
Starting uniform sampling with exclusion radius: 2.03
Uniform sampling completed: 422253 points
Sampling colors on GPU...
GPU sampling completed! Total points: 1428087
[Init] Points: 1428087, Means ∈ (0.0, 16319.9) × (0.0, 10272.0)
[Init] Scales: 1428087, Scale ∈ (1.2, 27.1) × (1.2, 27.1)
[Init] Colors: 1428087, Color ∈ (0.0, 1.0) × (0.0, 1.0)
Expect Points:  1436906
Sampling Points:  1428087
Test PSNR:29.8668, MS_SSIM:0.913589
Training Complete in 12243.4783s, Eval time:0.13628591s, FPS:7.3375, Best PSNR: 32.4618
0823_moreDetail_x8_16320x10272: 10272x16320, PSNR:29.8668, MS-SSIM:0.9136, Training:12243.4783s, Eval:0.13628591s, FPS:7.3375
Processing image 3: 0826_moreDetail_x8_16320x12288.png
Image Shape:  torch.Size([12288, 16320])
Num Points: 1718915 | Compression Ratio: 50
Starting GPU variational importance sampling: 1203240 importance + 515675 uniform
Image size: 12288x16320, Tile size: 1024
Importance sampling completed: 1203240 points
Min Radius: 2.0313150525732517, Scales_imp.median: 1.9144006967544556
Starting uniform sampling with exclusion radius: 2.03
Uniform sampling completed: 421480 points
Sampling colors on GPU...
GPU sampling completed! Total points: 1624720
[Init] Points: 1624720, Means ∈ (0.0, 16319.9) × (0.0, 12288.0)
[Init] Scales: 1624720, Scale ∈ (0.0, 27.9) × (0.0, 27.9)
[Init] Colors: 1624720, Color ∈ (0.0, 1.0) × (0.0, 1.0)
Expect Points:  1718915
Sampling Points:  1624720
Test PSNR:35.0534, MS_SSIM:0.960791
Training Complete in 12913.7376s, Eval time:0.11822786s, FPS:8.4582, Best PSNR: 35.0555
0826_moreDetail_x8_16320x12288: 12288x16320, PSNR:35.0534, MS-SSIM:0.9608, Training:12913.7376s, Eval:0.11822786s, FPS:8.4582
Processing image 4: 0835_moreDetail_x8_12960x16320.png
Image Shape:  torch.Size([16320, 12960])
Num Points: 1812918 | Compression Ratio: 50
Starting GPU variational importance sampling: 1269042 importance + 543876 uniform
Image size: 16320x12960, Tile size: 1024
Importance sampling completed: 1269042 points
Min Radius: 2.03131514448657, Scales_imp.median: 1.9191631078720093
Starting uniform sampling with exclusion radius: 2.03
Uniform sampling completed: 410598 points
Sampling colors on GPU...
GPU sampling completed! Total points: 1679640
[Init] Points: 1679640, Means ∈ (0.0, 12960.0) × (0.0, 16320.0)
[Init] Scales: 1679640, Scale ∈ (1.2, 28.1) × (1.2, 28.1)
[Init] Colors: 1679640, Color ∈ (0.0, 1.0) × (0.0, 1.0)
Expect Points:  1812918
Sampling Points:  1679640
Test PSNR:28.4489, MS_SSIM:0.866268
Training Complete in 14574.0264s, Eval time:0.14984064s, FPS:6.6738, Best PSNR: 28.7699
0835_moreDetail_x8_12960x16320: 16320x12960, PSNR:28.4489, MS-SSIM:0.8663, Training:14574.0264s, Eval:0.14984064s, FPS:6.6738
Processing image 5: 0855_moreDetail_x8_16320x16320.png
Image Shape:  torch.Size([16320, 16320])
Num Points: 2282934 | Compression Ratio: 50
Starting GPU variational importance sampling: 1598053 importance + 684881 uniform
Image size: 16320x16320, Tile size: 1024
Importance sampling completed: 1598053 points
Min Radius: 2.031315045621825, Scales_imp.median: 1.9960181713104248
Starting uniform sampling with exclusion radius: 2.03
Uniform sampling completed: 403593 points
Sampling colors on GPU...
GPU sampling completed! Total points: 2001646
[Init] Points: 2001646, Means ∈ (0.0, 16319.9) × (0.0, 16320.0)
[Init] Scales: 2001646, Scale ∈ (1.2, 28.6) × (1.2, 28.6)
[Init] Colors: 2001646, Color ∈ (0.0, 1.0) × (0.0, 1.0)
Expect Points:  2282934
Sampling Points:  2001646
Test PSNR:29.3115, MS_SSIM:0.826069
Training Complete in 22245.3815s, Eval time:0.29507323s, FPS:3.3890, Best PSNR: 36.7974
0855_moreDetail_x8_16320x16320: 16320x16320, PSNR:29.3115, MS-SSIM:0.8261, Training:22245.3815s, Eval:0.29507323s, FPS:3.3890
Processing image 6: 0873_moreDetail_x8_16320x10848.png
Image Shape:  torch.Size([10848, 16312])
Num Points: 1516736 | Compression Ratio: 50
Starting GPU variational importance sampling: 1061715 importance + 455021 uniform
Image size: 10848x16312, Tile size: 1024
Importance sampling completed: 1061715 points
Min Radius: 2.03131490918106, Scales_imp.median: 1.9173765182495117
Starting uniform sampling with exclusion radius: 2.03
Uniform sampling completed: 422712 points
Sampling colors on GPU...
GPU sampling completed! Total points: 1484427
[Init] Points: 1484427, Means ∈ (0.0, 16312.0) × (0.0, 10848.0)
[Init] Scales: 1484427, Scale ∈ (0.0, 26.1) × (0.0, 26.1)
[Init] Colors: 1484427, Color ∈ (0.0, 1.0) × (0.0, 1.0)
Expect Points:  1516736
Sampling Points:  1484427
Test PSNR:39.4664, MS_SSIM:0.977025
Training Complete in 10496.3472s, Eval time:0.07840889s, FPS:12.7537, Best PSNR: 39.4673
0873_moreDetail_x8_16320x10848: 10848x16312, PSNR:39.4664, MS-SSIM:0.9770, Training:10496.3472s, Eval:0.07840889s, FPS:12.7537
Processing image 7: 0875_moreDetail_x8_16320x12288.png
Image Shape:  torch.Size([12288, 16320])
Num Points: 1718915 | Compression Ratio: 50
Starting GPU variational importance sampling: 1203240 importance + 515675 uniform
Image size: 12288x16320, Tile size: 1024
Importance sampling completed: 1203240 points
Min Radius: 2.0313150525732517, Scales_imp.median: 1.9554022550582886
Starting uniform sampling with exclusion radius: 2.03
Uniform sampling completed: 415606 points
Sampling colors on GPU...
GPU sampling completed! Total points: 1618846
[Init] Points: 1618846, Means ∈ (0.0, 16320.0) × (0.0, 12288.0)
[Init] Scales: 1618846, Scale ∈ (1.2, 27.3) × (1.2, 27.3)
[Init] Colors: 1618846, Color ∈ (0.0, 1.0) × (0.0, 1.0)
Expect Points:  1718915
Sampling Points:  1618846
Test PSNR:36.2939, MS_SSIM:0.934687
Training Complete in 12234.8597s, Eval time:0.08937668s, FPS:11.1886, Best PSNR: 36.2944
0875_moreDetail_x8_16320x12288: 12288x16320, PSNR:36.2939, MS-SSIM:0.9347, Training:12234.8597s, Eval:0.08937668s, FPS:11.1886
Processing image 8: 0896_moreDetail_x8_16320x10848.png
Image Shape:  torch.Size([10848, 16312])
Num Points: 1516736 | Compression Ratio: 50
Starting GPU variational importance sampling: 1061715 importance + 455021 uniform
Image size: 10848x16312, Tile size: 1024
Importance sampling completed: 1061715 points
Min Radius: 2.03131490918106, Scales_imp.median: 2.003142833709717
Starting uniform sampling with exclusion radius: 2.03
Uniform sampling completed: 432508 points
Sampling colors on GPU...
GPU sampling completed! Total points: 1494223
[Init] Points: 1494223, Means ∈ (0.0, 16312.0) × (0.0, 10848.0)
[Init] Scales: 1494223, Scale ∈ (1.2, 25.8) × (1.2, 25.8)
[Init] Colors: 1494223, Color ∈ (0.0, 1.0) × (0.0, 1.0)
Expect Points:  1516736
Sampling Points:  1494223
Test PSNR:47.0142, MS_SSIM:0.987626
Training Complete in 11258.3495s, Eval time:0.09396043s, FPS:10.6428, Best PSNR: 47.3393
0896_moreDetail_x8_16320x10848: 10848x16312, PSNR:47.0142, MS-SSIM:0.9876, Training:11258.3495s, Eval:0.09396043s, FPS:10.6428
Average: 12684x15898, PSNR:34.3391, MS-SSIM:0.9267, Training:13784.7822s, Eval:0.13814412s, FPS:8.4236
