Sun Jul 20 23:29:56 2025       
+-----------------------------------------------------------------------------------------+
| NVIDIA-SMI 550.54.14              Driver Version: 550.54.14      CUDA Version: 12.4     |
|-----------------------------------------+------------------------+----------------------+
| GPU  Name                 Persistence-M | Bus-Id          Disp.A | Volatile Uncorr. ECC |
| Fan  Temp   Perf          Pwr:Usage/Cap |           Memory-Usage | GPU-Util  Compute M. |
|                                         |                        |               MIG M. |
|=========================================+========================+======================|
|   0  NVIDIA A800-SXM4-80GB          On  |   00000000:EE:00.0 Off |                    0 |
| N/A   31C    P0             57W /  400W |       0MiB /  81920MiB |      0%      Default |
|                                         |                        |             Disabled |
+-----------------------------------------+------------------------+----------------------+
                                                                                         
+-----------------------------------------------------------------------------------------+
| Processes:                                                                              |
|  GPU   GI   CI        PID   Type   Process name                              GPU Memory |
|        ID   ID                                                               Usage      |
|=========================================================================================|
|  No running processes found                                                             |
+-----------------------------------------------------------------------------------------+
Torch: 2.4.0+cu124, CUDA: True, Device: NVIDIA A800-SXM4-80GB
Training with SmartSplat Gaussian Image Model.......
Founding 16 Images in DIV8K Dataset .........
Processing image 1: 0001.png
Image Shape:  torch.Size([5376, 5760])
Num Points: 26542 | Compression Ratio: 500
Starting GPU variational importance sampling: 18579 importance + 7963 uniform
Image size: 5376x5760, Tile size: 1024
Importance sampling completed: 18579 points
Min Radius: 6.423590664266794, Scales_imp.median: 6.002264499664307
Starting uniform sampling with exclusion radius: 6.42
Uniform sampling completed: 7963 points
Sampling colors on GPU...
GPU sampling completed! Total points: 26542
[Init] Points: 26542, Means ∈ (0.0, 5760.0) × (0.0, 5376.0)
[Init] Scales: 26542, Scale ∈ (2.8, 66.0) × (2.8, 66.0)
[Init] Colors: 26542, Color ∈ (0.0, 1.0) × (0.0, 1.0)
Test PSNR:25.3121, MS_SSIM:0.901901
Training Complete in 2026.0754s, Eval time:0.01631784s, FPS:61.2826, Best PSNR: 25.3127
0001: 5376x5760, PSNR:25.3121, MS-SSIM:0.9019, Training:2026.0754s, Eval:0.01631784s, FPS:61.2826
Processing image 2: 0138.png
Image Shape:  torch.Size([1920, 2880])
Num Points: 4739 | Compression Ratio: 500
Starting GPU variational importance sampling: 3317 importance + 1422 uniform
Image size: 1920x2880, Tile size: 1024
Importance sampling completed: 3317 points
Min Radius: 6.424026337521514, Scales_imp.median: 4.877692222595215
Starting uniform sampling with exclusion radius: 6.42
Uniform sampling completed: 1422 points
Sampling colors on GPU...
GPU sampling completed! Total points: 4739
[Init] Points: 4739, Means ∈ (0.0, 2879.0) × (0.0, 1919.4)
[Init] Scales: 4739, Scale ∈ (1.8, 62.4) × (1.8, 62.4)
[Init] Colors: 4739, Color ∈ (0.0, 0.9) × (0.0, 1.0)
Test PSNR:41.2502, MS_SSIM:0.994395
Training Complete in 297.0625s, Eval time:0.00116594s, FPS:857.6783, Best PSNR: 41.2563
0138: 1920x2880, PSNR:41.2502, MS-SSIM:0.9944, Training:297.0625s, Eval:0.00116594s, FPS:857.6783
Processing image 3: 0491.png
Image Shape:  torch.Size([5376, 6720])
Num Points: 30965 | Compression Ratio: 500
Starting GPU variational importance sampling: 21675 importance + 9290 uniform
Image size: 5376x6720, Tile size: 1024
Importance sampling completed: 21675 points
Min Radius: 6.42365981283335, Scales_imp.median: 5.932492256164551
Starting uniform sampling with exclusion radius: 6.42
Uniform sampling completed: 9290 points
Sampling colors on GPU...
GPU sampling completed! Total points: 30965
[Init] Points: 30965, Means ∈ (0.0, 6719.5) × (0.0, 5375.4)
[Init] Scales: 30965, Scale ∈ (1.6, 61.6) × (1.6, 61.6)
[Init] Colors: 30965, Color ∈ (0.0, 1.0) × (0.0, 1.0)
Test PSNR:21.3248, MS_SSIM:0.776691
Training Complete in 2042.3110s, Eval time:0.01404188s, FPS:71.2156, Best PSNR: 21.3474
0491: 5376x6720, PSNR:21.3248, MS-SSIM:0.7767, Training:2042.3110s, Eval:0.01404188s, FPS:71.2156
Processing image 4: 0536.png
Image Shape:  torch.Size([6720, 5184])
Num Points: 29859 | Compression Ratio: 500
Starting GPU variational importance sampling: 20901 importance + 8958 uniform
Image size: 6720x5184, Tile size: 1024
Importance sampling completed: 20901 points
Min Radius: 6.423671337811552, Scales_imp.median: 5.758685111999512
Starting uniform sampling with exclusion radius: 6.42
Uniform sampling completed: 8958 points
Sampling colors on GPU...
GPU sampling completed! Total points: 29859
[Init] Points: 29859, Means ∈ (0.0, 5183.3) × (0.0, 6717.4)
[Init] Scales: 29859, Scale ∈ (2.5, 89.4) × (2.5, 89.4)
[Init] Colors: 29859, Color ∈ (0.0, 1.0) × (0.0, 1.0)
Test PSNR:17.6960, MS_SSIM:0.584712
Training Complete in 1763.5869s, Eval time:0.01085749s, FPS:92.1023, Best PSNR: 17.6968
0536: 6720x5184, PSNR:17.6960, MS-SSIM:0.5847, Training:1763.5869s, Eval:0.01085749s, FPS:92.1023
Processing image 5: 0666.png
Image Shape:  torch.Size([6720, 6720])
Num Points: 38707 | Compression Ratio: 500
Starting GPU variational importance sampling: 27094 importance + 11613 uniform
Image size: 6720x6720, Tile size: 1024
Importance sampling completed: 27094 points
Min Radius: 6.423597579022961, Scales_imp.median: 5.922822952270508
Starting uniform sampling with exclusion radius: 6.42
Uniform sampling completed: 11613 points
Sampling colors on GPU...
GPU sampling completed! Total points: 38707
[Init] Points: 38707, Means ∈ (0.0, 6719.3) × (0.0, 6719.4)
[Init] Scales: 38707, Scale ∈ (3.8, 75.9) × (3.8, 75.9)
[Init] Colors: 38707, Color ∈ (0.0, 1.0) × (0.0, 0.9)
Test PSNR:18.3026, MS_SSIM:0.667606
Training Complete in 2123.8299s, Eval time:0.01198409s, FPS:83.4439, Best PSNR: 18.3049
0666: 6720x6720, PSNR:18.3026, MS-SSIM:0.6676, Training:2123.8299s, Eval:0.01198409s, FPS:83.4439
Processing image 6: 0849.png
Image Shape:  torch.Size([6720, 4416])
Num Points: 25436 | Compression Ratio: 500
Starting GPU variational importance sampling: 17805 importance + 7631 uniform
Image size: 6720x4416, Tile size: 1024
Importance sampling completed: 17805 points
Min Radius: 6.4236011867306955, Scales_imp.median: 6.094963550567627
Starting uniform sampling with exclusion radius: 6.42
Uniform sampling completed: 7631 points
Sampling colors on GPU...
GPU sampling completed! Total points: 25436
[Init] Points: 25436, Means ∈ (0.0, 4415.9) × (0.0, 6719.5)
[Init] Scales: 25436, Scale ∈ (3.5, 60.9) × (3.5, 60.9)
[Init] Colors: 25436, Color ∈ (0.0, 1.0) × (0.0, 1.0)
Test PSNR:22.5946, MS_SSIM:0.765443
Training Complete in 1487.4368s, Eval time:0.00891613s, FPS:112.1563, Best PSNR: 22.5952
0849: 6720x4416, PSNR:22.5946, MS-SSIM:0.7654, Training:1487.4368s, Eval:0.00891613s, FPS:112.1563
Processing image 7: 0952.png
Image Shape:  torch.Size([3840, 6720])
Num Points: 22118 | Compression Ratio: 500
Starting GPU variational importance sampling: 15482 importance + 6636 uniform
Image size: 3840x6720, Tile size: 1024
Importance sampling completed: 15482 points
Min Radius: 6.4236390680289075, Scales_imp.median: 6.171647071838379
Starting uniform sampling with exclusion radius: 6.42
Uniform sampling completed: 6636 points
Sampling colors on GPU...
GPU sampling completed! Total points: 22118
[Init] Points: 22118, Means ∈ (0.0, 6719.6) × (0.0, 3839.9)
[Init] Scales: 22118, Scale ∈ (3.3, 56.9) × (3.3, 56.9)
[Init] Colors: 22118, Color ∈ (0.0, 1.0) × (0.0, 1.0)
Test PSNR:25.5493, MS_SSIM:0.787464
Training Complete in 1266.3622s, Eval time:0.00718846s, FPS:139.1119, Best PSNR: 25.5502
0952: 3840x6720, PSNR:25.5493, MS-SSIM:0.7875, Training:1266.3622s, Eval:0.00718846s, FPS:139.1119
Processing image 8: 1040.png
Image Shape:  torch.Size([4416, 6720])
Num Points: 25436 | Compression Ratio: 500
Starting GPU variational importance sampling: 17805 importance + 7631 uniform
Image size: 4416x6720, Tile size: 1024
Importance sampling completed: 17805 points
Min Radius: 6.4236011867306955, Scales_imp.median: 6.0512237548828125
Starting uniform sampling with exclusion radius: 6.42
Uniform sampling completed: 7631 points
Sampling colors on GPU...
GPU sampling completed! Total points: 25436
[Init] Points: 25436, Means ∈ (0.0, 6720.0) × (0.0, 4416.0)
[Init] Scales: 25436, Scale ∈ (2.0, 60.5) × (2.0, 60.5)
[Init] Colors: 25436, Color ∈ (0.0, 1.0) × (0.0, 1.0)
Test PSNR:21.0664, MS_SSIM:0.751342
Training Complete in 1506.7943s, Eval time:0.00888577s, FPS:112.5395, Best PSNR: 21.0669
1040: 4416x6720, PSNR:21.0664, MS-SSIM:0.7513, Training:1506.7943s, Eval:0.00888577s, FPS:112.5395
Processing image 9: 1067.png
Image Shape:  torch.Size([4416, 6720])
Num Points: 25436 | Compression Ratio: 500
Starting GPU variational importance sampling: 17805 importance + 7631 uniform
Image size: 4416x6720, Tile size: 1024
Importance sampling completed: 17805 points
Min Radius: 6.4236011867306955, Scales_imp.median: 6.049699783325195
Starting uniform sampling with exclusion radius: 6.42
Uniform sampling completed: 7631 points
Sampling colors on GPU...
GPU sampling completed! Total points: 25436
[Init] Points: 25436, Means ∈ (0.0, 6717.1) × (0.0, 4415.3)
[Init] Scales: 25436, Scale ∈ (3.7, 89.2) × (3.7, 89.2)
[Init] Colors: 25436, Color ∈ (0.0, 1.0) × (0.0, 1.0)
Test PSNR:22.3803, MS_SSIM:0.765954
Training Complete in 1495.5653s, Eval time:0.00838228s, FPS:119.2992, Best PSNR: 22.3803
1067: 4416x6720, PSNR:22.3803, MS-SSIM:0.7660, Training:1495.5653s, Eval:0.00838228s, FPS:119.2992
Processing image 10: 1107.png
Image Shape:  torch.Size([6720, 4416])
Num Points: 25436 | Compression Ratio: 500
Starting GPU variational importance sampling: 17805 importance + 7631 uniform
Image size: 6720x4416, Tile size: 1024
Importance sampling completed: 17805 points
Min Radius: 6.4236011867306955, Scales_imp.median: 5.817220211029053
Starting uniform sampling with exclusion radius: 6.42
Uniform sampling completed: 7631 points
Sampling colors on GPU...
GPU sampling completed! Total points: 25436
[Init] Points: 25436, Means ∈ (0.0, 4415.9) × (0.0, 6719.2)
[Init] Scales: 25436, Scale ∈ (3.9, 71.1) × (3.9, 71.1)
[Init] Colors: 25436, Color ∈ (0.0, 1.0) × (0.0, 1.0)
Test PSNR:20.5158, MS_SSIM:0.876239
Training Complete in 1381.7732s, Eval time:0.00718167s, FPS:139.2435, Best PSNR: 20.5161
1107: 6720x4416, PSNR:20.5158, MS-SSIM:0.8762, Training:1381.7732s, Eval:0.00718167s, FPS:139.2435
Processing image 11: 1268.png
Image Shape:  torch.Size([4608, 6720])
Num Points: 26542 | Compression Ratio: 500
Starting GPU variational importance sampling: 18579 importance + 7963 uniform
Image size: 4608x6720, Tile size: 1024
Importance sampling completed: 18579 points
Min Radius: 6.423590664266794, Scales_imp.median: 5.895579814910889
Starting uniform sampling with exclusion radius: 6.42
Uniform sampling completed: 7963 points
Sampling colors on GPU...
GPU sampling completed! Total points: 26542
[Init] Points: 26542, Means ∈ (0.0, 6719.4) × (0.0, 4607.8)
[Init] Scales: 26542, Scale ∈ (2.8, 62.7) × (2.8, 62.7)
[Init] Colors: 26542, Color ∈ (0.0, 1.0) × (0.0, 1.0)
Test PSNR:21.6616, MS_SSIM:0.830658
Training Complete in 2312.1193s, Eval time:0.02181848s, FPS:45.8327, Best PSNR: 22.2830
1268: 4608x6720, PSNR:21.6616, MS-SSIM:0.8307, Training:2312.1193s, Eval:0.02181848s, FPS:45.8327
Processing image 12: 1280.png
Image Shape:  torch.Size([3840, 6720])
Num Points: 22118 | Compression Ratio: 500
Starting GPU variational importance sampling: 15482 importance + 6636 uniform
Image size: 3840x6720, Tile size: 1024
Importance sampling completed: 15482 points
Min Radius: 6.4236390680289075, Scales_imp.median: 6.027724742889404
Starting uniform sampling with exclusion radius: 6.42
Uniform sampling completed: 6636 points
Sampling colors on GPU...
GPU sampling completed! Total points: 22118
[Init] Points: 22118, Means ∈ (0.0, 6718.0) × (0.0, 3839.9)
[Init] Scales: 22118, Scale ∈ (4.0, 65.5) × (4.0, 65.5)
[Init] Colors: 22118, Color ∈ (0.0, 1.0) × (0.0, 1.0)
Test PSNR:20.9876, MS_SSIM:0.739924
Training Complete in 1360.6765s, Eval time:0.00814208s, FPS:122.8187, Best PSNR: 20.9967
1280: 3840x6720, PSNR:20.9876, MS-SSIM:0.7399, Training:1360.6765s, Eval:0.00814208s, FPS:122.8187
Processing image 13: 1329.png
Image Shape:  torch.Size([4992, 6720])
Num Points: 28753 | Compression Ratio: 500
Starting GPU variational importance sampling: 20127 importance + 8626 uniform
Image size: 4992x6720, Tile size: 1024
Importance sampling completed: 20127 points
Min Radius: 6.423683749395912, Scales_imp.median: 6.0811944007873535
Starting uniform sampling with exclusion radius: 6.42
Uniform sampling completed: 8626 points
Sampling colors on GPU...
GPU sampling completed! Total points: 28753
[Init] Points: 28753, Means ∈ (0.0, 6718.5) × (0.0, 4991.1)
[Init] Scales: 28753, Scale ∈ (3.4, 70.6) × (3.4, 70.6)
[Init] Colors: 28753, Color ∈ (0.0, 1.0) × (0.0, 1.0)
Test PSNR:24.8734, MS_SSIM:0.810413
Training Complete in 1800.8516s, Eval time:0.01150662s, FPS:86.9065, Best PSNR: 24.8749
1329: 4992x6720, PSNR:24.8734, MS-SSIM:0.8104, Training:1800.8516s, Eval:0.01150662s, FPS:86.9065
Processing image 14: 1404.png
Image Shape:  torch.Size([7680, 4992])
Num Points: 32861 | Compression Ratio: 500
Starting GPU variational importance sampling: 23002 importance + 9859 uniform
Image size: 7680x4992, Tile size: 1024
Importance sampling completed: 23002 points
Min Radius: 6.42364186058703, Scales_imp.median: 6.33275842666626
Starting uniform sampling with exclusion radius: 6.42
Uniform sampling completed: 9859 points
Sampling colors on GPU...
GPU sampling completed! Total points: 32861
[Init] Points: 32861, Means ∈ (0.0, 4991.6) × (0.0, 7679.6)
[Init] Scales: 32861, Scale ∈ (3.3, 64.0) × (3.3, 64.0)
[Init] Colors: 32861, Color ∈ (0.0, 1.0) × (0.0, 1.0)
Test PSNR:30.9730, MS_SSIM:0.943333
Training Complete in 1789.4204s, Eval time:0.00845224s, FPS:118.3118, Best PSNR: 30.9744
1404: 7680x4992, PSNR:30.9730, MS-SSIM:0.9433, Training:1789.4204s, Eval:0.00845224s, FPS:118.3118
Processing image 15: 1447.png
Image Shape:  torch.Size([5952, 7680])
Num Points: 39181 | Compression Ratio: 500
Starting GPU variational importance sampling: 27426 importance + 11755 uniform
Image size: 5952x7680, Tile size: 1024
Importance sampling completed: 27426 points
Min Radius: 6.423594567755434, Scales_imp.median: 5.920891284942627
Starting uniform sampling with exclusion radius: 6.42
Uniform sampling completed: 11755 points
Sampling colors on GPU...
GPU sampling completed! Total points: 39181
[Init] Points: 39181, Means ∈ (0.0, 7679.0) × (0.0, 5951.8)
[Init] Scales: 39181, Scale ∈ (3.1, 64.5) × (3.1, 64.5)
[Init] Colors: 39181, Color ∈ (0.0, 1.0) × (0.0, 1.0)
Test PSNR:19.6467, MS_SSIM:0.791214
Training Complete in 3217.6349s, Eval time:0.02914763s, FPS:34.3081, Best PSNR: 19.6683
1447: 5952x7680, PSNR:19.6467, MS-SSIM:0.7912, Training:3217.6349s, Eval:0.02914763s, FPS:34.3081
Processing image 16: 1454.png
Image Shape:  torch.Size([7680, 4992])
Num Points: 32861 | Compression Ratio: 500
Starting GPU variational importance sampling: 23002 importance + 9859 uniform
Image size: 7680x4992, Tile size: 1024
Importance sampling completed: 23002 points
Min Radius: 6.42364186058703, Scales_imp.median: 6.257780075073242
Starting uniform sampling with exclusion radius: 6.42
Uniform sampling completed: 9859 points
Sampling colors on GPU...
GPU sampling completed! Total points: 32861
[Init] Points: 32861, Means ∈ (0.0, 4991.9) × (0.0, 7679.5)
[Init] Scales: 32861, Scale ∈ (1.6, 84.3) × (1.6, 84.3)
[Init] Colors: 32861, Color ∈ (0.0, 1.0) × (0.0, 1.0)
Test PSNR:26.9508, MS_SSIM:0.901110
Training Complete in 1888.2306s, Eval time:0.01025927s, FPS:97.4728, Best PSNR: 26.9517
1454: 7680x4992, PSNR:26.9508, MS-SSIM:0.9011, Training:1888.2306s, Eval:0.01025927s, FPS:97.4728
Average: 5436x5880, PSNR:23.8178, MS-SSIM:0.8055, Training:1734.9833s, Eval:0.01151549s, FPS:143.3577
