Sun Jul 20 22:07:12 2025       
+-----------------------------------------------------------------------------------------+
| NVIDIA-SMI 550.54.14              Driver Version: 550.54.14      CUDA Version: 12.4     |
|-----------------------------------------+------------------------+----------------------+
| GPU  Name                 Persistence-M | Bus-Id          Disp.A | Volatile Uncorr. ECC |
| Fan  Temp   Perf          Pwr:Usage/Cap |           Memory-Usage | GPU-Util  Compute M. |
|                                         |                        |               MIG M. |
|=========================================+========================+======================|
|   0  NVIDIA A800-SXM4-80GB          On  |   00000000:55:00.0 Off |                    0 |
| N/A   32C    P0             58W /  400W |       0MiB /  81920MiB |      0%      Default |
|                                         |                        |             Disabled |
+-----------------------------------------+------------------------+----------------------+
                                                                                         
+-----------------------------------------------------------------------------------------+
| Processes:                                                                              |
|  GPU   GI   CI        PID   Type   Process name                              GPU Memory |
|        ID   ID                                                               Usage      |
|=========================================================================================|
|  No running processes found                                                             |
+-----------------------------------------------------------------------------------------+
Looking in indexes: https://mirrors.tuna.tsinghua.edu.cn/pypi/web/simple
Collecting matplotlib
  Downloading https://mirrors.tuna.tsinghua.edu.cn/pypi/web/packages/c4/91/ba0ae1ff4b3f30972ad01cd4a8029e70a0ec3b8ea5be04764b128b66f763/matplotlib-3.10.3-cp312-cp312-manylinux_2_17_x86_64.manylinux2014_x86_64.whl (8.6 MB)
     ━━━━━━━━━━━━━━━━━━━━━━━━━━━━━━━━━━━━━━━━ 8.6/8.6 MB 25.4 MB/s eta 0:00:00
Collecting contourpy>=1.0.1 (from matplotlib)
  Downloading https://mirrors.tuna.tsinghua.edu.cn/pypi/web/packages/a8/32/b8a1c8965e4f72482ff2d1ac2cd670ce0b542f203c8e1d34e7c3e6925da7/contourpy-1.3.2-cp312-cp312-manylinux_2_17_x86_64.manylinux2014_x86_64.whl (323 kB)
Collecting cycler>=0.10 (from matplotlib)
  Downloading https://mirrors.tuna.tsinghua.edu.cn/pypi/web/packages/e7/05/c19819d5e3d95294a6f5947fb9b9629efb316b96de511b418c53d245aae6/cycler-0.12.1-py3-none-any.whl (8.3 kB)
Collecting fonttools>=4.22.0 (from matplotlib)
  Downloading https://mirrors.tuna.tsinghua.edu.cn/pypi/web/packages/54/97/c6101a7e60ae138c4ef75b22434373a0da50a707dad523dd19a4889315bf/fonttools-4.59.0-cp312-cp312-manylinux1_x86_64.manylinux2014_x86_64.manylinux_2_17_x86_64.manylinux_2_5_x86_64.whl (4.9 MB)
     ━━━━━━━━━━━━━━━━━━━━━━━━━━━━━━━━━━━━━━━━ 4.9/4.9 MB 20.1 MB/s eta 0:00:00
Collecting kiwisolver>=1.3.1 (from matplotlib)
  Downloading https://mirrors.tuna.tsinghua.edu.cn/pypi/web/packages/bc/b3/9458adb9472e61a998c8c4d95cfdfec91c73c53a375b30b1428310f923e4/kiwisolver-1.4.8-cp312-cp312-manylinux_2_17_x86_64.manylinux2014_x86_64.whl (1.5 MB)
     ━━━━━━━━━━━━━━━━━━━━━━━━━━━━━━━━━━━━━━━━ 1.5/1.5 MB 18.0 MB/s eta 0:00:00
Requirement already satisfied: numpy>=1.23 in /share/home/u11124/miniconda3/envs/smartsplat/lib/python3.12/site-packages (from matplotlib) (1.26.4)
Requirement already satisfied: packaging>=20.0 in /share/home/u11124/miniconda3/envs/smartsplat/lib/python3.12/site-packages (from matplotlib) (25.0)
Requirement already satisfied: pillow>=8 in /share/home/u11124/miniconda3/envs/smartsplat/lib/python3.12/site-packages (from matplotlib) (11.0.0)
Collecting pyparsing>=2.3.1 (from matplotlib)
  Downloading https://mirrors.tuna.tsinghua.edu.cn/pypi/web/packages/05/e7/df2285f3d08fee213f2d041540fa4fc9ca6c2d44cf36d3a035bf2a8d2bcc/pyparsing-3.2.3-py3-none-any.whl (111 kB)
Requirement already satisfied: python-dateutil>=2.7 in /share/home/u11124/miniconda3/envs/smartsplat/lib/python3.12/site-packages (from matplotlib) (2.9.0.post0)
Requirement already satisfied: six>=1.5 in /share/home/u11124/miniconda3/envs/smartsplat/lib/python3.12/site-packages (from python-dateutil>=2.7->matplotlib) (1.17.0)
Installing collected packages: pyparsing, kiwisolver, fonttools, cycler, contourpy, matplotlib

Successfully installed contourpy-1.3.2 cycler-0.12.1 fonttools-4.59.0 kiwisolver-1.4.8 matplotlib-3.10.3 pyparsing-3.2.3
Torch: 2.4.0+cu124, CUDA: True, Device: NVIDIA A800-SXM4-80GB
Training with SmartSplat Gaussian Image Model.......
Founding 8 Images in DIV16K Dataset .........
Processing image 1: 0810_moreDetail_x8_16320x12288.png
Image Shape:  torch.Size([12288, 16320])
Num Points: 429728 | Compression Ratio: 200
Starting GPU variational importance sampling: 300809 importance + 128919 uniform
Image size: 12288x16320, Tile size: 1024
Importance sampling completed: 300809 points
Min Radius: 4.062633650378895, Scales_imp.median: 3.81125807762146
Starting uniform sampling with exclusion radius: 4.06
Uniform sampling completed: 128919 points
Sampling colors on GPU...
GPU sampling completed! Total points: 429728
[Init] Points: 429728, Means ∈ (0.0, 16320.0) × (0.0, 12287.8)
[Init] Scales: 429728, Scale ∈ (2.5, 48.9) × (2.5, 48.9)
[Init] Colors: 429728, Color ∈ (0.0, 1.0) × (0.0, 1.0)
Test PSNR:26.8878, MS_SSIM:0.906793
Training Complete in 12639.5396s, Eval time:0.11345330s, FPS:8.8142, Best PSNR: 27.4689
0810_moreDetail_x8_16320x12288: 12288x16320, PSNR:26.8878, MS-SSIM:0.9068, Training:12639.5396s, Eval:0.11345330s, FPS:8.8142
Processing image 2: 0823_moreDetail_x8_16320x10272.png
Image Shape:  torch.Size([10272, 16320])
Num Points: 359226 | Compression Ratio: 200
Starting GPU variational importance sampling: 251458 importance + 107768 uniform
Image size: 10272x16320, Tile size: 1024
Importance sampling completed: 251458 points
Min Radius: 4.0626322367025605, Scales_imp.median: 3.8252899646759033
Starting uniform sampling with exclusion radius: 4.06
Uniform sampling completed: 107768 points
Sampling colors on GPU...
GPU sampling completed! Total points: 359226
[Init] Points: 359226, Means ∈ (0.0, 16319.8) × (0.0, 10272.0)
[Init] Scales: 359226, Scale ∈ (2.5, 55.4) × (2.5, 55.4)
[Init] Colors: 359226, Color ∈ (0.0, 1.0) × (0.0, 1.0)
Test PSNR:28.0693, MS_SSIM:0.884034
Training Complete in 10958.9204s, Eval time:0.11422843s, FPS:8.7544, Best PSNR: 28.5600
0823_moreDetail_x8_16320x10272: 10272x16320, PSNR:28.0693, MS-SSIM:0.8840, Training:10958.9204s, Eval:0.11422843s, FPS:8.7544
Processing image 3: 0826_moreDetail_x8_16320x12288.png
Image Shape:  torch.Size([12288, 16320])
Num Points: 429728 | Compression Ratio: 200
Starting GPU variational importance sampling: 300809 importance + 128919 uniform
Image size: 12288x16320, Tile size: 1024
Importance sampling completed: 300809 points
Min Radius: 4.062633650378895, Scales_imp.median: 3.796529769897461
Starting uniform sampling with exclusion radius: 4.06
Uniform sampling completed: 128919 points
Sampling colors on GPU...
GPU sampling completed! Total points: 429728
[Init] Points: 429728, Means ∈ (0.0, 16319.6) × (0.0, 12287.9)
[Init] Scales: 429728, Scale ∈ (2.5, 51.1) × (2.5, 51.1)
[Init] Colors: 429728, Color ∈ (0.0, 1.0) × (0.0, 1.0)
Test PSNR:29.0294, MS_SSIM:0.919097
Training Complete in 11323.3997s, Eval time:0.08143641s, FPS:12.2795, Best PSNR: 29.0303
0826_moreDetail_x8_16320x12288: 12288x16320, PSNR:29.0294, MS-SSIM:0.9191, Training:11323.3997s, Eval:0.08143641s, FPS:12.2795
Processing image 4: 0835_moreDetail_x8_12960x16320.png
Image Shape:  torch.Size([16320, 12960])
Num Points: 453229 | Compression Ratio: 200
Starting GPU variational importance sampling: 317260 importance + 135969 uniform
Image size: 16320x12960, Tile size: 1024
Importance sampling completed: 317260 points
Min Radius: 4.062632529909382, Scales_imp.median: 3.837249517440796
Starting uniform sampling with exclusion radius: 4.06
Uniform sampling completed: 135969 points
Sampling colors on GPU...
GPU sampling completed! Total points: 453229
[Init] Points: 453229, Means ∈ (0.0, 12960.0) × (0.0, 16320.0)
[Init] Scales: 453229, Scale ∈ (2.5, 52.2) × (2.5, 52.2)
[Init] Colors: 453229, Color ∈ (0.0, 1.0) × (0.0, 1.0)
Test PSNR:24.2073, MS_SSIM:0.749339
Training Complete in 13121.4312s, Eval time:0.12531592s, FPS:7.9798, Best PSNR: 24.6086
0835_moreDetail_x8_12960x16320: 16320x12960, PSNR:24.2073, MS-SSIM:0.7493, Training:13121.4312s, Eval:0.12531592s, FPS:7.9798
Processing image 5: 0855_moreDetail_x8_16320x16320.png
Image Shape:  torch.Size([16320, 16320])
Num Points: 570733 | Compression Ratio: 200
Starting GPU variational importance sampling: 399513 importance + 171220 uniform
Image size: 16320x16320, Tile size: 1024
Importance sampling completed: 399513 points
Min Radius: 4.062631870810103, Scales_imp.median: 3.991506338119507
Starting uniform sampling with exclusion radius: 4.06
Uniform sampling completed: 171220 points
Sampling colors on GPU...
GPU sampling completed! Total points: 570733
[Init] Points: 570733, Means ∈ (0.0, 16319.9) × (0.0, 16319.9)
[Init] Scales: 570733, Scale ∈ (1.6, 43.7) × (1.6, 43.7)
[Init] Colors: 570733, Color ∈ (0.0, 1.0) × (0.0, 1.0)
Test PSNR:35.4435, MS_SSIM:0.852397
Training Complete in 15692.3294s, Eval time:0.15856098s, FPS:6.3067, Best PSNR: 35.4639
0855_moreDetail_x8_16320x16320: 16320x16320, PSNR:35.4435, MS-SSIM:0.8524, Training:15692.3294s, Eval:0.15856098s, FPS:6.3067
Processing image 6: 0873_moreDetail_x8_16320x10848.png
Image Shape:  torch.Size([10848, 16312])
Num Points: 379184 | Compression Ratio: 200
Starting GPU variational importance sampling: 265428 importance + 113756 uniform
Image size: 10848x16312, Tile size: 1024
Importance sampling completed: 265428 points
Min Radius: 4.06262981836212, Scales_imp.median: 3.816000461578369
Starting uniform sampling with exclusion radius: 4.06
Uniform sampling completed: 113756 points
Sampling colors on GPU...
GPU sampling completed! Total points: 379184
[Init] Points: 379184, Means ∈ (0.0, 16311.9) × (0.0, 10848.0)
[Init] Scales: 379184, Scale ∈ (0.0, 48.2) × (0.0, 48.2)
[Init] Colors: 379184, Color ∈ (0.0, 1.0) × (0.0, 1.0)
Test PSNR:32.0071, MS_SSIM:0.937422
Training Complete in 9435.0881s, Eval time:0.05990335s, FPS:16.6936, Best PSNR: 32.0181
0873_moreDetail_x8_16320x10848: 10848x16312, PSNR:32.0071, MS-SSIM:0.9374, Training:9435.0881s, Eval:0.05990335s, FPS:16.6936
Processing image 7: 0875_moreDetail_x8_16320x12288.png
Image Shape:  torch.Size([12288, 16320])
Num Points: 429728 | Compression Ratio: 200
Starting GPU variational importance sampling: 300809 importance + 128919 uniform
Image size: 12288x16320, Tile size: 1024
Importance sampling completed: 300809 points
Min Radius: 4.062633650378895, Scales_imp.median: 3.9082305431365967
Starting uniform sampling with exclusion radius: 4.06
Uniform sampling completed: 128919 points
Sampling colors on GPU...
GPU sampling completed! Total points: 429728
[Init] Points: 429728, Means ∈ (0.0, 16319.8) × (0.0, 12287.9)
[Init] Scales: 429728, Scale ∈ (2.5, 50.7) × (2.5, 50.7)
[Init] Colors: 429728, Color ∈ (0.0, 1.0) × (0.0, 1.0)
Test PSNR:31.7835, MS_SSIM:0.880957
Training Complete in 10936.1741s, Eval time:0.06951372s, FPS:14.3856, Best PSNR: 31.7836
0875_moreDetail_x8_16320x12288: 12288x16320, PSNR:31.7835, MS-SSIM:0.8810, Training:10936.1741s, Eval:0.06951372s, FPS:14.3856
Processing image 8: 0896_moreDetail_x8_16320x10848.png
Image Shape:  torch.Size([10848, 16312])
Num Points: 379184 | Compression Ratio: 200
Starting GPU variational importance sampling: 265428 importance + 113756 uniform
Image size: 10848x16312, Tile size: 1024
Importance sampling completed: 265428 points
Min Radius: 4.06262981836212, Scales_imp.median: 3.9312074184417725
Starting uniform sampling with exclusion radius: 4.06
Uniform sampling completed: 113756 points
Sampling colors on GPU...
GPU sampling completed! Total points: 379184
[Init] Points: 379184, Means ∈ (0.0, 16311.4) × (0.0, 10848.0)
[Init] Scales: 379184, Scale ∈ (2.5, 47.2) × (2.5, 47.2)
[Init] Colors: 379184, Color ∈ (0.0, 1.0) × (0.0, 1.0)
Test PSNR:47.3461, MS_SSIM:0.987668
Training Complete in 8330.5832s, Eval time:0.04294461s, FPS:23.2858, Best PSNR: 47.3475
0896_moreDetail_x8_16320x10848: 10848x16312, PSNR:47.3461, MS-SSIM:0.9877, Training:8330.5832s, Eval:0.04294461s, FPS:23.2858
Average: 12684x15898, PSNR:31.8467, MS-SSIM:0.8897, Training:11554.6826s, Eval:0.09566959s, FPS:12.3125
