Sun Jul 20 22:39:25 2025       
+-----------------------------------------------------------------------------------------+
| NVIDIA-SMI 550.54.14              Driver Version: 550.54.14      CUDA Version: 12.4     |
|-----------------------------------------+------------------------+----------------------+
| GPU  Name                 Persistence-M | Bus-Id          Disp.A | Volatile Uncorr. ECC |
| Fan  Temp   Perf          Pwr:Usage/Cap |           Memory-Usage | GPU-Util  Compute M. |
|                                         |                        |               MIG M. |
|=========================================+========================+======================|
|   0  NVIDIA A800-SXM4-80GB          On  |   00000000:EE:00.0 Off |                    0 |
| N/A   29C    P0             56W /  400W |       0MiB /  81920MiB |      0%      Default |
|                                         |                        |             Disabled |
+-----------------------------------------+------------------------+----------------------+
                                                                                         
+-----------------------------------------------------------------------------------------+
| Processes:                                                                              |
|  GPU   GI   CI        PID   Type   Process name                              GPU Memory |
|        ID   ID                                                               Usage      |
|=========================================================================================|
|  No running processes found                                                             |
+-----------------------------------------------------------------------------------------+
Torch: 2.4.0+cu124, CUDA: True, Device: NVIDIA A800-SXM4-80GB
Training with SmartSplat Gaussian Image Model.......
Founding 8 Images in DIV16K Dataset .........
Processing image 1: 0810_moreDetail_x8_16320x12288.png
Image Shape:  torch.Size([12288, 16320])
Num Points: 42972 | Compression Ratio: 2000
Starting GPU variational importance sampling: 30080 importance + 12892 uniform
Image size: 12288x16320, Tile size: 1024
Importance sampling completed: 30080 points
Min Radius: 12.847295219965735, Scales_imp.median: 12.031044006347656
Starting uniform sampling with exclusion radius: 12.85
Uniform sampling completed: 12892 points
Sampling colors on GPU...
GPU sampling completed! Total points: 42972
[Init] Points: 42972, Means ∈ (0.0, 16316.3) × (0.0, 12287.3)
[Init] Scales: 42972, Scale ∈ (4.6, 118.6) × (4.6, 118.6)
[Init] Colors: 42972, Color ∈ (0.0, 1.0) × (0.0, 1.0)
Test PSNR:20.3397, MS_SSIM:0.747369
Training Complete in 8855.2122s, Eval time:0.04395951s, FPS:22.7482, Best PSNR: 20.3410
0810_moreDetail_x8_16320x12288: 12288x16320, PSNR:20.3397, MS-SSIM:0.7474, Training:8855.2122s, Eval:0.04395951s, FPS:22.7482
Processing image 2: 0823_moreDetail_x8_16320x10272.png
Image Shape:  torch.Size([10272, 16320])
Num Points: 35922 | Compression Ratio: 2000
Starting GPU variational importance sampling: 25145 importance + 10777 uniform
Image size: 10272x16320, Tile size: 1024
Importance sampling completed: 25145 points
Min Radius: 12.847278455382572, Scales_imp.median: 12.090926170349121
Starting uniform sampling with exclusion radius: 12.85
Uniform sampling completed: 10777 points
Sampling colors on GPU...
GPU sampling completed! Total points: 35922
[Init] Points: 35922, Means ∈ (0.0, 16316.2) × (0.0, 10272.0)
[Init] Scales: 35922, Scale ∈ (5.7, 139.5) × (5.7, 139.5)
[Init] Colors: 35922, Color ∈ (0.0, 1.0) × (0.0, 1.0)
Test PSNR:23.2436, MS_SSIM:0.817062
Training Complete in 7854.9168s, Eval time:0.05083077s, FPS:19.6731, Best PSNR: 23.2459
0823_moreDetail_x8_16320x10272: 10272x16320, PSNR:23.2436, MS-SSIM:0.8171, Training:7854.9168s, Eval:0.05083077s, FPS:19.6731
Processing image 3: 0826_moreDetail_x8_16320x12288.png
Image Shape:  torch.Size([12288, 16320])
Num Points: 42972 | Compression Ratio: 2000
Starting GPU variational importance sampling: 30080 importance + 12892 uniform
Image size: 12288x16320, Tile size: 1024
Importance sampling completed: 30080 points
Min Radius: 12.847295219965735, Scales_imp.median: 11.986918449401855
Starting uniform sampling with exclusion radius: 12.85
Uniform sampling completed: 12892 points
Sampling colors on GPU...
GPU sampling completed! Total points: 42972
[Init] Points: 42972, Means ∈ (0.0, 16319.0) × (0.0, 12287.0)
[Init] Scales: 42972, Scale ∈ (7.8, 128.0) × (7.8, 128.0)
[Init] Colors: 42972, Color ∈ (0.0, 1.0) × (0.0, 1.0)
Test PSNR:22.4294, MS_SSIM:0.828374
Training Complete in 10158.4785s, Eval time:0.06406229s, FPS:15.6098, Best PSNR: 22.4313
0826_moreDetail_x8_16320x12288: 12288x16320, PSNR:22.4294, MS-SSIM:0.8284, Training:10158.4785s, Eval:0.06406229s, FPS:15.6098
Processing image 4: 0835_moreDetail_x8_12960x16320.png
Image Shape:  torch.Size([16320, 12960])
Num Points: 45322 | Compression Ratio: 2000
Starting GPU variational importance sampling: 31725 importance + 13597 uniform
Image size: 16320x12960, Tile size: 1024
Importance sampling completed: 31725 points
Min Radius: 12.847299649138172, Scales_imp.median: 12.134011268615723
Starting uniform sampling with exclusion radius: 12.85
Uniform sampling completed: 13597 points
Sampling colors on GPU...
GPU sampling completed! Total points: 45322
[Init] Points: 45322, Means ∈ (0.0, 12958.7) × (0.0, 16319.9)
[Init] Scales: 45322, Scale ∈ (5.2, 116.6) × (5.2, 116.6)
[Init] Colors: 45322, Color ∈ (0.0, 1.0) × (0.0, 1.0)
Test PSNR:20.2476, MS_SSIM:0.586463
Training Complete in 9908.6013s, Eval time:0.06052073s, FPS:16.5233, Best PSNR: 20.2482
0835_moreDetail_x8_12960x16320: 16320x12960, PSNR:20.2476, MS-SSIM:0.5865, Training:9908.6013s, Eval:0.06052073s, FPS:16.5233
Processing image 5: 0855_moreDetail_x8_16320x16320.png
Image Shape:  torch.Size([16320, 16320])
Num Points: 57073 | Compression Ratio: 2000
Starting GPU variational importance sampling: 39951 importance + 17122 uniform
Image size: 16320x16320, Tile size: 1024
Importance sampling completed: 39951 points
Min Radius: 12.847203771605587, Scales_imp.median: 12.620484352111816
Starting uniform sampling with exclusion radius: 12.85
Uniform sampling completed: 17122 points
Sampling colors on GPU...
GPU sampling completed! Total points: 57073
[Init] Points: 57073, Means ∈ (0.0, 16319.9) × (0.0, 16318.3)
[Init] Scales: 57073, Scale ∈ (7.8, 116.3) × (7.8, 116.3)
[Init] Colors: 57073, Color ∈ (0.0, 0.9) × (0.0, 0.9)
Test PSNR:30.5536, MS_SSIM:0.810112
Training Complete in 12012.7848s, Eval time:0.05821442s, FPS:17.1779, Best PSNR: 30.5543
0855_moreDetail_x8_16320x16320: 16320x16320, PSNR:30.5536, MS-SSIM:0.8101, Training:12012.7848s, Eval:0.05821442s, FPS:17.1779
Processing image 6: 0873_moreDetail_x8_16320x10848.png
Image Shape:  torch.Size([10848, 16312])
Num Points: 37918 | Compression Ratio: 2000
Starting GPU variational importance sampling: 26542 importance + 11376 uniform
Image size: 10848x16312, Tile size: 1024
Importance sampling completed: 26542 points
Min Radius: 12.847231278836981, Scales_imp.median: 12.057374000549316
Starting uniform sampling with exclusion radius: 12.85
Uniform sampling completed: 11376 points
Sampling colors on GPU...
GPU sampling completed! Total points: 37918
[Init] Points: 37918, Means ∈ (0.0, 16311.9) × (0.0, 10845.5)
[Init] Scales: 37918, Scale ∈ (7.3, 124.2) × (7.3, 124.2)
[Init] Colors: 37918, Color ∈ (0.0, 1.0) × (0.0, 1.0)
Test PSNR:23.2030, MS_SSIM:0.833412
Training Complete in 8093.6348s, Eval time:0.04217675s, FPS:23.7097, Best PSNR: 23.2126
0873_moreDetail_x8_16320x10848: 10848x16312, PSNR:23.2030, MS-SSIM:0.8334, Training:8093.6348s, Eval:0.04217675s, FPS:23.7097
Processing image 7: 0875_moreDetail_x8_16320x12288.png
Image Shape:  torch.Size([12288, 16320])
Num Points: 42972 | Compression Ratio: 2000
Starting GPU variational importance sampling: 30080 importance + 12892 uniform
Image size: 12288x16320, Tile size: 1024
Importance sampling completed: 30080 points
Min Radius: 12.847295219965735, Scales_imp.median: 12.353079795837402
Starting uniform sampling with exclusion radius: 12.85
Uniform sampling completed: 12892 points
Sampling colors on GPU...
GPU sampling completed! Total points: 42972
[Init] Points: 42972, Means ∈ (0.0, 16318.2) × (0.0, 12287.8)
[Init] Scales: 42972, Scale ∈ (6.7, 124.1) × (6.7, 124.1)
[Init] Colors: 42972, Color ∈ (0.0, 1.0) × (0.0, 1.0)
Test PSNR:24.6239, MS_SSIM:0.765489
Training Complete in 9374.8205s, Eval time:0.04973803s, FPS:20.1053, Best PSNR: 24.6247
0875_moreDetail_x8_16320x12288: 12288x16320, PSNR:24.6239, MS-SSIM:0.7655, Training:9374.8205s, Eval:0.04973803s, FPS:20.1053
Processing image 8: 0896_moreDetail_x8_16320x10848.png
Image Shape:  torch.Size([10848, 16312])
Num Points: 37918 | Compression Ratio: 2000
Starting GPU variational importance sampling: 26542 importance + 11376 uniform
Image size: 10848x16312, Tile size: 1024
Importance sampling completed: 26542 points
Min Radius: 12.847231278836981, Scales_imp.median: 12.306571960449219
Starting uniform sampling with exclusion radius: 12.85
Uniform sampling completed: 11376 points
Sampling colors on GPU...
GPU sampling completed! Total points: 37918
[Init] Points: 37918, Means ∈ (0.0, 16308.1) × (0.0, 10845.2)
[Init] Scales: 37918, Scale ∈ (6.5, 142.4) × (6.5, 142.4)
[Init] Colors: 37918, Color ∈ (0.0, 1.0) × (0.0, 1.0)
Test PSNR:40.9976, MS_SSIM:0.984716
Training Complete in 7546.2401s, Eval time:0.02907982s, FPS:34.3881, Best PSNR: 41.0015
0896_moreDetail_x8_16320x10848: 10848x16312, PSNR:40.9976, MS-SSIM:0.9847, Training:7546.2401s, Eval:0.02907982s, FPS:34.3881
Average: 12684x15898, PSNR:25.7048, MS-SSIM:0.7966, Training:9225.5869s, Eval:0.04982279s, FPS:21.2419
