Sun Jul 20 22:37:25 2025       
+-----------------------------------------------------------------------------------------+
| NVIDIA-SMI 550.54.14              Driver Version: 550.54.14      CUDA Version: 12.4     |
|-----------------------------------------+------------------------+----------------------+
| GPU  Name                 Persistence-M | Bus-Id          Disp.A | Volatile Uncorr. ECC |
| Fan  Temp   Perf          Pwr:Usage/Cap |           Memory-Usage | GPU-Util  Compute M. |
|                                         |                        |               MIG M. |
|=========================================+========================+======================|
|   0  NVIDIA A800-SXM4-80GB          On  |   00000000:E8:00.0 Off |                    0 |
| N/A   43C    P0             63W /  400W |       0MiB /  81920MiB |      0%      Default |
|                                         |                        |             Disabled |
+-----------------------------------------+------------------------+----------------------+
                                                                                         
+-----------------------------------------------------------------------------------------+
| Processes:                                                                              |
|  GPU   GI   CI        PID   Type   Process name                              GPU Memory |
|        ID   ID                                                               Usage      |
|=========================================================================================|
|  No running processes found                                                             |
+-----------------------------------------------------------------------------------------+
Torch: 2.4.0+cu124, CUDA: True, Device: NVIDIA A800-SXM4-80GB
Training with SmartSplat Gaussian Image Model.......
Founding 8 Images in DIV16K Dataset .........
Processing image 1: 0810_moreDetail_x8_16320x12288.png
Image Shape:  torch.Size([12288, 16320])
Num Points: 85945 | Compression Ratio: 1000
Starting GPU variational importance sampling: 60161 importance + 25784 uniform
Image size: 12288x16320, Tile size: 1024
Importance sampling completed: 60161 points
Min Radius: 9.084356719655341, Scales_imp.median: 8.508334159851074
Starting uniform sampling with exclusion radius: 9.08
Uniform sampling completed: 25784 points
Sampling colors on GPU...
GPU sampling completed! Total points: 85945
[Init] Points: 85945, Means ∈ (0.0, 16319.1) × (0.0, 12287.4)
[Init] Scales: 85945, Scale ∈ (4.6, 92.4) × (4.6, 92.4)
[Init] Colors: 85945, Color ∈ (0.0, 1.0) × (0.0, 1.0)
Test PSNR:21.7648, MS_SSIM:0.791165
Training Complete in 9457.6520s, Eval time:0.05359769s, FPS:18.6575, Best PSNR: 21.7658
0810_moreDetail_x8_16320x12288: 12288x16320, PSNR:21.7648, MS-SSIM:0.7912, Training:9457.6520s, Eval:0.05359769s, FPS:18.6575
Processing image 2: 0823_moreDetail_x8_16320x10272.png
Image Shape:  torch.Size([10272, 16320])
Num Points: 71845 | Compression Ratio: 1000
Starting GPU variational importance sampling: 50291 importance + 21554 uniform
Image size: 10272x16320, Tile size: 1024
Importance sampling completed: 50291 points
Min Radius: 9.084334493174262, Scales_imp.median: 8.540706634521484
Starting uniform sampling with exclusion radius: 9.08
Uniform sampling completed: 21554 points
Sampling colors on GPU...
GPU sampling completed! Total points: 71845
[Init] Points: 71845, Means ∈ (0.0, 16318.1) × (0.0, 10272.0)
[Init] Scales: 71845, Scale ∈ (5.5, 95.3) × (5.5, 95.3)
[Init] Colors: 71845, Color ∈ (0.0, 1.0) × (0.0, 1.0)
Test PSNR:24.6911, MS_SSIM:0.838233
Training Complete in 8621.3985s, Eval time:0.06693801s, FPS:14.9392, Best PSNR: 24.6945
0823_moreDetail_x8_16320x10272: 10272x16320, PSNR:24.6911, MS-SSIM:0.8382, Training:8621.3985s, Eval:0.06693801s, FPS:14.9392
Processing image 3: 0826_moreDetail_x8_16320x12288.png
Image Shape:  torch.Size([12288, 16320])
Num Points: 85945 | Compression Ratio: 1000
Starting GPU variational importance sampling: 60161 importance + 25784 uniform
Image size: 12288x16320, Tile size: 1024
Importance sampling completed: 60161 points
Min Radius: 9.084356719655341, Scales_imp.median: 8.485942840576172
Starting uniform sampling with exclusion radius: 9.08
Uniform sampling completed: 25784 points
Sampling colors on GPU...
GPU sampling completed! Total points: 85945
[Init] Points: 85945, Means ∈ (0.0, 16319.4) × (0.0, 12287.9)
[Init] Scales: 85945, Scale ∈ (5.5, 108.6) × (5.5, 108.6)
[Init] Colors: 85945, Color ∈ (0.0, 1.0) × (0.0, 1.0)
Test PSNR:23.9126, MS_SSIM:0.852539
Training Complete in 10482.4711s, Eval time:0.06772426s, FPS:14.7658, Best PSNR: 23.9137
0826_moreDetail_x8_16320x12288: 12288x16320, PSNR:23.9126, MS-SSIM:0.8525, Training:10482.4711s, Eval:0.06772426s, FPS:14.7658
Processing image 4: 0835_moreDetail_x8_12960x16320.png
Image Shape:  torch.Size([16320, 12960])
Num Points: 90645 | Compression Ratio: 1000
Starting GPU variational importance sampling: 63451 importance + 27194 uniform
Image size: 16320x12960, Tile size: 1024
Importance sampling completed: 63451 points
Min Radius: 9.084362591864009, Scales_imp.median: 8.577880859375
Starting uniform sampling with exclusion radius: 9.08
Uniform sampling completed: 27194 points
Sampling colors on GPU...
GPU sampling completed! Total points: 90645
[Init] Points: 90645, Means ∈ (0.0, 12959.2) × (0.0, 16320.0)
[Init] Scales: 90645, Scale ∈ (3.3, 89.6) × (3.3, 89.6)
[Init] Colors: 90645, Color ∈ (0.0, 1.0) × (0.0, 1.0)
Test PSNR:21.2744, MS_SSIM:0.630179
Training Complete in 10761.2678s, Eval time:0.07427693s, FPS:13.4631, Best PSNR: 21.2760
0835_moreDetail_x8_12960x16320: 16320x12960, PSNR:21.2744, MS-SSIM:0.6302, Training:10761.2678s, Eval:0.07427693s, FPS:13.4631
Processing image 5: 0855_moreDetail_x8_16320x16320.png
Image Shape:  torch.Size([16320, 16320])
Num Points: 114146 | Compression Ratio: 1000
Starting GPU variational importance sampling: 79902 importance + 34244 uniform
Image size: 16320x16320, Tile size: 1024
Importance sampling completed: 79902 points
Min Radius: 9.0843449061877, Scales_imp.median: 8.924997329711914
Starting uniform sampling with exclusion radius: 9.08
Uniform sampling completed: 34244 points
Sampling colors on GPU...
GPU sampling completed! Total points: 114146
[Init] Points: 114146, Means ∈ (0.0, 16319.9) × (0.0, 16319.7)
[Init] Scales: 114146, Scale ∈ (4.9, 83.7) × (4.9, 83.7)
[Init] Colors: 114146, Color ∈ (0.0, 0.9) × (0.0, 0.9)
Test PSNR:32.2167, MS_SSIM:0.823474
Training Complete in 12546.4241s, Eval time:0.06300418s, FPS:15.8720, Best PSNR: 32.2175
0855_moreDetail_x8_16320x16320: 16320x16320, PSNR:32.2167, MS-SSIM:0.8235, Training:12546.4241s, Eval:0.06300418s, FPS:15.8720
Processing image 6: 0873_moreDetail_x8_16320x10848.png
Image Shape:  torch.Size([10848, 16312])
Num Points: 75836 | Compression Ratio: 1000
Starting GPU variational importance sampling: 53085 importance + 22751 uniform
Image size: 10848x16312, Tile size: 1024
Importance sampling completed: 53085 points
Min Radius: 9.08436435673755, Scales_imp.median: 8.521042823791504
Starting uniform sampling with exclusion radius: 9.08
Uniform sampling completed: 22751 points
Sampling colors on GPU...
GPU sampling completed! Total points: 75836
[Init] Points: 75836, Means ∈ (0.0, 16311.9) × (0.0, 10847.8)
[Init] Scales: 75836, Scale ∈ (3.2, 96.9) × (3.2, 96.9)
[Init] Colors: 75836, Color ∈ (0.0, 1.0) × (0.0, 1.0)
Test PSNR:25.2715, MS_SSIM:0.862431
Training Complete in 8532.5037s, Eval time:0.04844762s, FPS:20.6408, Best PSNR: 25.2725
0873_moreDetail_x8_16320x10848: 10848x16312, PSNR:25.2715, MS-SSIM:0.8624, Training:8532.5037s, Eval:0.04844762s, FPS:20.6408
Processing image 7: 0875_moreDetail_x8_16320x12288.png
Image Shape:  torch.Size([12288, 16320])
Num Points: 85945 | Compression Ratio: 1000
Starting GPU variational importance sampling: 60161 importance + 25784 uniform
Image size: 12288x16320, Tile size: 1024
Importance sampling completed: 60161 points
Min Radius: 9.084356719655341, Scales_imp.median: 8.736614227294922
Starting uniform sampling with exclusion radius: 9.08
Uniform sampling completed: 25784 points
Sampling colors on GPU...
GPU sampling completed! Total points: 85945
[Init] Points: 85945, Means ∈ (0.0, 16319.2) × (0.0, 12287.8)
[Init] Scales: 85945, Scale ∈ (5.5, 93.3) × (5.5, 93.3)
[Init] Colors: 85945, Color ∈ (0.0, 1.0) × (0.0, 1.0)
Test PSNR:26.4193, MS_SSIM:0.796411
Training Complete in 9696.5515s, Eval time:0.05173017s, FPS:19.3311, Best PSNR: 26.4199
0875_moreDetail_x8_16320x12288: 12288x16320, PSNR:26.4193, MS-SSIM:0.7964, Training:9696.5515s, Eval:0.05173017s, FPS:19.3311
Processing image 8: 0896_moreDetail_x8_16320x10848.png
Image Shape:  torch.Size([10848, 16312])
Num Points: 75836 | Compression Ratio: 1000
Starting GPU variational importance sampling: 53085 importance + 22751 uniform
Image size: 10848x16312, Tile size: 1024
Importance sampling completed: 53085 points
Min Radius: 9.08436435673755, Scales_imp.median: 8.719148635864258
Starting uniform sampling with exclusion radius: 9.08
Uniform sampling completed: 22751 points
Sampling colors on GPU...
GPU sampling completed! Total points: 75836
[Init] Points: 75836, Means ∈ (0.0, 16311.4) × (0.0, 10847.1)
[Init] Scales: 75836, Scale ∈ (5.5, 100.6) × (5.5, 100.6)
[Init] Colors: 75836, Color ∈ (0.0, 1.0) × (0.0, 1.0)
Test PSNR:44.3930, MS_SSIM:0.986511
Training Complete in 7650.9214s, Eval time:0.03206335s, FPS:31.1883, Best PSNR: 44.3947
0896_moreDetail_x8_16320x10848: 10848x16312, PSNR:44.3930, MS-SSIM:0.9865, Training:7650.9214s, Eval:0.03206335s, FPS:31.1883
Average: 12684x15898, PSNR:27.4930, MS-SSIM:0.8226, Training:9718.6484s, Eval:0.05722278s, FPS:18.6072
