Sun Jul 20 22:40:43 2025       
+-----------------------------------------------------------------------------------------+
| NVIDIA-SMI 550.54.14              Driver Version: 550.54.14      CUDA Version: 12.4     |
|-----------------------------------------+------------------------+----------------------+
| GPU  Name                 Persistence-M | Bus-Id          Disp.A | Volatile Uncorr. ECC |
| Fan  Temp   Perf          Pwr:Usage/Cap |           Memory-Usage | GPU-Util  Compute M. |
|                                         |                        |               MIG M. |
|=========================================+========================+======================|
|   0  NVIDIA A800-SXM4-80GB          On  |   00000000:50:00.0 Off |                    0 |
| N/A   51C    P0             63W /  400W |       0MiB /  81920MiB |      0%      Default |
|                                         |                        |             Disabled |
+-----------------------------------------+------------------------+----------------------+
                                                                                         
+-----------------------------------------------------------------------------------------+
| Processes:                                                                              |
|  GPU   GI   CI        PID   Type   Process name                              GPU Memory |
|        ID   ID                                                               Usage      |
|=========================================================================================|
|  No running processes found                                                             |
+-----------------------------------------------------------------------------------------+
Torch: 2.4.0+cu124, CUDA: True, Device: NVIDIA A800-SXM4-80GB
Training with SmartSplat Gaussian Image Model.......
Founding 8 Images in DIV16K Dataset .........
Processing image 1: 0810_moreDetail_x8_16320x12288.png
Image Shape:  torch.Size([12288, 16320])
Num Points: 28648 | Compression Ratio: 3000
Starting GPU variational importance sampling: 20053 importance + 8595 uniform
Image size: 12288x16320, Tile size: 1024
Importance sampling completed: 20053 points
Min Radius: 15.734658931906708, Scales_imp.median: 14.723285675048828
Starting uniform sampling with exclusion radius: 15.73
Uniform sampling completed: 8595 points
Sampling colors on GPU...
GPU sampling completed! Total points: 28648
[Init] Points: 28648, Means ∈ (0.0, 16316.3) × (0.0, 12287.3)
[Init] Scales: 28648, Scale ∈ (8.0, 161.0) × (8.0, 161.0)
[Init] Colors: 28648, Color ∈ (0.0, 1.0) × (0.0, 1.0)
Test PSNR:19.6922, MS_SSIM:0.727589
Training Complete in 8673.5996s, Eval time:0.04010184s, FPS:24.9365, Best PSNR: 19.6937
0810_moreDetail_x8_16320x12288: 12288x16320, PSNR:19.6922, MS-SSIM:0.7276, Training:8673.5996s, Eval:0.04010184s, FPS:24.9365
Processing image 2: 0823_moreDetail_x8_16320x10272.png
Image Shape:  torch.Size([10272, 16320])
Num Points: 23948 | Compression Ratio: 3000
Starting GPU variational importance sampling: 16763 importance + 7185 uniform
Image size: 10272x16320, Tile size: 1024
Importance sampling completed: 16763 points
Min Radius: 15.73463839956946, Scales_imp.median: 14.801021575927734
Starting uniform sampling with exclusion radius: 15.73
Uniform sampling completed: 7185 points
Sampling colors on GPU...
GPU sampling completed! Total points: 23948
[Init] Points: 23948, Means ∈ (0.0, 16316.2) × (0.0, 10269.2)
[Init] Scales: 23948, Scale ∈ (8.9, 139.5) × (8.9, 139.5)
[Init] Colors: 23948, Color ∈ (0.0, 1.0) × (0.0, 1.0)
Test PSNR:22.5106, MS_SSIM:0.808195
Training Complete in 7496.8437s, Eval time:0.03940910s, FPS:25.3748, Best PSNR: 22.5140
0823_moreDetail_x8_16320x10272: 10272x16320, PSNR:22.5106, MS-SSIM:0.8082, Training:7496.8437s, Eval:0.03940910s, FPS:25.3748
Processing image 3: 0826_moreDetail_x8_16320x12288.png
Image Shape:  torch.Size([12288, 16320])
Num Points: 28648 | Compression Ratio: 3000
Starting GPU variational importance sampling: 20053 importance + 8595 uniform
Image size: 12288x16320, Tile size: 1024
Importance sampling completed: 20053 points
Min Radius: 15.734658931906708, Scales_imp.median: 14.686994552612305
Starting uniform sampling with exclusion radius: 15.73
Uniform sampling completed: 8595 points
Sampling colors on GPU...
GPU sampling completed! Total points: 28648
[Init] Points: 28648, Means ∈ (0.0, 16319.0) × (0.0, 12287.0)
[Init] Scales: 28648, Scale ∈ (8.9, 156.9) × (8.9, 156.9)
[Init] Colors: 28648, Color ∈ (0.0, 1.0) × (0.0, 1.0)
Test PSNR:21.7304, MS_SSIM:0.816028
Training Complete in 9899.8297s, Eval time:0.06131486s, FPS:16.3093, Best PSNR: 21.7317
0826_moreDetail_x8_16320x12288: 12288x16320, PSNR:21.7304, MS-SSIM:0.8160, Training:9899.8297s, Eval:0.06131486s, FPS:16.3093
Processing image 4: 0835_moreDetail_x8_12960x16320.png
Image Shape:  torch.Size([16320, 12960])
Num Points: 30215 | Compression Ratio: 3000
Starting GPU variational importance sampling: 21150 importance + 9065 uniform
Image size: 16320x12960, Tile size: 1024
Importance sampling completed: 21150 points
Min Radius: 15.734577563486553, Scales_imp.median: 14.86023998260498
Starting uniform sampling with exclusion radius: 15.73
Uniform sampling completed: 9065 points
Sampling colors on GPU...
GPU sampling completed! Total points: 30215
[Init] Points: 30215, Means ∈ (0.0, 12957.0) × (0.0, 16319.9)
[Init] Scales: 30215, Scale ∈ (5.2, 149.1) × (5.2, 149.1)
[Init] Colors: 30215, Color ∈ (0.0, 1.0) × (0.0, 1.0)
Test PSNR:19.7707, MS_SSIM:0.566706
Training Complete in 9520.4108s, Eval time:0.05125454s, FPS:19.5105, Best PSNR: 19.7711
0835_moreDetail_x8_12960x16320: 16320x12960, PSNR:19.7707, MS-SSIM:0.5667, Training:9520.4108s, Eval:0.05125454s, FPS:19.5105
Processing image 5: 0855_moreDetail_x8_16320x16320.png
Image Shape:  torch.Size([16320, 16320])
Num Points: 38048 | Compression Ratio: 3000
Starting GPU variational importance sampling: 26633 importance + 11415 uniform
Image size: 16320x16320, Tile size: 1024
Importance sampling completed: 26633 points
Min Radius: 15.734684778610228, Scales_imp.median: 15.455597877502441
Starting uniform sampling with exclusion radius: 15.73
Uniform sampling completed: 11415 points
Sampling colors on GPU...
GPU sampling completed! Total points: 38048
[Init] Points: 38048, Means ∈ (0.0, 16319.9) × (0.0, 16318.3)
[Init] Scales: 38048, Scale ∈ (8.0, 131.5) × (8.0, 131.5)
[Init] Colors: 38048, Color ∈ (0.0, 0.9) × (0.0, 0.9)
Test PSNR:29.6532, MS_SSIM:0.803088
Training Complete in 11843.3806s, Eval time:0.05219882s, FPS:19.1575, Best PSNR: 29.6535
0855_moreDetail_x8_16320x16320: 16320x16320, PSNR:29.6532, MS-SSIM:0.8031, Training:11843.3806s, Eval:0.05219882s, FPS:19.1575
Processing image 6: 0873_moreDetail_x8_16320x10848.png
Image Shape:  torch.Size([10848, 16312])
Num Points: 25278 | Compression Ratio: 3000
Starting GPU variational importance sampling: 17694 importance + 7584 uniform
Image size: 10848x16312, Tile size: 1024
Importance sampling completed: 17694 points
Min Radius: 15.734788106120334, Scales_imp.median: 14.761672019958496
Starting uniform sampling with exclusion radius: 15.73
Uniform sampling completed: 7584 points
Sampling colors on GPU...
GPU sampling completed! Total points: 25278
[Init] Points: 25278, Means ∈ (0.0, 16311.9) × (0.0, 10845.1)
[Init] Scales: 25278, Scale ∈ (7.3, 160.8) × (7.3, 160.8)
[Init] Colors: 25278, Color ∈ (0.0, 1.0) × (0.0, 1.0)
Test PSNR:22.2700, MS_SSIM:0.819948
Training Complete in 7905.7016s, Eval time:0.04054367s, FPS:24.6648, Best PSNR: 22.2718
0873_moreDetail_x8_16320x10848: 10848x16312, PSNR:22.2700, MS-SSIM:0.8199, Training:7905.7016s, Eval:0.04054367s, FPS:24.6648
Processing image 7: 0875_moreDetail_x8_16320x12288.png
Image Shape:  torch.Size([12288, 16320])
Num Points: 28648 | Compression Ratio: 3000
Starting GPU variational importance sampling: 20053 importance + 8595 uniform
Image size: 12288x16320, Tile size: 1024
Importance sampling completed: 20053 points
Min Radius: 15.734658931906708, Scales_imp.median: 15.124628067016602
Starting uniform sampling with exclusion radius: 15.73
Uniform sampling completed: 8595 points
Sampling colors on GPU...
GPU sampling completed! Total points: 28648
[Init] Points: 28648, Means ∈ (0.0, 16317.4) × (0.0, 12287.8)
[Init] Scales: 28648, Scale ∈ (6.7, 145.3) × (6.7, 145.3)
[Init] Colors: 28648, Color ∈ (0.0, 1.0) × (0.0, 1.0)
Test PSNR:23.7148, MS_SSIM:0.750340
Training Complete in 9218.8055s, Eval time:0.04808398s, FPS:20.7969, Best PSNR: 23.7156
0875_moreDetail_x8_16320x12288: 12288x16320, PSNR:23.7148, MS-SSIM:0.7503, Training:9218.8055s, Eval:0.04808398s, FPS:20.7969
Processing image 8: 0896_moreDetail_x8_16320x10848.png
Image Shape:  torch.Size([10848, 16312])
Num Points: 25278 | Compression Ratio: 3000
Starting GPU variational importance sampling: 17694 importance + 7584 uniform
Image size: 10848x16312, Tile size: 1024
Importance sampling completed: 17694 points
Min Radius: 15.734788106120334, Scales_imp.median: 15.081245422363281
Starting uniform sampling with exclusion radius: 15.73
Uniform sampling completed: 7584 points
Sampling colors on GPU...
GPU sampling completed! Total points: 25278
[Init] Points: 25278, Means ∈ (0.0, 16308.0) × (0.0, 10845.2)
[Init] Scales: 25278, Scale ∈ (9.5, 180.5) × (9.5, 180.5)
[Init] Colors: 25278, Color ∈ (0.0, 1.0) × (0.0, 1.0)
Test PSNR:38.3910, MS_SSIM:0.983114
Training Complete in 7463.2139s, Eval time:0.02862704s, FPS:34.9320, Best PSNR: 38.4021
0896_moreDetail_x8_16320x10848: 10848x16312, PSNR:38.3910, MS-SSIM:0.9831, Training:7463.2139s, Eval:0.02862704s, FPS:34.9320
Average: 12684x15898, PSNR:24.7166, MS-SSIM:0.7844, Training:9002.7227s, Eval:0.04519173s, FPS:23.2103
